<?xml version='1.0' encoding='UTF-8'?>
<dataset>
	<!-- =========================================== Encounter types =============================================== -->

	<encounter_type encounter_type_id="1001" name="Registration" description="Registration" creator="1" date_created="2005-02-24 00:00:00.0" retired="false" uuid="de1f9d67-b73e-4e1b-90d0-036166fc6995" />
	<encounter_type encounter_type_id="1002" name="Triage" description="Triage" creator="1" date_created="2005-02-24 00:00:00.0" retired="false" uuid="d1059fb9-a079-4feb-a749-eedd709ae542" />
	<encounter_type encounter_type_id="1003" name="Consultation" description="Consultation" creator="1" date_created="2005-02-24 00:00:00.0" retired="false" uuid="465a92f2-baf8-42e9-9612-53064be868e8" />
	<encounter_type encounter_type_id="1004" name="HIV Enrollment" description="HIV Enrollment" creator="1" date_created="2005-02-24 00:00:00.0" retired="false" uuid="de78a6be-bfc5-4634-adc3-5f1a280455cc" />
	<encounter_type encounter_type_id="1005" name="HIV Consultation" description="HIV Consultation" creator="1" date_created="2005-02-24 00:00:00.0" retired="false" uuid="a0034eee-1940-4e35-847f-97537a35d05e" />
	<encounter_type encounter_type_id="1006" name="TB Screening" description="TB Screening" creator="1" date_created="2005-02-24 00:00:00.0" retired="false" uuid="ed6dacc9-0827-4c82-86be-53c0d8c449be" />
	<encounter_type encounter_type_id="1007" name="MCH Enrollment" description="MCH Enrollment" creator="1" date_created="2005-02-24 00:00:00.0" retired="false" uuid="3ee036d8-7c13-4393-b5d6-036f2fe45126" />
	<encounter_type encounter_type_id="1008" name="HEI outcomes"   description="Exiting a child from HEI" creator="1" date_created="2005-02-24 00:00:00.0" retired="false" uuid="01894f88-dc73-42d4-97a3-0929118403fb" />

	<!-- =========================================== Forms =============================================== -->

	<form form_id="1001" name="Clinical Encounter - HIV Addendum" encounter_type="1005" version="0.1" build="0" published="0" description="Clinical Encounter - HIV Addendum" creator="1" date_created="2005-08-07 00:00:00.0" changed_by="1" date_changed="2007-10-24 14:51:53.0" retired="false" retired_reason="" uuid="bd598114-4ef4-47b1-a746-a616180ccfc0"/>
	<form form_id="1002" name="MOH257 Visit Summary" encounter_type="1005" version="0.1" build="0" published="0" description="MOH257 Visit Summary" creator="1" date_created="2005-08-07 00:00:00.0" changed_by="1" date_changed="2007-10-24 14:51:53.0" retired="false" retired_reason="" uuid="23b4ebbd-29ad-455e-be0e-04aa6bc30798"/>
	<form form_id="1003" name="Family History" encounter_type="1001" version="0.1" build="0" published="0" description="Family History" creator="1" date_created="2005-08-07 00:00:00.0" changed_by="1" date_changed="2007-10-24 14:51:53.0" retired="false" retired_reason="" uuid="7efa0ee0-6617-4cd7-8310-9f95dfee7a82"/>
	<form form_id="1004" name="MCH Enrollment" encounter_type="1007" version="1.0" build="0" published="0" description="MCH Enrollment" creator="1" date_created="2005-08-07 00:00:00.0" changed_by="1" date_changed="2007-10-24 14:51:53.0" retired="false" retired_reason="" uuid="90a18f0c-17cd-4eec-8204-5af52e8d77cf"/>
	<form form_id="1005" name="HEI outcomes" encounter_type="1008" version="1.0" build="0" published="0" description="Exiting a child from HEi" creator="1" date_created="2005-08-07 00:00:00.0" changed_by="1" date_changed="2007-10-24 14:51:53.0" retired="false" retired_reason="" uuid="d823f1ef-0973-44ee-b113-7090dc23257b" />

	<!-- =========================================== Global properties =============================================== -->

	<global_property property="scheduler.username" property_value="admin" uuid="9f39aa0f-77ab-431a-b243-365bf423f266" />
	<global_property property="scheduler.password" property_value="test" uuid="825f045b-1313-466b-bdfb-f3171e0f5f9b" />
	<global_property property="report.deleteReportsAgeInHours" property_value="72" uuid="fe963aa5-d653-4368-801a-72519eda24d7" />
	<global_property property="visits.assignmentHandler" property_value="" uuid="adb75c16-940e-4eed-aa9e-7bc6a6b252a2" />

	<!-- =========================================== Locations =============================================== -->

	<!-- Unknown Location in standard test data has the wrong uuid -->
	<location location_id="1001" name="Unknown Location" description="" address1="" address2="" city_village="" state_province="" postal_code="" country="" creator="1" date_created="2005-09-22 00:00:00.0" retired="false" uuid="8d6c993e-c2cc-11de-8d13-0010c6dffd0f" />

	<!-- =========================================== Location attributes =============================================== -->

	<location_attribute location_attribute_id="1001" location_id="1" attribute_type_id="1" value_reference="15001" creator="1" date_created="2005-01-01 00:00:00.0" voided="0" uuid="1001-mflcode"/>
	<location_attribute location_attribute_id="1002" location_id="2" attribute_type_id="1" value_reference="15002" creator="1" date_created="2005-01-01 00:00:00.0" voided="0" uuid="1002-mflcode"/>
	<location_attribute location_attribute_id="1003" location_id="3" attribute_type_id="1" value_reference="15003" creator="1" date_created="2005-01-01 00:00:00.0" voided="0" uuid="1003-mflcode"/>

	<!-- =========================================== Location attribute types =============================================== -->

	<location_attribute_type location_attribute_type_id="1" name="Master Facility Code" description="Code for linking to the Ministry of Health's Master Facility List" datatype="org.openmrs.customdatatype.datatype.RegexValidatedTextDatatype" datatype_config="\d{5}" min_occurs="0" max_occurs="1" creator="1" date_created="2005-01-01 00:00:00.0" retired="0" uuid="8a845a89-6aa5-4111-81d3-0af31c45c002" />

	<!-- =========================================== Patient identifier types =============================================== -->

	<patient_identifier_type patient_identifier_type_id="1001" name="OpenMRS ID" description="..." validator="org.openmrs.module.idgen.validator.LuhnMod25IdentifierValidator" check_digit="0" required="1" creator="1" date_created="2004-08-12 00:00:00.0" retired="0" uuid="dfacd928-0370-4315-99d7-6ec1c9f7ae76" />
	<patient_identifier_type patient_identifier_type_id="1002" name="HIV Unique Patient Number" description="..." format="\d+" check_digit="0" required="0" creator="1" date_created="2004-08-12 00:00:00.0" retired="0" uuid="05ee9cf4-7242-4a17-b4d4-00f707265c8a" />
	<patient_identifier_type patient_identifier_type_id="1003" name="Patient Clinic Number" description="..." check_digit="0" required="1" creator="1" date_created="2004-08-12 00:00:00.0" retired="0" uuid="b4d66522-11fc-45c7-83e3-39a1af21ae0d" />
	<patient_identifier_type patient_identifier_type_id="1004" name="District Registration Number" description="..." check_digit="0" required="0" creator="1" date_created="2004-08-12 00:00:00.0" retired="0" uuid="d8ee3b8c-a8fc-4d6b-af6a-9423be5f8906" />
	<patient_identifier_type patient_identifier_type_id="1005" name="Old Identification Number" description="..." check_digit="0" required="0" creator="1" date_created="2004-08-12 00:00:00.0" retired="0" uuid="8d79403a-c2cc-11de-8d13-0010c6dffd0f" />

	<!-- =========================================== Programs =============================================== -->

	<program program_id="1001" concept_id="160541" outcomes_concept_id="160038" creator="1" date_created="2004-08-12 00:00:00.0" retired="0" name="TB Program" description="TB Treatment Program" uuid="9f144a34-3a4a-44a9-8486-6b7af6cc64f6"/>
	<program program_id="1002" concept_id="9" outcomes_concept_id="1695" creator="1" date_created="2004-08-12 00:00:00.0" retired="0" name="HIV Program" description="Program for following or treating HIV-positive patients" uuid="dfdc6d40-2f2f-463d-ba90-cc97350441a8"/>
	<program program_id="1003" concept_id="159937" outcomes_concept_id="1695" creator="1" date_created="2004-08-12 00:00:00.0" retired="0" name="MCH - Maternal Services Program" description="The program which deals with the health issues of mother and children." uuid="b5d9e05f-f5ab-4612-98dd-adb75438ed34"/>
	<program program_id="1004" concept_id="159937" outcomes_concept_id="1695"  creator="1" date_created="2004-08-12 00:00:00.0" retired="0" name="" description="MCHCS - Child services program" uuid="c2ecdf11-97cd-432a-a971-cfd9bd296b83"/>

	<!-- =========================================== Visit attribute types =============================================== -->

	<visit_attribute_type visit_attribute_type_id="1001" name="Source form" datatype="org.openmrs.module.kenyaemr.datatype.FormDatatype" min_occurs="0" max_occurs="1" creator="1" date_created="2005-01-01 00:00:00.0" retired="0" uuid="8bfab185-6947-4958-b7ab-dfafae1a3e3d" />

	<!-- =========================================== Visit types =============================================== -->

	<visit_type visit_type_id="1001" name="Outpatient" description="Outpatient Visit Description" creator="1" date_created="2005-01-01 00:00:00.0" retired="false" uuid="3371a4d4-f66f-4454-a86d-92c7b3da990c"/>
</dataset>