<?xml version='1.0' encoding='UTF-8'?>
<!--

    This Source Code Form is subject to the terms of the Mozilla Public License,
    v. 2.0. If a copy of the MPL was not distributed with this file, You can
    obtain one at http://mozilla.org/MPL/2.0/. OpenMRS is also distributed under
    the terms of the Healthcare Disclaimer located at http://openmrs.org/license.

    Copyright (C) OpenMRS Inc. OpenMRS is a registered trademark and the OpenMRS
    graphic logo is a trademark of OpenMRS Inc.

-->
<dataset>
	<concept_class concept_class_id="1" name="Test" description="Acq. during patient encounter (vitals, labs, etc.)" creator="1" date_created="2004-02-02 00:00:00.0" retired="false" uuid="97097dd9-b092-4b68-a2dc-e5e5be961d42"/>
	<concept_class concept_class_id="2" name="Procedure" description="Describes a clinical procedure" creator="1" date_created="2004-03-02 00:00:00.0" retired="false" uuid="77177ce7-1410-40ee-bbad-ff6905ee3095"/>
	<concept_class concept_class_id="3" name="Drug" description="Drug" creator="1" date_created="2004-02-02 00:00:00.0" retired="false" uuid="3d065ed4-b0b9-4710-9a17-6d8c4fd259b7"/>
	<concept_class concept_class_id="4" name="Diagnosis" description="Conclusion drawn through findings" creator="1" date_created="2004-02-02 00:00:00.0" retired="false" uuid="938834bf-a745-4dbd-b611-f06a9a5a3060"/>
	<concept_class concept_class_id="5" name="Finding" description="Practitioner observation/finding" creator="1" date_created="2004-03-02 00:00:00.0" retired="false" uuid="04a0c64e-4e96-4d09-b7a9-c16966bc1240"/>
	<concept_class concept_class_id="6" name="Anatomy" description="Anatomic sites / descriptors" creator="1" date_created="2004-03-02 00:00:00.0" retired="false" uuid="c4ed9081-fc7f-4474-84aa-99a969e40e7d"/>
	<concept_class concept_class_id="7" name="Question" description="Question (eg, patient history, SF36 items)" creator="1" date_created="2004-03-02 00:00:00.0" retired="false" uuid="a82ef63c-e4e4-48d6-988a-fdd74d7541a7"/>
	<concept_class concept_class_id="8" name="LabSet" description="Term to describe laboratory sets" creator="1" date_created="2004-03-02 00:00:00.0" retired="false" uuid="4719138c-8553-4c81-bb92-753f41f8be16"/>
	<concept_class concept_class_id="9" name="MedSet" description="Term to describe medication sets" creator="1" date_created="2004-02-02 00:00:00.0" retired="false" uuid="f9c24ce5-fe85-4128-9b07-1c4ea980a539"/>
	<concept_class concept_class_id="10" name="ConvSet" description="Term to describe convenience sets" creator="1" date_created="2004-03-02 00:00:00.0" retired="false" uuid="0248f513-d023-40b6-a274-235a33f6e25f"/>
	<concept_class concept_class_id="11" name="Misc" description="Terms which don&apos;t fit other categories" creator="1" date_created="2004-03-02 00:00:00.0" retired="false" uuid="ecdee8a7-d741-4fe7-8e01-f79cacbe97bc"/>
	<concept_class concept_class_id="12" name="Symptom" description="Patient-reported observation" creator="1" date_created="2004-10-04 00:00:00.0" retired="false" uuid="833bf0ff-c436-47ff-b868-2c249e8b2ff6"/>
	<concept_class concept_class_id="13" name="Symptom/Finding" description="Observation that can be reported from patient or found on exam" creator="1" date_created="2004-10-04 00:00:00.0" retired="false" uuid="074f33db-4888-4e0c-be87-073635b3d70d"/>
	<concept_class concept_class_id="14" name="Specimen" description="Body or fluid specimen" creator="1" date_created="2004-12-02 00:00:00.0" retired="false" uuid="d2339229-bc47-480b-bf20-548e2ed7c786"/>
	<concept_class concept_class_id="15" name="Misc Order" description="Orderable items which aren&apos;t tests or drugs" creator="1" date_created="2005-02-17 00:00:00.0" retired="false" uuid="a5c73192-ad13-4040-97ee-f3b606717705"/>
	<concept_class concept_class_id="16" name="Program" description="A treatment program" creator="1" date_created="2008-08-15 13:55:59.0" retired="false" uuid="2a3738f5-26f0-4f97-ae7a-f99e42fa6d44"/>
	<concept_class concept_class_id="17" name="Workflow" description="A workflow within a treatment program" creator="1" date_created="2008-08-15 13:56:30.0" retired="false" uuid="dbdf1b12-dbcb-4d41-a8eb-39a551f56e6d"/>
	<concept_class concept_class_id="18" name="State" description="A state within a workflow" creator="1" date_created="2008-08-15 13:56:55.0" retired="false" uuid="ac3feb09-e120-4d8c-97ee-f7544720efb8"/>
	<concept_class concept_class_id="19" name="Frequency" description="A class for order frequencies" creator="1" date_created="2008-08-15 13:56:55.0" retired="false" uuid="8e071bfe-520c-44c0-a89b-538e9129b42a"/>
	<concept_class concept_class_id="20" name="Units of Measure" description="A class for Units of Measure" creator="1" date_created="2008-08-15 13:56:55.0" retired="false" uuid="e30d8601-07f8-413a-9d11-cdfbb28196ec"/>
	<concept_datatype concept_datatype_id="1" name="Numeric" hl7_abbreviation="NM" description="Numeric value, including integer or float (e.g., creatinine, weight)" creator="1" date_created="2004-02-02 00:00:00.0" retired="false" uuid="8d4a4488-c2cc-11de-8d13-0010c6dffd0f"/>
	<concept_datatype concept_datatype_id="2" name="Coded" hl7_abbreviation="CWE" description="Value determined by term dictionary lookup (i.e., term identifier)" creator="1" date_created="2004-02-02 00:00:00.0" retired="false" uuid="8d4a48b6-c2cc-11de-8d13-0010c6dffd0f"/>
	<concept_datatype concept_datatype_id="3" name="Text" hl7_abbreviation="ST" description="Free text" creator="1" date_created="2004-02-02 00:00:00.0" retired="false" uuid="8d4a4ab4-c2cc-11de-8d13-0010c6dffd0f"/>
	<concept_datatype concept_datatype_id="4" name="N/A" hl7_abbreviation="ZZ" description="Not associated with a datatype (e.g., term answers, sets)" creator="1" date_created="2004-02-02 00:00:00.0" retired="false" uuid="8d4a4c94-c2cc-11de-8d13-0010c6dffd0f"/>
	<concept_datatype concept_datatype_id="5" name="Document" hl7_abbreviation="RP" description="Pointer to a binary or text-based document (e.g., clinical document, RTF, XML, EKG, image, etc.) stored in complex_obs table" creator="1" date_created="2004-04-15 00:00:00.0" retired="false" uuid="8d4a4e74-c2cc-11de-8d13-0010c6dffd0f"/>
	<concept_datatype concept_datatype_id="6" name="Date" hl7_abbreviation="DT" description="Absolute date" creator="1" date_created="2004-07-22 00:00:00.0" retired="false" uuid="8d4a505e-c2cc-11de-8d13-0010c6dffd0f"/>
	<concept_datatype concept_datatype_id="7" name="Time" hl7_abbreviation="TM" description="Absolute time of day" creator="1" date_created="2004-07-22 00:00:00.0" retired="false" uuid="8d4a591e-c2cc-11de-8d13-0010c6dffd0f"/>
	<concept_datatype concept_datatype_id="8" name="Datetime" hl7_abbreviation="TS" description="Absolute date and time" creator="1" date_created="2004-07-22 00:00:00.0" retired="false" uuid="8d4a5af4-c2cc-11de-8d13-0010c6dffd0f"/>
	<concept_datatype concept_datatype_id="10" name="Boolean" hl7_abbreviation="BIT" description="Boolean value (yes/no, true/false)" creator="1" date_created="2004-08-26 00:00:00.0" retired="false" uuid="8d4a5cca-c2cc-11de-8d13-0010c6dffd0f"/>
	<concept_datatype concept_datatype_id="11" name="Rule" hl7_abbreviation="ZZ" description="Value derived from other data" creator="1" date_created="2006-09-11 13:22:00.0" retired="false" uuid="8d4a5e96-c2cc-11de-8d13-0010c6dffd0f"/>
	<concept_datatype concept_datatype_id="12" name="Structured Numeric" hl7_abbreviation="SN" description="Complex numeric values possible (ie, &lt;5, 1-10, etc.)" creator="1" date_created="2005-08-06 00:00:00.0" retired="false" uuid="8d4a606c-c2cc-11de-8d13-0010c6dffd0f"/>
	<concept_datatype concept_datatype_id="13" name="Complex" hl7_abbreviation="ED" description="Complex value.  Analogous to HL7 Embedded Datatype" creator="1" date_created="2008-06-11 13:22:00.0" retired="false" uuid="8d4a6242-c2cc-11de-8d13-0010c6dffd0f"/>
</dataset>