<dataset>
	<concept concept_id="160536" retired="0" datatype_id="4" class_id="11" is_set="0" creator="1" date_created="2012-06-12 02:19:56.0" version="" changed_by="1" retired_by="1" uuid="160536AAAAAAAAAAAAAAAAAAAAAAAAAAAAAA"/>
	<concept_name concept_id="160536" name="Adult inpatient service" locale="en" creator="1" date_created="2012-06-12 02:19:56.0" concept_name_id="108856" voided="0" voided_by="1" uuid="108856BBBBBBBBBBBBBBBBBBBBBBBBBBBBBB" concept_name_type="FULLY_SPECIFIED" locale_preferred="true"/>
	<concept concept_id="161655" retired="0" datatype_id="1" class_id="7" is_set="0" creator="1" date_created="2013-04-26 14:32:16.0" version="" changed_by="1" retired_by="1" uuid="161655AAAAAAAAAAAAAAAAAAAAAAAAAAAAAA"/>
	<concept_numeric concept_id="161655" units="" precise="0"/>
	<concept_name concept_id="161655" name="ANC ID" locale="en" creator="1" date_created="2013-04-26 14:32:16.0" concept_name_id="123687" voided="0" voided_by="1" uuid="123687BBBBBBBBBBBBBBBBBBBBBBBBBBBBBB" concept_name_type="SHORT" locale_preferred="false"/>
	<concept_name concept_id="161655" name="Antenatal case number" locale="en" creator="1" date_created="2013-04-26 14:32:16.0" concept_name_id="123686" voided="0" voided_by="1" uuid="123686BBBBBBBBBBBBBBBBBBBBBBBBBBBBBB" concept_name_type="FULLY_SPECIFIED" locale_preferred="true"/>
	<concept_name concept_id="161655" name="Antenatal clinic ID" locale="en" creator="1" date_created="2013-04-26 14:32:16.0" concept_name_id="123685" voided="0" voided_by="1" uuid="123685BBBBBBBBBBBBBBBBBBBBBBBBBBBBBB" locale_preferred="false"/>
	<concept concept_id="1085" retired="0" datatype_id="4" class_id="9" is_set="1" creator="1" date_created="2005-01-12 00:00:00.0" version="" changed_by="1" date_changed="2013-02-03 02:48:28.0" retired_by="1" uuid="1085AAAAAAAAAAAAAAAAAAAAAAAAAAAAAAAA"/>
	<concept_name concept_id="1085" name="HAART" locale="en" creator="1" date_created="2005-02-18 12:54:52.0" concept_name_id="92680" voided="0" voided_by="1" void_reason="" uuid="92680BBBBBBBBBBBBBBBBBBBBBBBBBBBBBBB" locale_preferred="false"/>
	<concept_name concept_id="1085" name="ARVS" locale="en" creator="1" date_created="2005-01-12 00:00:00.0" concept_name_id="88226" voided="0" voided_by="1" void_reason="" uuid="88226BBBBBBBBBBBBBBBBBBBBBBBBBBBBBBB" locale_preferred="false"/>
	<concept_name concept_id="1085" name="ANTIRETROVIRAL DRUGS" locale="en" creator="1" date_created="2005-01-12 00:00:00.0" concept_name_id="1159" voided="0" voided_by="1" uuid="1159BBBBBBBBBBBBBBBBBBBBBBBBBBBBBBBB" concept_name_type="FULLY_SPECIFIED" locale_preferred="true"/>
	<concept_set concept_set_id="352" concept_id="5811" concept_set="1085" sort_weight="0.0" creator="1" date_created="2005-12-15 13:26:49.0" uuid="352AEEEEEEEEEEEEEEEEEEEEEEEEEEEEEEEE"/>
	<concept_set concept_set_id="87" concept_id="792" concept_set="1085" sort_weight="1.0" creator="1" date_created="2005-12-15 13:26:49.0" uuid="87AEEEEEEEEEEEEEEEEEEEEEEEEEEEEEEEEE"/>
	<concept_set concept_set_id="88" concept_id="794" concept_set="1085" sort_weight="2.0" creator="1" date_created="2005-12-15 13:26:49.0" uuid="88AEEEEEEEEEEEEEEEEEEEEEEEEEEEEEEEEE"/>
	<concept_set concept_set_id="64" concept_id="630" concept_set="1085" sort_weight="3.0" creator="1" date_created="2005-12-15 13:26:49.0" uuid="64AEEEEEEEEEEEEEEEEEEEEEEEEEEEEEEEEE"/>
	<concept_set concept_set_id="66" concept_id="633" concept_set="1085" sort_weight="4.0" creator="1" date_created="2005-12-15 13:26:49.0" uuid="66AEEEEEEEEEEEEEEEEEEEEEEEEEEEEEEEEE"/>
	<concept_set concept_set_id="351" concept_id="5424" concept_set="1085" sort_weight="5.0" creator="1" date_created="2005-12-15 13:26:49.0" uuid="351AEEEEEEEEEEEEEEEEEEEEEEEEEEEEEEEE"/>
	<concept_set concept_set_id="937" concept_id="84309" concept_set="1085" sort_weight="6.0" creator="1" date_created="2012-11-28 14:39:38.0" uuid="937AEEEEEEEEEEEEEEEEEEEEEEEEEEEEEEEE"/>
	<concept_set concept_set_id="938" concept_id="74807" concept_set="1085" sort_weight="7.0" creator="1" date_created="2012-11-28 14:39:38.0" uuid="938AEEEEEEEEEEEEEEEEEEEEEEEEEEEEEEEE"/>
	<concept_set concept_set_id="939" concept_id="70056" concept_set="1085" sort_weight="8.0" creator="1" date_created="2012-11-28 14:39:38.0" uuid="939AEEEEEEEEEEEEEEEEEEEEEEEEEEEEEEEE"/>
	<concept_set concept_set_id="940" concept_id="80487" concept_set="1085" sort_weight="9.0" creator="1" date_created="2012-11-28 14:39:38.0" uuid="940AEEEEEEEEEEEEEEEEEEEEEEEEEEEEEEEE"/>
	<concept_set concept_set_id="941" concept_id="80586" concept_set="1085" sort_weight="10.0" creator="1" date_created="2012-11-28 14:39:38.0" uuid="941AEEEEEEEEEEEEEEEEEEEEEEEEEEEEEEEE"/>
	<concept_set concept_set_id="942" concept_id="75523" concept_set="1085" sort_weight="11.0" creator="1" date_created="2012-11-28 14:39:38.0" uuid="942AEEEEEEEEEEEEEEEEEEEEEEEEEEEEEEEE"/>
	<concept_set concept_set_id="943" concept_id="78643" concept_set="1085" sort_weight="12.0" creator="1" date_created="2012-11-28 14:39:38.0" uuid="943AEEEEEEEEEEEEEEEEEEEEEEEEEEEEEEEE"/>
	<concept_set concept_set_id="944" concept_id="84795" concept_set="1085" sort_weight="13.0" creator="1" date_created="2012-11-28 14:39:38.0" uuid="944AEEEEEEEEEEEEEEEEEEEEEEEEEEEEEEEE"/>
	<concept_set concept_set_id="945" concept_id="77995" concept_set="1085" sort_weight="14.0" creator="1" date_created="2012-11-28 14:39:38.0" uuid="945AEEEEEEEEEEEEEEEEEEEEEEEEEEEEEEEE"/>
	<concept_set concept_set_id="946" concept_id="160105" concept_set="1085" sort_weight="15.0" creator="1" date_created="2012-11-28 14:39:38.0" uuid="946AEEEEEEEEEEEEEEEEEEEEEEEEEEEEEEEE"/>
	<concept_set concept_set_id="947" concept_id="160104" concept_set="1085" sort_weight="16.0" creator="1" date_created="2012-11-28 14:39:38.0" uuid="947AEEEEEEEEEEEEEEEEEEEEEEEEEEEEEEEE"/>
	<concept_set concept_set_id="948" concept_id="86663" concept_set="1085" sort_weight="17.0" creator="1" date_created="2012-11-28 20:19:42.0" uuid="948AEEEEEEEEEEEEEEEEEEEEEEEEEEEEEEEE"/>
	<concept_set concept_set_id="949" concept_id="75628" concept_set="1085" sort_weight="18.0" creator="1" date_created="2012-11-28 20:19:42.0" uuid="949AEEEEEEEEEEEEEEEEEEEEEEEEEEEEEEEE"/>
	<concept_set concept_set_id="950" concept_id="79040" concept_set="1085" sort_weight="19.0" creator="1" date_created="2012-11-28 20:19:42.0" uuid="950AEEEEEEEEEEEEEEEEEEEEEEEEEEEEEEEE"/>
	<concept_set concept_set_id="951" concept_id="83412" concept_set="1085" sort_weight="20.0" creator="1" date_created="2012-11-28 20:19:42.0" uuid="951AEEEEEEEEEEEEEEEEEEEEEEEEEEEEEEEE"/>
	<concept_set concept_set_id="952" concept_id="71647" concept_set="1085" sort_weight="21.0" creator="1" date_created="2012-11-28 20:19:42.0" uuid="952AEEEEEEEEEEEEEEEEEEEEEEEEEEEEEEEE"/>
	<concept_set concept_set_id="953" concept_id="1652" concept_set="1085" sort_weight="22.0" creator="1" date_created="2012-11-28 20:19:42.0" uuid="953AEEEEEEEEEEEEEEEEEEEEEEEEEEEEEEEE"/>
	<concept_set concept_set_id="954" concept_id="161363" concept_set="1085" sort_weight="23.0" creator="1" date_created="2012-11-28 20:22:31.0" uuid="954AEEEEEEEEEEEEEEEEEEEEEEEEEEEEEEEE"/>
	<concept_set concept_set_id="955" concept_id="161364" concept_set="1085" sort_weight="24.0" creator="1" date_created="2012-11-28 20:22:31.0" uuid="955AEEEEEEEEEEEEEEEEEEEEEEEEEEEEEEEE"/>
	<concept_set concept_set_id="956" concept_id="161361" concept_set="1085" sort_weight="25.0" creator="1" date_created="2012-11-28 20:22:31.0" uuid="956AEEEEEEEEEEEEEEEEEEEEEEEEEEEEEEEE"/>
	<concept_set concept_set_id="957" concept_id="103166" concept_set="1085" sort_weight="26.0" creator="1" date_created="2012-11-28 20:22:31.0" uuid="957AEEEEEEEEEEEEEEEEEEEEEEEEEEEEEEEE"/>
	<concept concept_id="5811" retired="0" datatype_id="4" class_id="3" is_set="0" creator="1" date_created="2004-08-12 00:00:00.0" version="" changed_by="1" date_changed="2005-01-12 00:00:00.0" retired_by="1" uuid="5811AAAAAAAAAAAAAAAAAAAAAAAAAAAAAAAA"/>
	<concept_name concept_id="5811" name="UNKNOWN ANTIRETROVIRAL DRUG" locale="en" creator="1" date_created="2004-08-12 00:00:00.0" concept_name_id="2951" voided="0" voided_by="1" uuid="2951BBBBBBBBBBBBBBBBBBBBBBBBBBBBBBBB" concept_name_type="FULLY_SPECIFIED" locale_preferred="true"/>
	<concept concept_id="792" retired="0" datatype_id="4" class_id="3" is_set="0" creator="1" date_created="2004-04-08 00:00:00.0" version="" changed_by="1" date_changed="2012-11-28 19:37:22.0" retired_by="1" uuid="792AAAAAAAAAAAAAAAAAAAAAAAAAAAAAAAAA"/>
	<concept_name concept_id="792" name="D4T/3TC/NVP" locale="en" creator="1" date_created="2012-11-28 19:37:22.0" concept_name_id="110784" voided="0" voided_by="1" uuid="110784BBBBBBBBBBBBBBBBBBBBBBBBBBBBBB" concept_name_type="SHORT" locale_preferred="false"/>
	<concept_name concept_id="792" name="EMTRI" locale="en" creator="1" date_created="2005-02-18 13:52:27.0" concept_name_id="91399" voided="0" voided_by="1" void_reason="" uuid="91399BBBBBBBBBBBBBBBBBBBBBBBBBBBBBBB" locale_preferred="false"/>
	<concept_name concept_id="792" name="TRIOMUNE-30" locale="en" creator="1" date_created="2005-02-22 12:47:28.0" concept_name_id="99304" voided="0" voided_by="1" void_reason="" uuid="99304BBBBBBBBBBBBBBBBBBBBBBBBBBBBBBB" locale_preferred="false"/>
	<concept_name concept_id="792" name="STAVUDINE LAMIVUDINE AND NEVIRAPINE" locale="en" creator="1" date_created="2012-11-28 19:37:22.0" concept_name_id="110785" voided="0" voided_by="1" uuid="110785BBBBBBBBBBBBBBBBBBBBBBBBBBBBBB" locale_preferred="false"/>
	<concept_name concept_id="792" name="LAMIVUDINE / NEVIRAPINE / STAVUDINE" locale="en" creator="1" date_created="2004-04-08 00:00:00.0" concept_name_id="830" voided="0" voided_by="1" uuid="830BBBBBBBBBBBBBBBBBBBBBBBBBBBBBBBBB" concept_name_type="FULLY_SPECIFIED" locale_preferred="true"/>
	<concept_name concept_id="792" name="TRIOMUNE" locale="en" creator="1" date_created="2005-01-21 00:00:00.0" concept_name_id="99303" voided="0" voided_by="1" void_reason="" uuid="99303BBBBBBBBBBBBBBBBBBBBBBBBBBBBBBB" locale_preferred="false"/>
	<concept_name concept_id="792" name="TRIOMUNE-40" locale="en" creator="1" date_created="2005-02-22 12:47:28.0" concept_name_id="99305" voided="0" voided_by="1" void_reason="" uuid="99305BBBBBBBBBBBBBBBBBBBBBBBBBBBBBBB" locale_preferred="false"/>
	<concept concept_id="794" retired="0" datatype_id="4" class_id="3" is_set="0" creator="1" date_created="2004-04-08 00:00:00.0" version="" changed_by="1" date_changed="2012-11-28 20:12:41.0" retired_by="1" uuid="794AAAAAAAAAAAAAAAAAAAAAAAAAAAAAAAAA"/>
	<concept_name concept_id="794" name="KALETRA" locale="en" creator="1" date_created="2004-10-20 00:00:00.0" concept_name_id="93577" voided="0" voided_by="1" void_reason="" uuid="93577BBBBBBBBBBBBBBBBBBBBBBBBBBBBBBB" locale_preferred="false"/>
	<concept_name concept_id="794" name="LPV/R" locale="en" creator="1" date_created="2012-11-28 20:12:41.0" concept_name_id="110809" voided="0" voided_by="1" uuid="110809BBBBBBBBBBBBBBBBBBBBBBBBBBBBBB" concept_name_type="SHORT" locale_preferred="false"/>
	<concept_name concept_id="794" name="LOPINAVIR / RITONAVIR" locale="en" creator="1" date_created="2004-04-08 00:00:00.0" concept_name_id="832" voided="0" voided_by="1" uuid="832BBBBBBBBBBBBBBBBBBBBBBBBBBBBBBBBB" concept_name_type="FULLY_SPECIFIED" locale_preferred="true"/>
	<concept_name concept_id="794" name="LOPINAVIR AND RITONAVIR" locale="en" creator="1" date_created="2012-11-28 20:12:41.0" concept_name_id="110810" voided="0" voided_by="1" uuid="110810BBBBBBBBBBBBBBBBBBBBBBBBBBBBBB" locale_preferred="false"/>
	<concept concept_id="630" retired="0" datatype_id="4" class_id="3" is_set="0" creator="1" date_created="2004-01-01 00:00:00.0" version="" changed_by="1" date_changed="2012-11-28 19:55:30.0" retired_by="1" uuid="630AAAAAAAAAAAAAAAAAAAAAAAAAAAAAAAAA"/>
	<concept_name concept_id="630" name="LAMIVUDINE / ZIDOVUDINE" locale="en" creator="1" date_created="2004-01-01 00:00:00.0" concept_name_id="662" voided="0" voided_by="1" uuid="662BBBBBBBBBBBBBBBBBBBBBBBBBBBBBBBBB" concept_name_type="FULLY_SPECIFIED" locale_preferred="true"/>
	<concept_name concept_id="630" name="3TC/ZDV" locale="en" creator="1" date_created="2012-11-28 19:52:49.0" concept_name_id="110791" voided="0" voided_by="1" void_reason="" uuid="110791BBBBBBBBBBBBBBBBBBBBBBBBBBBBBB" locale_preferred="false"/>
	<concept_name concept_id="630" name="COMBIVIR" locale="en" creator="1" date_created="2005-01-21 00:00:00.0" concept_name_id="89813" voided="0" voided_by="1" void_reason="" uuid="89813BBBBBBBBBBBBBBBBBBBBBBBBBBBBBBB" locale_preferred="false"/>
	<concept_name concept_id="630" name="ZIDOVUDINE AND LAMIVUDINE" locale="en" creator="1" date_created="2012-11-28 19:52:49.0" concept_name_id="110790" voided="0" voided_by="1" void_reason="" uuid="110790BBBBBBBBBBBBBBBBBBBBBBBBBBBBBB" locale_preferred="false"/>
	<concept_name concept_id="630" name="AZT/3TC" locale="en" creator="1" date_created="2012-11-28 19:52:49.0" concept_name_id="110789" voided="0" voided_by="1" uuid="110789BBBBBBBBBBBBBBBBBBBBBBBBBBBBBB" concept_name_type="SHORT" locale_preferred="false"/>
	<concept concept_id="633" retired="1" datatype_id="4" class_id="3" is_set="0" creator="1" date_created="2004-01-01 00:00:00.0" version="" changed_by="1" date_changed="2005-01-12 00:00:00.0" retired_by="1" uuid="633AAAAAAAAAAAAAAAAAAAAAAAAAAAAAAAAA"/>
	<concept_name concept_id="633" name="EFV" locale="en" creator="1" date_created="2004-10-20 00:00:00.0" concept_name_id="91324" voided="0" voided_by="1" uuid="91324BBBBBBBBBBBBBBBBBBBBBBBBBBBBBBB" locale_preferred="false"/>
	<concept_name concept_id="633" name="SUSTIVA" locale="en" creator="1" date_created="2004-04-08 00:00:00.0" concept_name_id="98552" voided="0" voided_by="1" uuid="98552BBBBBBBBBBBBBBBBBBBBBBBBBBBBBBB" locale_preferred="false"/>
	<concept_name concept_id="633" name="SUSTIVE" locale="en" creator="1" date_created="2004-10-20 00:00:00.0" concept_name_id="98554" voided="0" voided_by="1" uuid="98554BBBBBBBBBBBBBBBBBBBBBBBBBBBBBBB" locale_preferred="false"/>
	<concept_name concept_id="633" name="EFAVIRENZ" locale="en" creator="1" date_created="2004-01-01 00:00:00.0" concept_name_id="665" voided="0" voided_by="1" uuid="665BBBBBBBBBBBBBBBBBBBBBBBBBBBBBBBBB" concept_name_type="FULLY_SPECIFIED" locale_preferred="true"/>
	<concept_name concept_id="633" name="STOCRIN" locale="en" creator="1" date_created="2004-04-08 00:00:00.0" concept_name_id="98380" voided="0" voided_by="1" uuid="98380BBBBBBBBBBBBBBBBBBBBBBBBBBBBBBB" locale_preferred="false"/>
	<concept concept_id="5424" retired="0" datatype_id="4" class_id="3" is_set="0" creator="1" date_created="2004-08-12 00:00:00.0" version="" changed_by="1" date_changed="2011-05-28 18:22:36.0" retired_by="1" uuid="5424AAAAAAAAAAAAAAAAAAAAAAAAAAAAAAAA"/>
	<concept_name concept_id="5424" name="OTHER ANTIRETROVIRAL DRUG" locale="en" creator="1" date_created="2004-08-12 00:00:00.0" concept_name_id="2542" voided="0" voided_by="1" uuid="2542BBBBBBBBBBBBBBBBBBBBBBBBBBBBBBBB" concept_name_type="FULLY_SPECIFIED" locale_preferred="true"/>
	<concept concept_id="84309" retired="0" datatype_id="4" class_id="3" is_set="0" creator="1" date_created="2006-12-17 00:00:00.0" version="" changed_by="1" date_changed="2012-11-28 19:35:20.0" retired_by="1" uuid="84309AAAAAAAAAAAAAAAAAAAAAAAAAAAAAAA"/>
	<concept_name concept_id="84309" name="Zerit" locale="en" creator="1" date_created="2007-10-18 09:35:54.0" concept_name_id="100384" voided="0" voided_by="1" void_reason="" uuid="100384BBBBBBBBBBBBBBBBBBBBBBBBBBBBBB" locale_preferred="false"/>
	<concept_name concept_id="84309" name="D4T" locale="en" creator="1" date_created="2012-11-28 19:35:20.0" concept_name_id="110783" voided="0" voided_by="1" uuid="110783BBBBBBBBBBBBBBBBBBBBBBBBBBBBBB" concept_name_type="SHORT" locale_preferred="false"/>
	<concept_name concept_id="84309" name="STAVUDINE" locale="en" creator="1" date_created="2006-12-17 00:00:00.0" concept_name_id="8109" voided="0" voided_by="1" uuid="8109BBBBBBBBBBBBBBBBBBBBBBBBBBBBBBBB" concept_name_type="FULLY_SPECIFIED" locale_preferred="true"/>
	<concept concept_id="74807" retired="0" datatype_id="4" class_id="3" is_set="0" creator="1" date_created="2006-12-17 00:00:00.0" version="" changed_by="1" date_changed="2012-11-28 20:08:47.0" retired_by="1" uuid="74807AAAAAAAAAAAAAAAAAAAAAAAAAAAAAAA"/>
	<concept_name concept_id="74807" name="Videx" locale="en" creator="1" date_created="2007-10-18 09:35:54.0" concept_name_id="100012" voided="0" voided_by="1" void_reason="" uuid="100012BBBBBBBBBBBBBBBBBBBBBBBBBBBBBB" locale_preferred="false"/>
	<concept_name concept_id="74807" name="Viden" locale="en" creator="1" date_created="2007-10-18 09:35:54.0" concept_name_id="100009" voided="0" voided_by="1" void_reason="" uuid="100009BBBBBBBBBBBBBBBBBBBBBBBBBBBBBB" locale_preferred="false"/>
	<concept_name concept_id="74807" name="DDI" locale="en" creator="1" date_created="2012-11-28 20:08:47.0" concept_name_id="110806" voided="0" voided_by="1" uuid="110806BBBBBBBBBBBBBBBBBBBBBBBBBBBBBB" concept_name_type="SHORT" locale_preferred="false"/>
	<concept_name concept_id="74807" name="DIDANOSINE" locale="en" creator="1" date_created="2006-12-17 00:00:00.0" concept_name_id="5079" voided="0" voided_by="1" uuid="5079BBBBBBBBBBBBBBBBBBBBBBBBBBBBBBBB" concept_name_type="FULLY_SPECIFIED" locale_preferred="true"/>
	<concept_name concept_id="74807" name="Videx EC" locale="en" creator="1" date_created="2007-10-18 09:35:54.0" concept_name_id="100013" voided="0" voided_by="1" void_reason="" uuid="100013BBBBBBBBBBBBBBBBBBBBBBBBBBBBBB" locale_preferred="false"/>
	<concept concept_id="70056" retired="0" datatype_id="4" class_id="3" is_set="0" creator="1" date_created="2006-12-17 00:00:00.0" version="" changed_by="1" date_changed="2012-11-28 20:05:26.0" retired_by="1" uuid="70056AAAAAAAAAAAAAAAAAAAAAAAAAAAAAAA"/>
	<concept_name concept_id="70056" name="Ziagen" locale="en" creator="1" date_created="2007-10-18 09:35:54.0" concept_name_id="100397" voided="0" voided_by="1" void_reason="" uuid="100397BBBBBBBBBBBBBBBBBBBBBBBBBBBBBB" locale_preferred="false"/>
	<concept_name concept_id="70056" name="ABACAVIR" locale="en" creator="1" date_created="2006-12-17 00:00:00.0" concept_name_id="3277" voided="0" voided_by="1" uuid="3277BBBBBBBBBBBBBBBBBBBBBBBBBBBBBBBB" concept_name_type="FULLY_SPECIFIED" locale_preferred="true"/>
	<concept_name concept_id="70056" name="ABC" locale="en" creator="1" date_created="2012-11-28 20:05:26.0" concept_name_id="110802" voided="0" voided_by="1" uuid="110802BBBBBBBBBBBBBBBBBBBBBBBBBBBBBB" concept_name_type="SHORT" locale_preferred="false"/>
	<concept concept_id="80487" retired="0" datatype_id="4" class_id="3" is_set="0" creator="1" date_created="2006-12-17 00:00:00.0" version="" changed_by="1" date_changed="2006-12-17 00:00:00.0" retired_by="1" uuid="80487AAAAAAAAAAAAAAAAAAAAAAAAAAAAAAA"/>
	<concept_name concept_id="80487" name="NELFINAVIR" locale="en" creator="1" date_created="2006-12-17 00:00:00.0" concept_name_id="6925" voided="0" voided_by="1" uuid="6925BBBBBBBBBBBBBBBBBBBBBBBBBBBBBBBB" concept_name_type="FULLY_SPECIFIED" locale_preferred="true"/>
	<concept_name concept_id="80487" name="Viracept" locale="en" creator="1" date_created="2007-10-18 09:35:54.0" concept_name_id="100033" voided="0" voided_by="1" uuid="100033BBBBBBBBBBBBBBBBBBBBBBBBBBBBBB" locale_preferred="false"/>
	<concept concept_id="80586" retired="0" datatype_id="4" class_id="3" is_set="0" creator="1" date_created="2006-12-17 00:00:00.0" version="" changed_by="1" date_changed="2012-11-28 20:09:10.0" retired_by="1" uuid="80586AAAAAAAAAAAAAAAAAAAAAAAAAAAAAAA"/>
	<concept_name concept_id="80586" name="NEVIRAPINE" locale="en" creator="1" date_created="2006-12-17 00:00:00.0" concept_name_id="6938" voided="0" voided_by="1" uuid="6938BBBBBBBBBBBBBBBBBBBBBBBBBBBBBBBB" concept_name_type="FULLY_SPECIFIED" locale_preferred="true"/>
	<concept_name concept_id="80586" name="Viramune" locale="en" creator="1" date_created="2007-10-18 09:35:54.0" concept_name_id="100039" voided="0" voided_by="1" void_reason="" uuid="100039BBBBBBBBBBBBBBBBBBBBBBBBBBBBBB" locale_preferred="false"/>
	<concept_name concept_id="80586" name="NVP" locale="en" creator="1" date_created="2012-11-28 20:09:10.0" concept_name_id="110807" voided="0" voided_by="1" uuid="110807BBBBBBBBBBBBBBBBBBBBBBBBBBBBBB" concept_name_type="SHORT" locale_preferred="false"/>
	<concept concept_id="75523" retired="0" datatype_id="4" class_id="3" is_set="0" creator="1" date_created="2006-12-17 00:00:00.0" version="" changed_by="1" date_changed="2012-12-07 17:19:49.0" retired_by="1" uuid="75523AAAAAAAAAAAAAAAAAAAAAAAAAAAAAAA"/>
	<concept_name concept_id="75523" name="EFAVIRENZ" locale="en" creator="1" date_created="2006-12-17 00:00:00.0" concept_name_id="5290" voided="0" voided_by="1" uuid="5290BBBBBBBBBBBBBBBBBBBBBBBBBBBBBBBB" concept_name_type="FULLY_SPECIFIED" locale_preferred="true"/>
	<concept_name concept_id="75523" name="Sustiva" locale="en" creator="1" date_created="2007-10-18 09:35:54.0" concept_name_id="98553" voided="0" voided_by="1" void_reason="" uuid="98553BBBBBBBBBBBBBBBBBBBBBBBBBBBBBBB" locale_preferred="false"/>
	<concept_name concept_id="75523" name="EFV" locale="en" creator="1" date_created="2012-11-28 20:09:29.0" concept_name_id="110808" voided="0" voided_by="1" uuid="110808BBBBBBBBBBBBBBBBBBBBBBBBBBBBBB" concept_name_type="SHORT" locale_preferred="false"/>
	<concept concept_id="78643" retired="0" datatype_id="4" class_id="3" is_set="0" creator="1" date_created="2006-12-17 00:00:00.0" version="" changed_by="1" date_changed="2012-11-28 20:04:59.0" retired_by="1" uuid="78643AAAAAAAAAAAAAAAAAAAAAAAAAAAAAAA"/>
	<concept_name concept_id="78643" name="3TC" locale="en" creator="1" date_created="2012-11-28 20:04:59.0" concept_name_id="110801" voided="0" voided_by="1" uuid="110801BBBBBBBBBBBBBBBBBBBBBBBBBBBBBB" concept_name_type="SHORT" locale_preferred="false"/>
	<concept_name concept_id="78643" name="LAMIVUDINE" locale="en" creator="1" date_created="2006-12-17 00:00:00.0" concept_name_id="6305" voided="0" voided_by="1" uuid="6305BBBBBBBBBBBBBBBBBBBBBBBBBBBBBBBB" concept_name_type="FULLY_SPECIFIED" locale_preferred="true"/>
	<concept_name concept_id="78643" name="Epivir HBV" locale="en" creator="1" date_created="2007-10-18 09:35:54.0" concept_name_id="91514" voided="0" voided_by="1" void_reason="" uuid="91514BBBBBBBBBBBBBBBBBBBBBBBBBBBBBBB" locale_preferred="false"/>
	<concept_name concept_id="78643" name="Epivir" locale="en" creator="1" date_created="2007-10-18 09:35:54.0" concept_name_id="91513" voided="0" voided_by="1" void_reason="" uuid="91513BBBBBBBBBBBBBBBBBBBBBBBBBBBBBBB" locale_preferred="false"/>
	<concept concept_id="84795" retired="0" datatype_id="4" class_id="3" is_set="0" creator="1" date_created="2006-12-17 00:00:00.0" version="" changed_by="1" date_changed="2012-11-28 19:58:02.0" retired_by="1" uuid="84795AAAAAAAAAAAAAAAAAAAAAAAAAAAAAAA"/>
	<concept_name concept_id="84795" name="TENOFOVIR" locale="en" creator="1" date_created="2006-12-17 00:00:00.0" concept_name_id="8253" voided="0" voided_by="1" uuid="8253BBBBBBBBBBBBBBBBBBBBBBBBBBBBBBBB" concept_name_type="FULLY_SPECIFIED" locale_preferred="true"/>
	<concept_name concept_id="84795" name="TDF" locale="en" creator="1" date_created="2012-11-28 19:58:02.0" concept_name_id="110794" voided="0" voided_by="1" uuid="110794BBBBBBBBBBBBBBBBBBBBBBBBBBBBBB" concept_name_type="SHORT" locale_preferred="false"/>
	<concept concept_id="77995" retired="0" datatype_id="4" class_id="3" is_set="0" creator="1" date_created="2006-12-17 00:00:00.0" version="" changed_by="1" date_changed="2006-12-17 00:00:00.0" retired_by="1" uuid="77995AAAAAAAAAAAAAAAAAAAAAAAAAAAAAAA"/>
	<concept_name concept_id="77995" name="INDINAVIR" locale="en" creator="1" date_created="2006-12-17 00:00:00.0" concept_name_id="6093" voided="0" voided_by="1" uuid="6093BBBBBBBBBBBBBBBBBBBBBBBBBBBBBBBB" concept_name_type="FULLY_SPECIFIED" locale_preferred="true"/>
	<concept_name concept_id="77995" name="Crixivan" locale="en" creator="1" date_created="2007-10-18 09:35:54.0" concept_name_id="90085" voided="0" voided_by="1" uuid="90085BBBBBBBBBBBBBBBBBBBBBBBBBBBBBBB" locale_preferred="false"/>
	<concept concept_id="160105" retired="0" datatype_id="4" class_id="3" is_set="0" creator="1" date_created="2011-05-27 13:49:52.0" version="" changed_by="1" date_changed="2012-11-28 15:48:37.0" retired_by="1" uuid="160105AAAAAAAAAAAAAAAAAAAAAAAAAAAAAA"/>
	<concept_name concept_id="160105" name="Efavirenz / Stavudine / Zidovudine" locale="en" creator="1" date_created="2011-05-27 13:49:52.0" concept_name_id="107832" voided="0" voided_by="1" uuid="107832BBBBBBBBBBBBBBBBBBBBBBBBBBBBBB" concept_name_type="FULLY_SPECIFIED" locale_preferred="true"/>
	<concept_name concept_id="160105" name="AZV/3TC/EFV" locale="en" creator="1" date_created="2011-05-27 13:49:52.0" concept_name_id="107831" voided="0" voided_by="1" uuid="107831BBBBBBBBBBBBBBBBBBBBBBBBBBBBBB" concept_name_type="SHORT" locale_preferred="false"/>
	<concept_name concept_id="160105" name="Zidovudine/ Stavudine/ Efavirenz" locale="en" creator="1" date_created="2012-11-28 15:48:37.0" concept_name_id="110779" voided="0" voided_by="1" uuid="110779BBBBBBBBBBBBBBBBBBBBBBBBBBBBBB" locale_preferred="false"/>
	<concept concept_id="160104" retired="0" datatype_id="4" class_id="3" is_set="0" creator="1" date_created="2011-05-27 13:45:51.0" version="" changed_by="1" date_changed="2012-11-28 20:15:52.0" retired_by="1" uuid="160104AAAAAAAAAAAAAAAAAAAAAAAAAAAAAA"/>
	<concept_name concept_id="160104" name="D4T/3TC/EFV" locale="en" creator="1" date_created="2011-05-27 13:45:51.0" concept_name_id="107829" voided="0" voided_by="1" uuid="107829BBBBBBBBBBBBBBBBBBBBBBBBBBBBBB" concept_name_type="SHORT" locale_preferred="false"/>
	<concept_name concept_id="160104" name="Efavirenz / Lamivudine / Stavudine" locale="en" creator="1" date_created="2011-05-27 13:45:51.0" concept_name_id="107830" voided="0" voided_by="1" uuid="107830BBBBBBBBBBBBBBBBBBBBBBBBBBBBBB" concept_name_type="FULLY_SPECIFIED" locale_preferred="true"/>
	<concept_name concept_id="160104" name="Stavudine/ Lamivudine/ Efavirenz" locale="en" creator="1" date_created="2012-11-28 15:45:18.0" concept_name_id="110778" voided="0" voided_by="1" void_reason="" uuid="110778BBBBBBBBBBBBBBBBBBBBBBBBBBBBBB" locale_preferred="false"/>
	<concept concept_id="86663" retired="0" datatype_id="4" class_id="3" is_set="0" creator="1" date_created="2006-12-17 00:00:00.0" version="" changed_by="1" date_changed="2012-11-28 20:04:10.0" retired_by="1" uuid="86663AAAAAAAAAAAAAAAAAAAAAAAAAAAAAAA"/>
	<concept_name concept_id="86663" name="AZT/3TC" locale="en" creator="1" date_created="2012-11-28 20:04:10.0" concept_name_id="110799" voided="0" voided_by="1" uuid="110799BBBBBBBBBBBBBBBBBBBBBBBBBBBBBB" concept_name_type="SHORT" locale_preferred="false"/>
	<concept_name concept_id="86663" name="ZDV" locale="en" creator="1" date_created="2012-11-28 20:04:10.0" concept_name_id="110800" voided="0" voided_by="1" uuid="110800BBBBBBBBBBBBBBBBBBBBBBBBBBBBBB" locale_preferred="false"/>
	<concept_name concept_id="86663" name="ZIDOVUDINE" locale="en" creator="1" date_created="2006-12-17 00:00:00.0" concept_name_id="8748" voided="0" voided_by="1" uuid="8748BBBBBBBBBBBBBBBBBBBBBBBBBBBBBBBB" concept_name_type="FULLY_SPECIFIED" locale_preferred="true"/>
	<concept_name concept_id="86663" name="Retrovir" locale="en" creator="1" date_created="2007-10-18 09:35:54.0" concept_name_id="97466" voided="0" voided_by="1" void_reason="" uuid="97466BBBBBBBBBBBBBBBBBBBBBBBBBBBBBBB" locale_preferred="false"/>
	<concept concept_id="75628" retired="0" datatype_id="4" class_id="3" is_set="0" creator="1" date_created="2006-12-17 00:00:00.0" version="" changed_by="1" date_changed="2012-11-28 20:08:04.0" retired_by="1" uuid="75628AAAAAAAAAAAAAAAAAAAAAAAAAAAAAAA"/>
	<concept_name concept_id="75628" name="FTC" locale="en" creator="1" date_created="2012-11-28 20:08:04.0" concept_name_id="110804" voided="0" voided_by="1" uuid="110804BBBBBBBBBBBBBBBBBBBBBBBBBBBBBB" concept_name_type="SHORT" locale_preferred="false"/>
	<concept_name concept_id="75628" name="EMTRICITABINE" locale="en" creator="1" date_created="2006-12-17 00:00:00.0" concept_name_id="5309" voided="0" voided_by="1" uuid="5309BBBBBBBBBBBBBBBBBBBBBBBBBBBBBBBB" concept_name_type="FULLY_SPECIFIED" locale_preferred="true"/>
	<concept_name concept_id="75628" name="Emtriva" locale="en" creator="1" date_created="2007-10-18 09:35:54.0" concept_name_id="91401" voided="0" voided_by="1" void_reason="" uuid="91401BBBBBBBBBBBBBBBBBBBBBBBBBBBBBBB" locale_preferred="false"/>
	<concept concept_id="79040" retired="0" datatype_id="4" class_id="3" is_set="0" creator="1" date_created="2006-12-17 00:00:00.0" version="" changed_by="1" date_changed="2012-11-28 20:13:10.0" retired_by="1" uuid="79040AAAAAAAAAAAAAAAAAAAAAAAAAAAAAAA"/>
	<concept_name concept_id="79040" name="LPV/R" locale="en" creator="1" date_created="2012-11-28 20:13:10.0" concept_name_id="110811" voided="0" voided_by="1" uuid="110811BBBBBBBBBBBBBBBBBBBBBBBBBBBBBB" concept_name_type="SHORT" locale_preferred="false"/>
	<concept_name concept_id="79040" name="LOPINAVIR" locale="en" creator="1" date_created="2006-12-17 00:00:00.0" concept_name_id="6425" voided="0" voided_by="1" uuid="6425BBBBBBBBBBBBBBBBBBBBBBBBBBBBBBBB" concept_name_type="FULLY_SPECIFIED" locale_preferred="true"/>
	<concept concept_id="83412" retired="0" datatype_id="4" class_id="3" is_set="0" creator="1" date_created="2006-12-17 00:00:00.0" version="" changed_by="1" date_changed="2012-11-28 20:13:27.0" retired_by="1" uuid="83412AAAAAAAAAAAAAAAAAAAAAAAAAAAAAAA"/>
	<concept_name concept_id="83412" name="Norvir Soft Gelatin" locale="en" creator="1" date_created="2007-10-18 09:35:54.0" concept_name_id="95494" voided="0" voided_by="1" void_reason="" uuid="95494BBBBBBBBBBBBBBBBBBBBBBBBBBBBBBB" locale_preferred="false"/>
	<concept_name concept_id="83412" name="RITONAVIR" locale="en" creator="1" date_created="2006-12-17 00:00:00.0" concept_name_id="7836" voided="0" voided_by="1" uuid="7836BBBBBBBBBBBBBBBBBBBBBBBBBBBBBBBB" concept_name_type="FULLY_SPECIFIED" locale_preferred="true"/>
	<concept_name concept_id="83412" name="RTV" locale="en" creator="1" date_created="2012-11-28 20:13:27.0" concept_name_id="110812" voided="0" voided_by="1" uuid="110812BBBBBBBBBBBBBBBBBBBBBBBBBBBBBB" concept_name_type="SHORT" locale_preferred="false"/>
	<concept_name concept_id="83412" name="Norvir" locale="en" creator="1" date_created="2007-10-18 09:35:54.0" concept_name_id="95493" voided="0" voided_by="1" void_reason="" uuid="95493BBBBBBBBBBBBBBBBBBBBBBBBBBBBBBB" locale_preferred="false"/>
	<concept concept_id="71647" retired="0" datatype_id="4" class_id="3" is_set="0" creator="1" date_created="2006-12-17 00:00:00.0" version="" changed_by="1" date_changed="2012-11-28 20:13:48.0" retired_by="1" uuid="71647AAAAAAAAAAAAAAAAAAAAAAAAAAAAAAA"/>
	<concept_name concept_id="71647" name="Reyataz" locale="en" creator="1" date_created="2007-10-18 09:35:54.0" concept_name_id="97480" voided="0" voided_by="1" void_reason="" uuid="97480BBBBBBBBBBBBBBBBBBBBBBBBBBBBBBB" locale_preferred="false"/>
	<concept_name concept_id="71647" name="ATAZANAVIR" locale="en" creator="1" date_created="2006-12-17 00:00:00.0" concept_name_id="3926" voided="0" voided_by="1" uuid="3926BBBBBBBBBBBBBBBBBBBBBBBBBBBBBBBB" concept_name_type="FULLY_SPECIFIED" locale_preferred="true"/>
	<concept_name concept_id="71647" name="ATV" locale="en" creator="1" date_created="2012-11-28 20:13:48.0" concept_name_id="110813" voided="0" voided_by="1" uuid="110813BBBBBBBBBBBBBBBBBBBBBBBBBBBBBB" concept_name_type="SHORT" locale_preferred="false"/>
	<concept concept_id="1652" retired="0" datatype_id="10" class_id="3" is_set="0" creator="1" date_created="2009-04-23 15:42:27.0" version="" changed_by="1" date_changed="2012-09-12 13:54:28.0" retired_by="1" uuid="1652AAAAAAAAAAAAAAAAAAAAAAAAAAAAAAAA"/>
	<concept_name concept_id="1652" name="LAMIVUDINE / NEVIRAPINE / ZIDOVUDINE" locale="en" creator="1" date_created="2009-04-23 15:42:27.0" concept_name_id="1932" voided="0" voided_by="1" uuid="1932BBBBBBBBBBBBBBBBBBBBBBBBBBBBBBBB" concept_name_type="FULLY_SPECIFIED" locale_preferred="true"/>
	<concept_name concept_id="1652" name="COMBIPAK" locale="en" creator="1" date_created="2009-04-23 15:42:27.0" concept_name_id="89810" voided="0" voided_by="1" void_reason="" uuid="89810BBBBBBBBBBBBBBBBBBBBBBBBBBBBBBB" locale_preferred="false"/>
	<concept_name concept_id="1652" name="Zidolam-N" locale="en" creator="1" date_created="2012-09-12 13:53:55.0" concept_name_id="110361" voided="0" voided_by="1" void_reason="" uuid="110361BBBBBBBBBBBBBBBBBBBBBBBBBBBBBB" locale_preferred="false"/>
	<concept_name concept_id="1652" name="3TC/NVP/ZDV" locale="en" creator="1" date_created="2009-04-23 15:42:27.0" concept_name_id="86935" voided="0" voided_by="1" uuid="86935BBBBBBBBBBBBBBBBBBBBBBBBBBBBBBB" concept_name_type="SHORT" locale_preferred="false"/>
	<concept concept_id="161363" retired="0" datatype_id="4" class_id="3" is_set="0" creator="1" date_created="2012-11-28 19:57:23.0" version="" changed_by="1" retired_by="1" uuid="161363AAAAAAAAAAAAAAAAAAAAAAAAAAAAAA"/>
	<concept_name concept_id="161363" name="lamivudine / stavudine" locale="en" creator="1" date_created="2012-11-28 19:57:23.0" concept_name_id="110793" voided="0" voided_by="1" uuid="110793BBBBBBBBBBBBBBBBBBBBBBBBBBBBBB" concept_name_type="FULLY_SPECIFIED" locale_preferred="true"/>
	<concept_name concept_id="161363" name="3TC/D4T" locale="en" creator="1" date_created="2012-11-28 19:57:23.0" concept_name_id="110792" voided="0" voided_by="1" uuid="110792BBBBBBBBBBBBBBBBBBBBBBBBBBBBBB" concept_name_type="SHORT" locale_preferred="false"/>
	<concept concept_id="161364" retired="0" datatype_id="4" class_id="3" is_set="0" creator="1" date_created="2012-11-28 20:00:12.0" version="" changed_by="1" retired_by="1" uuid="161364AAAAAAAAAAAAAAAAAAAAAAAAAAAAAA"/>
	<concept_name concept_id="161364" name="TDF/3TC" locale="en" creator="1" date_created="2012-11-28 20:00:12.0" concept_name_id="110796" voided="0" voided_by="1" uuid="110796BBBBBBBBBBBBBBBBBBBBBBBBBBBBBB" concept_name_type="SHORT" locale_preferred="false"/>
	<concept_name concept_id="161364" name="lamivudine / tenofovir" locale="en" creator="1" date_created="2012-11-28 20:00:12.0" concept_name_id="110795" voided="0" voided_by="1" uuid="110795BBBBBBBBBBBBBBBBBBBBBBBBBBBBBB" concept_name_type="FULLY_SPECIFIED" locale_preferred="true"/>
	<concept concept_id="161361" retired="0" datatype_id="4" class_id="3" is_set="0" creator="1" date_created="2012-11-28 15:51:11.0" version="" changed_by="1" date_changed="2012-11-28 20:02:01.0" retired_by="1" uuid="161361AAAAAAAAAAAAAAAAAAAAAAAAAAAAAA"/>
	<concept_name concept_id="161361" name="EDF/3TC/EFV" locale="en" creator="1" date_created="2012-11-28 20:02:01.0" concept_name_id="110797" voided="0" voided_by="1" uuid="110797BBBBBBBBBBBBBBBBBBBBBBBBBBBBBB" concept_name_type="SHORT" locale_preferred="false"/>
	<concept_name concept_id="161361" name="efavirenz / lamivudine / tenofovir disoproxil" locale="en" creator="1" date_created="2012-11-28 15:51:11.0" concept_name_id="110780" voided="0" voided_by="1" uuid="110780BBBBBBBBBBBBBBBBBBBBBBBBBBBBBB" concept_name_type="FULLY_SPECIFIED" locale_preferred="true"/>
	<concept concept_id="103166" retired="0" datatype_id="4" class_id="3" is_set="0" creator="1" date_created="2007-03-11 00:00:00.0" version="" changed_by="1" date_changed="2012-11-28 20:03:17.0" retired_by="1" uuid="103166AAAAAAAAAAAAAAAAAAAAAAAAAAAAAA"/>
	<concept_name concept_id="103166" name="ABACAVIR / LAMIVUDINE" locale="en" creator="1" date_created="2007-03-11 00:00:00.0" concept_name_id="8801" voided="0" voided_by="1" uuid="8801BBBBBBBBBBBBBBBBBBBBBBBBBBBBBBBB" concept_name_type="FULLY_SPECIFIED" locale_preferred="true"/>
	<concept_name concept_id="103166" name="Epzicom" locale="en" creator="1" date_created="2007-10-18 09:35:54.0" concept_name_id="91520" voided="0" voided_by="1" void_reason="" uuid="91520BBBBBBBBBBBBBBBBBBBBBBBBBBBBBBB" locale_preferred="false"/>
	<concept_name concept_id="103166" name="ABC/3TC" locale="en" creator="1" date_created="2012-11-28 20:03:17.0" concept_name_id="110798" voided="0" voided_by="1" uuid="110798BBBBBBBBBBBBBBBBBBBBBBBBBBBBBB" concept_name_type="SHORT" locale_preferred="false"/>
	<concept concept_id="159599" retired="0" datatype_id="6" class_id="5" is_set="0" creator="1" date_created="2010-10-29 13:33:28.0" version="" changed_by="1" date_changed="2012-06-03 18:27:34.0" retired_by="1" uuid="159599AAAAAAAAAAAAAAAAAAAAAAAAAAAAAA"/>
	<concept_name concept_id="159599" name="ARV start date" locale="en" creator="1" date_created="2010-10-29 14:51:12.0" concept_name_id="106949" voided="0" voided_by="1" uuid="106949BBBBBBBBBBBBBBBBBBBBBBBBBBBBBB" concept_name_type="SHORT" locale_preferred="false"/>
	<concept_name concept_id="159599" name="ART start date" locale="en" creator="1" date_created="2011-05-30 20:04:02.0" concept_name_id="107886" voided="0" voided_by="1" void_reason="" uuid="107886BBBBBBBBBBBBBBBBBBBBBBBBBBBBBB" locale_preferred="false"/>
	<concept_name concept_id="159599" name="Antiretroviral treatment start date" locale="en" creator="1" date_created="2010-10-29 13:33:28.0" concept_name_id="106945" voided="0" voided_by="1" uuid="106945BBBBBBBBBBBBBBBBBBBBBBBBBBBBBB" concept_name_type="FULLY_SPECIFIED" locale_preferred="true"/>
	<concept_name concept_id="159599" name="Date antiretrovirals started" locale="en" creator="1" date_created="2012-05-31 17:06:48.0" concept_name_id="108628" voided="0" voided_by="1" void_reason="" uuid="108628BBBBBBBBBBBBBBBBBBBBBBBBBBBBBB" locale_preferred="false"/>
	<concept concept_id="1147" retired="0" datatype_id="2" class_id="7" is_set="0" creator="1" date_created="2005-02-07 00:00:00.0" version="" changed_by="1" date_changed="2005-02-07 00:00:00.0" retired_by="1" uuid="1147AAAAAAAAAAAAAAAAAAAAAAAAAAAAAAAA"/>
	<concept_name concept_id="1147" name="ANTIRETROVIRAL USE DURING PREGNANCY" locale="en" creator="1" date_created="2005-02-07 00:00:00.0" concept_name_id="1223" voided="0" voided_by="1" uuid="1223BBBBBBBBBBBBBBBBBBBBBBBBBBBBBBBB" concept_name_type="FULLY_SPECIFIED" locale_preferred="true"/>
	<concept_answer concept_answer_id="264" concept_id="1147" answer_concept="631" creator="1" date_created="2005-02-07 00:00:00.0" uuid="264CCCCCCCCCCCCCCCCCCCCCCCCCCCCCCCCC" sort_weight="264.0"/>
	<concept_answer concept_answer_id="265" concept_id="1147" answer_concept="1067" creator="1" date_created="2005-02-07 00:00:00.0" uuid="265CCCCCCCCCCCCCCCCCCCCCCCCCCCCCCCCC" sort_weight="265.0"/>
	<concept_answer concept_answer_id="266" concept_id="1147" answer_concept="1107" creator="1" date_created="2005-02-07 00:00:00.0" uuid="266CCCCCCCCCCCCCCCCCCCCCCCCCCCCCCCCC" sort_weight="266.0"/>
	<concept_answer concept_answer_id="267" concept_id="1147" answer_concept="1148" creator="1" date_created="2005-02-07 00:00:00.0" uuid="267CCCCCCCCCCCCCCCCCCCCCCCCCCCCCCCCC" sort_weight="267.0"/>
	<concept_answer concept_answer_id="268" concept_id="1147" answer_concept="1149" creator="1" date_created="2005-02-07 00:00:00.0" uuid="268CCCCCCCCCCCCCCCCCCCCCCCCCCCCCCCCC" sort_weight="268.0"/>
	<concept concept_id="631" retired="1" datatype_id="4" class_id="3" is_set="0" creator="1" date_created="2004-01-01 00:00:00.0" version="" changed_by="1" date_changed="2005-01-12 00:00:00.0" retired_by="1" uuid="631AAAAAAAAAAAAAAAAAAAAAAAAAAAAAAAAA"/>
	<concept_name concept_id="631" name="VIRAMUNE" locale="en" creator="1" date_created="2004-10-20 00:00:00.0" concept_name_id="100038" voided="0" voided_by="1" uuid="100038BBBBBBBBBBBBBBBBBBBBBBBBBBBBBB" locale_preferred="false"/>
	<concept_name concept_id="631" name="NVP" locale="en" creator="1" date_created="2004-10-20 00:00:00.0" concept_name_id="95593" voided="0" voided_by="1" uuid="95593BBBBBBBBBBBBBBBBBBBBBBBBBBBBBBB" locale_preferred="false"/>
	<concept_name concept_id="631" name="NEVIRAPINE" locale="en" creator="1" date_created="2004-01-01 00:00:00.0" concept_name_id="663" voided="0" voided_by="1" uuid="663BBBBBBBBBBBBBBBBBBBBBBBBBBBBBBBBB" concept_name_type="FULLY_SPECIFIED" locale_preferred="true"/>
	<concept concept_id="1067" retired="0" datatype_id="4" class_id="11" is_set="0" creator="1" date_created="2005-01-06 00:00:00.0" version="" changed_by="1" date_changed="2013-01-27 01:37:12.0" retired_by="1" uuid="1067AAAAAAAAAAAAAAAAAAAAAAAAAAAAAAAA"/>
	<concept_name concept_id="1067" name="UNKNOWN" locale="en" creator="1" date_created="2005-01-06 00:00:00.0" concept_name_id="1140" voided="0" voided_by="1" uuid="1140BBBBBBBBBBBBBBBBBBBBBBBBBBBBBBBB" concept_name_type="FULLY_SPECIFIED" locale_preferred="true"/>
	<concept concept_id="1107" retired="0" datatype_id="4" class_id="11" is_set="0" creator="1" date_created="2005-01-12 00:00:00.0" version="" changed_by="1" date_changed="2013-03-10 00:20:44.0" retired_by="1" uuid="1107AAAAAAAAAAAAAAAAAAAAAAAAAAAAAAAA"/>
	<concept_name concept_id="1107" name="None" locale="en" creator="1" date_created="2005-01-12 00:00:00.0" concept_name_id="1181" voided="0" voided_by="1" uuid="1181BBBBBBBBBBBBBBBBBBBBBBBBBBBBBBBB" concept_name_type="FULLY_SPECIFIED" locale_preferred="true"/>
	<concept concept_id="1148" retired="0" datatype_id="2" class_id="2" is_set="0" creator="1" date_created="2005-02-07 00:00:00.0" version="" changed_by="1" date_changed="2011-01-13 15:30:27.0" retired_by="1" uuid="1148AAAAAAAAAAAAAAAAAAAAAAAAAAAAAAAA"/>
	<concept_name concept_id="1148" name="TOTAL PMTCT" locale="en" creator="1" date_created="2005-02-07 00:00:00.0" concept_name_id="99076" voided="0" voided_by="1" uuid="99076BBBBBBBBBBBBBBBBBBBBBBBBBBBBBBB" locale_preferred="false"/>
	<concept_name concept_id="1148" name="TPMTCT" locale="en" creator="1" date_created="2005-02-09 00:00:00.0" concept_name_id="99093" voided="0" voided_by="1" uuid="99093BBBBBBBBBBBBBBBBBBBBBBBBBBBBBBB" locale_preferred="false"/>
	<concept_name concept_id="1148" name="TOTAL MATERNAL TO CHILD TRANSMISSION PROPHYLAXIS" locale="en" creator="1" date_created="2005-02-07 00:00:00.0" concept_name_id="1224" voided="0" voided_by="1" uuid="1224BBBBBBBBBBBBBBBBBBBBBBBBBBBBBBBB" concept_name_type="FULLY_SPECIFIED" locale_preferred="true"/>
	<concept_name concept_id="1148" name="T-PMTCT" locale="en" creator="1" date_created="2005-02-09 00:00:00.0" concept_name_id="98620" voided="0" voided_by="1" uuid="98620BBBBBBBBBBBBBBBBBBBBBBBBBBBBBBB" locale_preferred="false"/>
	<concept_answer concept_answer_id="2664" concept_id="1148" answer_concept="1066" creator="1" date_created="2010-11-07 15:31:05.0" uuid="2664CCCCCCCCCCCCCCCCCCCCCCCCCCCCCCCC" sort_weight="2664.0"/>
	<concept_answer concept_answer_id="2665" concept_id="1148" answer_concept="1065" creator="1" date_created="2010-11-07 15:31:05.0" uuid="2665CCCCCCCCCCCCCCCCCCCCCCCCCCCCCCCC" sort_weight="2665.0"/>
	<concept_answer concept_answer_id="2666" concept_id="1148" answer_concept="1067" creator="1" date_created="2010-11-07 15:31:05.0" uuid="2666CCCCCCCCCCCCCCCCCCCCCCCCCCCCCCCC" sort_weight="2666.0"/>
	<concept concept_id="1149" retired="0" datatype_id="4" class_id="5" is_set="0" creator="1" date_created="2005-02-07 00:00:00.0" version="" changed_by="1" date_changed="2012-06-03 20:07:18.0" retired_by="1" uuid="1149AAAAAAAAAAAAAAAAAAAAAAAAAAAAAAAA"/>
	<concept_name concept_id="1149" name="ON ANTIRETROVIRAL THERAPY" locale="en" creator="1" date_created="2005-02-07 00:00:00.0" concept_name_id="1225" voided="0" voided_by="1" uuid="1225BBBBBBBBBBBBBBBBBBBBBBBBBBBBBBBB" concept_name_type="FULLY_SPECIFIED" locale_preferred="true"/>
	<concept_name concept_id="1149" name="ON ARVS" locale="en" creator="1" date_created="2005-02-07 00:00:00.0" concept_name_id="95709" voided="0" voided_by="1" void_reason="" uuid="95709BBBBBBBBBBBBBBBBBBBBBBBBBBBBBBB" locale_preferred="false"/>
	<concept concept_id="966" retired="0" datatype_id="2" class_id="7" is_set="0" creator="1" date_created="2006-02-13 21:37:12.0" version="" changed_by="1" date_changed="2011-02-03 17:12:03.0" retired_by="1" uuid="966AAAAAAAAAAAAAAAAAAAAAAAAAAAAAAAAA"/>
	<concept_name concept_id="966" name="CURRENT ANTIRETROVIRAL DRUGS USED FOR TRANSMISSION PROPHYLAXIS" locale="en" creator="1" date_created="2006-02-13 21:37:12.0" concept_name_id="1014" voided="0" voided_by="1" uuid="1014BBBBBBBBBBBBBBBBBBBBBBBBBBBBBBBB" concept_name_type="FULLY_SPECIFIED" locale_preferred="true"/>
	<concept_answer concept_answer_id="750" concept_id="966" answer_concept="5424" creator="1" date_created="2006-02-13 21:38:00.0" uuid="750CCCCCCCCCCCCCCCCCCCCCCCCCCCCCCCCC" sort_weight="750.0"/>
	<concept_answer concept_answer_id="1414" concept_id="966" answer_concept="630" creator="1" date_created="2009-04-23 15:28:11.0" uuid="1414CCCCCCCCCCCCCCCCCCCCCCCCCCCCCCCC" sort_weight="1414.0"/>
	<concept_answer concept_answer_id="1415" concept_id="966" answer_concept="1067" creator="1" date_created="2009-04-23 15:28:11.0" uuid="1415CCCCCCCCCCCCCCCCCCCCCCCCCCCCCCCC" sort_weight="1415.0"/>
	<concept_answer concept_answer_id="1416" concept_id="966" answer_concept="80586" creator="1" date_created="2009-04-23 15:28:11.0" uuid="1416CCCCCCCCCCCCCCCCCCCCCCCCCCCCCCCC" sort_weight="1416.0"/>
	<concept_answer concept_answer_id="1417" concept_id="966" answer_concept="86663" creator="1" date_created="2009-04-23 15:28:11.0" uuid="1417CCCCCCCCCCCCCCCCCCCCCCCCCCCCCCCC" sort_weight="1417.0"/>
	<concept_answer concept_answer_id="1418" concept_id="966" answer_concept="1148" creator="1" date_created="2009-04-23 15:28:11.0" uuid="1418CCCCCCCCCCCCCCCCCCCCCCCCCCCCCCCC" sort_weight="1418.0"/>
	<concept concept_id="5497" retired="0" datatype_id="1" class_id="1" is_set="0" creator="1" date_created="2004-08-12 00:00:00.0" version="" changed_by="1" date_changed="2012-11-09 17:38:12.0" retired_by="1" uuid="5497AAAAAAAAAAAAAAAAAAAAAAAAAAAAAAAA"/>
	<concept_numeric concept_id="5497" hi_normal="1497.0" low_critical="99.0" low_normal="445.0" units="cells/uL" precise="0"/>
	<concept_name concept_id="5497" name="CD3+CD4+ABS CNT" locale="en" creator="1" date_created="2006-06-06 14:03:53.0" concept_name_id="89296" voided="0" voided_by="1" void_reason="" uuid="89296BBBBBBBBBBBBBBBBBBBBBBBBBBBBBBB" locale_preferred="false"/>
	<concept_name concept_id="5497" name="CD4" locale="en" creator="1" date_created="2004-12-02 00:00:00.0" concept_name_id="89299" voided="0" voided_by="1" void_reason="" uuid="89299BBBBBBBBBBBBBBBBBBBBBBBBBBBBBBB" locale_preferred="false"/>
	<concept_name concept_id="5497" name="CD4" locale="en" creator="1" date_created="2004-08-12 00:00:00.0" concept_name_id="87043" voided="0" voided_by="1" uuid="87043BBBBBBBBBBBBBBBBBBBBBBBBBBBBBBB" concept_name_type="SHORT" locale_preferred="false"/>
	<concept_name concept_id="5497" name="CD4 COUNT" locale="en" creator="1" date_created="2004-08-12 00:00:00.0" concept_name_id="2621" voided="0" voided_by="1" uuid="2621BBBBBBBBBBBBBBBBBBBBBBBBBBBBBBBB" concept_name_type="FULLY_SPECIFIED" locale_preferred="true"/>
	<concept concept_id="730" retired="0" datatype_id="1" class_id="1" is_set="0" creator="1" date_created="2004-04-08 00:00:00.0" version="0.1" changed_by="1" date_changed="2011-01-21 21:21:59.0" retired_by="1" uuid="730AAAAAAAAAAAAAAAAAAAAAAAAAAAAAAAAA"/>
	<concept_numeric concept_id="730" units="%" precise="0"/>
	<concept_name concept_id="730" name="CD4%" locale="en" creator="1" date_created="2004-04-08 00:00:00.0" concept_name_id="766" voided="0" voided_by="1" uuid="766BBBBBBBBBBBBBBBBBBBBBBBBBBBBBBBBB" concept_name_type="FULLY_SPECIFIED" locale_preferred="true"/>
	<concept_name concept_id="730" name="CD4 PERCENT" locale="en" creator="1" date_created="2005-02-23 18:14:05.0" concept_name_id="89300" voided="0" voided_by="1" uuid="89300BBBBBBBBBBBBBBBBBBBBBBBBBBBBBBB" locale_preferred="false"/>
	<concept_name concept_id="730" name="CD3+CD4+%LYMPH" locale="en" creator="1" date_created="2006-06-06 14:05:24.0" concept_name_id="89295" voided="0" voided_by="1" uuid="89295BBBBBBBBBBBBBBBBBBBBBBBBBBBBBBB" locale_preferred="false"/>
	<concept concept_id="5303" retired="0" datatype_id="2" class_id="7" is_set="0" creator="1" date_created="2004-08-12 00:00:00.0" version="" changed_by="1" date_changed="2011-02-10 14:18:11.0" retired_by="1" uuid="5303AAAAAAAAAAAAAAAAAAAAAAAAAAAAAAAA"/>
	<concept_name concept_id="5303" name="CHILDS CURRENT HIV STATUS" locale="en" creator="1" date_created="2004-08-12 00:00:00.0" concept_name_id="2413" voided="0" voided_by="1" uuid="2413BBBBBBBBBBBBBBBBBBBBBBBBBBBBBBBB" concept_name_type="FULLY_SPECIFIED" locale_preferred="true"/>
	<concept_answer concept_answer_id="450" concept_id="5303" answer_concept="822" creator="1" date_created="2005-02-08 00:00:00.0" uuid="450CCCCCCCCCCCCCCCCCCCCCCCCCCCCCCCCC" sort_weight="450.0"/>
	<concept_answer concept_answer_id="451" concept_id="5303" answer_concept="1169" creator="1" date_created="2005-02-08 00:00:00.0" uuid="451CCCCCCCCCCCCCCCCCCCCCCCCCCCCCCCCC" sort_weight="451.0"/>
	<concept concept_id="822" retired="0" datatype_id="4" class_id="5" is_set="0" creator="1" date_created="2004-05-04 00:00:00.0" version="" changed_by="1" date_changed="2012-10-10 16:16:28.0" retired_by="1" uuid="822AAAAAAAAAAAAAAAAAAAAAAAAAAAAAAAAA"/>
	<concept_name concept_id="822" name="EXPOSURE TO HIV" locale="en" creator="1" date_created="2004-05-04 00:00:00.0" concept_name_id="860" voided="0" voided_by="1" uuid="860BBBBBBBBBBBBBBBBBBBBBBBBBBBBBBBBB" concept_name_type="FULLY_SPECIFIED" locale_preferred="true"/>
	<concept_name concept_id="822" name="HIV EXPOSURE" locale="en" creator="1" date_created="2005-02-18 14:10:46.0" concept_name_id="92901" voided="0" voided_by="1" void_reason="" uuid="92901BBBBBBBBBBBBBBBBBBBBBBBBBBBBBBB" locale_preferred="false"/>
	<concept concept_id="1169" retired="0" datatype_id="2" class_id="4" is_set="0" creator="1" date_created="2005-02-08 00:00:00.0" version="" changed_by="1" date_changed="2012-10-11 13:54:39.0" retired_by="1" uuid="1169AAAAAAAAAAAAAAAAAAAAAAAAAAAAAAAA"/>
	<concept_name concept_id="1169" name="HIV status" locale="en" creator="1" date_created="2012-07-15 17:41:29.0" concept_name_id="109525" voided="0" voided_by="1" void_reason="" uuid="109525BBBBBBBBBBBBBBBBBBBBBBBBBBBBBB" locale_preferred="false"/>
	<concept_name concept_id="1169" name="HIV INFECTED" locale="en" creator="1" date_created="2005-02-08 00:00:00.0" concept_name_id="1245" voided="0" voided_by="1" uuid="1245BBBBBBBBBBBBBBBBBBBBBBBBBBBBBBBB" concept_name_type="FULLY_SPECIFIED" locale_preferred="true"/>
	<concept_name concept_id="1169" name="HIV POS" locale="en" creator="1" date_created="2005-02-12 12:04:29.0" concept_name_id="92903" voided="0" voided_by="1" void_reason="" uuid="92903BBBBBBBBBBBBBBBBBBBBBBBBBBBBBBB" locale_preferred="false"/>
	<concept_answer concept_answer_id="1391" concept_id="1169" answer_concept="1067" creator="1" date_created="2009-03-17 12:35:04.0" uuid="1391CCCCCCCCCCCCCCCCCCCCCCCCCCCCCCCC" sort_weight="1391.0"/>
	<concept_answer concept_answer_id="2122" concept_id="1169" answer_concept="664" creator="1" date_created="2010-03-21 15:50:56.0" uuid="2122CCCCCCCCCCCCCCCCCCCCCCCCCCCCCCCC" sort_weight="2122.0"/>
	<concept_answer concept_answer_id="2123" concept_id="1169" answer_concept="703" creator="1" date_created="2010-03-21 15:50:56.0" uuid="2123CCCCCCCCCCCCCCCCCCCCCCCCCCCCCCCC" sort_weight="2123.0"/>
	<concept concept_id="1054" retired="0" datatype_id="2" class_id="7" is_set="0" creator="1" date_created="2005-01-06 00:00:00.0" version="" changed_by="1" date_changed="2012-06-17 13:55:28.0" retired_by="1" uuid="1054AAAAAAAAAAAAAAAAAAAAAAAAAAAAAAAA"/>
	<concept_name concept_id="1054" name="CIV_STAT" locale="en" creator="1" date_created="2012-05-26 22:02:31.0" concept_name_id="108617" voided="0" voided_by="1" uuid="108617BBBBBBBBBBBBBBBBBBBBBBBBBBBBBB" concept_name_type="SHORT" locale_preferred="false"/>
	<concept_name concept_id="1054" name="CIVIL STATUS" locale="en" creator="1" date_created="2005-01-06 00:00:00.0" concept_name_id="1115" voided="0" voided_by="1" uuid="1115BBBBBBBBBBBBBBBBBBBBBBBBBBBBBBBB" concept_name_type="FULLY_SPECIFIED" locale_preferred="true"/>
	<concept_answer concept_answer_id="56" concept_id="1054" answer_concept="1056" creator="1" date_created="2005-01-06 00:00:00.0" uuid="56CCCCCCCCCCCCCCCCCCCCCCCCCCCCCCCCCC" sort_weight="56.0"/>
	<concept_answer concept_answer_id="57" concept_id="1054" answer_concept="1057" creator="1" date_created="2005-01-06 00:00:00.0" uuid="57CCCCCCCCCCCCCCCCCCCCCCCCCCCCCCCCCC" sort_weight="57.0"/>
	<concept_answer concept_answer_id="58" concept_id="1054" answer_concept="1058" creator="1" date_created="2005-01-06 00:00:00.0" uuid="58CCCCCCCCCCCCCCCCCCCCCCCCCCCCCCCCCC" sort_weight="58.0"/>
	<concept_answer concept_answer_id="59" concept_id="1054" answer_concept="1059" creator="1" date_created="2005-01-06 00:00:00.0" uuid="59CCCCCCCCCCCCCCCCCCCCCCCCCCCCCCCCCC" sort_weight="59.0"/>
	<concept_answer concept_answer_id="60" concept_id="1054" answer_concept="1060" creator="1" date_created="2005-01-06 00:00:00.0" uuid="60CCCCCCCCCCCCCCCCCCCCCCCCCCCCCCCCCC" sort_weight="60.0"/>
	<concept_answer concept_answer_id="61" concept_id="1054" answer_concept="5555" creator="1" date_created="2005-01-06 00:00:00.0" uuid="61CCCCCCCCCCCCCCCCCCCCCCCCCCCCCCCCCC" sort_weight="61.0"/>
	<concept_answer concept_answer_id="3769" concept_id="1054" answer_concept="135704" creator="1" date_created="2012-06-17 13:55:27.0" uuid="3769CCCCCCCCCCCCCCCCCCCCCCCCCCCCCCCC" sort_weight="3769.0"/>
	<concept_answer concept_answer_id="3770" concept_id="1054" answer_concept="5622" creator="1" date_created="2012-06-17 13:55:27.0" uuid="3770CCCCCCCCCCCCCCCCCCCCCCCCCCCCCCCC" sort_weight="3770.0"/>
	<concept concept_id="1056" retired="0" datatype_id="4" class_id="11" is_set="0" creator="1" date_created="2005-01-06 00:00:00.0" version="" changed_by="1" date_changed="2010-10-01 19:02:56.0" retired_by="1" uuid="1056AAAAAAAAAAAAAAAAAAAAAAAAAAAAAAAA"/>
	<concept_name concept_id="1056" name="SEPARATED" locale="en" creator="1" date_created="2005-01-06 00:00:00.0" concept_name_id="1119" voided="0" voided_by="1" uuid="1119BBBBBBBBBBBBBBBBBBBBBBBBBBBBBBBB" concept_name_type="FULLY_SPECIFIED" locale_preferred="true"/>
	<concept concept_id="1057" retired="0" datatype_id="4" class_id="11" is_set="0" creator="1" date_created="2005-01-06 00:00:00.0" version="" changed_by="1" date_changed="2010-10-01 19:03:56.0" retired_by="1" uuid="1057AAAAAAAAAAAAAAAAAAAAAAAAAAAAAAAA"/>
	<concept_name concept_id="1057" name="NEVER MARRIED" locale="en" creator="1" date_created="2005-01-06 00:00:00.0" concept_name_id="1122" voided="0" voided_by="1" uuid="1122BBBBBBBBBBBBBBBBBBBBBBBBBBBBBBBB" concept_name_type="FULLY_SPECIFIED" locale_preferred="true"/>
	<concept concept_id="1058" retired="0" datatype_id="4" class_id="11" is_set="0" creator="1" date_created="2005-01-06 00:00:00.0" version="" changed_by="1" date_changed="2010-10-01 19:04:47.0" retired_by="1" uuid="1058AAAAAAAAAAAAAAAAAAAAAAAAAAAAAAAA"/>
	<concept_name concept_id="1058" name="DIVORCED" locale="en" creator="1" date_created="2005-01-06 00:00:00.0" concept_name_id="1124" voided="0" voided_by="1" uuid="1124BBBBBBBBBBBBBBBBBBBBBBBBBBBBBBBB" concept_name_type="FULLY_SPECIFIED" locale_preferred="true"/>
	<concept concept_id="1059" retired="0" datatype_id="4" class_id="11" is_set="0" creator="1" date_created="2005-01-06 00:00:00.0" version="" changed_by="1" date_changed="2010-10-01 19:05:45.0" retired_by="1" uuid="1059AAAAAAAAAAAAAAAAAAAAAAAAAAAAAAAA"/>
	<concept_name concept_id="1059" name="SPOUSE DIED" locale="en" creator="1" date_created="2005-01-06 00:00:00.0" concept_name_id="98299" voided="0" voided_by="1" uuid="98299BBBBBBBBBBBBBBBBBBBBBBBBBBBBBBB" locale_preferred="false"/>
	<concept_name concept_id="1059" name="WIDOWED" locale="en" creator="1" date_created="2005-01-06 00:00:00.0" concept_name_id="1127" voided="0" voided_by="1" uuid="1127BBBBBBBBBBBBBBBBBBBBBBBBBBBBBBBB" concept_name_type="FULLY_SPECIFIED" locale_preferred="true"/>
	<concept concept_id="1060" retired="0" datatype_id="4" class_id="11" is_set="0" creator="1" date_created="2005-01-06 00:00:00.0" version="" changed_by="1" date_changed="2010-11-25 14:38:05.0" retired_by="1" uuid="1060AAAAAAAAAAAAAAAAAAAAAAAAAAAAAAAA"/>
	<concept_name concept_id="1060" name="LIVING WITH PARTNER" locale="en" creator="1" date_created="2005-01-06 00:00:00.0" concept_name_id="1130" voided="0" voided_by="1" uuid="1130BBBBBBBBBBBBBBBBBBBBBBBBBBBBBBBB" concept_name_type="FULLY_SPECIFIED" locale_preferred="true"/>
	<concept concept_id="5555" retired="0" datatype_id="4" class_id="5" is_set="0" creator="1" date_created="2004-08-12 00:00:00.0" version="" changed_by="1" date_changed="2012-06-11 19:39:41.0" retired_by="1" uuid="5555AAAAAAAAAAAAAAAAAAAAAAAAAAAAAAAA"/>
	<concept_name concept_id="5555" name="Married monogamous" locale="en" creator="1" date_created="2012-06-11 19:39:41.0" concept_name_id="108846" voided="0" voided_by="1" uuid="108846BBBBBBBBBBBBBBBBBBBBBBBBBBBBBB" locale_preferred="false"/>
	<concept_name concept_id="5555" name="MARRIED" locale="en" creator="1" date_created="2004-08-12 00:00:00.0" concept_name_id="2681" voided="0" voided_by="1" uuid="2681BBBBBBBBBBBBBBBBBBBBBBBBBBBBBBBB" concept_name_type="FULLY_SPECIFIED" locale_preferred="true"/>
	<concept concept_id="135704" retired="0" datatype_id="4" class_id="4" is_set="0" creator="1" date_created="2007-11-03 00:00:00.0" version="" changed_by="1" retired_by="1" uuid="135704AAAAAAAAAAAAAAAAAAAAAAAAAAAAAA"/>
	<concept_name concept_id="135704" name="Lives Alone" locale="en" creator="1" date_created="2007-10-18 04:28:24.0" concept_name_id="35569" voided="0" voided_by="1" uuid="35569BBBBBBBBBBBBBBBBBBBBBBBBBBBBBBB" concept_name_type="FULLY_SPECIFIED" locale_preferred="true"/>
	<concept concept_id="5622" retired="0" datatype_id="4" class_id="11" is_set="0" creator="2" date_created="2004-08-12 03:00:00.0" changed_by="2" date_changed="2013-09-16 18:09:27.0" uuid="5622AAAAAAAAAAAAAAAAAAAAAAAAAAAAAAAA"/>
	<concept_name concept_id="5622" name="OTHER NON-CODED" locale="en" creator="2" date_created="2004-08-12 03:00:00.0" concept_name_id="2761" voided="0" uuid="2761BBBBBBBBBBBBBBBBBBBBBBBBBBBBBBBB" concept_name_type="FULLY_SPECIFIED" locale_preferred="true"/>
	<concept concept_id="159785" retired="0" datatype_id="4" class_id="11" is_set="0" creator="1" date_created="2010-11-12 16:58:01.0" version="" changed_by="1" date_changed="2010-11-23 17:56:01.0" retired_by="1" uuid="159785AAAAAAAAAAAAAAAAAAAAAAAAAAAAAA"/>
	<concept_name concept_id="159785" name="college/university/polytechnic" locale="en" creator="1" date_created="2010-11-12 16:58:01.0" concept_name_id="107256" voided="0" voided_by="1" uuid="107256BBBBBBBBBBBBBBBBBBBBBBBBBBBBBB" concept_name_type="FULLY_SPECIFIED" locale_preferred="true"/>
	<concept concept_id="159777" retired="0" datatype_id="2" class_id="7" is_set="0" creator="1" date_created="2010-11-11 17:21:29.0" version="" changed_by="1" date_changed="2013-04-03 19:41:33.0" retired_by="1" uuid="159777AAAAAAAAAAAAAAAAAAAAAAAAAAAAAA"/>
	<concept_name concept_id="159777" name="Condoms given during the visit" locale="en" creator="1" date_created="2010-11-11 17:21:29.0" concept_name_id="107240" voided="0" voided_by="1" uuid="107240BBBBBBBBBBBBBBBBBBBBBBBBBBBBBB" concept_name_type="FULLY_SPECIFIED" locale_preferred="true"/>
	<concept_answer concept_answer_id="2769" concept_id="159777" answer_concept="1066" creator="1" date_created="2010-11-11 17:21:29.0" uuid="2769CCCCCCCCCCCCCCCCCCCCCCCCCCCCCCCC" sort_weight="2769.0"/>
	<concept_answer concept_answer_id="2770" concept_id="159777" answer_concept="1065" creator="1" date_created="2010-11-11 17:21:29.0" uuid="2770CCCCCCCCCCCCCCCCCCCCCCCCCCCCCCCC" sort_weight="2770.0"/>
	<concept_answer concept_answer_id="2801" concept_id="159777" answer_concept="1067" creator="1" date_created="2010-11-14 01:04:09.0" uuid="2801CCCCCCCCCCCCCCCCCCCCCCCCCCCCCCCC" sort_weight="2801.0"/>
	<concept concept_id="1066" retired="0" datatype_id="4" class_id="11" is_set="0" creator="1" date_created="2005-01-06 00:00:00.0" version="" changed_by="1" date_changed="2013-01-27 01:40:38.0" retired_by="1" uuid="1066AAAAAAAAAAAAAAAAAAAAAAAAAAAAAAAA"/>
	<concept_name concept_id="1066" name="NO" locale="en" creator="1" date_created="2005-01-06 00:00:00.0" concept_name_id="1138" voided="0" voided_by="1" uuid="1138BBBBBBBBBBBBBBBBBBBBBBBBBBBBBBBB" concept_name_type="FULLY_SPECIFIED" locale_preferred="true"/>
	<concept concept_id="1065" retired="0" datatype_id="4" class_id="11" is_set="0" creator="1" date_created="2005-01-06 00:00:00.0" version="" changed_by="1" date_changed="2013-01-27 01:41:22.0" retired_by="1" uuid="1065AAAAAAAAAAAAAAAAAAAAAAAAAAAAAAAA"/>
	<concept_name concept_id="1065" name="YES" locale="en" creator="1" date_created="2005-01-06 00:00:00.0" concept_name_id="1136" voided="0" voided_by="1" uuid="1136BBBBBBBBBBBBBBBBBBBBBBBBBBBBBBBB" concept_name_type="FULLY_SPECIFIED" locale_preferred="true"/>
	<concept concept_id="162082" retired="0" datatype_id="4" class_id="11" is_set="0" creator="1" date_created="2013-08-30 02:32:17.0" version="" changed_by="1" date_changed="2013-08-30 02:32:26.0" retired_by="1" uuid="162082AAAAAAAAAAAAAAAAAAAAAAAAAAAAAA"/>
	<concept_name concept_id="162082" name="Confirmation" locale="en" creator="1" date_created="2013-08-30 02:32:17.0" concept_name_id="124824" voided="0" voided_by="1" uuid="124824BBBBBBBBBBBBBBBBBBBBBBBBBBBBBB" concept_name_type="FULLY_SPECIFIED" locale_preferred="true"/>
	<concept concept_id="159799" retired="0" datatype_id="4" class_id="13" is_set="0" creator="1" date_created="2010-11-15 14:15:56.0" version="" changed_by="1" date_changed="2011-06-08 00:52:19.0" retired_by="1" uuid="159799AAAAAAAAAAAAAAAAAAAAAAAAAAAAAA"/>
	<concept_name concept_id="159799" name="cough lasting more than 2 weeks" locale="en" creator="1" date_created="2010-11-15 14:15:56.0" concept_name_id="107272" voided="0" voided_by="1" uuid="107272BBBBBBBBBBBBBBBBBBBBBBBBBBBBBB" concept_name_type="FULLY_SPECIFIED" locale_preferred="true"/>
	<concept concept_id="5356" retired="0" datatype_id="2" class_id="5" is_set="0" creator="1" date_created="2004-08-12 00:00:00.0" version="" changed_by="1" date_changed="2012-06-14 18:51:14.0" retired_by="1" uuid="5356AAAAAAAAAAAAAAAAAAAAAAAAAAAAAAAA"/>
	<concept_name concept_id="5356" name="CURRENT WHO HIV STAGE" locale="en" creator="1" date_created="2004-08-12 00:00:00.0" concept_name_id="2474" voided="0" voided_by="1" uuid="2474BBBBBBBBBBBBBBBBBBBBBBBBBBBBBBBB" concept_name_type="FULLY_SPECIFIED" locale_preferred="true"/>
	<concept_answer concept_answer_id="472" concept_id="5356" answer_concept="1204" creator="1" date_created="2005-02-22 11:42:45.0" uuid="472CCCCCCCCCCCCCCCCCCCCCCCCCCCCCCCCC" sort_weight="472.0"/>
	<concept_answer concept_answer_id="473" concept_id="5356" answer_concept="1205" creator="1" date_created="2005-02-22 11:42:45.0" uuid="473CCCCCCCCCCCCCCCCCCCCCCCCCCCCCCCCC" sort_weight="473.0"/>
	<concept_answer concept_answer_id="474" concept_id="5356" answer_concept="1206" creator="1" date_created="2005-02-22 11:42:45.0" uuid="474CCCCCCCCCCCCCCCCCCCCCCCCCCCCCCCCC" sort_weight="474.0"/>
	<concept_answer concept_answer_id="475" concept_id="5356" answer_concept="1207" creator="1" date_created="2005-02-22 11:42:45.0" uuid="475CCCCCCCCCCCCCCCCCCCCCCCCCCCCCCCCC" sort_weight="475.0"/>
	<concept_answer concept_answer_id="3684" concept_id="5356" answer_concept="1220" creator="1" date_created="2012-06-14 18:43:27.0" uuid="3684CCCCCCCCCCCCCCCCCCCCCCCCCCCCCCCC" sort_weight="3684.0"/>
	<concept_answer concept_answer_id="3685" concept_id="5356" answer_concept="1221" creator="1" date_created="2012-06-14 18:43:27.0" uuid="3685CCCCCCCCCCCCCCCCCCCCCCCCCCCCCCCC" sort_weight="3685.0"/>
	<concept_answer concept_answer_id="3686" concept_id="5356" answer_concept="1222" creator="1" date_created="2012-06-14 18:43:27.0" uuid="3686CCCCCCCCCCCCCCCCCCCCCCCCCCCCCCCC" sort_weight="3686.0"/>
	<concept_answer concept_answer_id="3687" concept_id="5356" answer_concept="1223" creator="1" date_created="2012-06-14 18:43:27.0" uuid="3687CCCCCCCCCCCCCCCCCCCCCCCCCCCCCCCC" sort_weight="3687.0"/>
	<concept_answer concept_answer_id="3688" concept_id="5356" answer_concept="1067" creator="1" date_created="2012-06-14 18:51:13.0" uuid="3688CCCCCCCCCCCCCCCCCCCCCCCCCCCCCCCC" sort_weight="3688.0"/>
	<concept concept_id="1204" retired="0" datatype_id="4" class_id="10" is_set="1" creator="1" date_created="2005-02-09 00:00:00.0" version="" changed_by="1" date_changed="2012-06-14 18:40:26.0" retired_by="1" uuid="1204AAAAAAAAAAAAAAAAAAAAAAAAAAAAAAAA"/>
	<concept_name concept_id="1204" name="WHO class I adult" locale="en" creator="1" date_created="2012-06-14 18:40:26.0" concept_name_id="108899" voided="0" voided_by="1" uuid="108899BBBBBBBBBBBBBBBBBBBBBBBBBBBBBB" locale_preferred="false"/>
	<concept_name concept_id="1204" name="WHO class 1 adult" locale="en" creator="1" date_created="2012-06-14 18:40:26.0" concept_name_id="108898" voided="0" voided_by="1" uuid="108898BBBBBBBBBBBBBBBBBBBBBBBBBBBBBB" locale_preferred="false"/>
	<concept_name concept_id="1204" name="WHO STAGE 1 ADULT" locale="en" creator="1" date_created="2005-02-09 00:00:00.0" concept_name_id="1281" voided="0" voided_by="1" uuid="1281BBBBBBBBBBBBBBBBBBBBBBBBBBBBBBBB" concept_name_type="FULLY_SPECIFIED" locale_preferred="true"/>
	<concept_set concept_set_id="329" concept_id="5328" concept_set="1204" sort_weight="0.0" creator="1" date_created="2005-12-15 13:26:49.0" uuid="329AEEEEEEEEEEEEEEEEEEEEEEEEEEEEEEEE"/>
	<concept_set concept_set_id="327" concept_id="5327" concept_set="1204" sort_weight="1.0" creator="1" date_created="2005-12-15 13:26:49.0" uuid="327AEEEEEEEEEEEEEEEEEEEEEEEEEEEEEEEE"/>
	<concept concept_id="1205" retired="0" datatype_id="4" class_id="10" is_set="1" creator="1" date_created="2005-02-09 00:00:00.0" version="" changed_by="1" date_changed="2012-06-14 18:41:01.0" retired_by="1" uuid="1205AAAAAAAAAAAAAAAAAAAAAAAAAAAAAAAA"/>
	<concept_name concept_id="1205" name="WHO class II adult" locale="en" creator="1" date_created="2012-06-14 18:41:01.0" concept_name_id="108901" voided="0" voided_by="1" uuid="108901BBBBBBBBBBBBBBBBBBBBBBBBBBBBBB" locale_preferred="false"/>
	<concept_name concept_id="1205" name="WHO STAGE 2 ADULT" locale="en" creator="1" date_created="2005-02-09 00:00:00.0" concept_name_id="1282" voided="0" voided_by="1" uuid="1282BBBBBBBBBBBBBBBBBBBBBBBBBBBBBBBB" concept_name_type="FULLY_SPECIFIED" locale_preferred="true"/>
	<concept_name concept_id="1205" name="WHO class 2 adult" locale="en" creator="1" date_created="2012-06-14 18:41:01.0" concept_name_id="108900" voided="0" voided_by="1" uuid="108900BBBBBBBBBBBBBBBBBBBBBBBBBBBBBB" locale_preferred="false"/>
	<concept_set concept_set_id="333" concept_id="5332" concept_set="1205" sort_weight="0.0" creator="1" date_created="2005-12-15 13:26:49.0" uuid="333AEEEEEEEEEEEEEEEEEEEEEEEEEEEEEEEE"/>
	<concept_set concept_set_id="331" concept_id="5329" concept_set="1205" sort_weight="1.0" creator="1" date_created="2005-12-15 13:26:49.0" uuid="331AEEEEEEEEEEEEEEEEEEEEEEEEEEEEEEEE"/>
	<concept_set concept_set_id="332" concept_id="5330" concept_set="1205" sort_weight="2.0" creator="1" date_created="2005-12-15 13:26:49.0" uuid="332AEEEEEEEEEEEEEEEEEEEEEEEEEEEEEEEE"/>
	<concept_set concept_set_id="247" concept_id="5012" concept_set="1205" sort_weight="3.0" creator="1" date_created="2005-12-15 13:26:49.0" uuid="247AEEEEEEEEEEEEEEEEEEEEEEEEEEEEEEEE"/>
	<concept concept_id="1206" retired="0" datatype_id="4" class_id="10" is_set="1" creator="1" date_created="2005-02-09 00:00:00.0" version="" changed_by="1" date_changed="2012-06-14 18:41:34.0" retired_by="1" uuid="1206AAAAAAAAAAAAAAAAAAAAAAAAAAAAAAAA"/>
	<concept_name concept_id="1206" name="WHO class III adult" locale="en" creator="1" date_created="2012-06-14 18:41:34.0" concept_name_id="108903" voided="0" voided_by="1" uuid="108903BBBBBBBBBBBBBBBBBBBBBBBBBBBBBB" locale_preferred="false"/>
	<concept_name concept_id="1206" name="WHO class 3 adult" locale="en" creator="1" date_created="2012-06-14 18:41:34.0" concept_name_id="108902" voided="0" voided_by="1" uuid="108902BBBBBBBBBBBBBBBBBBBBBBBBBBBBBB" locale_preferred="false"/>
	<concept_name concept_id="1206" name="WHO STAGE 3 ADULT" locale="en" creator="1" date_created="2005-02-09 00:00:00.0" concept_name_id="1283" voided="0" voided_by="1" uuid="1283BBBBBBBBBBBBBBBBBBBBBBBBBBBBBBBB" concept_name_type="FULLY_SPECIFIED" locale_preferred="true"/>
	<concept_set concept_set_id="256" concept_id="5018" concept_set="1206" sort_weight="0.0" creator="1" date_created="2005-12-15 13:26:49.0" uuid="256AEEEEEEEEEEEEEEEEEEEEEEEEEEEEEEEE"/>
	<concept_set concept_set_id="271" concept_id="5027" concept_set="1206" sort_weight="1.0" creator="1" date_created="2005-12-15 13:26:49.0" uuid="271AEEEEEEEEEEEEEEEEEEEEEEEEEEEEEEEE"/>
	<concept_set concept_set_id="338" concept_id="5339" concept_set="1206" sort_weight="2.0" creator="1" date_created="2005-12-15 13:26:49.0" uuid="338AEEEEEEEEEEEEEEEEEEEEEEEEEEEEEEEE"/>
	<concept_set concept_set_id="336" concept_id="5337" concept_set="1206" sort_weight="3.0" creator="1" date_created="2005-12-15 13:26:49.0" uuid="336AEEEEEEEEEEEEEEEEEEEEEEEEEEEEEEEE"/>
	<concept_set concept_set_id="335" concept_id="5334" concept_set="1206" sort_weight="4.0" creator="1" date_created="2005-12-15 13:26:49.0" uuid="335AEEEEEEEEEEEEEEEEEEEEEEEEEEEEEEEE"/>
	<concept_set concept_set_id="337" concept_id="5338" concept_set="1206" sort_weight="5.0" creator="1" date_created="2005-12-15 13:26:49.0" uuid="337AEEEEEEEEEEEEEEEEEEEEEEEEEEEEEEEE"/>
	<concept_set concept_set_id="276" concept_id="5030" concept_set="1206" sort_weight="6.0" creator="1" date_created="2005-12-15 13:26:49.0" uuid="276AEEEEEEEEEEEEEEEEEEEEEEEEEEEEEEEE"/>
	<concept concept_id="1207" retired="0" datatype_id="4" class_id="10" is_set="1" creator="1" date_created="2005-02-09 00:00:00.0" version="" changed_by="1" date_changed="2012-06-14 18:42:01.0" retired_by="1" uuid="1207AAAAAAAAAAAAAAAAAAAAAAAAAAAAAAAA"/>
	<concept_name concept_id="1207" name="WHO STAGE 4 ADULT" locale="en" creator="1" date_created="2005-02-09 00:00:00.0" concept_name_id="1284" voided="0" voided_by="1" uuid="1284BBBBBBBBBBBBBBBBBBBBBBBBBBBBBBBB" concept_name_type="FULLY_SPECIFIED" locale_preferred="true"/>
	<concept_name concept_id="1207" name="WHO class 4 adult" locale="en" creator="1" date_created="2012-06-14 18:42:01.0" concept_name_id="108904" voided="0" voided_by="1" uuid="108904BBBBBBBBBBBBBBBBBBBBBBBBBBBBBB" locale_preferred="false"/>
	<concept_name concept_id="1207" name="WHO class IV adult" locale="en" creator="1" date_created="2012-06-14 18:42:01.0" concept_name_id="108905" voided="0" voided_by="1" uuid="108905BBBBBBBBBBBBBBBBBBBBBBBBBBBBBB" locale_preferred="false"/>
	<concept_set concept_set_id="349" concept_id="5354" concept_set="1207" sort_weight="0.0" creator="1" date_created="2005-12-15 13:26:49.0" uuid="349AEEEEEEEEEEEEEEEEEEEEEEEEEEEEEEEE"/>
	<concept_set concept_set_id="280" concept_id="5033" concept_set="1207" sort_weight="1.0" creator="1" date_created="2005-12-15 13:26:49.0" uuid="280AEEEEEEEEEEEEEEEEEEEEEEEEEEEEEEEE"/>
	<concept_set concept_set_id="103" concept_id="882" concept_set="1207" sort_weight="2.0" creator="1" date_created="2005-12-15 13:26:49.0" uuid="103AEEEEEEEEEEEEEEEEEEEEEEEEEEEEEEEE"/>
	<concept_set concept_set_id="293" concept_id="5041" concept_set="1207" sort_weight="3.0" creator="1" date_created="2005-12-15 13:26:49.0" uuid="293AEEEEEEEEEEEEEEEEEEEEEEEEEEEEEEEE"/>
	<concept_set concept_set_id="343" concept_id="5344" concept_set="1207" sort_weight="4.0" creator="1" date_created="2005-12-15 13:26:49.0" uuid="343AEEEEEEEEEEEEEEEEEEEEEEEEEEEEEEEE"/>
	<concept_set concept_set_id="297" concept_id="5043" concept_set="1207" sort_weight="5.0" creator="1" date_created="2005-12-15 13:26:49.0" uuid="297AEEEEEEEEEEEEEEEEEEEEEEEEEEEEEEEE"/>
	<concept_set concept_set_id="345" concept_id="5345" concept_set="1207" sort_weight="6.0" creator="1" date_created="2005-12-15 13:26:49.0" uuid="345AEEEEEEEEEEEEEEEEEEEEEEEEEEEEEEEE"/>
	<concept_set concept_set_id="295" concept_id="5042" concept_set="1207" sort_weight="7.0" creator="1" date_created="2005-12-15 13:26:49.0" uuid="295AEEEEEEEEEEEEEEEEEEEEEEEEEEEEEEEE"/>
	<concept_set concept_set_id="301" concept_id="5046" concept_set="1207" sort_weight="8.0" creator="1" date_created="2005-12-15 13:26:49.0" uuid="301AEEEEEEEEEEEEEEEEEEEEEEEEEEEEEEEE"/>
	<concept_set concept_set_id="340" concept_id="5340" concept_set="1207" sort_weight="9.0" creator="1" date_created="2005-12-15 13:26:49.0" uuid="340AEEEEEEEEEEEEEEEEEEEEEEEEEEEEEEEE"/>
	<concept_set concept_set_id="347" concept_id="5350" concept_set="1207" sort_weight="10.0" creator="1" date_created="2005-12-15 13:26:49.0" uuid="347AEEEEEEEEEEEEEEEEEEEEEEEEEEEEEEEE"/>
	<concept_set concept_set_id="56" concept_id="507" concept_set="1207" sort_weight="11.0" creator="1" date_created="2005-12-15 13:26:49.0" uuid="56AEEEEEEEEEEEEEEEEEEEEEEEEEEEEEEEEE"/>
	<concept_set concept_set_id="93" concept_id="823" concept_set="1207" sort_weight="12.0" creator="1" date_created="2005-12-15 13:26:49.0" uuid="93AEEEEEEEEEEEEEEEEEEEEEEEEEEEEEEEEE"/>
	<concept_set concept_set_id="283" concept_id="5034" concept_set="1207" sort_weight="13.0" creator="1" date_created="2005-12-15 13:26:49.0" uuid="283AEEEEEEEEEEEEEEEEEEEEEEEEEEEEEEEE"/>
	<concept_set concept_set_id="286" concept_id="5035" concept_set="1207" sort_weight="14.0" creator="1" date_created="2005-12-15 13:26:49.0" uuid="286AEEEEEEEEEEEEEEEEEEEEEEEEEEEEEEEE"/>
	<concept_set concept_set_id="115" concept_id="990" concept_set="1207" sort_weight="15.0" creator="1" date_created="2006-04-18 17:14:59.0" uuid="115AEEEEEEEEEEEEEEEEEEEEEEEEEEEEEEEE"/>
	<concept concept_id="1220" retired="0" datatype_id="4" class_id="10" is_set="1" creator="1" date_created="2005-02-09 00:00:00.0" version="" changed_by="1" date_changed="2012-06-14 18:45:13.0" retired_by="1" uuid="1220AAAAAAAAAAAAAAAAAAAAAAAAAAAAAAAA"/>
	<concept_name concept_id="1220" name="WHO STAGE 1 PEDS" locale="en" creator="1" date_created="2005-02-09 00:00:00.0" concept_name_id="1297" voided="0" voided_by="1" uuid="1297BBBBBBBBBBBBBBBBBBBBBBBBBBBBBBBB" concept_name_type="FULLY_SPECIFIED" locale_preferred="true"/>
	<concept_name concept_id="1220" name="WHO class I pediatric" locale="en" creator="1" date_created="2012-06-14 18:45:13.0" concept_name_id="108907" voided="0" voided_by="1" uuid="108907BBBBBBBBBBBBBBBBBBBBBBBBBBBBBB" locale_preferred="false"/>
	<concept_name concept_id="1220" name="WHO class 1 pediatric" locale="en" creator="1" date_created="2012-06-14 18:45:13.0" concept_name_id="108906" voided="0" voided_by="1" uuid="108906BBBBBBBBBBBBBBBBBBBBBBBBBBBBBB" locale_preferred="false"/>
	<concept_set concept_set_id="330" concept_id="5328" concept_set="1220" sort_weight="0.0" creator="1" date_created="2005-12-15 13:26:49.0" uuid="330AEEEEEEEEEEEEEEEEEEEEEEEEEEEEEEEE"/>
	<concept_set concept_set_id="328" concept_id="5327" concept_set="1220" sort_weight="1.0" creator="1" date_created="2005-12-15 13:26:49.0" uuid="328AEEEEEEEEEEEEEEEEEEEEEEEEEEEEEEEE"/>
	<concept_set concept_set_id="95" concept_id="825" concept_set="1220" sort_weight="2.0" creator="1" date_created="2005-12-15 13:26:49.0" uuid="95AEEEEEEEEEEEEEEEEEEEEEEEEEEEEEEEEE"/>
	<concept concept_id="1221" retired="0" datatype_id="4" class_id="10" is_set="1" creator="1" date_created="2005-02-09 00:00:00.0" version="" changed_by="1" date_changed="2012-06-14 18:45:34.0" retired_by="1" uuid="1221AAAAAAAAAAAAAAAAAAAAAAAAAAAAAAAA"/>
	<concept_name concept_id="1221" name="WHO STAGE 2 PEDS" locale="en" creator="1" date_created="2005-02-09 00:00:00.0" concept_name_id="1298" voided="0" voided_by="1" uuid="1298BBBBBBBBBBBBBBBBBBBBBBBBBBBBBBBB" concept_name_type="FULLY_SPECIFIED" locale_preferred="true"/>
	<concept_name concept_id="1221" name="WHO class 2 pediatric" locale="en" creator="1" date_created="2012-06-14 18:45:34.0" concept_name_id="108908" voided="0" voided_by="1" uuid="108908BBBBBBBBBBBBBBBBBBBBBBBBBBBBBB" locale_preferred="false"/>
	<concept_name concept_id="1221" name="WHO class II pediatric" locale="en" creator="1" date_created="2012-06-14 18:45:34.0" concept_name_id="108909" voided="0" voided_by="1" uuid="108909BBBBBBBBBBBBBBBBBBBBBBBBBBBBBB" locale_preferred="false"/>
	<concept_set concept_set_id="248" concept_id="5012" concept_set="1221" sort_weight="0.0" creator="1" date_created="2005-12-15 13:26:49.0" uuid="248AEEEEEEEEEEEEEEEEEEEEEEEEEEEEEEEE"/>
	<concept_set concept_set_id="143" concept_id="1211" concept_set="1221" sort_weight="1.0" creator="1" date_created="2005-12-15 13:26:49.0" uuid="143AEEEEEEEEEEEEEEEEEEEEEEEEEEEEEEEE"/>
	<concept_set concept_set_id="97" concept_id="836" concept_set="1221" sort_weight="2.0" creator="1" date_created="2005-12-15 13:26:49.0" uuid="97AEEEEEEEEEEEEEEEEEEEEEEEEEEEEEEEEE"/>
	<concept_set concept_set_id="260" concept_id="5020" concept_set="1221" sort_weight="3.0" creator="1" date_created="2005-12-15 13:26:49.0" uuid="260AEEEEEEEEEEEEEEEEEEEEEEEEEEEEEEEE"/>
	<concept_set concept_set_id="142" concept_id="1210" concept_set="1221" sort_weight="4.0" creator="1" date_created="2005-12-15 13:26:49.0" uuid="142AEEEEEEEEEEEEEEEEEEEEEEEEEEEEEEEE"/>
	<concept_set concept_set_id="144" concept_id="1212" concept_set="1221" sort_weight="5.0" creator="1" date_created="2005-12-15 13:26:49.0" uuid="144AEEEEEEEEEEEEEEEEEEEEEEEEEEEEEEEE"/>
	<concept_set concept_set_id="20" concept_id="114" concept_set="1221" sort_weight="6.0" creator="1" date_created="2005-12-15 13:26:49.0" uuid="20AEEEEEEEEEEEEEEEEEEEEEEEEEEEEEEEEE"/>
	<concept_set concept_set_id="145" concept_id="1213" concept_set="1221" sort_weight="7.0" creator="1" date_created="2005-12-15 13:26:49.0" uuid="145AEEEEEEEEEEEEEEEEEEEEEEEEEEEEEEEE"/>
	<concept_set concept_set_id="146" concept_id="1214" concept_set="1221" sort_weight="8.0" creator="1" date_created="2005-12-15 13:26:49.0" uuid="146AEEEEEEEEEEEEEEEEEEEEEEEEEEEEEEEE"/>
	<concept_set concept_set_id="23" concept_id="119" concept_set="1221" sort_weight="9.0" creator="1" date_created="2005-12-15 13:26:49.0" uuid="23AEEEEEEEEEEEEEEEEEEEEEEEEEEEEEEEEE"/>
	<concept concept_id="1222" retired="0" datatype_id="4" class_id="10" is_set="1" creator="1" date_created="2005-02-09 00:00:00.0" version="" changed_by="1" date_changed="2012-06-14 18:46:09.0" retired_by="1" uuid="1222AAAAAAAAAAAAAAAAAAAAAAAAAAAAAAAA"/>
	<concept_name concept_id="1222" name="WHO class III pediatric" locale="en" creator="1" date_created="2012-06-14 18:46:09.0" concept_name_id="108911" voided="0" voided_by="1" uuid="108911BBBBBBBBBBBBBBBBBBBBBBBBBBBBBB" locale_preferred="false"/>
	<concept_name concept_id="1222" name="WHO STAGE 3 PEDS" locale="en" creator="1" date_created="2005-02-09 00:00:00.0" concept_name_id="1299" voided="0" voided_by="1" uuid="1299BBBBBBBBBBBBBBBBBBBBBBBBBBBBBBBB" concept_name_type="FULLY_SPECIFIED" locale_preferred="true"/>
	<concept_name concept_id="1222" name="WHO class 3 pediatric" locale="en" creator="1" date_created="2012-06-14 18:46:09.0" concept_name_id="108910" voided="0" voided_by="1" uuid="108910BBBBBBBBBBBBBBBBBBBBBBBBBBBBBB" locale_preferred="false"/>
	<concept_set concept_set_id="257" concept_id="5018" concept_set="1222" sort_weight="0.0" creator="1" date_created="2005-12-15 13:26:49.0" uuid="257AEEEEEEEEEEEEEEEEEEEEEEEEEEEEEEEE"/>
	<concept_set concept_set_id="150" concept_id="1217" concept_set="1222" sort_weight="1.0" creator="1" date_created="2005-12-15 13:26:49.0" uuid="150AEEEEEEEEEEEEEEEEEEEEEEEEEEEEEEEE"/>
	<concept_set concept_set_id="274" concept_id="5029" concept_set="1222" sort_weight="2.0" creator="1" date_created="2005-12-15 13:26:49.0" uuid="274AEEEEEEEEEEEEEEEEEEEEEEEEEEEEEEEE"/>
	<concept_set concept_set_id="341" concept_id="5340" concept_set="1222" sort_weight="3.0" creator="1" date_created="2005-12-15 13:26:49.0" uuid="341AEEEEEEEEEEEEEEEEEEEEEEEEEEEEEEEE"/>
	<concept_set concept_set_id="148" concept_id="1216" concept_set="1222" sort_weight="4.0" creator="1" date_created="2005-12-15 13:26:49.0" uuid="148AEEEEEEEEEEEEEEEEEEEEEEEEEEEEEEEE"/>
	<concept_set concept_set_id="147" concept_id="1215" concept_set="1222" sort_weight="5.0" creator="1" date_created="2005-12-15 13:26:49.0" uuid="147AEEEEEEEEEEEEEEEEEEEEEEEEEEEEEEEE"/>
	<concept_set concept_set_id="266" concept_id="5024" concept_set="1222" sort_weight="6.0" creator="1" date_created="2005-12-15 13:26:49.0" uuid="266AEEEEEEEEEEEEEEEEEEEEEEEEEEEEEEEE"/>
	<concept_set concept_set_id="7" concept_id="42" concept_set="1222" sort_weight="7.0" creator="1" date_created="2005-12-15 13:26:49.0" uuid="7AEEEEEEEEEEEEEEEEEEEEEEEEEEEEEEEEEE"/>
	<concept_set concept_set_id="304" concept_id="5050" concept_set="1222" sort_weight="8.0" creator="1" date_created="2005-12-15 13:26:49.0" uuid="304AEEEEEEEEEEEEEEEEEEEEEEEEEEEEEEEE"/>
	<concept_set concept_set_id="263" concept_id="5022" concept_set="1222" sort_weight="9.0" creator="1" date_created="2005-12-15 13:26:49.0" uuid="263AEEEEEEEEEEEEEEEEEEEEEEEEEEEEEEEE"/>
	<concept_set concept_set_id="151" concept_id="1218" concept_set="1222" sort_weight="10.0" creator="1" date_created="2005-12-15 13:26:49.0" uuid="151AEEEEEEEEEEEEEEEEEEEEEEEEEEEEEEEE"/>
	<concept concept_id="1223" retired="0" datatype_id="4" class_id="10" is_set="1" creator="1" date_created="2005-02-09 00:00:00.0" version="" changed_by="1" date_changed="2012-06-14 18:46:27.0" retired_by="1" uuid="1223AAAAAAAAAAAAAAAAAAAAAAAAAAAAAAAA"/>
	<concept_name concept_id="1223" name="WHO class 4 pediatric" locale="en" creator="1" date_created="2012-06-14 18:46:27.0" concept_name_id="108912" voided="0" voided_by="1" uuid="108912BBBBBBBBBBBBBBBBBBBBBBBBBBBBBB" locale_preferred="false"/>
	<concept_name concept_id="1223" name="WHO class IV pediatric" locale="en" creator="1" date_created="2012-06-14 18:46:27.0" concept_name_id="108913" voided="0" voided_by="1" uuid="108913BBBBBBBBBBBBBBBBBBBBBBBBBBBBBB" locale_preferred="false"/>
	<concept_name concept_id="1223" name="WHO STAGE 4 PEDS" locale="en" creator="1" date_created="2005-02-09 00:00:00.0" concept_name_id="1300" voided="0" voided_by="1" uuid="1300BBBBBBBBBBBBBBBBBBBBBBBBBBBBBBBB" concept_name_type="FULLY_SPECIFIED" locale_preferred="true"/>
	<concept_set concept_set_id="253" concept_id="5016" concept_set="1223" sort_weight="0.0" creator="1" date_created="2005-12-15 13:26:49.0" uuid="253AEEEEEEEEEEEEEEEEEEEEEEEEEEEEEEEE"/>
	<concept_set concept_set_id="284" concept_id="5034" concept_set="1223" sort_weight="1.0" creator="1" date_created="2005-12-15 13:26:49.0" uuid="284AEEEEEEEEEEEEEEEEEEEEEEEEEEEEEEEE"/>
	<concept_set concept_set_id="149" concept_id="1216" concept_set="1223" sort_weight="2.0" creator="1" date_created="2005-12-15 13:26:49.0" uuid="149AEEEEEEEEEEEEEEEEEEEEEEEEEEEEEEEE"/>
	<concept_set concept_set_id="302" concept_id="5046" concept_set="1223" sort_weight="3.0" creator="1" date_created="2005-12-15 13:26:49.0" uuid="302AEEEEEEEEEEEEEEEEEEEEEEEEEEEEEEEE"/>
	<concept_set concept_set_id="37" concept_id="204" concept_set="1223" sort_weight="4.0" creator="1" date_created="2005-12-15 13:26:49.0" uuid="37AEEEEEEEEEEEEEEEEEEEEEEEEEEEEEEEEE"/>
	<concept_set concept_set_id="287" concept_id="5035" concept_set="1223" sort_weight="5.0" creator="1" date_created="2005-12-15 13:26:49.0" uuid="287AEEEEEEEEEEEEEEEEEEEEEEEEEEEEEEEE"/>
	<concept_set concept_set_id="268" concept_id="5025" concept_set="1223" sort_weight="6.0" creator="1" date_created="2005-12-15 13:26:49.0" uuid="268AEEEEEEEEEEEEEEEEEEEEEEEEEEEEEEEE"/>
	<concept_set concept_set_id="152" concept_id="1219" concept_set="1223" sort_weight="7.0" creator="1" date_created="2005-12-15 13:26:49.0" uuid="152AEEEEEEEEEEEEEEEEEEEEEEEEEEEEEEEE"/>
	<concept_set concept_set_id="104" concept_id="882" concept_set="1223" sort_weight="8.0" creator="1" date_created="2005-12-15 13:26:49.0" uuid="104AEEEEEEEEEEEEEEEEEEEEEEEEEEEEEEEE"/>
	<concept_set concept_set_id="334" concept_id="5333" concept_set="1223" sort_weight="9.0" creator="1" date_created="2005-12-15 13:26:49.0" uuid="334AEEEEEEEEEEEEEEEEEEEEEEEEEEEEEEEE"/>
	<concept_set concept_set_id="94" concept_id="823" concept_set="1223" sort_weight="10.0" creator="1" date_created="2005-12-15 13:26:49.0" uuid="94AEEEEEEEEEEEEEEEEEEEEEEEEEEEEEEEEE"/>
	<concept_set concept_set_id="57" concept_id="507" concept_set="1223" sort_weight="11.0" creator="1" date_created="2005-12-15 13:26:49.0" uuid="57AEEEEEEEEEEEEEEEEEEEEEEEEEEEEEEEEE"/>
	<concept_set concept_set_id="290" concept_id="5038" concept_set="1223" sort_weight="12.0" creator="1" date_created="2005-12-15 13:26:49.0" uuid="290AEEEEEEEEEEEEEEEEEEEEEEEEEEEEEEEE"/>
	<concept_set concept_set_id="346" concept_id="5345" concept_set="1223" sort_weight="13.0" creator="1" date_created="2005-12-15 13:26:49.0" uuid="346AEEEEEEEEEEEEEEEEEEEEEEEEEEEEEEEE"/>
	<concept_set concept_set_id="298" concept_id="5043" concept_set="1223" sort_weight="14.0" creator="1" date_created="2005-12-15 13:26:49.0" uuid="298AEEEEEEEEEEEEEEEEEEEEEEEEEEEEEEEE"/>
	<concept_set concept_set_id="281" concept_id="5033" concept_set="1223" sort_weight="15.0" creator="1" date_created="2005-12-15 13:26:49.0" uuid="281AEEEEEEEEEEEEEEEEEEEEEEEEEEEEEEEE"/>
	<concept_set concept_set_id="350" concept_id="5355" concept_set="1223" sort_weight="16.0" creator="1" date_created="2005-12-15 13:26:49.0" uuid="350AEEEEEEEEEEEEEEEEEEEEEEEEEEEEEEEE"/>
	<concept_set concept_set_id="278" concept_id="5032" concept_set="1223" sort_weight="17.0" creator="1" date_created="2005-12-15 13:26:49.0" uuid="278AEEEEEEEEEEEEEEEEEEEEEEEEEEEEEEEE"/>
	<concept concept_id="965" retired="0" datatype_id="10" class_id="7" is_set="0" creator="1" date_created="2006-02-15 02:26:55.0" version="" changed_by="1" date_changed="2011-02-03 17:09:05.0" retired_by="1" uuid="965AAAAAAAAAAAAAAAAAAAAAAAAAAAAAAAAA"/>
	<concept_name concept_id="965" name="CURRENTLY USING BIRTH CONTROL" locale="en" creator="1" date_created="2006-02-15 02:26:55.0" concept_name_id="1013" voided="0" voided_by="1" uuid="1013BBBBBBBBBBBBBBBBBBBBBBBBBBBBBBBB" concept_name_type="FULLY_SPECIFIED" locale_preferred="true"/>
	<concept concept_id="74250" retired="0" datatype_id="4" class_id="3" is_set="0" creator="1" date_created="2006-12-17 00:00:00.0" version="" changed_by="1" date_changed="2006-12-17 00:00:00.0" retired_by="1" uuid="74250AAAAAAAAAAAAAAAAAAAAAAAAAAAAAAA"/>
	<concept_name concept_id="74250" name="Aczone" locale="en" creator="1" date_created="2007-10-18 09:35:54.0" concept_name_id="87297" voided="0" voided_by="1" uuid="87297BBBBBBBBBBBBBBBBBBBBBBBBBBBBBBB" locale_preferred="false"/>
	<concept_name concept_id="74250" name="DAPSONE" locale="en" creator="1" date_created="2006-12-17 00:00:00.0" concept_name_id="4913" voided="0" voided_by="1" uuid="4913BBBBBBBBBBBBBBBBBBBBBBBBBBBBBBBB" concept_name_type="FULLY_SPECIFIED" locale_preferred="true"/>
	<concept concept_id="160554" retired="0" datatype_id="6" class_id="5" is_set="0" creator="1" date_created="2012-06-14 20:31:04.0" version="" changed_by="1" date_changed="2012-06-15 14:09:41.0" retired_by="1" uuid="160554AAAAAAAAAAAAAAAAAAAAAAAAAAAAAA"/>
	<concept_name concept_id="160554" name="Date of HIV diagnosis" locale="en" creator="1" date_created="2012-06-14 20:31:04.0" concept_name_id="108914" voided="0" voided_by="1" uuid="108914BBBBBBBBBBBBBBBBBBBBBBBBBBBBBB" concept_name_type="FULLY_SPECIFIED" locale_preferred="true"/>
	<concept concept_id="162069" retired="0" datatype_id="2" class_id="7" is_set="0" creator="1" date_created="2013-08-29 01:54:26.0" version="" changed_by="1" date_changed="2013-08-29 01:57:46.0" retired_by="1" uuid="162069AAAAAAAAAAAAAAAAAAAAAAAAAAAAAA"/>
	<concept_name concept_id="162069" name="Developmental milestones" locale="en" creator="1" date_created="2013-08-29 01:54:26.0" concept_name_id="124810" voided="0" voided_by="1" uuid="124810BBBBBBBBBBBBBBBBBBBBBBBBBBBBBB" concept_name_type="FULLY_SPECIFIED" locale_preferred="true"/>
	<concept_answer concept_answer_id="4806" concept_id="162069" answer_concept="162061" creator="1" date_created="2013-08-29 01:54:26.0" uuid="4806CCCCCCCCCCCCCCCCCCCCCCCCCCCCCCCC" sort_weight="4806.0"/>
	<concept_answer concept_answer_id="4807" concept_id="162069" answer_concept="162063" creator="1" date_created="2013-08-29 01:54:26.0" uuid="4807CCCCCCCCCCCCCCCCCCCCCCCCCCCCCCCC" sort_weight="4807.0"/>
	<concept_answer concept_answer_id="4808" concept_id="162069" answer_concept="162060" creator="1" date_created="2013-08-29 01:54:26.0" uuid="4808CCCCCCCCCCCCCCCCCCCCCCCCCCCCCCCC" sort_weight="4808.0"/>
	<concept_answer concept_answer_id="4809" concept_id="162069" answer_concept="162059" creator="1" date_created="2013-08-29 01:54:26.0" uuid="4809CCCCCCCCCCCCCCCCCCCCCCCCCCCCCCCC" sort_weight="4809.0"/>
	<concept_answer concept_answer_id="4810" concept_id="162069" answer_concept="162057" creator="1" date_created="2013-08-29 01:54:26.0" uuid="4810CCCCCCCCCCCCCCCCCCCCCCCCCCCCCCCC" sort_weight="4810.0"/>
	<concept_answer concept_answer_id="4811" concept_id="162069" answer_concept="162058" creator="1" date_created="2013-08-29 01:54:26.0" uuid="4811CCCCCCCCCCCCCCCCCCCCCCCCCCCCCCCC" sort_weight="4811.0"/>
	<concept_answer concept_answer_id="4812" concept_id="162069" answer_concept="162062" creator="1" date_created="2013-08-29 01:54:26.0" uuid="4812CCCCCCCCCCCCCCCCCCCCCCCCCCCCCCCC" sort_weight="4812.0"/>
	<concept_answer concept_answer_id="4813" concept_id="162069" answer_concept="162056" creator="1" date_created="2013-08-29 01:54:26.0" uuid="4813CCCCCCCCCCCCCCCCCCCCCCCCCCCCCCCC" sort_weight="4813.0"/>
	<concept concept_id="162061" retired="0" datatype_id="2" class_id="5" is_set="0" creator="1" date_created="2013-08-23 21:01:42.0" version="" changed_by="1" date_changed="2013-08-23 21:03:09.0" retired_by="1" uuid="162061AAAAAAAAAAAAAAAAAAAAAAAAAAAAAA"/>
	<concept_name concept_id="162061" name="Able to sit upright" locale="en" creator="1" date_created="2013-08-23 21:01:42.0" concept_name_id="124798" voided="0" voided_by="1" uuid="124798BBBBBBBBBBBBBBBBBBBBBBBBBBBBBB" concept_name_type="FULLY_SPECIFIED" locale_preferred="true"/>
	<concept_answer concept_answer_id="4788" concept_id="162061" answer_concept="1066" creator="1" date_created="2013-08-23 21:01:42.0" uuid="4788CCCCCCCCCCCCCCCCCCCCCCCCCCCCCCCC" sort_weight="4788.0"/>
	<concept_answer concept_answer_id="4789" concept_id="162061" answer_concept="1065" creator="1" date_created="2013-08-23 21:01:42.0" uuid="4789CCCCCCCCCCCCCCCCCCCCCCCCCCCCCCCC" sort_weight="4789.0"/>
	<concept_answer concept_answer_id="4790" concept_id="162061" answer_concept="1067" creator="1" date_created="2013-08-23 21:01:42.0" uuid="4790CCCCCCCCCCCCCCCCCCCCCCCCCCCCCCCC" sort_weight="4790.0"/>
	<concept concept_id="162063" retired="0" datatype_id="2" class_id="5" is_set="0" creator="1" date_created="2013-08-23 21:08:33.0" version="" changed_by="1" date_changed="2013-08-23 21:08:51.0" retired_by="1" uuid="162063AAAAAAAAAAAAAAAAAAAAAAAAAAAAAA"/>
	<concept_name concept_id="162063" name="Able to walk independently" locale="en" creator="1" date_created="2013-08-23 21:08:33.0" concept_name_id="124800" voided="0" voided_by="1" uuid="124800BBBBBBBBBBBBBBBBBBBBBBBBBBBBBB" concept_name_type="FULLY_SPECIFIED" locale_preferred="true"/>
	<concept_answer concept_answer_id="4794" concept_id="162063" answer_concept="1066" creator="1" date_created="2013-08-23 21:08:33.0" uuid="4794CCCCCCCCCCCCCCCCCCCCCCCCCCCCCCCC" sort_weight="4794.0"/>
	<concept_answer concept_answer_id="4795" concept_id="162063" answer_concept="1065" creator="1" date_created="2013-08-23 21:08:33.0" uuid="4795CCCCCCCCCCCCCCCCCCCCCCCCCCCCCCCC" sort_weight="4795.0"/>
	<concept_answer concept_answer_id="4796" concept_id="162063" answer_concept="1067" creator="1" date_created="2013-08-23 21:08:33.0" uuid="4796CCCCCCCCCCCCCCCCCCCCCCCCCCCCCCCC" sort_weight="4796.0"/>
	<concept concept_id="162060" retired="0" datatype_id="2" class_id="5" is_set="0" creator="1" date_created="2013-08-23 20:52:45.0" version="" changed_by="1" date_changed="2013-08-23 21:00:15.0" retired_by="1" uuid="162060AAAAAAAAAAAAAAAAAAAAAAAAAAAAAA"/>
	<concept_name concept_id="162060" name="Speaks several words" locale="en" creator="1" date_created="2013-08-23 20:52:45.0" concept_name_id="124797" voided="0" voided_by="1" uuid="124797BBBBBBBBBBBBBBBBBBBBBBBBBBBBBB" concept_name_type="FULLY_SPECIFIED" locale_preferred="true"/>
	<concept_answer concept_answer_id="4785" concept_id="162060" answer_concept="1065" creator="1" date_created="2013-08-23 21:00:15.0" uuid="4785CCCCCCCCCCCCCCCCCCCCCCCCCCCCCCCC" sort_weight="4785.0"/>
	<concept_answer concept_answer_id="4786" concept_id="162060" answer_concept="1066" creator="1" date_created="2013-08-23 21:00:15.0" uuid="4786CCCCCCCCCCCCCCCCCCCCCCCCCCCCCCCC" sort_weight="4786.0"/>
	<concept_answer concept_answer_id="4787" concept_id="162060" answer_concept="1067" creator="1" date_created="2013-08-23 21:00:15.0" uuid="4787CCCCCCCCCCCCCCCCCCCCCCCCCCCCCCCC" sort_weight="4787.0"/>
	<concept concept_id="162059" retired="0" datatype_id="2" class_id="5" is_set="0" creator="1" date_created="2013-08-23 20:49:44.0" version="" changed_by="1" date_changed="2013-08-23 20:59:35.0" retired_by="1" uuid="162059AAAAAAAAAAAAAAAAAAAAAAAAAAAAAA"/>
	<concept_name concept_id="162059" name="Extends hand to grasp an object" locale="en" creator="1" date_created="2013-08-23 20:49:44.0" concept_name_id="124796" voided="0" voided_by="1" uuid="124796BBBBBBBBBBBBBBBBBBBBBBBBBBBBBB" concept_name_type="FULLY_SPECIFIED" locale_preferred="true"/>
	<concept_answer concept_answer_id="4782" concept_id="162059" answer_concept="1065" creator="1" date_created="2013-08-23 20:59:35.0" uuid="4782CCCCCCCCCCCCCCCCCCCCCCCCCCCCCCCC" sort_weight="4782.0"/>
	<concept_answer concept_answer_id="4783" concept_id="162059" answer_concept="1066" creator="1" date_created="2013-08-23 20:59:35.0" uuid="4783CCCCCCCCCCCCCCCCCCCCCCCCCCCCCCCC" sort_weight="4783.0"/>
	<concept_answer concept_answer_id="4784" concept_id="162059" answer_concept="1067" creator="1" date_created="2013-08-23 20:59:35.0" uuid="4784CCCCCCCCCCCCCCCCCCCCCCCCCCCCCCCC" sort_weight="4784.0"/>
	<concept concept_id="162057" retired="0" datatype_id="2" class_id="5" is_set="0" creator="1" date_created="2013-08-23 20:46:07.0" version="" changed_by="1" date_changed="2013-08-23 20:58:34.0" retired_by="1" uuid="162057AAAAAAAAAAAAAAAAAAAAAAAAAAAAAA"/>
	<concept_name concept_id="162057" name="Holds head up" locale="en" creator="1" date_created="2013-08-23 20:46:07.0" concept_name_id="124794" voided="0" voided_by="1" uuid="124794BBBBBBBBBBBBBBBBBBBBBBBBBBBBBB" concept_name_type="FULLY_SPECIFIED" locale_preferred="true"/>
	<concept_answer concept_answer_id="4776" concept_id="162057" answer_concept="1065" creator="1" date_created="2013-08-23 20:58:34.0" uuid="4776CCCCCCCCCCCCCCCCCCCCCCCCCCCCCCCC" sort_weight="4776.0"/>
	<concept_answer concept_answer_id="4777" concept_id="162057" answer_concept="1066" creator="1" date_created="2013-08-23 20:58:34.0" uuid="4777CCCCCCCCCCCCCCCCCCCCCCCCCCCCCCCC" sort_weight="4777.0"/>
	<concept_answer concept_answer_id="4778" concept_id="162057" answer_concept="1067" creator="1" date_created="2013-08-23 20:58:34.0" uuid="4778CCCCCCCCCCCCCCCCCCCCCCCCCCCCCCCC" sort_weight="4778.0"/>
	<concept concept_id="162058" retired="0" datatype_id="2" class_id="5" is_set="0" creator="1" date_created="2013-08-23 20:48:15.0" version="" changed_by="1" date_changed="2013-08-23 20:59:07.0" retired_by="1" uuid="162058AAAAAAAAAAAAAAAAAAAAAAAAAAAAAA"/>
	<concept_name concept_id="162058" name="Turns toward source of sound" locale="en" creator="1" date_created="2013-08-23 20:48:15.0" concept_name_id="124795" voided="0" voided_by="1" uuid="124795BBBBBBBBBBBBBBBBBBBBBBBBBBBBBB" concept_name_type="FULLY_SPECIFIED" locale_preferred="true"/>
	<concept_answer concept_answer_id="4779" concept_id="162058" answer_concept="1065" creator="1" date_created="2013-08-23 20:59:07.0" uuid="4779CCCCCCCCCCCCCCCCCCCCCCCCCCCCCCCC" sort_weight="4779.0"/>
	<concept_answer concept_answer_id="4780" concept_id="162058" answer_concept="1066" creator="1" date_created="2013-08-23 20:59:07.0" uuid="4780CCCCCCCCCCCCCCCCCCCCCCCCCCCCCCCC" sort_weight="4780.0"/>
	<concept_answer concept_answer_id="4781" concept_id="162058" answer_concept="1067" creator="1" date_created="2013-08-23 20:59:07.0" uuid="4781CCCCCCCCCCCCCCCCCCCCCCCCCCCCCCCC" sort_weight="4781.0"/>
	<concept concept_id="162062" retired="0" datatype_id="2" class_id="5" is_set="0" creator="1" date_created="2013-08-23 21:06:08.0" version="" changed_by="1" date_changed="2013-08-23 21:06:23.0" retired_by="1" uuid="162062AAAAAAAAAAAAAAAAAAAAAAAAAAAAAA"/>
	<concept_name concept_id="162062" name="Able to stand alone" locale="en" creator="1" date_created="2013-08-23 21:06:08.0" concept_name_id="124799" voided="0" voided_by="1" uuid="124799BBBBBBBBBBBBBBBBBBBBBBBBBBBBBB" concept_name_type="FULLY_SPECIFIED" locale_preferred="true"/>
	<concept_answer concept_answer_id="4791" concept_id="162062" answer_concept="1066" creator="1" date_created="2013-08-23 21:06:08.0" uuid="4791CCCCCCCCCCCCCCCCCCCCCCCCCCCCCCCC" sort_weight="4791.0"/>
	<concept_answer concept_answer_id="4792" concept_id="162062" answer_concept="1065" creator="1" date_created="2013-08-23 21:06:08.0" uuid="4792CCCCCCCCCCCCCCCCCCCCCCCCCCCCCCCC" sort_weight="4792.0"/>
	<concept_answer concept_answer_id="4793" concept_id="162062" answer_concept="1067" creator="1" date_created="2013-08-23 21:06:08.0" uuid="4793CCCCCCCCCCCCCCCCCCCCCCCCCCCCCCCC" sort_weight="4793.0"/>
	<concept concept_id="162056" retired="0" datatype_id="2" class_id="5" is_set="0" creator="1" date_created="2013-08-23 20:44:13.0" version="" changed_by="1" date_changed="2013-08-23 20:57:26.0" retired_by="1" uuid="162056AAAAAAAAAAAAAAAAAAAAAAAAAAAAAA"/>
	<concept_name concept_id="162056" name="Social smile" locale="en" creator="1" date_created="2013-08-23 20:44:13.0" concept_name_id="124793" voided="0" voided_by="1" uuid="124793BBBBBBBBBBBBBBBBBBBBBBBBBBBBBB" concept_name_type="FULLY_SPECIFIED" locale_preferred="true"/>
	<concept_answer concept_answer_id="4773" concept_id="162056" answer_concept="1065" creator="1" date_created="2013-08-23 20:57:26.0" uuid="4773CCCCCCCCCCCCCCCCCCCCCCCCCCCCCCCC" sort_weight="4773.0"/>
	<concept_answer concept_answer_id="4774" concept_id="162056" answer_concept="1066" creator="1" date_created="2013-08-23 20:57:26.0" uuid="4774CCCCCCCCCCCCCCCCCCCCCCCCCCCCCCCC" sort_weight="4774.0"/>
	<concept_answer concept_answer_id="4775" concept_id="162056" answer_concept="1067" creator="1" date_created="2013-08-23 20:57:26.0" uuid="4775CCCCCCCCCCCCCCCCCCCCCCCCCCCCCCCC" sort_weight="4775.0"/>
	<concept concept_id="160034" retired="0" datatype_id="4" class_id="17" is_set="0" creator="2" date_created="2011-01-17 23:51:42.0" changed_by="2" date_changed="2013-09-16 18:09:27.0" uuid="160034AAAAAAAAAAAAAAAAAAAAAAAAAAAAAA"/>
	<concept_name concept_id="160034" name="Died" locale="en" creator="2" date_created="2011-01-17 23:51:42.0" concept_name_id="107693" voided="0" uuid="107693BBBBBBBBBBBBBBBBBBBBBBBBBBBBBB" concept_name_type="FULLY_SPECIFIED" locale_preferred="true"/>
	<concept concept_id="1661" retired="0" datatype_id="10" class_id="5" is_set="0" creator="1" date_created="2009-04-23 21:37:30.0" version="" changed_by="1" retired_by="1" uuid="1661AAAAAAAAAAAAAAAAAAAAAAAAAAAAAAAA"/>
	<concept_name concept_id="1661" name="Disease Diagnosed" locale="en" creator="1" date_created="2009-04-23 21:37:30.0" concept_name_id="86944" voided="0" voided_by="1" uuid="86944BBBBBBBBBBBBBBBBBBBBBBBBBBBBBBB" concept_name_type="SHORT" locale_preferred="false"/>
	<concept_name concept_id="1661" name="DISEASE DIAGNOSED" locale="en" creator="1" date_created="2009-04-23 21:37:30.0" concept_name_id="1941" voided="0" voided_by="1" uuid="1941BBBBBBBBBBBBBBBBBBBBBBBBBBBBBBBB" concept_name_type="FULLY_SPECIFIED" locale_preferred="true"/>
	<concept concept_id="142177" retired="0" datatype_id="10" class_id="4" is_set="0" creator="1" date_created="2007-11-03 00:00:00.0" version="" changed_by="1" date_changed="2009-04-23 21:34:29.0" retired_by="1" uuid="142177AAAAAAAAAAAAAAAAAAAAAAAAAAAAAA"/>
	<concept_name concept_id="142177" name="DISEASE SUSPECTED" locale="en" creator="1" date_created="2007-10-18 04:28:24.0" concept_name_id="41906" voided="0" voided_by="1" uuid="41906BBBBBBBBBBBBBBBBBBBBBBBBBBBBBBB" concept_name_type="FULLY_SPECIFIED" locale_preferred="true"/>
	<concept concept_id="1712" retired="0" datatype_id="2" class_id="7" is_set="0" creator="1" date_created="2009-06-23 21:42:56.0" version="" changed_by="1" date_changed="2012-03-12 01:19:30.0" retired_by="1" uuid="1712AAAAAAAAAAAAAAAAAAAAAAAAAAAAAAAA"/>
	<concept_name concept_id="1712" name="Education Level" locale="en" creator="1" date_created="2009-06-23 21:42:56.0" concept_name_id="86995" voided="0" voided_by="1" uuid="86995BBBBBBBBBBBBBBBBBBBBBBBBBBBBBBB" concept_name_type="SHORT" locale_preferred="false"/>
	<concept_name concept_id="1712" name="HIGHEST EDUCATION LEVEL" locale="en" creator="1" date_created="2009-06-23 21:42:56.0" concept_name_id="1992" voided="0" voided_by="1" uuid="1992BBBBBBBBBBBBBBBBBBBBBBBBBBBBBBBB" concept_name_type="FULLY_SPECIFIED" locale_preferred="true"/>
	<concept_name concept_id="1712" name="Current education level" locale="en" creator="1" date_created="2012-03-05 07:41:09.0" concept_name_id="108349" voided="0" voided_by="1" void_reason="" uuid="108349BBBBBBBBBBBBBBBBBBBBBBBBBBBBBB" locale_preferred="false"/>
	<concept_answer concept_answer_id="1817" concept_id="1712" answer_concept="1714" creator="1" date_created="2009-07-03 19:14:57.0" uuid="1817CCCCCCCCCCCCCCCCCCCCCCCCCCCCCCCC" sort_weight="1817.0"/>
	<concept_answer concept_answer_id="1818" concept_id="1712" answer_concept="1713" creator="1" date_created="2009-07-03 19:14:57.0" uuid="1818CCCCCCCCCCCCCCCCCCCCCCCCCCCCCCCC" sort_weight="1818.0"/>
	<concept_answer concept_answer_id="1819" concept_id="1712" answer_concept="1107" creator="1" date_created="2009-07-03 19:14:57.0" uuid="1819CCCCCCCCCCCCCCCCCCCCCCCCCCCCCCCC" sort_weight="1819.0"/>
	<concept_answer concept_answer_id="1820" concept_id="1712" answer_concept="1067" creator="1" date_created="2009-07-03 19:14:57.0" uuid="1820CCCCCCCCCCCCCCCCCCCCCCCCCCCCCCCC" sort_weight="1820.0"/>
	<concept_answer concept_answer_id="1821" concept_id="1712" answer_concept="5622" creator="1" date_created="2009-07-03 19:20:22.0" uuid="1821CCCCCCCCCCCCCCCCCCCCCCCCCCCCCCCC" sort_weight="1821.0"/>
	<concept_answer concept_answer_id="2792" concept_id="1712" answer_concept="159785" creator="1" date_created="2010-11-12 17:09:44.0" uuid="2792CCCCCCCCCCCCCCCCCCCCCCCCCCCCCCCC" sort_weight="2792.0"/>
	<concept_answer concept_answer_id="3509" concept_id="1712" answer_concept="160289" creator="1" date_created="2012-03-06 14:21:03.0" uuid="3509CCCCCCCCCCCCCCCCCCCCCCCCCCCCCCCC" sort_weight="3509.0"/>
	<concept_answer concept_answer_id="3510" concept_id="1712" answer_concept="160294" creator="1" date_created="2012-03-06 14:21:03.0" uuid="3510CCCCCCCCCCCCCCCCCCCCCCCCCCCCCCCC" sort_weight="3510.0"/>
	<concept_answer concept_answer_id="3511" concept_id="1712" answer_concept="160293" creator="1" date_created="2012-03-06 14:21:03.0" uuid="3511CCCCCCCCCCCCCCCCCCCCCCCCCCCCCCCC" sort_weight="3511.0"/>
	<concept_answer concept_answer_id="3512" concept_id="1712" answer_concept="160292" creator="1" date_created="2012-03-06 14:21:03.0" uuid="3512CCCCCCCCCCCCCCCCCCCCCCCCCCCCCCCC" sort_weight="3512.0"/>
	<concept_answer concept_answer_id="3513" concept_id="1712" answer_concept="160291" creator="1" date_created="2012-03-06 14:21:03.0" uuid="3513CCCCCCCCCCCCCCCCCCCCCCCCCCCCCCCC" sort_weight="3513.0"/>
	<concept_answer concept_answer_id="3514" concept_id="1712" answer_concept="160290" creator="1" date_created="2012-03-06 14:21:03.0" uuid="3514CCCCCCCCCCCCCCCCCCCCCCCCCCCCCCCC" sort_weight="3514.0"/>
	<concept_answer concept_answer_id="3515" concept_id="1712" answer_concept="160300" creator="1" date_created="2012-03-12 01:19:30.0" uuid="3515CCCCCCCCCCCCCCCCCCCCCCCCCCCCCCCC" sort_weight="3515.0"/>
	<concept_answer concept_answer_id="3516" concept_id="1712" answer_concept="160299" creator="1" date_created="2012-03-12 01:19:30.0" uuid="3516CCCCCCCCCCCCCCCCCCCCCCCCCCCCCCCC" sort_weight="3516.0"/>
	<concept_answer concept_answer_id="3517" concept_id="1712" answer_concept="160298" creator="1" date_created="2012-03-12 01:19:30.0" uuid="3517CCCCCCCCCCCCCCCCCCCCCCCCCCCCCCCC" sort_weight="3517.0"/>
	<concept concept_id="1714" retired="0" datatype_id="10" class_id="11" is_set="0" creator="1" date_created="2009-06-23 21:45:06.0" version="" changed_by="1" date_changed="2012-03-06 14:10:15.0" retired_by="1" uuid="1714AAAAAAAAAAAAAAAAAAAAAAAAAAAAAAAA"/>
	<concept_name concept_id="1714" name="Secondary school education completed" locale="en" creator="1" date_created="2012-03-06 14:05:44.0" concept_name_id="108355" voided="0" voided_by="1" void_reason="" uuid="108355BBBBBBBBBBBBBBBBBBBBBBBBBBBBBB" locale_preferred="false"/>
	<concept_name concept_id="1714" name="Secondary Education" locale="en" creator="1" date_created="2009-06-23 21:45:06.0" concept_name_id="86997" voided="0" voided_by="1" uuid="86997BBBBBBBBBBBBBBBBBBBBBBBBBBBBBBB" concept_name_type="SHORT" locale_preferred="false"/>
	<concept_name concept_id="1714" name="SECONDARY SCHOOL EDUCATION" locale="en" creator="1" date_created="2009-06-23 21:45:06.0" concept_name_id="1994" voided="0" voided_by="1" uuid="1994BBBBBBBBBBBBBBBBBBBBBBBBBBBBBBBB" concept_name_type="FULLY_SPECIFIED" locale_preferred="true"/>
	<concept concept_id="1713" retired="0" datatype_id="10" class_id="11" is_set="0" creator="1" date_created="2009-06-23 21:44:38.0" version="" changed_by="1" date_changed="2012-03-04 19:25:49.0" retired_by="1" uuid="1713AAAAAAAAAAAAAAAAAAAAAAAAAAAAAAAA"/>
	<concept_name concept_id="1713" name="Primary school (completed)" locale="en" creator="1" date_created="2012-03-04 19:25:48.0" concept_name_id="108346" voided="0" voided_by="1" uuid="108346BBBBBBBBBBBBBBBBBBBBBBBBBBBBBB" locale_preferred="false"/>
	<concept_name concept_id="1713" name="PRIMARY SCHOOL EDUCATION" locale="en" creator="1" date_created="2009-06-23 21:44:38.0" concept_name_id="1993" voided="0" voided_by="1" uuid="1993BBBBBBBBBBBBBBBBBBBBBBBBBBBBBBBB" concept_name_type="FULLY_SPECIFIED" locale_preferred="true"/>
	<concept_name concept_id="1713" name="Primary Education" locale="en" creator="1" date_created="2009-06-23 21:44:38.0" concept_name_id="86996" voided="0" voided_by="1" uuid="86996BBBBBBBBBBBBBBBBBBBBBBBBBBBBBBB" concept_name_type="SHORT" locale_preferred="false"/>
	<concept concept_id="160289" retired="0" datatype_id="4" class_id="11" is_set="0" creator="1" date_created="2012-03-06 14:01:44.0" version="" changed_by="1" retired_by="1" uuid="160289AAAAAAAAAAAAAAAAAAAAAAAAAAAAAA"/>
	<concept_name concept_id="160289" name="Preschool education level" locale="en" creator="1" date_created="2012-03-06 14:01:44.0" concept_name_id="108351" voided="0" voided_by="1" uuid="108351BBBBBBBBBBBBBBBBBBBBBBBBBBBBBB" concept_name_type="FULLY_SPECIFIED" locale_preferred="true"/>
	<concept concept_id="160294" retired="0" datatype_id="4" class_id="11" is_set="0" creator="1" date_created="2012-03-06 14:19:42.0" version="" changed_by="1" retired_by="1" uuid="160294AAAAAAAAAAAAAAAAAAAAAAAAAAAAAA"/>
	<concept_name concept_id="160294" name="No formal education" locale="en" creator="1" date_created="2012-03-06 14:19:42.0" concept_name_id="108363" voided="0" voided_by="1" uuid="108363BBBBBBBBBBBBBBBBBBBBBBBBBBBBBB" concept_name_type="FULLY_SPECIFIED" locale_preferred="true"/>
	<concept concept_id="160293" retired="0" datatype_id="4" class_id="11" is_set="0" creator="1" date_created="2012-03-06 14:17:49.0" version="" changed_by="1" retired_by="1" uuid="160293AAAAAAAAAAAAAAAAAAAAAAAAAAAAAA"/>
	<concept_name concept_id="160293" name="Special education received" locale="en" creator="1" date_created="2012-03-06 14:17:49.0" concept_name_id="108362" voided="0" voided_by="1" uuid="108362BBBBBBBBBBBBBBBBBBBBBBBBBBBBBB" concept_name_type="FULLY_SPECIFIED" locale_preferred="true"/>
	<concept concept_id="160292" retired="0" datatype_id="4" class_id="11" is_set="0" creator="1" date_created="2012-03-06 14:13:43.0" version="" changed_by="1" date_changed="2012-05-14 23:52:26.0" retired_by="1" uuid="160292AAAAAAAAAAAAAAAAAAAAAAAAAAAAAA"/>
	<concept_name concept_id="160292" name="Tertiary education complete" locale="en" creator="1" date_created="2012-03-06 14:13:43.0" concept_name_id="108359" voided="0" voided_by="1" uuid="108359BBBBBBBBBBBBBBBBBBBBBBBBBBBBBB" concept_name_type="FULLY_SPECIFIED" locale_preferred="true"/>
	<concept concept_id="160291" retired="0" datatype_id="4" class_id="11" is_set="0" creator="1" date_created="2012-03-06 14:09:04.0" version="" changed_by="1" retired_by="1" uuid="160291AAAAAAAAAAAAAAAAAAAAAAAAAAAAAA"/>
	<concept_name concept_id="160291" name="Secondary school education incomplete" locale="en" creator="1" date_created="2012-03-06 14:09:04.0" concept_name_id="108357" voided="0" voided_by="1" uuid="108357BBBBBBBBBBBBBBBBBBBBBBBBBBBBBB" concept_name_type="FULLY_SPECIFIED" locale_preferred="true"/>
	<concept concept_id="160290" retired="0" datatype_id="4" class_id="11" is_set="0" creator="1" date_created="2012-03-06 14:04:13.0" version="" changed_by="1" retired_by="1" uuid="160290AAAAAAAAAAAAAAAAAAAAAAAAAAAAAA"/>
	<concept_name concept_id="160290" name="Primary school education incomplete" locale="en" creator="1" date_created="2012-03-06 14:04:13.0" concept_name_id="108354" voided="0" voided_by="1" uuid="108354BBBBBBBBBBBBBBBBBBBBBBBBBBBBBB" concept_name_type="FULLY_SPECIFIED" locale_preferred="true"/>
	<concept concept_id="160300" retired="0" datatype_id="4" class_id="11" is_set="0" creator="1" date_created="2012-03-12 01:18:24.0" version="" changed_by="1" retired_by="1" uuid="160300AAAAAAAAAAAAAAAAAAAAAAAAAAAAAA"/>
	<concept_name concept_id="160300" name="Undergraduate education complete" locale="en" creator="1" date_created="2012-03-12 01:18:24.0" concept_name_id="108380" voided="0" voided_by="1" uuid="108380BBBBBBBBBBBBBBBBBBBBBBBBBBBBBB" concept_name_type="FULLY_SPECIFIED" locale_preferred="true"/>
	<concept concept_id="160299" retired="0" datatype_id="4" class_id="11" is_set="0" creator="1" date_created="2012-03-12 01:16:17.0" version="" changed_by="1" retired_by="1" uuid="160299AAAAAAAAAAAAAAAAAAAAAAAAAAAAAA"/>
	<concept_name concept_id="160299" name="Undergraduate education incomplete" locale="en" creator="1" date_created="2012-03-12 01:16:17.0" concept_name_id="108378" voided="0" voided_by="1" uuid="108378BBBBBBBBBBBBBBBBBBBBBBBBBBBBBB" concept_name_type="FULLY_SPECIFIED" locale_preferred="true"/>
	<concept concept_id="160298" retired="0" datatype_id="4" class_id="11" is_set="0" creator="1" date_created="2012-03-12 01:12:58.0" version="" changed_by="1" retired_by="1" uuid="160298AAAAAAAAAAAAAAAAAAAAAAAAAAAAAA"/>
	<concept_name concept_id="160298" name="Tertiary education incomplete" locale="en" creator="1" date_created="2012-03-12 01:12:58.0" concept_name_id="108376" voided="0" voided_by="1" uuid="108376BBBBBBBBBBBBBBBBBBBBBBBBBBBBBB" concept_name_type="FULLY_SPECIFIED" locale_preferred="true"/>
	<concept concept_id="5596" retired="0" datatype_id="6" class_id="7" is_set="0" creator="1" date_created="2004-08-12 00:00:00.0" version="" changed_by="1" date_changed="2013-06-02 14:56:38.0" retired_by="1" uuid="5596AAAAAAAAAAAAAAAAAAAAAAAAAAAAAAAA"/>
	<concept_name concept_id="5596" name="ESTIMATED DATE OF CONFINEMENT" locale="en" creator="1" date_created="2004-08-12 00:00:00.0" concept_name_id="2732" voided="0" voided_by="1" uuid="2732BBBBBBBBBBBBBBBBBBBBBBBBBBBBBBBB" concept_name_type="FULLY_SPECIFIED" locale_preferred="true"/>
	<concept_name concept_id="5596" name="Expected date of delivery" locale="en" creator="1" date_created="2013-06-02 14:56:38.0" concept_name_id="124235" voided="0" voided_by="1" uuid="124235BBBBBBBBBBBBBBBBBBBBBBBBBBBBBB" locale_preferred="false"/>
	<concept_name concept_id="5596" name="Expected date of confinement" locale="en" creator="1" date_created="2013-06-02 14:56:38.0" concept_name_id="124236" voided="0" voided_by="1" uuid="124236BBBBBBBBBBBBBBBBBBBBBBBBBBBBBB" locale_preferred="false"/>
	<concept_name concept_id="5596" name="EDC" locale="en" creator="1" date_created="2005-02-07 00:00:00.0" concept_name_id="91293" voided="0" voided_by="1" void_reason="" uuid="91293BBBBBBBBBBBBBBBBBBBBBBBBBBBBBBB" locale_preferred="false"/>
	<concept_name concept_id="5596" name="ESTIMATED DELIVERY DATE" locale="en" creator="1" date_created="2005-02-07 00:00:00.0" concept_name_id="91594" voided="0" voided_by="1" void_reason="" uuid="91594BBBBBBBBBBBBBBBBBBBBBBBBBBBBBBB" locale_preferred="false"/>
	<concept_name concept_id="5596" name="EDD" locale="en" creator="1" date_created="2006-12-17 11:45:38.0" concept_name_id="91294" voided="0" voided_by="1" void_reason="" uuid="91294BBBBBBBBBBBBBBBBBBBBBBBBBBBBBBB" locale_preferred="false"/>
	<concept_name concept_id="5596" name="ESTIMATED DATE OF DELIVERY" locale="en" creator="1" date_created="2005-02-07 00:00:00.0" concept_name_id="91593" voided="0" voided_by="1" void_reason="" uuid="91593BBBBBBBBBBBBBBBBBBBBBBBBBBBBBBB" locale_preferred="false"/>
	<concept concept_id="160653" retired="0" datatype_id="2" class_id="7" is_set="0" creator="1" date_created="2012-06-24 17:08:33.0" version="" changed_by="1" date_changed="2012-07-24 16:53:47.0" retired_by="1" uuid="160653AAAAAAAAAAAAAAAAAAAAAAAAAAAAAA"/>
	<concept_name concept_id="160653" name="Family planning status" locale="en" creator="1" date_created="2012-06-24 17:08:33.0" concept_name_id="109111" voided="0" voided_by="1" uuid="109111BBBBBBBBBBBBBBBBBBBBBBBBBBBBBB" concept_name_type="FULLY_SPECIFIED" locale_preferred="true"/>
	<concept_answer concept_answer_id="3869" concept_id="160653" answer_concept="1360" creator="1" date_created="2012-06-24 17:08:33.0" uuid="3869CCCCCCCCCCCCCCCCCCCCCCCCCCCCCCCC" sort_weight="3869.0"/>
	<concept_answer concept_answer_id="3870" concept_id="160653" answer_concept="965" creator="1" date_created="2012-06-24 17:08:33.0" uuid="3870CCCCCCCCCCCCCCCCCCCCCCCCCCCCCCCC" sort_weight="3870.0"/>
	<concept_answer concept_answer_id="3871" concept_id="160653" answer_concept="160652" creator="1" date_created="2012-06-24 17:08:33.0" uuid="3871CCCCCCCCCCCCCCCCCCCCCCCCCCCCCCCC" sort_weight="3871.0"/>
	<concept concept_id="1360" retired="0" datatype_id="10" class_id="7" is_set="0" creator="1" date_created="2006-10-16 10:16:35.0" version="" changed_by="1" date_changed="2012-06-24 17:07:07.0" retired_by="1" uuid="1360AAAAAAAAAAAAAAAAAAAAAAAAAAAAAAAA"/>
	<concept_name concept_id="1360" name="Wants family planning" locale="en" creator="1" date_created="2012-06-24 17:07:07.0" concept_name_id="109108" voided="0" voided_by="1" uuid="109108BBBBBBBBBBBBBBBBBBBBBBBBBBBBBB" locale_preferred="false"/>
	<concept_name concept_id="1360" name="REQUESTS FAMILY PLANNING INFORMATION" locale="en" creator="1" date_created="2006-10-16 10:16:35.0" concept_name_id="1465" voided="0" voided_by="1" uuid="1465BBBBBBBBBBBBBBBBBBBBBBBBBBBBBBBB" concept_name_type="FULLY_SPECIFIED" locale_preferred="true"/>
	<concept_name concept_id="1360" name="Wants Fam Planning" locale="en" creator="1" date_created="2006-10-16 10:16:35.0" concept_name_id="86812" voided="0" voided_by="1" uuid="86812BBBBBBBBBBBBBBBBBBBBBBBBBBBBBBB" concept_name_type="SHORT" locale_preferred="false"/>
	<concept concept_id="160652" retired="0" datatype_id="4" class_id="5" is_set="0" creator="1" date_created="2012-06-24 17:08:21.0" version="" changed_by="1" date_changed="2012-07-24 16:53:00.0" retired_by="1" uuid="160652AAAAAAAAAAAAAAAAAAAAAAAAAAAAAA"/>
	<concept_name concept_id="160652" name="Patient not using family planning" locale="en" creator="1" date_created="2012-06-24 17:08:21.0" concept_name_id="109109" voided="0" voided_by="1" uuid="109109BBBBBBBBBBBBBBBBBBBBBBBBBBBBBB" concept_name_type="FULLY_SPECIFIED" locale_preferred="true"/>
	<concept_name concept_id="160652" name="Patient not using birth control" locale="en" creator="1" date_created="2012-06-24 17:08:21.0" concept_name_id="109110" voided="0" voided_by="1" void_reason="" uuid="109110BBBBBBBBBBBBBBBBBBBBBBBBBBBBBB" locale_preferred="false"/>
	<concept concept_id="1151" retired="0" datatype_id="2" class_id="7" is_set="0" creator="1" date_created="2005-02-07 00:00:00.0" version="" changed_by="1" date_changed="2010-11-10 18:48:30.0" retired_by="1" uuid="1151AAAAAAAAAAAAAAAAAAAAAAAAAAAAAAAA"/>
	<concept_name concept_id="1151" name="INFANT FEEDING METHOD" locale="en" creator="1" date_created="2005-02-07 00:00:00.0" concept_name_id="1227" voided="0" voided_by="1" uuid="1227BBBBBBBBBBBBBBBBBBBBBBBBBBBBBBBB" concept_name_type="FULLY_SPECIFIED" locale_preferred="true"/>
	<concept_answer concept_answer_id="769" concept_id="1151" answer_concept="1173" creator="1" date_created="2006-04-14 23:21:33.0" uuid="769CCCCCCCCCCCCCCCCCCCCCCCCCCCCCCCCC" sort_weight="769.0"/>
	<concept_answer concept_answer_id="770" concept_id="1151" answer_concept="1152" creator="1" date_created="2006-04-14 23:21:33.0" uuid="770CCCCCCCCCCCCCCCCCCCCCCCCCCCCCCCCC" sort_weight="770.0"/>
	<concept_answer concept_answer_id="771" concept_id="1151" answer_concept="5254" creator="1" date_created="2006-04-14 23:21:33.0" uuid="771CCCCCCCCCCCCCCCCCCCCCCCCCCCCCCCCC" sort_weight="771.0"/>
	<concept_answer concept_answer_id="772" concept_id="1151" answer_concept="1150" creator="1" date_created="2006-04-14 23:21:33.0" uuid="772CCCCCCCCCCCCCCCCCCCCCCCCCCCCCCCCC" sort_weight="772.0"/>
	<concept_answer concept_answer_id="773" concept_id="1151" answer_concept="6046" creator="1" date_created="2006-04-14 23:21:33.0" uuid="773CCCCCCCCCCCCCCCCCCCCCCCCCCCCCCCCC" sort_weight="773.0"/>
	<concept_answer concept_answer_id="774" concept_id="1151" answer_concept="5526" creator="1" date_created="2006-04-14 23:21:33.0" uuid="774CCCCCCCCCCCCCCCCCCCCCCCCCCCCCCCCC" sort_weight="774.0"/>
	<concept_answer concept_answer_id="775" concept_id="1151" answer_concept="968" creator="1" date_created="2006-04-14 23:21:33.0" uuid="775CCCCCCCCCCCCCCCCCCCCCCCCCCCCCCCCC" sort_weight="775.0"/>
	<concept_answer concept_answer_id="1301" concept_id="1151" answer_concept="1595" creator="1" date_created="2008-05-09 20:29:22.0" uuid="1301CCCCCCCCCCCCCCCCCCCCCCCCCCCCCCCC" sort_weight="1301.0"/>
	<concept concept_id="1173" retired="0" datatype_id="4" class_id="14" is_set="0" creator="1" date_created="2005-02-08 00:00:00.0" version="" changed_by="1" date_changed="2010-12-23 14:09:26.0" retired_by="1" uuid="1173AAAAAAAAAAAAAAAAAAAAAAAAAAAAAAAA"/>
	<concept_name concept_id="1173" name="EXPRESSED BREASTMILK" locale="en" creator="1" date_created="2005-02-08 00:00:00.0" concept_name_id="1250" voided="0" voided_by="1" uuid="1250BBBBBBBBBBBBBBBBBBBBBBBBBBBBBBBB" concept_name_type="FULLY_SPECIFIED" locale_preferred="true"/>
	<concept concept_id="1152" retired="0" datatype_id="4" class_id="5" is_set="0" creator="1" date_created="2005-02-07 00:00:00.0" version="" changed_by="1" date_changed="2010-12-22 15:34:57.0" retired_by="1" uuid="1152AAAAAAAAAAAAAAAAAAAAAAAAAAAAAAAA"/>
	<concept_name concept_id="1152" name="WEANED" locale="en" creator="1" date_created="2005-02-07 00:00:00.0" concept_name_id="1228" voided="0" voided_by="1" uuid="1228BBBBBBBBBBBBBBBBBBBBBBBBBBBBBBBB" concept_name_type="FULLY_SPECIFIED" locale_preferred="true"/>
	<concept concept_id="5254" retired="0" datatype_id="4" class_id="3" is_set="0" creator="1" date_created="2004-08-12 00:00:00.0" version="" changed_by="1" date_changed="2011-01-08 19:28:28.0" retired_by="1" uuid="5254AAAAAAAAAAAAAAAAAAAAAAAAAAAAAAAA"/>
	<concept_name concept_id="5254" name="INFANT FORMULA" locale="en" creator="1" date_created="2004-08-12 00:00:00.0" concept_name_id="2360" voided="0" voided_by="1" uuid="2360BBBBBBBBBBBBBBBBBBBBBBBBBBBBBBBB" concept_name_type="FULLY_SPECIFIED" locale_preferred="true"/>
	<concept concept_id="1150" retired="0" datatype_id="4" class_id="5" is_set="0" creator="1" date_created="2005-02-07 00:00:00.0" version="" changed_by="1" date_changed="2011-02-03 21:03:20.0" retired_by="1" uuid="1150AAAAAAAAAAAAAAAAAAAAAAAAAAAAAAAA"/>
	<concept_name concept_id="1150" name="BREASTFED PREDOMINATELY" locale="en" creator="1" date_created="2005-02-07 00:00:00.0" concept_name_id="1226" voided="0" voided_by="1" uuid="1226BBBBBBBBBBBBBBBBBBBBBBBBBBBBBBBB" concept_name_type="FULLY_SPECIFIED" locale_preferred="true"/>
	<concept concept_id="6046" retired="0" datatype_id="4" class_id="5" is_set="0" creator="1" date_created="2004-08-12 00:00:00.0" version="" changed_by="1" date_changed="2005-02-07 00:00:00.0" retired_by="1" uuid="6046AAAAAAAAAAAAAAAAAAAAAAAAAAAAAAAA"/>
	<concept_name concept_id="6046" name="MIXED FEEDING" locale="en" creator="1" date_created="2004-08-12 00:00:00.0" concept_name_id="3193" voided="0" voided_by="1" uuid="3193BBBBBBBBBBBBBBBBBBBBBBBBBBBBBBBB" concept_name_type="FULLY_SPECIFIED" locale_preferred="true"/>
	<concept concept_id="5526" retired="0" datatype_id="2" class_id="5" is_set="0" creator="1" date_created="2004-08-12 00:00:00.0" version="" changed_by="1" date_changed="2011-02-11 00:36:02.0" retired_by="1" uuid="5526AAAAAAAAAAAAAAAAAAAAAAAAAAAAAAAA"/>
	<concept_name concept_id="5526" name="BREASTFED EXCLUSIVELY" locale="en" creator="1" date_created="2004-08-12 00:00:00.0" concept_name_id="2650" voided="0" voided_by="1" uuid="2650BBBBBBBBBBBBBBBBBBBBBBBBBBBBBBBB" concept_name_type="FULLY_SPECIFIED" locale_preferred="true"/>
	<concept_answer concept_answer_id="2002" concept_id="5526" answer_concept="1066" creator="1" date_created="2009-07-21 10:59:36.0" uuid="2002CCCCCCCCCCCCCCCCCCCCCCCCCCCCCCCC" sort_weight="2002.0"/>
	<concept_answer concept_answer_id="2003" concept_id="5526" answer_concept="1067" creator="1" date_created="2009-07-21 10:59:36.0" uuid="2003CCCCCCCCCCCCCCCCCCCCCCCCCCCCCCCC" sort_weight="2003.0"/>
	<concept_answer concept_answer_id="2004" concept_id="5526" answer_concept="1065" creator="1" date_created="2009-07-21 10:59:36.0" uuid="2004CCCCCCCCCCCCCCCCCCCCCCCCCCCCCCCC" sort_weight="2004.0"/>
	<concept concept_id="968" retired="0" datatype_id="4" class_id="11" is_set="0" creator="1" date_created="2006-04-14 23:20:53.0" version="" changed_by="1" date_changed="2010-10-01 14:58:32.0" retired_by="1" uuid="968AAAAAAAAAAAAAAAAAAAAAAAAAAAAAAAAA"/>
	<concept_name concept_id="968" name="COW MILK" locale="en" creator="1" date_created="2006-04-14 23:20:53.0" concept_name_id="1016" voided="0" voided_by="1" uuid="1016BBBBBBBBBBBBBBBBBBBBBBBBBBBBBBBB" concept_name_type="FULLY_SPECIFIED" locale_preferred="true"/>
	<concept concept_id="1595" retired="0" datatype_id="4" class_id="2" is_set="0" creator="1" date_created="2008-05-09 20:28:46.0" version="" changed_by="1" retired_by="1" uuid="1595AAAAAAAAAAAAAAAAAAAAAAAAAAAAAAAA"/>
	<concept_name concept_id="1595" name="REPLACEMENT FEEDING" locale="en" creator="1" date_created="2008-05-09 20:28:46.0" concept_name_id="1872" voided="0" voided_by="1" uuid="1872BBBBBBBBBBBBBBBBBBBBBBBBBBBBBBBB" concept_name_type="FULLY_SPECIFIED" locale_preferred="true"/>
	<concept concept_id="76488" retired="0" datatype_id="4" class_id="3" is_set="0" creator="1" date_created="2006-12-17 00:00:00.0" version="" changed_by="1" date_changed="2013-07-31 02:44:31.0" retired_by="1" uuid="76488AAAAAAAAAAAAAAAAAAAAAAAAAAAAAAA"/>
	<concept_name concept_id="76488" name="FLUCONAZOLE" locale="en" creator="1" date_created="2006-12-17 00:00:00.0" concept_name_id="5600" voided="0" voided_by="1" uuid="5600BBBBBBBBBBBBBBBBBBBBBBBBBBBBBBBB" concept_name_type="FULLY_SPECIFIED" locale_preferred="true"/>
	<concept_name concept_id="76488" name="Diflucan One" locale="en" creator="1" date_created="2007-10-18 09:35:54.0" concept_name_id="90726" voided="0" voided_by="1" void_reason="" uuid="90726BBBBBBBBBBBBBBBBBBBBBBBBBBBBBBB" locale_preferred="false"/>
	<concept_name concept_id="76488" name="Fluconazale" locale="en" creator="1" date_created="2007-10-18 09:35:54.0" concept_name_id="92046" voided="0" voided_by="1" void_reason="" uuid="92046BBBBBBBBBBBBBBBBBBBBBBBBBBBBBBB" locale_preferred="false"/>
	<concept_name concept_id="76488" name="Diflucan" locale="en" creator="1" date_created="2007-10-18 09:35:54.0" concept_name_id="90725" voided="0" voided_by="1" void_reason="" uuid="90725BBBBBBBBBBBBBBBBBBBBBBBBBBBBBBB" locale_preferred="false"/>
	<concept concept_id="5624" retired="0" datatype_id="1" class_id="7" is_set="0" creator="1" date_created="2004-08-12 00:00:00.0" version="" changed_by="1" date_changed="2013-01-11 13:34:54.0" retired_by="1" uuid="5624AAAAAAAAAAAAAAAAAAAAAAAAAAAAAAAA"/>
	<concept_numeric concept_id="5624" units="" precise="0"/>
	<concept_name concept_id="5624" name="Number of previous pregnancies (including current if applicable)" locale="en" creator="1" date_created="2013-01-11 13:34:54.0" concept_name_id="111163" voided="0" voided_by="1" uuid="111163BBBBBBBBBBBBBBBBBBBBBBBBBBBBBB" locale_preferred="false"/>
	<concept_name concept_id="5624" name="Number of times pregnant" locale="en" creator="1" date_created="2005-01-06 00:00:00.0" concept_name_id="98999" voided="0" voided_by="1" void_reason="" uuid="98999BBBBBBBBBBBBBBBBBBBBBBBBBBBBBBB" locale_preferred="false"/>
	<concept_name concept_id="5624" name="Gravida" locale="en" creator="1" date_created="2004-08-12 00:00:00.0" concept_name_id="2763" voided="0" voided_by="1" uuid="2763BBBBBBBBBBBBBBBBBBBBBBBBBBBBBBBB" concept_name_type="FULLY_SPECIFIED" locale_preferred="true"/>
	<concept concept_id="160631" retired="0" datatype_id="4" class_id="18" is_set="0" creator="2" date_created="2012-06-23 17:33:42.0" changed_by="2" date_changed="2013-09-18 16:17:58.0" uuid="160631AAAAAAAAAAAAAAAAAAAAAAAAAAAAAA"/>
	<concept_name concept_id="160631" name="HIV Program" locale="en" creator="2" date_created="2012-06-23 17:33:42.0" concept_name_id="109079" voided="0" uuid="109079BBBBBBBBBBBBBBBBBBBBBBBBBBBBBB" concept_name_type="FULLY_SPECIFIED" locale_preferred="true"/>
	<concept concept_id="844" retired="0" datatype_id="2" class_id="1" is_set="0" creator="1" date_created="2004-05-05 00:00:00.0" version="0.1" changed_by="1" date_changed="2010-12-21 14:35:44.0" retired_by="1" uuid="844AAAAAAAAAAAAAAAAAAAAAAAAAAAAAAAAA"/>
	<concept_name concept_id="844" name="DNA PCR" locale="en" creator="1" date_created="2004-12-02 00:00:00.0" concept_name_id="90888" voided="0" voided_by="1" uuid="90888BBBBBBBBBBBBBBBBBBBBBBBBBBBBBBB" locale_preferred="false"/>
	<concept_name concept_id="844" name="HIV DNA POLYMERASE CHAIN REACTION" locale="en" creator="1" date_created="2004-05-05 00:00:00.0" concept_name_id="884" voided="0" voided_by="1" uuid="884BBBBBBBBBBBBBBBBBBBBBBBBBBBBBBBBB" concept_name_type="FULLY_SPECIFIED" locale_preferred="true"/>
	<concept_name concept_id="844" name="HIV DNA PCR" locale="en" creator="1" date_created="2004-05-05 00:00:00.0" concept_name_id="86730" voided="0" voided_by="1" uuid="86730BBBBBBBBBBBBBBBBBBBBBBBBBBBBBBB" concept_name_type="SHORT" locale_preferred="false"/>
	<concept_name concept_id="844" name="HIV DNA PCR" locale="en" creator="1" date_created="2004-12-02 00:00:00.0" concept_name_id="92894" voided="0" voided_by="1" uuid="92894BBBBBBBBBBBBBBBBBBBBBBBBBBBBBBB" locale_preferred="false"/>
	<concept_answer concept_answer_id="960" concept_id="844" answer_concept="1301" creator="1" date_created="2006-06-05 17:04:42.0" uuid="960CCCCCCCCCCCCCCCCCCCCCCCCCCCCCCCCC" sort_weight="960.0"/>
	<concept_answer concept_answer_id="961" concept_id="844" answer_concept="1302" creator="1" date_created="2006-06-05 17:06:49.0" uuid="961CCCCCCCCCCCCCCCCCCCCCCCCCCCCCCCCC" sort_weight="961.0"/>
	<concept_answer concept_answer_id="962" concept_id="844" answer_concept="1300" creator="1" date_created="2006-06-05 17:06:49.0" uuid="962CCCCCCCCCCCCCCCCCCCCCCCCCCCCCCCCC" sort_weight="962.0"/>
	<concept_answer concept_answer_id="963" concept_id="844" answer_concept="1303" creator="1" date_created="2006-06-05 17:06:49.0" uuid="963CCCCCCCCCCCCCCCCCCCCCCCCCCCCCCCCC" sort_weight="963.0"/>
	<concept_answer concept_answer_id="964" concept_id="844" answer_concept="1304" creator="1" date_created="2006-06-05 17:06:49.0" uuid="964CCCCCCCCCCCCCCCCCCCCCCCCCCCCCCCCC" sort_weight="964.0"/>
	<concept concept_id="1301" retired="0" datatype_id="4" class_id="11" is_set="0" creator="1" date_created="2006-06-05 16:55:42.0" version="0.1" changed_by="1" date_changed="2010-12-23 18:54:18.0" retired_by="1" uuid="1301AAAAAAAAAAAAAAAAAAAAAAAAAAAAAAAA"/>
	<concept_name concept_id="1301" name="DETECTED" locale="en" creator="1" date_created="2006-06-05 16:55:42.0" concept_name_id="1388" voided="0" voided_by="1" uuid="1388BBBBBBBBBBBBBBBBBBBBBBBBBBBBBBBB" concept_name_type="FULLY_SPECIFIED" locale_preferred="true"/>
	<concept concept_id="1302" retired="0" datatype_id="4" class_id="11" is_set="0" creator="1" date_created="2006-06-05 16:56:49.0" version="0.1" changed_by="1" date_changed="2010-12-23 18:58:12.0" retired_by="1" uuid="1302AAAAAAAAAAAAAAAAAAAAAAAAAAAAAAAA"/>
	<concept_name concept_id="1302" name="NOT DETECTED" locale="en" creator="1" date_created="2006-06-05 16:56:49.0" concept_name_id="1389" voided="0" voided_by="1" uuid="1389BBBBBBBBBBBBBBBBBBBBBBBBBBBBBBBB" concept_name_type="FULLY_SPECIFIED" locale_preferred="true"/>
	<concept concept_id="1300" retired="0" datatype_id="4" class_id="11" is_set="0" creator="1" date_created="2006-06-05 16:54:12.0" version="0.1" changed_by="1" date_changed="2010-12-23 18:33:25.0" retired_by="1" uuid="1300AAAAAAAAAAAAAAAAAAAAAAAAAAAAAAAA"/>
	<concept_name concept_id="1300" name="EQUIVOCAL" locale="en" creator="1" date_created="2006-06-05 16:54:12.0" concept_name_id="1387" voided="0" voided_by="1" uuid="1387BBBBBBBBBBBBBBBBBBBBBBBBBBBBBBBB" concept_name_type="FULLY_SPECIFIED" locale_preferred="true"/>
	<concept concept_id="1303" retired="0" datatype_id="4" class_id="11" is_set="0" creator="1" date_created="2006-06-05 16:58:56.0" version="0.1" changed_by="1" date_changed="2011-02-04 15:21:12.0" retired_by="1" uuid="1303AAAAAAAAAAAAAAAAAAAAAAAAAAAAAAAA"/>
	<concept_name concept_id="1303" name="INHIBITORY" locale="en" creator="1" date_created="2006-06-05 16:58:56.0" concept_name_id="1390" voided="0" voided_by="1" uuid="1390BBBBBBBBBBBBBBBBBBBBBBBBBBBBBBBB" concept_name_type="FULLY_SPECIFIED" locale_preferred="true"/>
	<concept concept_id="1304" retired="0" datatype_id="4" class_id="11" is_set="0" creator="1" date_created="2006-06-05 17:03:19.0" version="" changed_by="1" date_changed="2011-02-04 15:24:01.0" retired_by="1" uuid="1304AAAAAAAAAAAAAAAAAAAAAAAAAAAAAAAA"/>
	<concept_name concept_id="1304" name="PSQ" locale="en" creator="1" date_created="2006-06-05 17:03:19.0" concept_name_id="86785" voided="0" voided_by="1" uuid="86785BBBBBBBBBBBBBBBBBBBBBBBBBBBBBBB" concept_name_type="SHORT" locale_preferred="false"/>
	<concept_name concept_id="1304" name="POOR SAMPLE QUALITY" locale="en" creator="1" date_created="2006-06-05 17:03:19.0" concept_name_id="1391" voided="0" voided_by="1" uuid="1391BBBBBBBBBBBBBBBBBBBBBBBBBBBBBBBB" concept_name_type="FULLY_SPECIFIED" locale_preferred="true"/>
	<concept_name concept_id="1304" name="PSQ" locale="en" creator="1" date_created="2006-06-05 17:03:19.0" concept_name_id="97068" voided="0" voided_by="1" uuid="97068BBBBBBBBBBBBBBBBBBBBBBBBBBBBBBB" locale_preferred="false"/>
	<concept concept_id="1040" retired="0" datatype_id="2" class_id="1" is_set="0" creator="1" date_created="2004-12-02 00:00:00.0" version="0.1" changed_by="1" date_changed="2013-01-16 20:35:07.0" retired_by="1" uuid="1040AAAAAAAAAAAAAAAAAAAAAAAAAAAAAAAA"/>
	<concept_name concept_id="1040" name="Human immunodeficiency virus antibody, spot test" locale="en" creator="1" date_created="2012-12-28 18:05:31.0" concept_name_id="111031" voided="0" voided_by="1" void_reason="" uuid="111031BBBBBBBBBBBBBBBBBBBBBBBBBBBBBB" locale_preferred="false"/>
	<concept_name concept_id="1040" name="HIV RAPID TEST 1, QUALITATIVE" locale="en" creator="1" date_created="2004-12-02 00:00:00.0" concept_name_id="1095" voided="0" voided_by="1" uuid="1095BBBBBBBBBBBBBBBBBBBBBBBBBBBBBBBB" concept_name_type="FULLY_SPECIFIED" locale_preferred="true"/>
	<concept_name concept_id="1040" name="HIV RAPID 1 QUAL" locale="en" creator="1" date_created="2004-12-02 00:00:00.0" concept_name_id="86770" voided="0" voided_by="1" uuid="86770BBBBBBBBBBBBBBBBBBBBBBBBBBBBBBB" concept_name_type="SHORT" locale_preferred="false"/>
	<concept_answer concept_answer_id="52" concept_id="1040" answer_concept="664" creator="1" date_created="2005-01-26 00:00:00.0" uuid="52CCCCCCCCCCCCCCCCCCCCCCCCCCCCCCCCCC" sort_weight="52.0"/>
	<concept_answer concept_answer_id="53" concept_id="1040" answer_concept="703" creator="1" date_created="2005-01-26 00:00:00.0" uuid="53CCCCCCCCCCCCCCCCCCCCCCCCCCCCCCCCCC" sort_weight="53.0"/>
	<concept_answer concept_answer_id="985" concept_id="1040" answer_concept="1304" creator="1" date_created="2006-06-06 15:42:26.0" uuid="985CCCCCCCCCCCCCCCCCCCCCCCCCCCCCCCCC" sort_weight="985.0"/>
	<concept concept_id="664" retired="0" datatype_id="4" class_id="11" is_set="0" creator="1" date_created="2004-01-01 00:00:00.0" version="" changed_by="1" date_changed="2012-08-10 19:14:26.0" retired_by="1" uuid="664AAAAAAAAAAAAAAAAAAAAAAAAAAAAAAAAA"/>
	<concept_name concept_id="664" name="NEGATIVE" locale="en" creator="1" date_created="2004-01-01 00:00:00.0" concept_name_id="696" voided="0" voided_by="1" uuid="696BBBBBBBBBBBBBBBBBBBBBBBBBBBBBBBBB" concept_name_type="FULLY_SPECIFIED" locale_preferred="true"/>
	<concept_name concept_id="664" name="-" locale="en" creator="1" date_created="2004-12-02 00:00:00.0" concept_name_id="87080" voided="0" voided_by="1" void_reason="" uuid="87080BBBBBBBBBBBBBBBBBBBBBBBBBBBBBBB" locale_preferred="false"/>
	<concept_name concept_id="664" name="(-)" locale="en" creator="1" date_created="2004-12-02 00:00:00.0" concept_name_id="87074" voided="0" voided_by="1" void_reason="" uuid="87074BBBBBBBBBBBBBBBBBBBBBBBBBBBBBBB" locale_preferred="false"/>
	<concept_name concept_id="664" name="NEG" locale="en" creator="1" date_created="2004-10-20 00:00:00.0" concept_name_id="95210" voided="0" voided_by="1" void_reason="" uuid="95210BBBBBBBBBBBBBBBBBBBBBBBBBBBBBBB" locale_preferred="false"/>
	<concept concept_id="703" retired="0" datatype_id="4" class_id="11" is_set="0" creator="1" date_created="2004-01-01 00:00:00.0" version="" changed_by="1" date_changed="2012-08-10 19:13:43.0" retired_by="1" uuid="703AAAAAAAAAAAAAAAAAAAAAAAAAAAAAAAAA"/>
	<concept_name concept_id="703" name="POSITIVE" locale="en" creator="1" date_created="2004-01-01 00:00:00.0" concept_name_id="737" voided="0" voided_by="1" uuid="737BBBBBBBBBBBBBBBBBBBBBBBBBBBBBBBBB" concept_name_type="FULLY_SPECIFIED" locale_preferred="true"/>
	<concept_name concept_id="703" name="POS" locale="en" creator="1" date_created="2004-10-20 00:00:00.0" concept_name_id="96670" voided="0" voided_by="1" void_reason="" uuid="96670BBBBBBBBBBBBBBBBBBBBBBBBBBBBBBB" locale_preferred="false"/>
	<concept_name concept_id="703" name="(+)" locale="en" creator="1" date_created="2004-12-02 00:00:00.0" concept_name_id="87073" voided="0" voided_by="1" void_reason="" uuid="87073BBBBBBBBBBBBBBBBBBBBBBBBBBBBBBB" locale_preferred="false"/>
	<concept_name concept_id="703" name="+" locale="en" creator="1" date_created="2004-12-02 00:00:00.0" concept_name_id="87075" voided="0" voided_by="1" void_reason="" uuid="87075BBBBBBBBBBBBBBBBBBBBBBBBBBBBBBB" locale_preferred="false"/>
	<concept concept_id="1326" retired="0" datatype_id="2" class_id="1" is_set="0" creator="1" date_created="2006-06-07 13:35:57.0" version="0.1" changed_by="1" date_changed="2010-12-23 20:15:29.0" retired_by="1" uuid="1326AAAAAAAAAAAAAAAAAAAAAAAAAAAAAAAA"/>
	<concept_name concept_id="1326" name="HIV RAPID 2 QUAL" locale="en" creator="1" date_created="2006-06-07 13:35:57.0" concept_name_id="86798" voided="0" voided_by="1" uuid="86798BBBBBBBBBBBBBBBBBBBBBBBBBBBBBBB" concept_name_type="SHORT" locale_preferred="false"/>
	<concept_name concept_id="1326" name="HIV RAPID TEST 2, QUALITATIVE" locale="en" creator="1" date_created="2006-06-07 13:35:57.0" concept_name_id="1415" voided="0" voided_by="1" uuid="1415BBBBBBBBBBBBBBBBBBBBBBBBBBBBBBBB" concept_name_type="FULLY_SPECIFIED" locale_preferred="true"/>
	<concept_answer concept_answer_id="1014" concept_id="1326" answer_concept="703" creator="1" date_created="2006-06-07 13:36:30.0" uuid="1014CCCCCCCCCCCCCCCCCCCCCCCCCCCCCCCC" sort_weight="1014.0"/>
	<concept_answer concept_answer_id="1015" concept_id="1326" answer_concept="664" creator="1" date_created="2006-06-07 13:36:30.0" uuid="1015CCCCCCCCCCCCCCCCCCCCCCCCCCCCCCCC" sort_weight="1015.0"/>
	<concept_answer concept_answer_id="1016" concept_id="1326" answer_concept="1304" creator="1" date_created="2006-06-07 13:36:30.0" uuid="1016CCCCCCCCCCCCCCCCCCCCCCCCCCCCCCCC" sort_weight="1016.0"/>
	<concept concept_id="159427" retired="0" datatype_id="2" class_id="5" is_set="0" creator="1" date_created="2010-08-25 19:13:10.0" version="" changed_by="1" date_changed="2011-02-12 19:51:58.0" retired_by="1" uuid="159427AAAAAAAAAAAAAAAAAAAAAAAAAAAAAA"/>
	<concept_name concept_id="159427" name="Result of HIV test" locale="en" creator="1" date_created="2010-08-25 19:13:10.0" concept_name_id="106513" voided="0" voided_by="1" uuid="106513BBBBBBBBBBBBBBBBBBBBBBBBBBBBBB" concept_name_type="FULLY_SPECIFIED" locale_preferred="true"/>
	<concept_answer concept_answer_id="2239" concept_id="159427" answer_concept="1138" creator="1" date_created="2010-08-25 19:30:37.0" uuid="2239CCCCCCCCCCCCCCCCCCCCCCCCCCCCCCCC" sort_weight="2239.0"/>
	<concept_answer concept_answer_id="2240" concept_id="159427" answer_concept="664" creator="1" date_created="2010-08-25 19:30:37.0" uuid="2240CCCCCCCCCCCCCCCCCCCCCCCCCCCCCCCC" sort_weight="2240.0"/>
	<concept_answer concept_answer_id="2241" concept_id="159427" answer_concept="703" creator="1" date_created="2010-08-25 19:30:37.0" uuid="2241CCCCCCCCCCCCCCCCCCCCCCCCCCCCCCCC" sort_weight="2241.0"/>
	<concept concept_id="1138" retired="0" datatype_id="4" class_id="11" is_set="0" creator="1" date_created="2005-01-26 00:00:00.0" version="" changed_by="1" date_changed="2012-08-10 19:24:58.0" retired_by="1" uuid="1138AAAAAAAAAAAAAAAAAAAAAAAAAAAAAAAA"/>
	<concept_name concept_id="1138" name="INDETERMINATE" locale="en" creator="1" date_created="2005-01-26 00:00:00.0" concept_name_id="1213" voided="0" voided_by="1" uuid="1213BBBBBBBBBBBBBBBBBBBBBBBBBBBBBBBB" concept_name_type="FULLY_SPECIFIED" locale_preferred="true"/>
	<concept concept_id="1427" retired="0" datatype_id="6" class_id="5" is_set="0" creator="1" date_created="2006-12-17 11:45:06.0" version="" changed_by="1" date_changed="2013-01-10 17:33:19.0" retired_by="1" uuid="1427AAAAAAAAAAAAAAAAAAAAAAAAAAAAAAAA"/>
	<concept_name concept_id="1427" name="LAST MENSTRUAL PERIOD" locale="en" creator="1" date_created="2006-12-17 11:45:06.0" concept_name_id="1596" voided="0" voided_by="1" uuid="1596BBBBBBBBBBBBBBBBBBBBBBBBBBBBBBBB" concept_name_type="FULLY_SPECIFIED" locale_preferred="true"/>
	<concept_name concept_id="1427" name="Date of last menstrual period" locale="en" creator="1" date_created="2012-05-26 03:26:18.0" concept_name_id="108613" voided="0" voided_by="1" void_reason="" uuid="108613BBBBBBBBBBBBBBBBBBBBBBBBBBBBBB" locale_preferred="false"/>
	<concept_name concept_id="1427" name="LMP" locale="en" creator="1" date_created="2006-12-17 11:45:06.0" concept_name_id="94079" voided="0" voided_by="1" void_reason="" uuid="94079BBBBBBBBBBBBBBBBBBBBBBBBBBBBBBB" locale_preferred="false"/>
	<concept_name concept_id="1427" name="LMP" locale="en" creator="1" date_created="2006-12-17 11:45:06.0" concept_name_id="86882" voided="0" voided_by="1" uuid="86882BBBBBBBBBBBBBBBBBBBBBBBBBBBBBBB" concept_name_type="SHORT" locale_preferred="false"/>
	<concept concept_id="159715" retired="0" datatype_id="4" class_id="11" is_set="0" creator="1" date_created="2010-11-05 19:27:23.0" version="" changed_by="1" date_changed="2012-06-11 19:39:02.0" retired_by="1" uuid="159715AAAAAAAAAAAAAAAAAAAAAAAAAAAAAA"/>
	<concept_name concept_id="159715" name="Polygamous" locale="en" creator="1" date_created="2010-11-05 19:27:23.0" concept_name_id="107140" voided="0" voided_by="1" uuid="107140BBBBBBBBBBBBBBBBBBBBBBBBBBBBBB" concept_name_type="FULLY_SPECIFIED" locale_preferred="true"/>
	<concept_name concept_id="159715" name="Married polygamous" locale="en" creator="1" date_created="2012-06-11 19:39:01.0" concept_name_id="108845" voided="0" voided_by="1" uuid="108845BBBBBBBBBBBBBBBBBBBBBBBBBBBBBB" locale_preferred="false"/>
	<concept concept_id="159937" retired="0" datatype_id="4" class_id="11" is_set="0" creator="2" date_created="2010-11-30 16:20:14.0" changed_by="2" date_changed="2013-09-18 16:17:58.0" uuid="159937AAAAAAAAAAAAAAAAAAAAAAAAAAAAAA"/>
	<concept_name concept_id="159937" name="MCH program" locale="en" creator="2" date_created="2010-11-30 16:20:14.0" concept_name_id="107483" voided="0" uuid="107483BBBBBBBBBBBBBBBBBBBBBBBBBBBBBB" concept_name_type="SHORT" locale_preferred="false"/>
	<concept_name concept_id="159937" name="maternal and child health program" locale="en" creator="2" date_created="2010-11-30 16:20:14.0" concept_name_id="107484" voided="0" uuid="107484BBBBBBBBBBBBBBBBBBBBBBBBBBBBBB" concept_name_type="FULLY_SPECIFIED" locale_preferred="true"/>
	<concept concept_id="1282" retired="0" datatype_id="2" class_id="11" is_set="0" creator="1" date_created="2005-02-24 12:02:35.0" version="" changed_by="1" date_changed="2013-03-09 23:59:41.0" retired_by="1" uuid="1282AAAAAAAAAAAAAAAAAAAAAAAAAAAAAAAA"/>
	<concept_name concept_id="1282" name="Medication orders" locale="en" creator="1" date_created="2005-02-24 12:02:35.0" concept_name_id="1365" voided="0" voided_by="1" uuid="1365BBBBBBBBBBBBBBBBBBBBBBBBBBBBBBBB" concept_name_type="FULLY_SPECIFIED" locale_preferred="true"/>
	<concept_name concept_id="1282" name="Medication(s) name" locale="en" creator="1" date_created="2012-07-05 17:19:48.0" concept_name_id="109279" voided="0" voided_by="1" void_reason="" uuid="109279BBBBBBBBBBBBBBBBBBBBBBBBBBBBBB" locale_preferred="false"/>
	<concept concept_id="160540" retired="0" datatype_id="2" class_id="7" is_set="0" creator="1" date_created="2012-06-14 16:08:33.0" version="" changed_by="1" date_changed="2012-11-21 03:19:46.0" retired_by="1" uuid="160540AAAAAAAAAAAAAAAAAAAAAAAAAAAAAA"/>
	<concept_name concept_id="160540" name="Method of enrollment" locale="en" creator="1" date_created="2012-06-14 16:08:33.0" concept_name_id="108875" voided="0" voided_by="1" uuid="108875BBBBBBBBBBBBBBBBBBBBBBBBBBBBBB" concept_name_type="FULLY_SPECIFIED" locale_preferred="true"/>
	<concept_name concept_id="160540" name="Care entry point" locale="en" creator="1" date_created="2012-06-14 16:08:33.0" concept_name_id="108874" voided="0" voided_by="1" void_reason="" uuid="108874BBBBBBBBBBBBBBBBBBBBBBBBBBBBBB" locale_preferred="false"/>
	<concept_answer concept_answer_id="3672" concept_id="160540" answer_concept="160539" creator="1" date_created="2012-06-14 16:09:55.0" uuid="3672CCCCCCCCCCCCCCCCCCCCCCCCCCCCCCCC" sort_weight="3672.0"/>
	<concept_answer concept_answer_id="3673" concept_id="160540" answer_concept="160538" creator="1" date_created="2012-06-14 16:09:55.0" uuid="3673CCCCCCCCCCCCCCCCCCCCCCCCCCCCCCCC" sort_weight="3673.0"/>
	<concept_answer concept_answer_id="3674" concept_id="160540" answer_concept="160537" creator="1" date_created="2012-06-14 16:09:55.0" uuid="3674CCCCCCCCCCCCCCCCCCCCCCCCCCCCCCCC" sort_weight="3674.0"/>
	<concept_answer concept_answer_id="3675" concept_id="160540" answer_concept="160536" creator="1" date_created="2012-06-14 16:09:55.0" uuid="3675CCCCCCCCCCCCCCCCCCCCCCCCCCCCCCCC" sort_weight="3675.0"/>
	<concept_answer concept_answer_id="3706" concept_id="160540" answer_concept="160542" creator="1" date_created="2012-06-14 23:14:41.0" uuid="3706CCCCCCCCCCCCCCCCCCCCCCCCCCCCCCCC" sort_weight="3706.0"/>
	<concept_answer concept_answer_id="3707" concept_id="160540" answer_concept="160541" creator="1" date_created="2012-06-14 23:14:41.0" uuid="3707CCCCCCCCCCCCCCCCCCCCCCCCCCCCCCCC" sort_weight="3707.0"/>
	<concept_answer concept_answer_id="3708" concept_id="160540" answer_concept="160543" creator="1" date_created="2012-06-14 23:14:41.0" uuid="3708CCCCCCCCCCCCCCCCCCCCCCCCCCCCCCCC" sort_weight="3708.0"/>
	<concept_answer concept_answer_id="3709" concept_id="160540" answer_concept="160544" creator="1" date_created="2012-06-14 23:14:41.0" uuid="3709CCCCCCCCCCCCCCCCCCCCCCCCCCCCCCCC" sort_weight="3709.0"/>
	<concept_answer concept_answer_id="3710" concept_id="160540" answer_concept="160545" creator="1" date_created="2012-06-14 23:14:41.0" uuid="3710CCCCCCCCCCCCCCCCCCCCCCCCCCCCCCCC" sort_weight="3710.0"/>
	<concept_answer concept_answer_id="3711" concept_id="160540" answer_concept="160546" creator="1" date_created="2012-06-14 23:14:41.0" uuid="3711CCCCCCCCCCCCCCCCCCCCCCCCCCCCCCCC" sort_weight="3711.0"/>
	<concept_answer concept_answer_id="3712" concept_id="160540" answer_concept="160547" creator="1" date_created="2012-06-14 23:14:41.0" uuid="3712CCCCCCCCCCCCCCCCCCCCCCCCCCCCCCCC" sort_weight="3712.0"/>
	<concept_answer concept_answer_id="3713" concept_id="160540" answer_concept="160548" creator="1" date_created="2012-06-14 23:14:41.0" uuid="3713CCCCCCCCCCCCCCCCCCCCCCCCCCCCCCCC" sort_weight="3713.0"/>
	<concept_answer concept_answer_id="3714" concept_id="160540" answer_concept="160549" creator="1" date_created="2012-06-14 23:14:41.0" uuid="3714CCCCCCCCCCCCCCCCCCCCCCCCCCCCCCCC" sort_weight="3714.0"/>
	<concept_answer concept_answer_id="3715" concept_id="160540" answer_concept="160550" creator="1" date_created="2012-06-14 23:14:41.0" uuid="3715CCCCCCCCCCCCCCCCCCCCCCCCCCCCCCCC" sort_weight="3715.0"/>
	<concept_answer concept_answer_id="3716" concept_id="160540" answer_concept="160551" creator="1" date_created="2012-06-14 23:14:41.0" uuid="3716CCCCCCCCCCCCCCCCCCCCCCCCCCCCCCCC" sort_weight="3716.0"/>
	<concept_answer concept_answer_id="3717" concept_id="160540" answer_concept="160552" creator="1" date_created="2012-06-14 23:14:41.0" uuid="3717CCCCCCCCCCCCCCCCCCCCCCCCCCCCCCCC" sort_weight="3717.0"/>
	<concept_answer concept_answer_id="3718" concept_id="160540" answer_concept="5622" creator="1" date_created="2012-06-14 23:14:41.0" uuid="3718CCCCCCCCCCCCCCCCCCCCCCCCCCCCCCCC" sort_weight="3718.0"/>
	<concept_answer concept_answer_id="3719" concept_id="160540" answer_concept="160564" creator="1" date_created="2012-06-14 23:14:41.0" uuid="3719CCCCCCCCCCCCCCCCCCCCCCCCCCCCCCCC" sort_weight="3719.0"/>
	<concept_answer concept_answer_id="4462" concept_id="160540" answer_concept="161359" creator="1" date_created="2012-11-21 03:19:46.0" uuid="4462CCCCCCCCCCCCCCCCCCCCCCCCCCCCCCCC" sort_weight="4462.0"/>
	<concept concept_id="160539" retired="0" datatype_id="4" class_id="11" is_set="0" creator="1" date_created="2012-06-12 02:24:00.0" version="" changed_by="1" date_changed="2012-06-23 14:53:09.0" retired_by="1" uuid="160539AAAAAAAAAAAAAAAAAAAAAAAAAAAAAA"/>
	<concept_name concept_id="160539" name="Voluntary counseling and testing program" locale="en" creator="1" date_created="2012-06-12 02:24:00.0" concept_name_id="108859" voided="0" voided_by="1" uuid="108859BBBBBBBBBBBBBBBBBBBBBBBBBBBBBB" concept_name_type="FULLY_SPECIFIED" locale_preferred="true"/>
	<concept_name concept_id="160539" name="VCT Program" locale="en" creator="1" date_created="2012-06-12 02:24:00.0" concept_name_id="108860" voided="0" voided_by="1" uuid="108860BBBBBBBBBBBBBBBBBBBBBBBBBBBBBB" concept_name_type="SHORT" locale_preferred="false"/>
	<concept concept_id="160538" retired="0" datatype_id="4" class_id="11" is_set="0" creator="1" date_created="2012-06-12 02:22:39.0" version="" changed_by="1" date_changed="2012-06-23 14:52:19.0" retired_by="1" uuid="160538AAAAAAAAAAAAAAAAAAAAAAAAAAAAAA"/>
	<concept_name concept_id="160538" name="Prevention of maternal to child transmission program" locale="en" creator="1" date_created="2012-06-12 02:22:39.0" concept_name_id="108858" voided="0" voided_by="1" uuid="108858BBBBBBBBBBBBBBBBBBBBBBBBBBBBBB" concept_name_type="FULLY_SPECIFIED" locale_preferred="true"/>
	<concept_name concept_id="160538" name="PMTCT Program" locale="en" creator="1" date_created="2012-06-12 02:24:26.0" concept_name_id="108861" voided="0" voided_by="1" uuid="108861BBBBBBBBBBBBBBBBBBBBBBBBBBBBBB" concept_name_type="SHORT" locale_preferred="false"/>
	<concept concept_id="160537" retired="0" datatype_id="4" class_id="11" is_set="0" creator="1" date_created="2012-06-12 02:20:21.0" version="" changed_by="1" retired_by="1" uuid="160537AAAAAAAAAAAAAAAAAAAAAAAAAAAAAA"/>
	<concept_name concept_id="160537" name="Pediatric inpatient service" locale="en" creator="1" date_created="2012-06-12 02:20:21.0" concept_name_id="108857" voided="0" voided_by="1" uuid="108857BBBBBBBBBBBBBBBBBBBBBBBBBBBBBB" concept_name_type="FULLY_SPECIFIED" locale_preferred="true"/>
	<concept concept_id="160542" retired="0" datatype_id="4" class_id="11" is_set="0" creator="1" date_created="2012-06-14 16:19:47.0" version="" changed_by="1" date_changed="2012-06-24 15:41:09.0" retired_by="1" uuid="160542AAAAAAAAAAAAAAAAAAAAAAAAAAAAAA"/>
	<concept_name concept_id="160542" name="Outpatient department" locale="en" creator="1" date_created="2012-06-14 16:19:47.0" concept_name_id="108879" voided="0" voided_by="1" uuid="108879BBBBBBBBBBBBBBBBBBBBBBBBBBBBBB" concept_name_type="FULLY_SPECIFIED" locale_preferred="true"/>
	<concept_name concept_id="160542" name="OPD (outpatient department)" locale="en" creator="1" date_created="2012-06-14 16:19:47.0" concept_name_id="108878" voided="0" voided_by="1" void_reason="" uuid="108878BBBBBBBBBBBBBBBBBBBBBBBBBBBBBB" locale_preferred="false"/>
	<concept concept_id="160541" retired="0" datatype_id="4" class_id="11" is_set="0" creator="2" date_created="2012-06-14 19:17:34.0" changed_by="2" date_changed="2013-09-18 16:17:58.0" uuid="160541AAAAAAAAAAAAAAAAAAAAAAAAAAAAAA"/>
	<concept_name concept_id="160541" name="Tuberculosis treatment program" locale="en" creator="2" date_created="2012-06-14 19:17:34.0" concept_name_id="108876" voided="0" uuid="108876BBBBBBBBBBBBBBBBBBBBBBBBBBBBBB" concept_name_type="FULLY_SPECIFIED" locale_preferred="true"/>
	<concept_name concept_id="160541" name="TB Program" locale="en" creator="2" date_created="2012-06-14 19:17:34.0" concept_name_id="108877" voided="0" uuid="108877BBBBBBBBBBBBBBBBBBBBBBBBBBBBBB" concept_name_type="SHORT" locale_preferred="false"/>
	<concept concept_id="160543" retired="0" datatype_id="4" class_id="11" is_set="0" creator="1" date_created="2012-06-14 16:21:45.0" version="" changed_by="1" date_changed="2012-06-15 14:15:14.0" retired_by="1" uuid="160543AAAAAAAAAAAAAAAAAAAAAAAAAAAAAA"/>
	<concept_name concept_id="160543" name="Community-based organization" locale="en" creator="1" date_created="2012-06-14 16:21:45.0" concept_name_id="108880" voided="0" voided_by="1" uuid="108880BBBBBBBBBBBBBBBBBBBBBBBBBBBBBB" concept_name_type="FULLY_SPECIFIED" locale_preferred="true"/>
	<concept concept_id="160544" retired="0" datatype_id="4" class_id="11" is_set="0" creator="1" date_created="2012-06-14 16:22:23.0" version="" changed_by="1" date_changed="2012-06-15 14:14:54.0" retired_by="1" uuid="160544AAAAAAAAAAAAAAAAAAAAAAAAAAAAAA"/>
	<concept_name concept_id="160544" name="Under five clinic" locale="en" creator="1" date_created="2012-06-14 16:22:23.0" concept_name_id="108881" voided="0" voided_by="1" uuid="108881BBBBBBBBBBBBBBBBBBBBBBBBBBBBBB" concept_name_type="FULLY_SPECIFIED" locale_preferred="true"/>
	<concept_name concept_id="160544" name="Under 5 clinic" locale="en" creator="1" date_created="2012-06-15 14:14:53.0" concept_name_id="108977" voided="0" voided_by="1" uuid="108977BBBBBBBBBBBBBBBBBBBBBBBBBBBBBB" locale_preferred="false"/>
	<concept concept_id="160545" retired="0" datatype_id="4" class_id="11" is_set="0" creator="1" date_created="2012-06-14 16:23:27.0" version="" changed_by="1" date_changed="2012-06-15 14:14:20.0" retired_by="1" uuid="160545AAAAAAAAAAAAAAAAAAAAAAAAAAAAAA"/>
	<concept_name concept_id="160545" name="Outreach program" locale="en" creator="1" date_created="2012-06-14 16:23:27.0" concept_name_id="108882" voided="0" voided_by="1" uuid="108882BBBBBBBBBBBBBBBBBBBBBBBBBBBBBB" concept_name_type="FULLY_SPECIFIED" locale_preferred="true"/>
	<concept concept_id="160546" retired="0" datatype_id="4" class_id="11" is_set="0" creator="1" date_created="2012-06-14 17:41:27.0" version="" changed_by="1" date_changed="2012-06-15 14:12:39.0" retired_by="1" uuid="160546AAAAAAAAAAAAAAAAAAAAAAAAAAAAAA"/>
	<concept_name concept_id="160546" name="Sexually transmitted infection (STI) program/clinic" locale="en" creator="1" date_created="2012-06-14 17:41:27.0" concept_name_id="108883" voided="0" voided_by="1" void_reason="" uuid="108883BBBBBBBBBBBBBBBBBBBBBBBBBBBBBB" locale_preferred="false"/>
	<concept_name concept_id="160546" name="Sexually transmitted infection program/clinic" locale="en" creator="1" date_created="2012-06-14 17:41:27.0" concept_name_id="108884" voided="0" voided_by="1" uuid="108884BBBBBBBBBBBBBBBBBBBBBBBBBBBBBB" concept_name_type="FULLY_SPECIFIED" locale_preferred="true"/>
	<concept_name concept_id="160546" name="Sexually transmitted disease (STD) program/clinic" locale="en" creator="1" date_created="2012-06-14 17:41:27.0" concept_name_id="108885" voided="0" voided_by="1" void_reason="" uuid="108885BBBBBBBBBBBBBBBBBBBBBBBBBBBBBB" locale_preferred="false"/>
	<concept concept_id="160547" retired="0" datatype_id="4" class_id="11" is_set="0" creator="1" date_created="2012-06-14 18:16:05.0" version="" changed_by="1" date_changed="2012-06-15 14:12:12.0" retired_by="1" uuid="160547AAAAAAAAAAAAAAAAAAAAAAAAAAAAAA"/>
	<concept_name concept_id="160547" name="Private company" locale="en" creator="1" date_created="2012-06-14 18:16:05.0" concept_name_id="108886" voided="0" voided_by="1" uuid="108886BBBBBBBBBBBBBBBBBBBBBBBBBBBBBB" concept_name_type="FULLY_SPECIFIED" locale_preferred="true"/>
	<concept concept_id="160548" retired="0" datatype_id="4" class_id="11" is_set="0" creator="1" date_created="2012-06-14 18:19:59.0" version="" changed_by="1" date_changed="2012-06-15 14:12:59.0" retired_by="1" uuid="160548AAAAAAAAAAAAAAAAAAAAAAAAAAAAAA"/>
	<concept_name concept_id="160548" name="IVDU outreach program" locale="en" creator="1" date_created="2012-06-14 18:19:59.0" concept_name_id="108887" voided="0" voided_by="1" void_reason="" uuid="108887BBBBBBBBBBBBBBBBBBBBBBBBBBBBBB" locale_preferred="false"/>
	<concept_name concept_id="160548" name="Intravenous venous drug user outreach program" locale="en" creator="1" date_created="2012-06-14 18:19:59.0" concept_name_id="108888" voided="0" voided_by="1" uuid="108888BBBBBBBBBBBBBBBBBBBBBBBBBBBBBB" concept_name_type="FULLY_SPECIFIED" locale_preferred="true"/>
	<concept concept_id="160549" retired="0" datatype_id="4" class_id="11" is_set="0" creator="1" date_created="2012-06-14 18:23:39.0" version="" changed_by="1" date_changed="2012-06-15 14:13:15.0" retired_by="1" uuid="160549AAAAAAAAAAAAAAAAAAAAAAAAAAAAAA"/>
	<concept_name concept_id="160549" name="Adolescent outreach program" locale="en" creator="1" date_created="2012-06-14 18:23:39.0" concept_name_id="108889" voided="0" voided_by="1" uuid="108889BBBBBBBBBBBBBBBBBBBBBBBBBBBBBB" concept_name_type="FULLY_SPECIFIED" locale_preferred="true"/>
	<concept concept_id="160550" retired="0" datatype_id="4" class_id="11" is_set="0" creator="1" date_created="2012-06-14 18:24:36.0" version="" changed_by="1" date_changed="2012-06-15 14:13:27.0" retired_by="1" uuid="160550AAAAAAAAAAAAAAAAAAAAAAAAAAAAAA"/>
	<concept_name concept_id="160550" name="Sex worker outreach program" locale="en" creator="1" date_created="2012-06-14 18:24:36.0" concept_name_id="108890" voided="0" voided_by="1" uuid="108890BBBBBBBBBBBBBBBBBBBBBBBBBBBBBB" concept_name_type="FULLY_SPECIFIED" locale_preferred="true"/>
	<concept concept_id="160551" retired="0" datatype_id="4" class_id="11" is_set="0" creator="1" date_created="2012-06-14 18:28:19.0" version="" changed_by="1" date_changed="2013-02-02 16:40:20.0" retired_by="1" uuid="160551AAAAAAAAAAAAAAAAAAAAAAAAAAAAAA"/>
	<concept_name concept_id="160551" name="Self-refer" locale="en" creator="1" date_created="2012-06-14 18:28:19.0" concept_name_id="108893" voided="0" voided_by="1" uuid="108893BBBBBBBBBBBBBBBBBBBBBBBBBBBBBB" concept_name_type="SHORT" locale_preferred="false"/>
	<concept_name concept_id="160551" name="Self-referred" locale="en" creator="1" date_created="2012-06-14 18:28:19.0" concept_name_id="108891" voided="0" voided_by="1" void_reason="" uuid="108891BBBBBBBBBBBBBBBBBBBBBBBBBBBBBB" locale_preferred="false"/>
	<concept_name concept_id="160551" name="Self-referral" locale="en" creator="1" date_created="2012-06-14 18:28:19.0" concept_name_id="108892" voided="0" voided_by="1" uuid="108892BBBBBBBBBBBBBBBBBBBBBBBBBBBBBB" concept_name_type="FULLY_SPECIFIED" locale_preferred="true"/>
	<concept concept_id="160552" retired="0" datatype_id="4" class_id="11" is_set="0" creator="1" date_created="2012-06-14 18:30:42.0" changed_by="1" date_changed="2013-09-17 17:31:47.0" uuid="160552AAAAAAAAAAAAAAAAAAAAAAAAAAAAAA"/>
	<concept_name concept_id="160552" name="Nutrition program" locale="en" creator="1" date_created="2012-06-14 18:30:42.0" concept_name_id="108894" voided="0" voided_by="1" uuid="108894BBBBBBBBBBBBBBBBBBBBBBBBBBBBBB" concept_name_type="FULLY_SPECIFIED" locale_preferred="true"/>
	<concept concept_id="160564" retired="0" datatype_id="4" class_id="11" is_set="0" creator="1" date_created="2012-06-14 23:07:48.0" version="" changed_by="1" retired_by="1" uuid="160564AAAAAAAAAAAAAAAAAAAAAAAAAAAAAA"/>
	<concept_name concept_id="160564" name="Vaccination service" locale="en" creator="1" date_created="2012-06-14 23:07:48.0" concept_name_id="108934" voided="0" voided_by="1" uuid="108934BBBBBBBBBBBBBBBBBBBBBBBBBBBBBB" concept_name_type="FULLY_SPECIFIED" locale_preferred="true"/>
	<concept_name concept_id="160564" name="Immunization service" locale="en" creator="1" date_created="2012-06-14 23:07:48.0" concept_name_id="108935" voided="0" voided_by="1" uuid="108935BBBBBBBBBBBBBBBBBBBBBBBBBBBBBB" locale_preferred="false"/>
	<concept concept_id="161359" retired="0" datatype_id="4" class_id="11" is_set="0" creator="1" date_created="2012-11-21 03:15:11.0" version="" changed_by="1" retired_by="1" uuid="161359AAAAAAAAAAAAAAAAAAAAAAAAAAAAAA"/>
	<concept_name concept_id="161359" name="Private home-based care" locale="en" creator="1" date_created="2012-11-21 03:15:11.0" concept_name_id="110776" voided="0" voided_by="1" uuid="110776BBBBBBBBBBBBBBBBBBBBBBBBBBBBBB" concept_name_type="FULLY_SPECIFIED" locale_preferred="true"/>
	<concept concept_id="374" retired="0" datatype_id="2" class_id="7" is_set="0" creator="1" date_created="2006-02-13 20:50:59.0" version="" changed_by="1" date_changed="2013-04-26 12:45:13.0" retired_by="1" uuid="374AAAAAAAAAAAAAAAAAAAAAAAAAAAAAAAAA"/>
	<concept_name concept_id="374" name="Method of birth control" locale="en" creator="1" date_created="2006-02-13 20:52:24.0" concept_name_id="94599" voided="0" voided_by="1" void_reason="" uuid="94599BBBBBBBBBBBBBBBBBBBBBBBBBBBBBBB" locale_preferred="false"/>
	<concept_name concept_id="374" name="Method of family planning" locale="en" creator="1" date_created="2006-02-13 20:50:59.0" concept_name_id="406" voided="0" voided_by="1" uuid="406BBBBBBBBBBBBBBBBBBBBBBBBBBBBBBBBB" concept_name_type="FULLY_SPECIFIED" locale_preferred="true"/>
	<concept_name concept_id="374" name="FP method" locale="en" creator="1" date_created="2013-04-26 12:44:36.0" concept_name_id="123683" voided="0" voided_by="1" void_reason="" uuid="123683BBBBBBBBBBBBBBBBBBBBBBBBBBBBBB" locale_preferred="false"/>
	<concept_answer concept_answer_id="719" concept_id="374" answer_concept="5279" creator="1" date_created="2006-02-13 20:52:24.0" uuid="719CCCCCCCCCCCCCCCCCCCCCCCCCCCCCCCCC" sort_weight="719.0"/>
	<concept_answer concept_answer_id="720" concept_id="374" answer_concept="5278" creator="1" date_created="2006-02-13 20:52:24.0" uuid="720CCCCCCCCCCCCCCCCCCCCCCCCCCCCCCCCC" sort_weight="720.0"/>
	<concept_answer concept_answer_id="721" concept_id="374" answer_concept="5275" creator="1" date_created="2006-02-13 20:52:24.0" uuid="721CCCCCCCCCCCCCCCCCCCCCCCCCCCCCCCCC" sort_weight="721.0"/>
	<concept_answer concept_answer_id="722" concept_id="374" answer_concept="5622" creator="1" date_created="2006-02-13 20:52:24.0" uuid="722CCCCCCCCCCCCCCCCCCCCCCCCCCCCCCCCC" sort_weight="722.0"/>
	<concept_answer concept_answer_id="723" concept_id="374" answer_concept="5276" creator="1" date_created="2006-02-13 20:52:24.0" uuid="723CCCCCCCCCCCCCCCCCCCCCCCCCCCCCCCCC" sort_weight="723.0"/>
	<concept_answer concept_answer_id="724" concept_id="374" answer_concept="190" creator="1" date_created="2006-02-13 20:52:24.0" uuid="724CCCCCCCCCCCCCCCCCCCCCCCCCCCCCCCCC" sort_weight="724.0"/>
	<concept_answer concept_answer_id="725" concept_id="374" answer_concept="780" creator="1" date_created="2006-02-13 20:52:24.0" uuid="725CCCCCCCCCCCCCCCCCCCCCCCCCCCCCCCCC" sort_weight="725.0"/>
	<concept_answer concept_answer_id="726" concept_id="374" answer_concept="5277" creator="1" date_created="2006-02-13 20:52:24.0" uuid="726CCCCCCCCCCCCCCCCCCCCCCCCCCCCCCCCC" sort_weight="726.0"/>
	<concept_answer concept_answer_id="2367" concept_id="374" answer_concept="159524" creator="1" date_created="2010-09-02 17:54:31.0" uuid="2367CCCCCCCCCCCCCCCCCCCCCCCCCCCCCCCC" sort_weight="2367.0"/>
	<concept_answer concept_answer_id="2368" concept_id="374" answer_concept="78796" creator="1" date_created="2010-09-02 17:54:31.0" uuid="2368CCCCCCCCCCCCCCCCCCCCCCCCCCCCCCCC" sort_weight="2368.0"/>
	<concept_answer concept_answer_id="2369" concept_id="374" answer_concept="1175" creator="1" date_created="2010-09-02 17:54:31.0" uuid="2369CCCCCCCCCCCCCCCCCCCCCCCCCCCCCCCC" sort_weight="2369.0"/>
	<concept_answer concept_answer_id="2370" concept_id="374" answer_concept="1472" creator="1" date_created="2010-09-02 17:54:31.0" uuid="2370CCCCCCCCCCCCCCCCCCCCCCCCCCCCCCCC" sort_weight="2370.0"/>
	<concept_answer concept_answer_id="2372" concept_id="374" answer_concept="907" creator="1" date_created="2010-09-02 17:54:31.0" uuid="2372CCCCCCCCCCCCCCCCCCCCCCCCCCCCCCCC" sort_weight="2372.0"/>
	<concept_answer concept_answer_id="2373" concept_id="374" answer_concept="1489" creator="1" date_created="2010-09-02 17:54:31.0" uuid="2373CCCCCCCCCCCCCCCCCCCCCCCCCCCCCCCC" sort_weight="2373.0"/>
	<concept_answer concept_answer_id="2374" concept_id="374" answer_concept="1359" creator="1" date_created="2010-09-02 17:54:31.0" uuid="2374CCCCCCCCCCCCCCCCCCCCCCCCCCCCCCCC" sort_weight="2374.0"/>
	<concept_answer concept_answer_id="2375" concept_id="374" answer_concept="1107" creator="1" date_created="2010-09-02 17:54:31.0" uuid="2375CCCCCCCCCCCCCCCCCCCCCCCCCCCCCCCC" sort_weight="2375.0"/>
	<concept_answer concept_answer_id="2376" concept_id="374" answer_concept="136452" creator="1" date_created="2010-09-02 17:54:31.0" uuid="2376CCCCCCCCCCCCCCCCCCCCCCCCCCCCCCCC" sort_weight="2376.0"/>
	<concept_answer concept_answer_id="2830" concept_id="374" answer_concept="159837" creator="1" date_created="2010-11-18 16:31:19.0" uuid="2830CCCCCCCCCCCCCCCCCCCCCCCCCCCCCCCC" sort_weight="2830.0"/>
	<concept_answer concept_answer_id="3727" concept_id="374" answer_concept="160570" creator="1" date_created="2012-06-15 12:51:38.0" uuid="3727CCCCCCCCCCCCCCCCCCCCCCCCCCCCCCCC" sort_weight="3727.0"/>
	<concept_answer concept_answer_id="3728" concept_id="374" answer_concept="136163" creator="1" date_created="2012-06-15 12:53:41.0" uuid="3728CCCCCCCCCCCCCCCCCCCCCCCCCCCCCCCC" sort_weight="3728.0"/>
	<concept_answer concept_answer_id="4707" concept_id="374" answer_concept="1067" creator="1" date_created="2013-04-26 12:45:13.0" uuid="4707CCCCCCCCCCCCCCCCCCCCCCCCCCCCCCCC" sort_weight="4707.0"/>
	<concept concept_id="5279" retired="0" datatype_id="4" class_id="9" is_set="1" creator="1" date_created="2004-08-12 00:00:00.0" version="" changed_by="1" date_changed="2011-02-11 19:21:51.0" retired_by="1" uuid="5279AAAAAAAAAAAAAAAAAAAAAAAAAAAAAAAA"/>
	<concept_name concept_id="5279" name="INJECTABLE CONTRACEPTIVES" locale="en" creator="1" date_created="2004-08-12 00:00:00.0" concept_name_id="2389" voided="0" voided_by="1" uuid="2389BBBBBBBBBBBBBBBBBBBBBBBBBBBBBBBB" concept_name_type="FULLY_SPECIFIED" locale_preferred="true"/>
	<concept_name concept_id="5279" name="INJECTABLE HORMONES" locale="en" creator="1" date_created="2006-02-13 20:45:30.0" concept_name_id="93320" voided="0" voided_by="1" uuid="93320BBBBBBBBBBBBBBBBBBBBBBBBBBBBBBB" locale_preferred="false"/>
	<concept_set concept_set_id="107" concept_id="907" concept_set="5279" sort_weight="0.0" creator="1" date_created="2006-02-13 20:45:30.0" uuid="107AEEEEEEEEEEEEEEEEEEEEEEEEEEEEEEEE"/>
	<concept concept_id="5278" retired="0" datatype_id="4" class_id="11" is_set="0" creator="1" date_created="2004-08-12 00:00:00.0" version="" changed_by="1" date_changed="2010-09-02 16:59:04.0" retired_by="1" uuid="5278AAAAAAAAAAAAAAAAAAAAAAAAAAAAAAAA"/>
	<concept_name concept_id="5278" name="DIAPHRAGM" locale="en" creator="1" date_created="2004-08-12 00:00:00.0" concept_name_id="2386" voided="0" voided_by="1" uuid="2386BBBBBBBBBBBBBBBBBBBBBBBBBBBBBBBB" concept_name_type="FULLY_SPECIFIED" locale_preferred="true"/>
	<concept_name concept_id="5278" name="Cervical contraceptive cap" locale="en" creator="1" date_created="2010-09-02 16:59:04.0" concept_name_id="106630" voided="0" voided_by="1" uuid="106630BBBBBBBBBBBBBBBBBBBBBBBBBBBBBB" locale_preferred="false"/>
	<concept_name concept_id="5278" name="CERVICAL CAP" locale="en" creator="1" date_created="2006-02-13 20:42:36.0" concept_name_id="89388" voided="0" voided_by="1" uuid="89388BBBBBBBBBBBBBBBBBBBBBBBBBBBBBBB" locale_preferred="false"/>
	<concept concept_id="5275" retired="0" datatype_id="4" class_id="11" is_set="0" creator="1" date_created="2004-08-12 00:00:00.0" version="" changed_by="1" date_changed="2010-09-02 17:22:52.0" retired_by="1" uuid="5275AAAAAAAAAAAAAAAAAAAAAAAAAAAAAAAA"/>
	<concept_name concept_id="5275" name="IUCD" locale="en" creator="1" date_created="2006-02-13 20:34:39.0" concept_name_id="93498" voided="0" voided_by="1" uuid="93498BBBBBBBBBBBBBBBBBBBBBBBBBBBBBBB" locale_preferred="false"/>
	<concept_name concept_id="5275" name="INTRAUTERINE DEVICE" locale="en" creator="1" date_created="2004-08-12 00:00:00.0" concept_name_id="2382" voided="0" voided_by="1" uuid="2382BBBBBBBBBBBBBBBBBBBBBBBBBBBBBBBB" concept_name_type="FULLY_SPECIFIED" locale_preferred="true"/>
	<concept_name concept_id="5275" name="IUD" locale="en" creator="1" date_created="2006-02-13 20:34:39.0" concept_name_id="93499" voided="0" voided_by="1" uuid="93499BBBBBBBBBBBBBBBBBBBBBBBBBBBBBBB" locale_preferred="false"/>
	<concept concept_id="5276" retired="0" datatype_id="4" class_id="2" is_set="0" creator="1" date_created="2004-08-12 00:00:00.0" version="" changed_by="1" date_changed="2013-07-02 14:01:33.0" retired_by="1" uuid="5276AAAAAAAAAAAAAAAAAAAAAAAAAAAAAAAA"/>
	<concept_name concept_id="5276" name="FEMALE STERILIZATION" locale="en" creator="1" date_created="2004-08-12 00:00:00.0" concept_name_id="2383" voided="0" voided_by="1" uuid="2383BBBBBBBBBBBBBBBBBBBBBBBBBBBBBBBB" concept_name_type="FULLY_SPECIFIED" locale_preferred="true"/>
	<concept concept_id="190" retired="0" datatype_id="4" class_id="3" is_set="0" creator="1" date_created="2004-01-01 00:00:00.0" version="" changed_by="1" date_changed="2011-05-17 17:13:16.0" retired_by="1" uuid="190AAAAAAAAAAAAAAAAAAAAAAAAAAAAAAAAA"/>
	<concept_name concept_id="190" name="CONDOMS" locale="en" creator="1" date_created="2004-01-01 00:00:00.0" concept_name_id="213" voided="0" voided_by="1" uuid="213BBBBBBBBBBBBBBBBBBBBBBBBBBBBBBBBB" concept_name_type="FULLY_SPECIFIED" locale_preferred="true"/>
	<concept concept_id="780" retired="0" datatype_id="4" class_id="9" is_set="1" creator="1" date_created="2004-03-20 00:00:00.0" version="" changed_by="1" date_changed="2010-09-02 17:34:43.0" retired_by="1" uuid="780AAAAAAAAAAAAAAAAAAAAAAAAAAAAAAAAA"/>
	<concept_name concept_id="780" name="BIRTH CONTROL PILLS" locale="en" creator="1" date_created="2006-02-13 20:32:52.0" concept_name_id="88744" voided="0" voided_by="1" uuid="88744BBBBBBBBBBBBBBBBBBBBBBBBBBBBBBB" locale_preferred="false"/>
	<concept_name concept_id="780" name="ORAL CONTRACEPTION" locale="en" creator="1" date_created="2004-03-20 00:00:00.0" concept_name_id="816" voided="0" voided_by="1" uuid="816BBBBBBBBBBBBBBBBBBBBBBBBBBBBBBBBB" concept_name_type="FULLY_SPECIFIED" locale_preferred="true"/>
	<concept concept_id="5277" retired="0" datatype_id="4" class_id="11" is_set="0" creator="1" date_created="2004-08-12 00:00:00.0" version="" changed_by="1" date_changed="2012-06-15 12:54:39.0" retired_by="1" uuid="5277AAAAAAAAAAAAAAAAAAAAAAAAAAAAAAAA"/>
	<concept_name concept_id="5277" name="Fertility awareness method" locale="en" creator="1" date_created="2012-06-15 12:54:38.0" concept_name_id="108946" voided="0" voided_by="1" uuid="108946BBBBBBBBBBBBBBBBBBBBBBBBBBBBBB" locale_preferred="false"/>
	<concept_name concept_id="5277" name="Rhythm method" locale="en" creator="1" date_created="2006-02-13 20:37:43.0" concept_name_id="97520" voided="0" voided_by="1" void_reason="" uuid="97520BBBBBBBBBBBBBBBBBBBBBBBBBBBBBBB" locale_preferred="false"/>
	<concept_name concept_id="5277" name="Natural family planning" locale="en" creator="1" date_created="2004-08-12 00:00:00.0" concept_name_id="2384" voided="0" voided_by="1" uuid="2384BBBBBBBBBBBBBBBBBBBBBBBBBBBBBBBB" concept_name_type="FULLY_SPECIFIED" locale_preferred="true"/>
	<concept_name concept_id="5277" name="Periodic abstinence" locale="en" creator="1" date_created="2012-06-15 12:54:38.0" concept_name_id="108947" voided="0" voided_by="1" uuid="108947BBBBBBBBBBBBBBBBBBBBBBBBBBBBBB" locale_preferred="false"/>
	<concept concept_id="159524" retired="0" datatype_id="4" class_id="11" is_set="0" creator="1" date_created="2010-09-02 16:46:06.0" version="" changed_by="1" date_changed="2012-06-15 13:54:47.0" retired_by="1" uuid="159524AAAAAAAAAAAAAAAAAAAAAAAAAAAAAA"/>
	<concept_name concept_id="159524" name="Sexual abstinence" locale="en" creator="1" date_created="2010-09-02 16:46:06.0" concept_name_id="106629" voided="0" voided_by="1" uuid="106629BBBBBBBBBBBBBBBBBBBBBBBBBBBBBB" concept_name_type="FULLY_SPECIFIED" locale_preferred="true"/>
	<concept_name concept_id="159524" name="Not sexually active" locale="en" creator="1" date_created="2012-06-07 19:41:21.0" concept_name_id="108703" voided="0" voided_by="1" void_reason="" uuid="108703BBBBBBBBBBBBBBBBBBBBBBBBBBBBBB" locale_preferred="false"/>
	<concept_name concept_id="159524" name="Celibate" locale="en" creator="1" date_created="2012-06-07 19:41:21.0" concept_name_id="108704" voided="0" voided_by="1" void_reason="" uuid="108704BBBBBBBBBBBBBBBBBBBBBBBBBBBBBB" locale_preferred="false"/>
	<concept concept_id="78796" retired="0" datatype_id="4" class_id="3" is_set="0" creator="1" date_created="2006-12-17 00:00:00.0" version="" changed_by="1" date_changed="2012-09-19 14:30:28.0" retired_by="1" uuid="78796AAAAAAAAAAAAAAAAAAAAAAAAAAAAAAA"/>
	<concept_name concept_id="78796" name="Norplant" locale="en" creator="1" date_created="2007-10-18 09:35:54.0" concept_name_id="95483" voided="0" voided_by="1" void_reason="" uuid="95483BBBBBBBBBBBBBBBBBBBBBBBBBBBBBBB" locale_preferred="false"/>
	<concept_name concept_id="78796" name="Plan B" locale="en" creator="1" date_created="2007-10-18 09:35:54.0" concept_name_id="96546" voided="0" voided_by="1" void_reason="" uuid="96546BBBBBBBBBBBBBBBBBBBBBBBBBBBBBBB" locale_preferred="false"/>
	<concept_name concept_id="78796" name="Norplant System" locale="en" creator="1" date_created="2007-10-18 09:35:54.0" concept_name_id="95484" voided="0" voided_by="1" void_reason="" uuid="95484BBBBBBBBBBBBBBBBBBBBBBBBBBBBBBB" locale_preferred="false"/>
	<concept_name concept_id="78796" name="LEVONORGESTREL" locale="en" creator="1" date_created="2006-12-17 00:00:00.0" concept_name_id="6365" voided="0" voided_by="1" uuid="6365BBBBBBBBBBBBBBBBBBBBBBBBBBBBBBBB" concept_name_type="FULLY_SPECIFIED" locale_preferred="true"/>
	<concept concept_id="1175" retired="0" datatype_id="4" class_id="11" is_set="0" creator="1" date_created="2005-02-08 00:00:00.0" version="" changed_by="1" date_changed="2010-12-23 14:10:47.0" retired_by="1" uuid="1175AAAAAAAAAAAAAAAAAAAAAAAAAAAAAAAA"/>
	<concept_name concept_id="1175" name="NOT APPLICABLE" locale="en" creator="1" date_created="2005-02-08 00:00:00.0" concept_name_id="1252" voided="0" voided_by="1" uuid="1252BBBBBBBBBBBBBBBBBBBBBBBBBBBBBBBB" concept_name_type="FULLY_SPECIFIED" locale_preferred="true"/>
	<concept concept_id="1472" retired="0" datatype_id="4" class_id="2" is_set="0" creator="1" date_created="2007-07-13 15:08:57.0" version="" changed_by="1" date_changed="2012-06-06 13:38:51.0" retired_by="1" uuid="1472AAAAAAAAAAAAAAAAAAAAAAAAAAAAAAAA"/>
	<concept_name concept_id="1472" name="TUBAL LIGATION PROCEDURE" locale="en" creator="1" date_created="2007-07-13 15:08:57.0" concept_name_id="1683" voided="0" voided_by="1" uuid="1683BBBBBBBBBBBBBBBBBBBBBBBBBBBBBBBB" concept_name_type="FULLY_SPECIFIED" locale_preferred="true"/>
	<concept_name concept_id="1472" name="Tubal ligaton" locale="en" creator="1" date_created="2012-06-06 13:38:51.0" concept_name_id="108677" voided="0" voided_by="1" void_reason="" uuid="108677BBBBBBBBBBBBBBBBBBBBBBBBBBBBBB" locale_preferred="false"/>
	<concept concept_id="907" retired="0" datatype_id="4" class_id="3" is_set="0" creator="1" date_created="2004-07-02 00:00:00.0" version="" changed_by="1" date_changed="2011-05-20 11:17:33.0" retired_by="1" uuid="907AAAAAAAAAAAAAAAAAAAAAAAAAAAAAAAAA"/>
	<concept_name concept_id="907" name="MEDROXYPROGESTERONE ACETATE" locale="en" creator="1" date_created="2004-07-02 00:00:00.0" concept_name_id="952" voided="0" voided_by="1" uuid="952BBBBBBBBBBBBBBBBBBBBBBBBBBBBBBBBB" concept_name_type="FULLY_SPECIFIED" locale_preferred="true"/>
	<concept_name concept_id="907" name="DEPOPROVERA" locale="en" creator="1" date_created="2005-02-18 15:46:56.0" concept_name_id="90471" voided="0" voided_by="1" uuid="90471BBBBBBBBBBBBBBBBBBBBBBBBBBBBBBB" locale_preferred="false"/>
	<concept_name concept_id="907" name="DEPO-PROVERA" locale="en" creator="1" date_created="2005-02-18 15:46:56.0" concept_name_id="90459" voided="0" voided_by="1" uuid="90459BBBBBBBBBBBBBBBBBBBBBBBBBBBBBBB" locale_preferred="false"/>
	<concept concept_id="1489" retired="0" datatype_id="4" class_id="2" is_set="0" creator="1" date_created="2007-07-13 15:40:26.0" version="" changed_by="1" date_changed="2012-06-15 14:29:54.0" retired_by="1" uuid="1489AAAAAAAAAAAAAAAAAAAAAAAAAAAAAAAA"/>
	<concept_name concept_id="1489" name="Male sterilization" locale="en" creator="1" date_created="2010-09-20 17:51:23.0" concept_name_id="106791" voided="0" voided_by="1" void_reason="" uuid="106791BBBBBBBBBBBBBBBBBBBBBBBBBBBBBB" locale_preferred="false"/>
	<concept_name concept_id="1489" name="VASECTOMY" locale="en" creator="1" date_created="2007-07-13 15:40:26.0" concept_name_id="1722" voided="0" voided_by="1" uuid="1722BBBBBBBBBBBBBBBBBBBBBBBBBBBBBBBB" concept_name_type="FULLY_SPECIFIED" locale_preferred="true"/>
	<concept concept_id="1359" retired="0" datatype_id="10" class_id="3" is_set="0" creator="1" date_created="2006-10-12 17:47:17.0" version="" changed_by="1" date_changed="2010-10-26 18:19:26.0" retired_by="1" uuid="1359AAAAAAAAAAAAAAAAAAAAAAAAAAAAAAAA"/>
	<concept_name concept_id="1359" name="Norplant" locale="en" creator="1" date_created="2006-10-12 17:47:17.0" concept_name_id="86811" voided="0" voided_by="1" uuid="86811BBBBBBBBBBBBBBBBBBBBBBBBBBBBBBB" concept_name_type="SHORT" locale_preferred="false"/>
	<concept_name concept_id="1359" name="NORPLANT (IMPLANTABLE CONTRACEPTIVE)" locale="en" creator="1" date_created="2006-10-12 17:47:17.0" concept_name_id="1463" voided="0" voided_by="1" uuid="1463BBBBBBBBBBBBBBBBBBBBBBBBBBBBBBBB" concept_name_type="FULLY_SPECIFIED" locale_preferred="true"/>
	<concept concept_id="136452" retired="0" datatype_id="4" class_id="4" is_set="0" creator="1" date_created="2007-11-03 00:00:00.0" version="" changed_by="1" retired_by="1" uuid="136452AAAAAAAAAAAAAAAAAAAAAAAAAAAAAA"/>
	<concept_name concept_id="136452" name="IUD Contraception" locale="en" creator="1" date_created="2007-10-18 04:28:24.0" concept_name_id="36304" voided="0" voided_by="1" uuid="36304BBBBBBBBBBBBBBBBBBBBBBBBBBBBBBB" concept_name_type="FULLY_SPECIFIED" locale_preferred="true"/>
	<concept concept_id="159837" retired="0" datatype_id="4" class_id="2" is_set="0" creator="1" date_created="2010-11-18 16:26:42.0" version="" changed_by="1" retired_by="1" uuid="159837AAAAAAAAAAAAAAAAAAAAAAAAAAAAAA"/>
	<concept_name concept_id="159837" name="hysterectomy" locale="en" creator="1" date_created="2010-11-18 16:26:42.0" concept_name_id="107314" voided="0" voided_by="1" uuid="107314BBBBBBBBBBBBBBBBBBBBBBBBBBBBBB" concept_name_type="FULLY_SPECIFIED" locale_preferred="true"/>
	<concept concept_id="160570" retired="0" datatype_id="4" class_id="9" is_set="1" creator="1" date_created="2012-06-15 12:49:16.0" version="" changed_by="1" date_changed="2012-07-08 12:56:57.0" retired_by="1" uuid="160570AAAAAAAAAAAAAAAAAAAAAAAAAAAAAA"/>
	<concept_name concept_id="160570" name="Emergency contraceptive pills" locale="en" creator="1" date_created="2012-06-15 12:49:16.0" concept_name_id="108944" voided="0" voided_by="1" uuid="108944BBBBBBBBBBBBBBBBBBBBBBBBBBBBBB" concept_name_type="FULLY_SPECIFIED" locale_preferred="true"/>
	<concept_name concept_id="160570" name="ECP (emergency contraceptive pills)" locale="en" creator="1" date_created="2012-06-15 12:51:03.0" concept_name_id="108945" voided="0" voided_by="1" void_reason="" uuid="108945BBBBBBBBBBBBBBBBBBBBBBBBBBBBBB" locale_preferred="false"/>
	<concept_name concept_id="160570" name="Emergency contraception" locale="en" creator="1" date_created="2012-06-15 12:49:16.0" concept_name_id="108943" voided="0" voided_by="1" uuid="108943BBBBBBBBBBBBBBBBBBBBBBBBBBBBBB" concept_name_type="SHORT" locale_preferred="false"/>
	<concept_set concept_set_id="722" concept_id="78796" concept_set="160570" sort_weight="0.0" creator="1" date_created="2012-06-15 14:03:38.0" uuid="722AEEEEEEEEEEEEEEEEEEEEEEEEEEEEEEEE"/>
	<concept_set concept_set_id="723" concept_id="160574" concept_set="160570" sort_weight="1.0" creator="1" date_created="2012-06-15 14:03:38.0" uuid="723AEEEEEEEEEEEEEEEEEEEEEEEEEEEEEEEE"/>
	<concept concept_id="136163" retired="0" datatype_id="4" class_id="4" is_set="0" creator="1" date_created="2007-11-03 00:00:00.0" version="" changed_by="1" retired_by="1" uuid="136163AAAAAAAAAAAAAAAAAAAAAAAAAAAAAA"/>
	<concept_name concept_id="136163" name="Lactational Amenorrhea" locale="en" creator="1" date_created="2007-10-18 04:28:24.0" concept_name_id="36023" voided="0" voided_by="1" uuid="36023BBBBBBBBBBBBBBBBBBBBBBBBBBBBBBB" concept_name_type="FULLY_SPECIFIED" locale_preferred="true"/>
	<concept concept_id="1660" retired="0" datatype_id="10" class_id="5" is_set="0" creator="1" date_created="2009-04-23 21:32:27.0" version="" changed_by="1" date_changed="2011-02-04 19:54:28.0" retired_by="1" uuid="1660AAAAAAAAAAAAAAAAAAAAAAAAAAAAAAAA"/>
	<concept_name concept_id="1660" name="No Signs Disease" locale="en" creator="1" date_created="2009-04-23 21:32:27.0" concept_name_id="86943" voided="0" voided_by="1" uuid="86943BBBBBBBBBBBBBBBBBBBBBBBBBBBBBBB" concept_name_type="SHORT" locale_preferred="false"/>
	<concept_name concept_id="1660" name="NO SIGNS OR SYMPTOMS OF DISEASE" locale="en" creator="1" date_created="2009-04-23 21:32:27.0" concept_name_id="1940" voided="0" voided_by="1" uuid="1940BBBBBBBBBBBBBBBBBBBBBBBBBBBBBBBB" concept_name_type="FULLY_SPECIFIED" locale_preferred="true"/>
	<concept concept_id="160737" retired="0" datatype_id="4" class_id="11" is_set="0" creator="1" date_created="2012-07-05 15:22:24.0" version="" changed_by="1" date_changed="2012-07-11 01:33:11.0" retired_by="1" uuid="160737AAAAAAAAAAAAAAAAAAAAAAAAAAAAAA"/>
	<concept_name concept_id="160737" name="Not assessed" locale="en" creator="1" date_created="2012-07-05 15:22:24.0" concept_name_id="109272" voided="0" voided_by="1" uuid="109272BBBBBBBBBBBBBBBBBBBBBBBBBBBBBB" concept_name_type="FULLY_SPECIFIED" locale_preferred="true"/>
	<concept_name concept_id="160737" name="Not performed" locale="en" creator="1" date_created="2012-07-05 15:22:24.0" concept_name_id="109271" voided="0" voided_by="1" void_reason="" uuid="109271BBBBBBBBBBBBBBBBBBBBBBBBBBBBBB" locale_preferred="false"/>
	<concept concept_id="1402" retired="0" datatype_id="10" class_id="5" is_set="0" creator="1" date_created="2006-12-07 11:05:38.0" version="" changed_by="1" date_changed="2006-12-07 11:06:11.0" retired_by="1" uuid="1402AAAAAAAAAAAAAAAAAAAAAAAAAAAAAAAA"/>
	<concept_name concept_id="1402" name="HIV STATUS UNKNOWN, NEVER TESTED" locale="en" creator="1" date_created="2006-12-07 11:05:38.0" concept_name_id="1551" voided="0" voided_by="1" uuid="1551BBBBBBBBBBBBBBBBBBBBBBBBBBBBBBBB" concept_name_type="FULLY_SPECIFIED" locale_preferred="true"/>
	<concept_name concept_id="1402" name="unknown-not tested" locale="en" creator="1" date_created="2006-12-07 11:05:38.0" concept_name_id="86856" voided="0" voided_by="1" uuid="86856BBBBBBBBBBBBBBBBBBBBBBBBBBBBBBB" concept_name_type="SHORT" locale_preferred="false"/>
	<concept concept_id="1542" retired="0" datatype_id="2" class_id="5" is_set="0" creator="1" date_created="2008-02-16 13:51:15.0" version="" changed_by="1" date_changed="2010-11-04 16:53:27.0" retired_by="1" uuid="1542AAAAAAAAAAAAAAAAAAAAAAAAAAAAAAAA"/>
	<concept_name concept_id="1542" name="OCCUPATION" locale="en" creator="1" date_created="2008-02-16 13:53:50.0" concept_name_id="1804" voided="0" voided_by="1" uuid="1804BBBBBBBBBBBBBBBBBBBBBBBBBBBBBBBB" concept_name_type="FULLY_SPECIFIED" locale_preferred="true"/>
	<concept_answer concept_answer_id="1210" concept_id="1542" answer_concept="1538" creator="1" date_created="2008-02-16 14:02:19.0" uuid="1210CCCCCCCCCCCCCCCCCCCCCCCCCCCCCCCC" sort_weight="1210.0"/>
	<concept_answer concept_answer_id="1211" concept_id="1542" answer_concept="1540" creator="1" date_created="2008-02-16 14:02:19.0" uuid="1211CCCCCCCCCCCCCCCCCCCCCCCCCCCCCCCC" sort_weight="1211.0"/>
	<concept_answer concept_answer_id="1212" concept_id="1542" answer_concept="5622" creator="1" date_created="2008-02-16 14:02:19.0" uuid="1212CCCCCCCCCCCCCCCCCCCCCCCCCCCCCCCC" sort_weight="1212.0"/>
	<concept_answer concept_answer_id="1213" concept_id="1542" answer_concept="1067" creator="1" date_created="2008-02-16 14:02:19.0" uuid="1213CCCCCCCCCCCCCCCCCCCCCCCCCCCCCCCC" sort_weight="1213.0"/>
	<concept_answer concept_answer_id="1214" concept_id="1542" answer_concept="1539" creator="1" date_created="2008-02-16 14:02:19.0" uuid="1214CCCCCCCCCCCCCCCCCCCCCCCCCCCCCCCC" sort_weight="1214.0"/>
	<concept_answer concept_answer_id="2285" concept_id="1542" answer_concept="159463" creator="1" date_created="2010-08-30 17:36:01.0" uuid="2285CCCCCCCCCCCCCCCCCCCCCCCCCCCCCCCC" sort_weight="2285.0"/>
	<concept_answer concept_answer_id="2286" concept_id="1542" answer_concept="159464" creator="1" date_created="2010-08-30 17:36:01.0" uuid="2286CCCCCCCCCCCCCCCCCCCCCCCCCCCCCCCC" sort_weight="2286.0"/>
	<concept_answer concept_answer_id="2287" concept_id="1542" answer_concept="159461" creator="1" date_created="2010-08-30 17:36:01.0" uuid="2287CCCCCCCCCCCCCCCCCCCCCCCCCCCCCCCC" sort_weight="2287.0"/>
	<concept_answer concept_answer_id="2288" concept_id="1542" answer_concept="159465" creator="1" date_created="2010-08-30 17:36:01.0" uuid="2288CCCCCCCCCCCCCCCCCCCCCCCCCCCCCCCC" sort_weight="2288.0"/>
	<concept_answer concept_answer_id="2289" concept_id="1542" answer_concept="159462" creator="1" date_created="2010-08-30 17:36:01.0" uuid="2289CCCCCCCCCCCCCCCCCCCCCCCCCCCCCCCC" sort_weight="2289.0"/>
	<concept_answer concept_answer_id="2290" concept_id="1542" answer_concept="159466" creator="1" date_created="2010-08-30 17:38:32.0" uuid="2290CCCCCCCCCCCCCCCCCCCCCCCCCCCCCCCC" sort_weight="2290.0"/>
	<concept_answer concept_answer_id="2291" concept_id="1542" answer_concept="159467" creator="1" date_created="2010-08-30 17:41:45.0" uuid="2291CCCCCCCCCCCCCCCCCCCCCCCCCCCCCCCC" sort_weight="2291.0"/>
	<concept_answer concept_answer_id="2549" concept_id="1542" answer_concept="159613" creator="1" date_created="2010-10-29 18:04:09.0" uuid="2549CCCCCCCCCCCCCCCCCCCCCCCCCCCCCCCC" sort_weight="2549.0"/>
	<concept_answer concept_answer_id="2639" concept_id="1542" answer_concept="159673" creator="1" date_created="2010-11-04 16:06:30.0" uuid="2639CCCCCCCCCCCCCCCCCCCCCCCCCCCCCCCC" sort_weight="2639.0"/>
	<concept_answer concept_answer_id="2640" concept_id="1542" answer_concept="159675" creator="1" date_created="2010-11-04 16:53:27.0" uuid="2640CCCCCCCCCCCCCCCCCCCCCCCCCCCCCCCC" sort_weight="2640.0"/>
	<concept_answer concept_answer_id="2641" concept_id="1542" answer_concept="159674" creator="1" date_created="2010-11-04 16:53:27.0" uuid="2641CCCCCCCCCCCCCCCCCCCCCCCCCCCCCCCC" sort_weight="2641.0"/>
	<concept concept_id="1538" retired="0" datatype_id="4" class_id="11" is_set="0" creator="1" date_created="2008-02-16 13:51:15.0" version="" changed_by="1" date_changed="2010-11-04 17:11:44.0" retired_by="1" uuid="1538AAAAAAAAAAAAAAAAAAAAAAAAAAAAAAAA"/>
	<concept_name concept_id="1538" name="FARMER" locale="en" creator="1" date_created="2008-02-16 13:53:50.0" concept_name_id="1800" voided="0" voided_by="1" uuid="1800BBBBBBBBBBBBBBBBBBBBBBBBBBBBBBBB" concept_name_type="FULLY_SPECIFIED" locale_preferred="true"/>
	<concept concept_id="1540" retired="0" datatype_id="4" class_id="11" is_set="0" creator="1" date_created="2008-02-16 13:51:15.0" version="" changed_by="1" date_changed="2010-09-23 12:16:16.0" retired_by="1" uuid="1540AAAAAAAAAAAAAAAAAAAAAAAAAAAAAAAA"/>
	<concept_name concept_id="1540" name="EMPLOYEE" locale="en" creator="1" date_created="2008-02-16 13:53:50.0" concept_name_id="1802" voided="0" voided_by="1" uuid="1802BBBBBBBBBBBBBBBBBBBBBBBBBBBBBBBB" concept_name_type="FULLY_SPECIFIED" locale_preferred="true"/>
	<concept concept_id="1539" retired="0" datatype_id="4" class_id="11" is_set="0" creator="1" date_created="2008-02-16 13:51:15.0" version="" changed_by="1" date_changed="2010-12-29 14:45:30.0" retired_by="1" uuid="1539AAAAAAAAAAAAAAAAAAAAAAAAAAAAAAAA"/>
	<concept_name concept_id="1539" name="TRADER" locale="en" creator="1" date_created="2008-02-16 13:53:50.0" concept_name_id="1801" voided="0" voided_by="1" uuid="1801BBBBBBBBBBBBBBBBBBBBBBBBBBBBBBBB" concept_name_type="FULLY_SPECIFIED" locale_preferred="true"/>
	<concept concept_id="159463" retired="0" datatype_id="4" class_id="11" is_set="0" creator="1" date_created="2010-08-30 17:26:00.0" version="" changed_by="1" date_changed="2011-01-13 17:36:04.0" retired_by="1" uuid="159463AAAAAAAAAAAAAAAAAAAAAAAAAAAAAA"/>
	<concept_name concept_id="159463" name="Professional" locale="en" creator="1" date_created="2010-08-30 17:26:00.0" concept_name_id="106566" voided="0" voided_by="1" uuid="106566BBBBBBBBBBBBBBBBBBBBBBBBBBBBBB" concept_name_type="FULLY_SPECIFIED" locale_preferred="true"/>
	<concept concept_id="159464" retired="0" datatype_id="4" class_id="11" is_set="0" creator="1" date_created="2010-08-30 17:30:26.0" version="" changed_by="1" date_changed="2010-09-14 11:59:36.0" retired_by="1" uuid="159464AAAAAAAAAAAAAAAAAAAAAAAAAAAAAA"/>
	<concept_name concept_id="159464" name="Housework" locale="en" creator="1" date_created="2010-08-30 17:30:26.0" concept_name_id="106567" voided="0" voided_by="1" uuid="106567BBBBBBBBBBBBBBBBBBBBBBBBBBBBBB" concept_name_type="FULLY_SPECIFIED" locale_preferred="true"/>
	<concept concept_id="159461" retired="0" datatype_id="4" class_id="11" is_set="0" creator="1" date_created="2010-08-30 17:15:46.0" version="" changed_by="1" date_changed="2010-09-14 11:48:33.0" retired_by="1" uuid="159461AAAAAAAAAAAAAAAAAAAAAAAAAAAAAA"/>
	<concept_name concept_id="159461" name="Retired" locale="en" creator="1" date_created="2010-08-30 17:15:46.0" concept_name_id="106564" voided="0" voided_by="1" uuid="106564BBBBBBBBBBBBBBBBBBBBBBBBBBBBBB" concept_name_type="FULLY_SPECIFIED" locale_preferred="true"/>
	<concept concept_id="159465" retired="0" datatype_id="4" class_id="11" is_set="0" creator="1" date_created="2010-08-30 17:32:11.0" version="" changed_by="1" date_changed="2010-09-14 12:04:06.0" retired_by="1" uuid="159465AAAAAAAAAAAAAAAAAAAAAAAAAAAAAA"/>
	<concept_name concept_id="159465" name="Student" locale="en" creator="1" date_created="2010-08-30 17:32:11.0" concept_name_id="106568" voided="0" voided_by="1" uuid="106568BBBBBBBBBBBBBBBBBBBBBBBBBBBBBB" concept_name_type="FULLY_SPECIFIED" locale_preferred="true"/>
	<concept concept_id="159462" retired="0" datatype_id="4" class_id="11" is_set="0" creator="1" date_created="2010-08-30 17:22:26.0" version="" changed_by="1" date_changed="2010-12-11 13:28:45.0" retired_by="1" uuid="159462AAAAAAAAAAAAAAAAAAAAAAAAAAAAAA"/>
	<concept_name concept_id="159462" name="Pre-school-aged child" locale="en" creator="1" date_created="2010-08-30 17:22:26.0" concept_name_id="106565" voided="0" voided_by="1" uuid="106565BBBBBBBBBBBBBBBBBBBBBBBBBBBBBB" concept_name_type="FULLY_SPECIFIED" locale_preferred="true"/>
	<concept concept_id="159466" retired="0" datatype_id="4" class_id="11" is_set="0" creator="1" date_created="2010-08-30 17:38:02.0" version="" changed_by="1" date_changed="2010-09-14 11:57:45.0" retired_by="1" uuid="159466AAAAAAAAAAAAAAAAAAAAAAAAAAAAAA"/>
	<concept_name concept_id="159466" name="Driver" locale="en" creator="1" date_created="2010-08-30 17:38:02.0" concept_name_id="106569" voided="0" voided_by="1" uuid="106569BBBBBBBBBBBBBBBBBBBBBBBBBBBBBB" concept_name_type="FULLY_SPECIFIED" locale_preferred="true"/>
	<concept concept_id="159467" retired="0" datatype_id="4" class_id="11" is_set="0" creator="1" date_created="2010-08-30 17:41:14.0" version="" changed_by="1" retired_by="1" uuid="159467AAAAAAAAAAAAAAAAAAAAAAAAAAAAAA"/>
	<concept_name concept_id="159467" name="School age but not in school" locale="en" creator="1" date_created="2010-08-30 17:41:14.0" concept_name_id="106570" voided="0" voided_by="1" uuid="106570BBBBBBBBBBBBBBBBBBBBBBBBBBBBBB" concept_name_type="FULLY_SPECIFIED" locale_preferred="true"/>
	<concept concept_id="159613" retired="0" datatype_id="4" class_id="11" is_set="0" creator="1" date_created="2010-10-29 18:03:33.0" version="" changed_by="1" date_changed="2010-10-29 21:09:43.0" retired_by="1" uuid="159613AAAAAAAAAAAAAAAAAAAAAAAAAAAAAA"/>
	<concept_name concept_id="159613" name="Casual labor" locale="en" creator="1" date_created="2010-10-29 18:03:33.0" concept_name_id="106968" voided="0" voided_by="1" uuid="106968BBBBBBBBBBBBBBBBBBBBBBBBBBBBBB" concept_name_type="FULLY_SPECIFIED" locale_preferred="true"/>
	<concept concept_id="159673" retired="0" datatype_id="4" class_id="11" is_set="0" creator="1" date_created="2010-11-04 16:05:42.0" version="" changed_by="1" date_changed="2011-01-13 17:37:39.0" retired_by="1" uuid="159673AAAAAAAAAAAAAAAAAAAAAAAAAAAAAA"/>
	<concept_name concept_id="159673" name="small business owner" locale="en" creator="1" date_created="2010-11-04 16:05:42.0" concept_name_id="107066" voided="0" voided_by="1" uuid="107066BBBBBBBBBBBBBBBBBBBBBBBBBBBBBB" concept_name_type="FULLY_SPECIFIED" locale_preferred="true"/>
	<concept concept_id="159675" retired="0" datatype_id="4" class_id="11" is_set="0" creator="1" date_created="2010-11-04 16:40:58.0" version="" changed_by="1" date_changed="2011-01-13 19:11:05.0" retired_by="1" uuid="159675AAAAAAAAAAAAAAAAAAAAAAAAAAAAAA"/>
	<concept_name concept_id="159675" name="vegetable seller" locale="en" creator="1" date_created="2010-11-04 16:40:58.0" concept_name_id="107068" voided="0" voided_by="1" uuid="107068BBBBBBBBBBBBBBBBBBBBBBBBBBBBBB" concept_name_type="FULLY_SPECIFIED" locale_preferred="true"/>
	<concept concept_id="159674" retired="0" datatype_id="4" class_id="11" is_set="0" creator="1" date_created="2010-11-04 16:33:02.0" version="" changed_by="1" date_changed="2010-11-05 20:44:14.0" retired_by="1" uuid="159674AAAAAAAAAAAAAAAAAAAAAAAAAAAAAA"/>
	<concept_name concept_id="159674" name="fisherman" locale="en" creator="1" date_created="2010-11-04 16:33:02.0" concept_name_id="107067" voided="0" voided_by="1" uuid="107067BBBBBBBBBBBBBBBBBBBBBBBBBBBBBB" concept_name_type="FULLY_SPECIFIED" locale_preferred="true"/>
	<concept concept_id="1053" retired="0" datatype_id="1" class_id="7" is_set="0" creator="1" date_created="2005-01-06 00:00:00.0" version="" changed_by="1" date_changed="2013-01-04 16:19:20.0" retired_by="1" uuid="1053AAAAAAAAAAAAAAAAAAAAAAAAAAAAAAAA"/>
	<concept_numeric concept_id="1053" units="# children" precise="0"/>
	<concept_name concept_id="1053" name="Parity" locale="en" creator="1" date_created="2005-01-06 00:00:00.0" concept_name_id="1114" voided="0" voided_by="1" uuid="1114BBBBBBBBBBBBBBBBBBBBBBBBBBBBBBBB" concept_name_type="FULLY_SPECIFIED" locale_preferred="true"/>
	<concept_name concept_id="1053" name="Number of delivered children" locale="en" creator="1" date_created="2012-05-26 22:01:13.0" concept_name_id="108616" voided="0" voided_by="1" void_reason="" uuid="108616BBBBBBBBBBBBBBBBBBBBBBBBBBBBBB" locale_preferred="false"/>
	<concept concept_id="1823" retired="0" datatype_id="1" class_id="5" is_set="0" creator="1" date_created="2009-07-13 12:40:52.0" version="" changed_by="1" date_changed="2013-01-04 16:22:15.0" retired_by="1" uuid="1823AAAAAAAAAAAAAAAAAAAAAAAAAAAAAAAA"/>
	<concept_numeric concept_id="1823" units="" precise="0"/>
	<concept_name concept_id="1823" name="Number of abortions/miscarriages" locale="en" creator="1" date_created="2009-07-13 12:40:52.0" concept_name_id="53949" voided="0" voided_by="1" uuid="53949BBBBBBBBBBBBBBBBBBBBBBBBBBBBBBB" concept_name_type="FULLY_SPECIFIED" locale_preferred="true"/>
	<concept concept_id="160080" retired="0" datatype_id="1" class_id="11" is_set="0" creator="1" date_created="2011-02-24 13:40:46.0" version="" changed_by="1" date_changed="2013-01-10 17:31:00.0" retired_by="1" uuid="160080AAAAAAAAAAAAAAAAAAAAAAAAAAAAAA"/>
	<concept_numeric concept_id="160080" units="" precise="0"/>
	<concept_name concept_id="160080" name="number of full term pregnancies" locale="en" creator="1" date_created="2011-02-24 13:40:46.0" concept_name_id="107792" voided="0" voided_by="1" uuid="107792BBBBBBBBBBBBBBBBBBBBBBBBBBBBBB" concept_name_type="FULLY_SPECIFIED" locale_preferred="true"/>
	<concept concept_id="1436" retired="0" datatype_id="2" class_id="5" is_set="0" creator="1" date_created="2006-12-17 12:12:29.0" version="" changed_by="1" date_changed="2011-02-04 17:18:57.0" retired_by="1" uuid="1436AAAAAAAAAAAAAAAAAAAAAAAAAAAAAAAA"/>
	<concept_name concept_id="1436" name="partner's hiv status" locale="en" creator="1" date_created="2006-12-17 12:12:29.0" concept_name_id="86889" voided="0" voided_by="1" uuid="86889BBBBBBBBBBBBBBBBBBBBBBBBBBBBBBB" concept_name_type="SHORT" locale_preferred="false"/>
	<concept_name concept_id="1436" name="PARTNER'S HIV STATUS" locale="en" creator="1" date_created="2006-12-17 12:12:29.0" concept_name_id="1613" voided="0" voided_by="1" uuid="1613BBBBBBBBBBBBBBBBBBBBBBBBBBBBBBBB" concept_name_type="FULLY_SPECIFIED" locale_preferred="true"/>
	<concept_answer concept_answer_id="1114" concept_id="1436" answer_concept="1067" creator="1" date_created="2006-12-17 12:12:29.0" uuid="1114CCCCCCCCCCCCCCCCCCCCCCCCCCCCCCCC" sort_weight="1114.0"/>
	<concept_answer concept_answer_id="1115" concept_id="1436" answer_concept="664" creator="1" date_created="2006-12-17 12:12:29.0" uuid="1115CCCCCCCCCCCCCCCCCCCCCCCCCCCCCCCC" sort_weight="1115.0"/>
	<concept_answer concept_answer_id="1116" concept_id="1436" answer_concept="703" creator="1" date_created="2006-12-17 12:12:29.0" uuid="1116CCCCCCCCCCCCCCCCCCCCCCCCCCCCCCCC" sort_weight="1116.0"/>
	<concept concept_id="5272" retired="0" datatype_id="2" class_id="7" is_set="0" creator="1" date_created="2004-08-12 00:00:00.0" version="" changed_by="1" date_changed="2013-05-22 14:16:12.0" retired_by="1" uuid="5272AAAAAAAAAAAAAAAAAAAAAAAAAAAAAAAA"/>
	<concept_name concept_id="5272" name="PREGNANCY STATUS" locale="en" creator="1" date_created="2004-08-12 00:00:00.0" concept_name_id="2378" voided="0" voided_by="1" uuid="2378BBBBBBBBBBBBBBBBBBBBBBBBBBBBBBBB" concept_name_type="FULLY_SPECIFIED" locale_preferred="true"/>
	<concept_name concept_id="5272" name="Patient pregnant" locale="en" creator="1" date_created="2012-05-26 21:56:53.0" concept_name_id="108615" voided="0" voided_by="1" void_reason="" uuid="108615BBBBBBBBBBBBBBBBBBBBBBBBBBBBBB" locale_preferred="false"/>
	<concept_answer concept_answer_id="1057" concept_id="5272" answer_concept="1066" creator="1" date_created="2006-11-07 14:40:05.0" uuid="1057CCCCCCCCCCCCCCCCCCCCCCCCCCCCCCCC" sort_weight="1057.0"/>
	<concept_answer concept_answer_id="1058" concept_id="5272" answer_concept="1067" creator="1" date_created="2006-11-07 14:40:05.0" uuid="1058CCCCCCCCCCCCCCCCCCCCCCCCCCCCCCCC" sort_weight="1058.0"/>
	<concept_answer concept_answer_id="1059" concept_id="5272" answer_concept="1065" creator="1" date_created="2006-11-07 14:40:05.0" uuid="1059CCCCCCCCCCCCCCCCCCCCCCCCCCCCCCCC" sort_weight="1059.0"/>
	<concept concept_id="42" retired="0" datatype_id="10" class_id="4" is_set="0" creator="1" date_created="2004-01-01 00:00:00.0" version="" changed_by="1" date_changed="2012-07-13 17:27:51.0" retired_by="1" uuid="42AAAAAAAAAAAAAAAAAAAAAAAAAAAAAAAAAA"/>
	<concept_name concept_id="42" name="PNEUMONIA, TUBERCULOUS" locale="en" creator="1" date_created="2004-01-01 00:00:00.0" concept_name_id="49" voided="0" voided_by="1" uuid="49BBBBBBBBBBBBBBBBBBBBBBBBBBBBBBBBBB" concept_name_type="FULLY_SPECIFIED" locale_preferred="true"/>
	<concept_name concept_id="42" name="PTB" locale="en" creator="1" date_created="2005-02-14 05:55:39.0" concept_name_id="97069" voided="0" voided_by="1" void_reason="" uuid="97069BBBBBBBBBBBBBBBBBBBBBBBBBBBBBBB" locale_preferred="false"/>
	<concept_name concept_id="42" name="mycobacterium tuberculosis, pulmonary" locale="en" creator="1" date_created="2010-04-26 18:28:28.0" concept_name_id="105674" voided="0" voided_by="1" void_reason="" uuid="105674BBBBBBBBBBBBBBBBBBBBBBBBBBBBBB" locale_preferred="false"/>
	<concept_name concept_id="42" name="TB PNEUMONIA" locale="en" creator="1" date_created="2005-02-14 05:53:07.0" concept_name_id="98719" voided="0" voided_by="1" void_reason="" uuid="98719BBBBBBBBBBBBBBBBBBBBBBBBBBBBBBB" locale_preferred="false"/>
	<concept_name concept_id="42" name="pulmonary tuberculosis" locale="en" creator="1" date_created="2010-04-26 18:28:28.0" concept_name_id="105673" voided="0" voided_by="1" void_reason="" uuid="105673BBBBBBBBBBBBBBBBBBBBBBBBBBBBBB" locale_preferred="false"/>
	<concept_name concept_id="42" name="PULMONARY TB" locale="en" creator="1" date_created="2005-02-14 05:55:39.0" concept_name_id="97085" voided="0" voided_by="1" void_reason="" uuid="97085BBBBBBBBBBBBBBBBBBBBBBBBBBBBBBB" locale_preferred="false"/>
	<concept concept_id="161555" retired="0" datatype_id="2" class_id="11" is_set="0" creator="1" date_created="2013-01-24 19:52:40.0" version="" changed_by="1" retired_by="1" uuid="161555AAAAAAAAAAAAAAAAAAAAAAAAAAAAAA"/>
	<concept_name concept_id="161555" name="Reason for discontinuation of program" locale="en" creator="1" date_created="2013-01-24 19:52:40.0" concept_name_id="111179" voided="0" voided_by="1" uuid="111179BBBBBBBBBBBBBBBBBBBBBBBBBBBBBB" concept_name_type="FULLY_SPECIFIED" locale_preferred="true"/>
	<concept_answer concept_answer_id="4635" concept_id="161555" answer_concept="159492" creator="1" date_created="2013-01-24 19:52:40.0" uuid="4635CCCCCCCCCCCCCCCCCCCCCCCCCCCCCCCC" sort_weight="4635.0"/>
	<concept_answer concept_answer_id="4636" concept_id="161555" answer_concept="1067" creator="1" date_created="2013-01-24 19:52:40.0" uuid="4636CCCCCCCCCCCCCCCCCCCCCCCCCCCCCCCC" sort_weight="4636.0"/>
	<concept_answer concept_answer_id="4637" concept_id="161555" answer_concept="160034" creator="1" date_created="2013-01-24 19:52:40.0" uuid="4637CCCCCCCCCCCCCCCCCCCCCCCCCCCCCCCC" sort_weight="4637.0"/>
	<concept_answer concept_answer_id="4638" concept_id="161555" answer_concept="5622" creator="1" date_created="2013-01-24 19:52:40.0" uuid="4638CCCCCCCCCCCCCCCCCCCCCCCCCCCCCCCC" sort_weight="4638.0"/>
	<concept_answer concept_answer_id="4639" concept_id="161555" answer_concept="819" creator="1" date_created="2013-01-24 19:52:40.0" uuid="4639CCCCCCCCCCCCCCCCCCCCCCCCCCCCCCCC" sort_weight="4639.0"/>
	<concept concept_id="159492" retired="0" datatype_id="4" class_id="11" is_set="0" creator="1" date_created="2010-08-31 16:37:40.0" version="" changed_by="1" date_changed="2011-02-12 20:18:30.0" retired_by="1" uuid="159492AAAAAAAAAAAAAAAAAAAAAAAAAAAAAA"/>
	<concept_name concept_id="159492" name="Transferred out" locale="en" creator="1" date_created="2010-08-31 16:37:40.0" concept_name_id="106596" voided="0" voided_by="1" uuid="106596BBBBBBBBBBBBBBBBBBBBBBBBBBBBBB" concept_name_type="FULLY_SPECIFIED" locale_preferred="true"/>
	<concept concept_id="819" retired="0" datatype_id="4" class_id="5" is_set="0" creator="1" date_created="2004-05-04 00:00:00.0" version="" changed_by="1" date_changed="2013-04-11 13:20:44.0" retired_by="1" uuid="819AAAAAAAAAAAAAAAAAAAAAAAAAAAAAAAAA"/>
	<concept_name concept_id="819" name="Cannot afford treatment" locale="en" creator="1" date_created="2004-05-04 00:00:00.0" concept_name_id="857" voided="0" voided_by="1" uuid="857BBBBBBBBBBBBBBBBBBBBBBBBBBBBBBBBB" concept_name_type="FULLY_SPECIFIED" locale_preferred="true"/>
	<concept concept_id="159371" retired="0" datatype_id="2" class_id="5" is_set="0" creator="1" date_created="2010-08-24 13:50:39.0" version="" changed_by="1" date_changed="2011-05-11 15:37:37.0" retired_by="1" uuid="159371AAAAAAAAAAAAAAAAAAAAAAAAAAAAAA"/>
	<concept_name concept_id="159371" name="Referring clinic or hospital" locale="en" creator="1" date_created="2010-08-24 13:50:39.0" concept_name_id="106441" voided="0" voided_by="1" uuid="106441BBBBBBBBBBBBBBBBBBBBBBBBBBBBBB" concept_name_type="FULLY_SPECIFIED" locale_preferred="true"/>
	<concept_answer concept_answer_id="2183" concept_id="159371" answer_concept="1589" creator="1" date_created="2010-08-24 13:50:39.0" uuid="2183CCCCCCCCCCCCCCCCCCCCCCCCCCCCCCCC" sort_weight="2183.0"/>
	<concept_answer concept_answer_id="2184" concept_id="159371" answer_concept="1588" creator="1" date_created="2010-08-24 13:50:39.0" uuid="2184CCCCCCCCCCCCCCCCCCCCCCCCCCCCCCCC" sort_weight="2184.0"/>
	<concept_answer concept_answer_id="2185" concept_id="159371" answer_concept="159372" creator="1" date_created="2010-08-24 14:01:28.0" uuid="2185CCCCCCCCCCCCCCCCCCCCCCCCCCCCCCCC" sort_weight="2185.0"/>
	<concept_answer concept_answer_id="3399" concept_id="159371" answer_concept="5622" creator="1" date_created="2011-05-11 15:37:37.0" uuid="3399CCCCCCCCCCCCCCCCCCCCCCCCCCCCCCCC" sort_weight="3399.0"/>
	<concept concept_id="1589" retired="0" datatype_id="4" class_id="11" is_set="0" creator="1" date_created="2008-05-09 13:12:38.0" version="" changed_by="1" date_changed="2013-01-30 14:58:37.0" retired_by="1" uuid="1589AAAAAAAAAAAAAAAAAAAAAAAAAAAAAAAA"/>
	<concept_name concept_id="1589" name="HOSPITAL" locale="en" creator="1" date_created="2008-05-09 13:12:38.0" concept_name_id="1863" voided="0" voided_by="1" uuid="1863BBBBBBBBBBBBBBBBBBBBBBBBBBBBBBBB" concept_name_type="FULLY_SPECIFIED" locale_preferred="true"/>
	<concept concept_id="1588" retired="0" datatype_id="4" class_id="11" is_set="0" creator="1" date_created="2008-05-09 13:12:21.0" version="" changed_by="1" date_changed="2011-02-04 18:52:09.0" retired_by="1" uuid="1588AAAAAAAAAAAAAAAAAAAAAAAAAAAAAAAA"/>
	<concept_name concept_id="1588" name="HEALTH CLINIC/POST" locale="en" creator="1" date_created="2008-05-09 13:12:21.0" concept_name_id="1861" voided="0" voided_by="1" uuid="1861BBBBBBBBBBBBBBBBBBBBBBBBBBBBBBBB" concept_name_type="FULLY_SPECIFIED" locale_preferred="true"/>
	<concept concept_id="159372" retired="0" datatype_id="4" class_id="5" is_set="0" creator="1" date_created="2010-08-24 13:58:33.0" version="" changed_by="1" date_changed="2011-01-13 15:05:55.0" retired_by="1" uuid="159372AAAAAAAAAAAAAAAAAAAAAAAAAAAAAA"/>
	<concept_name concept_id="159372" name="Primary Care Clinic" locale="en" creator="1" date_created="2010-08-24 13:58:33.0" concept_name_id="106442" voided="0" voided_by="1" uuid="106442BBBBBBBBBBBBBBBBBBBBBBBBBBBBBB" concept_name_type="FULLY_SPECIFIED" locale_preferred="true"/>
	<concept_name concept_id="159372" name="PHC" locale="en" creator="1" date_created="2010-08-24 13:58:33.0" concept_name_id="106443" voided="0" voided_by="1" uuid="106443BBBBBBBBBBBBBBBBBBBBBBBBBBBBBB" concept_name_type="SHORT" locale_preferred="false"/>
	<concept concept_id="159877" retired="0" datatype_id="4" class_id="4" is_set="0" creator="1" date_created="2010-11-23 13:55:21.0" version="" changed_by="1" date_changed="2011-02-17 19:02:45.0" retired_by="1" uuid="159877AAAAAAAAAAAAAAAAAAAAAAAAAAAAAA"/>
	<concept_name concept_id="159877" name="relapse, smear positive tuberculosis" locale="en" creator="1" date_created="2010-11-23 13:55:21.0" concept_name_id="107366" voided="0" voided_by="1" uuid="107366BBBBBBBBBBBBBBBBBBBBBBBBBBBBBB" concept_name_type="FULLY_SPECIFIED" locale_preferred="true"/>
	<concept concept_id="159982" retired="0" datatype_id="2" class_id="1" is_set="0" creator="1" date_created="2010-12-16 14:26:55.0" version="" changed_by="1" date_changed="2011-02-05 21:32:12.0" retired_by="1" uuid="159982AAAAAAAAAAAAAAAAAAAAAAAAAAAAAA"/>
	<concept_name concept_id="159982" name="results, tuberculosis culture" locale="en" creator="1" date_created="2010-12-16 14:26:55.0" concept_name_id="107549" voided="0" voided_by="1" uuid="107549BBBBBBBBBBBBBBBBBBBBBBBBBBBBBB" concept_name_type="FULLY_SPECIFIED" locale_preferred="true"/>
	<concept_answer concept_answer_id="3003" concept_id="159982" answer_concept="664" creator="1" date_created="2010-12-16 14:26:55.0" uuid="3003CCCCCCCCCCCCCCCCCCCCCCCCCCCCCCCC" sort_weight="3003.0"/>
	<concept_answer concept_answer_id="3004" concept_id="159982" answer_concept="703" creator="1" date_created="2010-12-16 14:26:55.0" uuid="3004CCCCCCCCCCCCCCCCCCCCCCCCCCCCCCCC" sort_weight="3004.0"/>
	<concept_answer concept_answer_id="3076" concept_id="159982" answer_concept="1363" creator="1" date_created="2011-01-17 14:39:53.0" uuid="3076CCCCCCCCCCCCCCCCCCCCCCCCCCCCCCCC" sort_weight="3076.0"/>
	<concept_answer concept_answer_id="3077" concept_id="159982" answer_concept="159985" creator="1" date_created="2011-01-17 14:39:53.0" uuid="3077CCCCCCCCCCCCCCCCCCCCCCCCCCCCCCCC" sort_weight="3077.0"/>
	<concept_answer concept_answer_id="3078" concept_id="159982" answer_concept="1364" creator="1" date_created="2011-01-17 14:39:53.0" uuid="3078CCCCCCCCCCCCCCCCCCCCCCCCCCCCCCCC" sort_weight="3078.0"/>
	<concept_answer concept_answer_id="3079" concept_id="159982" answer_concept="160008" creator="1" date_created="2011-01-17 14:39:53.0" uuid="3079CCCCCCCCCCCCCCCCCCCCCCCCCCCCCCCC" sort_weight="3079.0"/>
	<concept_answer concept_answer_id="3080" concept_id="159982" answer_concept="1362" creator="1" date_created="2011-01-17 14:39:53.0" uuid="3080CCCCCCCCCCCCCCCCCCCCCCCCCCCCCCCC" sort_weight="3080.0"/>
	<concept concept_id="1363" retired="0" datatype_id="10" class_id="5" is_set="0" creator="1" date_created="2006-11-01 06:59:36.0" version="" changed_by="1" date_changed="2012-06-22 23:07:12.0" retired_by="1" uuid="1363AAAAAAAAAAAAAAAAAAAAAAAAAAAAAAAA"/>
	<concept_name concept_id="1363" name="++" locale="en" creator="1" date_created="2006-11-01 06:59:36.0" concept_name_id="86815" voided="0" voided_by="1" uuid="86815BBBBBBBBBBBBBBBBBBBBBBBBBBBBBBB" concept_name_type="SHORT" locale_preferred="false"/>
	<concept_name concept_id="1363" name="TWO PLUS" locale="en" creator="1" date_created="2006-11-01 06:59:36.0" concept_name_id="1469" voided="0" voided_by="1" uuid="1469BBBBBBBBBBBBBBBBBBBBBBBBBBBBBBBB" concept_name_type="FULLY_SPECIFIED" locale_preferred="true"/>
	<concept_name concept_id="1363" name="moderately positive" locale="en" creator="1" date_created="2011-01-17 14:28:15.0" concept_name_id="107620" voided="0" voided_by="1" void_reason="" uuid="107620BBBBBBBBBBBBBBBBBBBBBBBBBBBBBB" locale_preferred="false"/>
	<concept_name concept_id="1363" name="++" locale="en" creator="1" date_created="2006-11-01 06:59:36.0" concept_name_id="87077" voided="0" voided_by="1" void_reason="" uuid="87077BBBBBBBBBBBBBBBBBBBBBBBBBBBBBBB" locale_preferred="false"/>
	<concept_name concept_id="1363" name="2+" locale="en" creator="1" date_created="2012-06-22 23:07:12.0" concept_name_id="109061" voided="0" voided_by="1" uuid="109061BBBBBBBBBBBBBBBBBBBBBBBBBBBBBB" locale_preferred="false"/>
	<concept concept_id="159985" retired="0" datatype_id="4" class_id="11" is_set="0" creator="1" date_created="2010-12-16 14:46:38.0" version="" changed_by="1" date_changed="2012-06-21 22:08:11.0" retired_by="1" uuid="159985AAAAAAAAAAAAAAAAAAAAAAAAAAAAAA"/>
	<concept_name concept_id="159985" name="Scanty" locale="en" creator="1" date_created="2010-12-16 14:46:38.0" concept_name_id="107552" voided="0" voided_by="1" uuid="107552BBBBBBBBBBBBBBBBBBBBBBBBBBBBBB" concept_name_type="FULLY_SPECIFIED" locale_preferred="true"/>
	<concept concept_id="1364" retired="0" datatype_id="10" class_id="5" is_set="0" creator="1" date_created="2006-11-01 07:00:16.0" version="" changed_by="1" date_changed="2012-06-22 23:08:20.0" retired_by="1" uuid="1364AAAAAAAAAAAAAAAAAAAAAAAAAAAAAAAA"/>
	<concept_name concept_id="1364" name="THREE PLUS" locale="en" creator="1" date_created="2006-11-01 07:00:16.0" concept_name_id="1470" voided="0" voided_by="1" uuid="1470BBBBBBBBBBBBBBBBBBBBBBBBBBBBBBBB" concept_name_type="FULLY_SPECIFIED" locale_preferred="true"/>
	<concept_name concept_id="1364" name="3+" locale="en" creator="1" date_created="2012-06-22 23:08:20.0" concept_name_id="109062" voided="0" voided_by="1" uuid="109062BBBBBBBBBBBBBBBBBBBBBBBBBBBBBB" locale_preferred="false"/>
	<concept_name concept_id="1364" name="strongly positive" locale="en" creator="1" date_created="2011-01-17 14:35:35.0" concept_name_id="107622" voided="0" voided_by="1" void_reason="" uuid="107622BBBBBBBBBBBBBBBBBBBBBBBBBBBBBB" locale_preferred="false"/>
	<concept_name concept_id="1364" name="+++" locale="en" creator="1" date_created="2006-11-01 07:00:16.0" concept_name_id="87078" voided="0" voided_by="1" void_reason="" uuid="87078BBBBBBBBBBBBBBBBBBBBBBBBBBBBBBB" locale_preferred="false"/>
	<concept_name concept_id="1364" name="+++" locale="en" creator="1" date_created="2006-11-01 07:00:16.0" concept_name_id="86816" voided="0" voided_by="1" uuid="86816BBBBBBBBBBBBBBBBBBBBBBBBBBBBBBB" concept_name_type="SHORT" locale_preferred="false"/>
	<concept concept_id="160008" retired="0" datatype_id="4" class_id="11" is_set="0" creator="1" date_created="2011-01-17 14:37:31.0" version="" changed_by="1" date_changed="2011-02-05 21:31:32.0" retired_by="1" uuid="160008AAAAAAAAAAAAAAAAAAAAAAAAAAAAAA"/>
	<concept_name concept_id="160008" name="contaminated specimen" locale="en" creator="1" date_created="2011-01-17 14:37:31.0" concept_name_id="107623" voided="0" voided_by="1" uuid="107623BBBBBBBBBBBBBBBBBBBBBBBBBBBBBB" concept_name_type="FULLY_SPECIFIED" locale_preferred="true"/>
	<concept concept_id="1362" retired="0" datatype_id="10" class_id="5" is_set="0" creator="1" date_created="2006-11-01 06:59:01.0" version="" changed_by="1" date_changed="2012-06-22 23:06:16.0" retired_by="1" uuid="1362AAAAAAAAAAAAAAAAAAAAAAAAAAAAAAAA"/>
	<concept_name concept_id="1362" name="ONE PLUS" locale="en" creator="1" date_created="2006-11-01 06:59:01.0" concept_name_id="1468" voided="0" voided_by="1" uuid="1468BBBBBBBBBBBBBBBBBBBBBBBBBBBBBBBB" concept_name_type="FULLY_SPECIFIED" locale_preferred="true"/>
	<concept_name concept_id="1362" name="+" locale="en" creator="1" date_created="2006-11-01 06:59:01.0" concept_name_id="87076" voided="0" voided_by="1" void_reason="" uuid="87076BBBBBBBBBBBBBBBBBBBBBBBBBBBBBBB" locale_preferred="false"/>
	<concept_name concept_id="1362" name="weakly positive" locale="en" creator="1" date_created="2011-01-17 14:32:05.0" concept_name_id="107621" voided="0" voided_by="1" void_reason="" uuid="107621BBBBBBBBBBBBBBBBBBBBBBBBBBBBBB" locale_preferred="false"/>
	<concept_name concept_id="1362" name="1+" locale="en" creator="1" date_created="2012-06-22 23:06:16.0" concept_name_id="109060" voided="0" voided_by="1" uuid="109060BBBBBBBBBBBBBBBBBBBBBBBBBBBBBB" locale_preferred="false"/>
	<concept_name concept_id="1362" name="+" locale="en" creator="1" date_created="2006-11-01 06:59:01.0" concept_name_id="86814" voided="0" voided_by="1" uuid="86814BBBBBBBBBBBBBBBBBBBBBBBBBBBBBBB" concept_name_type="SHORT" locale_preferred="false"/>
	<concept concept_id="159873" retired="0" datatype_id="4" class_id="11" is_set="0" creator="1" date_created="2010-11-23 13:39:16.0" version="" changed_by="1" retired_by="1" uuid="159873AAAAAAAAAAAAAAAAAAAAAAAAAAAAAA"/>
	<concept_name concept_id="159873" name="retreatment after default, tuberculosis" locale="en" creator="1" date_created="2010-11-23 13:39:16.0" concept_name_id="107361" voided="0" voided_by="1" uuid="107361BBBBBBBBBBBBBBBBBBBBBBBBBBBBBB" concept_name_type="FULLY_SPECIFIED" locale_preferred="true"/>
	<concept_name concept_id="159873" name="RAD" locale="en" creator="1" date_created="2010-11-23 13:39:16.0" concept_name_id="107362" voided="0" voided_by="1" uuid="107362BBBBBBBBBBBBBBBBBBBBBBBBBBBBBB" concept_name_type="SHORT" locale_preferred="false"/>
	<concept concept_id="5096" retired="0" datatype_id="6" class_id="11" is_set="0" creator="1" date_created="2004-08-12 00:00:00.0" version="" changed_by="1" date_changed="2012-05-31 17:42:13.0" retired_by="1" uuid="5096AAAAAAAAAAAAAAAAAAAAAAAAAAAAAAAA"/>
	<concept_name concept_id="5096" name="Next scheduled visit" locale="en" creator="1" date_created="2012-05-31 17:42:13.0" concept_name_id="108642" voided="0" voided_by="1" uuid="108642BBBBBBBBBBBBBBBBBBBBBBBBBBBBBB" locale_preferred="false"/>
	<concept_name concept_id="5096" name="RETURN VISIT DATE" locale="en" creator="1" date_created="2004-08-12 00:00:00.0" concept_name_id="2200" voided="0" voided_by="1" uuid="2200BBBBBBBBBBBBBBBBBBBBBBBBBBBBBBBB" concept_name_type="FULLY_SPECIFIED" locale_preferred="true"/>
	<concept_name concept_id="5096" name="Appointment date" locale="en" creator="1" date_created="2012-05-31 17:42:13.0" concept_name_id="108641" voided="0" voided_by="1" void_reason="" uuid="108641BBBBBBBBBBBBBBBBBBBBBBBBBBBBBB" locale_preferred="false"/>
	<concept concept_id="1189" retired="0" datatype_id="2" class_id="7" is_set="0" creator="1" date_created="2005-02-09 00:00:00.0" version="" changed_by="1" date_changed="2011-02-04 14:38:30.0" retired_by="1" uuid="1189AAAAAAAAAAAAAAAAAAAAAAAAAAAAAAAA"/>
	<concept_name concept_id="1189" name="REVIEW OF SYSTEMS, DEVELOPMENTAL" locale="en" creator="1" date_created="2005-02-09 00:00:00.0" concept_name_id="1266" voided="0" voided_by="1" uuid="1266BBBBBBBBBBBBBBBBBBBBBBBBBBBBBBBB" concept_name_type="FULLY_SPECIFIED" locale_preferred="true"/>
	<concept_answer concept_answer_id="311" concept_id="1189" answer_concept="5550" creator="1" date_created="2005-02-09 00:00:00.0" uuid="311CCCCCCCCCCCCCCCCCCCCCCCCCCCCCCCCC" sort_weight="311.0"/>
	<concept_answer concept_answer_id="312" concept_id="1189" answer_concept="6022" creator="1" date_created="2005-02-09 00:00:00.0" uuid="312CCCCCCCCCCCCCCCCCCCCCCCCCCCCCCCCC" sort_weight="312.0"/>
	<concept_answer concept_answer_id="313" concept_id="1189" answer_concept="6025" creator="1" date_created="2005-02-09 00:00:00.0" uuid="313CCCCCCCCCCCCCCCCCCCCCCCCCCCCCCCCC" sort_weight="313.0"/>
	<concept_answer concept_answer_id="314" concept_id="1189" answer_concept="6037" creator="1" date_created="2005-02-09 00:00:00.0" uuid="314CCCCCCCCCCCCCCCCCCCCCCCCCCCCCCCCC" sort_weight="314.0"/>
	<concept concept_id="5550" retired="0" datatype_id="4" class_id="13" is_set="0" creator="1" date_created="2004-08-12 00:00:00.0" version="" changed_by="1" date_changed="2011-01-14 17:19:12.0" retired_by="1" uuid="5550AAAAAAAAAAAAAAAAAAAAAAAAAAAAAAAA"/>
	<concept_name concept_id="5550" name="LEARNING PROBLEMS" locale="en" creator="1" date_created="2004-08-12 00:00:00.0" concept_name_id="2676" voided="0" voided_by="1" uuid="2676BBBBBBBBBBBBBBBBBBBBBBBBBBBBBBBB" concept_name_type="FULLY_SPECIFIED" locale_preferred="true"/>
	<concept concept_id="6022" retired="0" datatype_id="4" class_id="5" is_set="0" creator="1" date_created="2004-08-12 00:00:00.0" version="" changed_by="1" date_changed="2012-10-14 21:54:13.0" retired_by="1" uuid="6022AAAAAAAAAAAAAAAAAAAAAAAAAAAAAAAA"/>
	<concept_name concept_id="6022" name="DELAYED MILESTONES" locale="en" creator="1" date_created="2004-08-12 00:00:00.0" concept_name_id="3168" voided="0" voided_by="1" uuid="3168BBBBBBBBBBBBBBBBBBBBBBBBBBBBBBBB" concept_name_type="FULLY_SPECIFIED" locale_preferred="true"/>
	<concept concept_id="6025" retired="0" datatype_id="4" class_id="5" is_set="0" creator="1" date_created="2004-08-12 00:00:00.0" version="" changed_by="1" date_changed="2012-10-14 21:59:50.0" retired_by="1" uuid="6025AAAAAAAAAAAAAAAAAAAAAAAAAAAAAAAA"/>
	<concept_name concept_id="6025" name="REGRESSED MILESTONES" locale="en" creator="1" date_created="2004-08-12 00:00:00.0" concept_name_id="3171" voided="0" voided_by="1" uuid="3171BBBBBBBBBBBBBBBBBBBBBBBBBBBBBBBB" concept_name_type="FULLY_SPECIFIED" locale_preferred="true"/>
	<concept concept_id="6037" retired="0" datatype_id="4" class_id="13" is_set="0" creator="1" date_created="2004-08-12 00:00:00.0" version="" changed_by="1" date_changed="2011-01-15 17:53:35.0" retired_by="1" uuid="6037AAAAAAAAAAAAAAAAAAAAAAAAAAAAAAAA"/>
	<concept_name concept_id="6037" name="MEMORY PROBLEMS" locale="en" creator="1" date_created="2004-08-12 00:00:00.0" concept_name_id="3183" voided="0" voided_by="1" uuid="3183BBBBBBBBBBBBBBBBBBBBBBBBBBBBBBBB" concept_name_type="FULLY_SPECIFIED" locale_preferred="true"/>
	<concept concept_id="1246" retired="0" datatype_id="10" class_id="7" is_set="0" creator="1" date_created="2005-02-22 10:55:28.0" version="" changed_by="1" date_changed="2011-05-30 19:41:30.0" retired_by="1" uuid="1246AAAAAAAAAAAAAAAAAAAAAAAAAAAAAAAA"/>
	<concept_name concept_id="1246" name="SCHEDULED VISIT" locale="en" creator="1" date_created="2005-02-22 10:55:28.0" concept_name_id="1325" voided="0" voided_by="1" uuid="1325BBBBBBBBBBBBBBBBBBBBBBBBBBBBBBBB" concept_name_type="FULLY_SPECIFIED" locale_preferred="true"/>
	<concept concept_id="1728" retired="0" datatype_id="2" class_id="11" is_set="0" creator="1" date_created="2009-06-24 16:51:15.0" version="" changed_by="1" date_changed="2013-02-22 20:39:10.0" retired_by="1" uuid="1728AAAAAAAAAAAAAAAAAAAAAAAAAAAAAAAA"/>
	<concept_name concept_id="1728" name="sign/symptom" locale="en" creator="1" date_created="2009-06-24 16:51:15.0" concept_name_id="87010" voided="0" voided_by="1" uuid="87010BBBBBBBBBBBBBBBBBBBBBBBBBBBBBBB" concept_name_type="SHORT" locale_preferred="false"/>
	<concept_name concept_id="1728" name="SIGN/SYMPTOM NAME" locale="en" creator="1" date_created="2009-06-24 16:51:15.0" concept_name_id="2008" voided="0" voided_by="1" uuid="2008BBBBBBBBBBBBBBBBBBBBBBBBBBBBBBBB" concept_name_type="FULLY_SPECIFIED" locale_preferred="true"/>
	<concept concept_id="1729" retired="0" datatype_id="2" class_id="7" is_set="0" creator="1" date_created="2009-06-24 16:52:38.0" version="" changed_by="1" date_changed="2013-03-12 23:39:46.0" retired_by="1" uuid="1729AAAAAAAAAAAAAAAAAAAAAAAAAAAAAAAA"/>
	<concept_name concept_id="1729" name="sign/symptom?" locale="en" creator="1" date_created="2009-06-24 16:52:38.0" concept_name_id="87011" voided="0" voided_by="1" uuid="87011BBBBBBBBBBBBBBBBBBBBBBBBBBBBBBB" concept_name_type="SHORT" locale_preferred="false"/>
	<concept_name concept_id="1729" name="SIGN/SYMPTOM PRESENT" locale="en" creator="1" date_created="2009-06-24 16:52:38.0" concept_name_id="2009" voided="0" voided_by="1" uuid="2009BBBBBBBBBBBBBBBBBBBBBBBBBBBBBBBB" concept_name_type="FULLY_SPECIFIED" locale_preferred="true"/>
	<concept_answer concept_answer_id="1558" concept_id="1729" answer_concept="1066" creator="1" date_created="2009-06-24 16:52:38.0" uuid="1558CCCCCCCCCCCCCCCCCCCCCCCCCCCCCCCC" sort_weight="1558.0"/>
	<concept_answer concept_answer_id="1559" concept_id="1729" answer_concept="1067" creator="1" date_created="2009-06-24 16:52:38.0" uuid="1559CCCCCCCCCCCCCCCCCCCCCCCCCCCCCCCC" sort_weight="1559.0"/>
	<concept_answer concept_answer_id="1560" concept_id="1729" answer_concept="1065" creator="1" date_created="2009-06-24 16:52:38.0" uuid="1560CCCCCCCCCCCCCCCCCCCCCCCCCCCCCCCC" sort_weight="1560.0"/>
	<concept concept_id="160040" retired="0" datatype_id="2" class_id="7" is_set="0" creator="1" date_created="2011-01-17 21:06:31.0" version="" changed_by="1" retired_by="1" uuid="160040AAAAAAAAAAAAAAAAAAAAAAAAAAAAAA"/>
	<concept_name concept_id="160040" name="Site of tuberculosis disease" locale="en" creator="1" date_created="2011-01-17 21:06:31.0" concept_name_id="107700" voided="0" voided_by="1" uuid="107700BBBBBBBBBBBBBBBBBBBBBBBBBBBBBB" concept_name_type="FULLY_SPECIFIED" locale_preferred="true"/>
	<concept_name concept_id="160040" name="TB site" locale="en" creator="1" date_created="2011-01-17 21:06:31.0" concept_name_id="107701" voided="0" voided_by="1" uuid="107701BBBBBBBBBBBBBBBBBBBBBBBBBBBBBB" concept_name_type="SHORT" locale_preferred="false"/>
	<concept_answer concept_answer_id="3138" concept_id="160040" answer_concept="42" creator="1" date_created="2011-01-17 21:06:31.0" uuid="3138CCCCCCCCCCCCCCCCCCCCCCCCCCCCCCCC" sort_weight="3138.0"/>
	<concept_answer concept_answer_id="3139" concept_id="160040" answer_concept="5042" creator="1" date_created="2011-01-17 21:06:31.0" uuid="3139CCCCCCCCCCCCCCCCCCCCCCCCCCCCCCCC" sort_weight="3139.0"/>
	<concept concept_id="5042" retired="0" datatype_id="4" class_id="4" is_set="0" creator="1" date_created="2004-08-12 00:00:00.0" version="" changed_by="1" date_changed="2012-06-06 12:47:10.0" retired_by="1" uuid="5042AAAAAAAAAAAAAAAAAAAAAAAAAAAAAAAA"/>
	<concept_name concept_id="5042" name="Mycobacterium Tuberculosis, extrapulmonary" locale="en" creator="1" date_created="2004-08-12 00:00:00.0" concept_name_id="2142" voided="0" voided_by="1" uuid="2142BBBBBBBBBBBBBBBBBBBBBBBBBBBBBBBB" concept_name_type="FULLY_SPECIFIED" locale_preferred="true"/>
	<concept_name concept_id="5042" name="Extrapulmonary TB" locale="en" creator="1" date_created="2011-01-17 21:07:05.0" concept_name_id="107702" voided="0" voided_by="1" void_reason="" uuid="107702BBBBBBBBBBBBBBBBBBBBBBBBBBBBBB" locale_preferred="false"/>
	<concept_name concept_id="5042" name="Extra-pulmonary tuberculosis" locale="en" creator="1" date_created="2011-10-12 08:44:17.0" concept_name_id="108140" voided="0" voided_by="1" void_reason="" uuid="108140BBBBBBBBBBBBBBBBBBBBBBBBBBBBBB" locale_preferred="false"/>
	<concept_name concept_id="5042" name="EPTB (extrapulmonary tuberculosis)" locale="en" creator="1" date_created="2010-04-26 08:56:13.0" concept_name_id="105598" voided="0" voided_by="1" void_reason="" uuid="105598BBBBBBBBBBBBBBBBBBBBBBBBBBBBBB" locale_preferred="false"/>
	<concept concept_id="159878" retired="0" datatype_id="4" class_id="4" is_set="0" creator="1" date_created="2010-11-23 13:57:40.0" version="" changed_by="1" date_changed="2013-02-20 21:27:33.0" retired_by="1" uuid="159878AAAAAAAAAAAAAAAAAAAAAAAAAAAAAA"/>
	<concept_name concept_id="159878" name="smear positive, new tuberculosis patient" locale="en" creator="1" date_created="2010-11-23 13:57:40.0" concept_name_id="107367" voided="0" voided_by="1" uuid="107367BBBBBBBBBBBBBBBBBBBBBBBBBBBBBB" concept_name_type="FULLY_SPECIFIED" locale_preferred="true"/>
	<concept concept_id="105281" retired="0" datatype_id="4" class_id="3" is_set="0" creator="1" date_created="2007-03-11 00:00:00.0" version="" changed_by="1" date_changed="2013-06-24 12:29:50.0" retired_by="1" uuid="105281AAAAAAAAAAAAAAAAAAAAAAAAAAAAAA"/>
	<concept_name concept_id="105281" name="SULFAMETHOXAZOLE / TRIMETHOPRIM" locale="en" creator="1" date_created="2007-03-11 00:00:00.0" concept_name_id="10699" voided="0" voided_by="1" uuid="10699BBBBBBBBBBBBBBBBBBBBBBBBBBBBBBB" concept_name_type="FULLY_SPECIFIED" locale_preferred="true"/>
	<concept_name concept_id="105281" name="Sulfatrim" locale="en" creator="1" date_created="2007-10-18 09:35:54.0" concept_name_id="98491" voided="0" voided_by="1" void_reason="" uuid="98491BBBBBBBBBBBBBBBBBBBBBBBBBBBBBBB" locale_preferred="false"/>
	<concept_name concept_id="105281" name="SMX-TMP" locale="en" creator="1" date_created="2007-06-28 17:13:40.0" concept_name_id="98179" voided="0" voided_by="1" void_reason="" uuid="98179BBBBBBBBBBBBBBBBBBBBBBBBBBBBBBB" locale_preferred="false"/>
	<concept_name concept_id="105281" name="Cotrim" locale="en" creator="1" date_created="2007-10-18 09:35:54.0" concept_name_id="90027" voided="0" voided_by="1" void_reason="" uuid="90027BBBBBBBBBBBBBBBBBBBBBBBBBBBBBBB" locale_preferred="false"/>
	<concept_name concept_id="105281" name="Septra" locale="en" creator="1" date_created="2007-10-18 09:35:54.0" concept_name_id="97999" voided="0" voided_by="1" void_reason="" uuid="97999BBBBBBBBBBBBBBBBBBBBBBBBBBBBBBB" locale_preferred="false"/>
	<concept_name concept_id="105281" name="Co-trimoxazole" locale="en" creator="1" date_created="2012-10-11 13:07:20.0" concept_name_id="110406" voided="0" voided_by="1" void_reason="" uuid="110406BBBBBBBBBBBBBBBBBBBBBBBBBBBBBB" locale_preferred="false"/>
	<concept_name concept_id="105281" name="Cotrimoxazole" locale="en" creator="1" date_created="2013-06-24 12:29:50.0" concept_name_id="124262" voided="0" voided_by="1" uuid="124262BBBBBBBBBBBBBBBBBBBBBBBBBBBBBB" locale_preferred="false"/>
	<concept_name concept_id="105281" name="Bactrim" locale="en" creator="1" date_created="2007-10-18 09:35:54.0" concept_name_id="88448" voided="0" voided_by="1" void_reason="" uuid="88448BBBBBBBBBBBBBBBBBBBBBBBBBBBBBBB" locale_preferred="false"/>
	<concept_name concept_id="105281" name="CTX" locale="en" creator="1" date_created="2013-06-24 12:29:50.0" concept_name_id="124261" voided="0" voided_by="1" uuid="124261BBBBBBBBBBBBBBBBBBBBBBBBBBBBBB" locale_preferred="false"/>
	<concept_name concept_id="105281" name="Septrin" locale="en" creator="1" date_created="2007-10-18 09:35:54.0" concept_name_id="98001" voided="0" voided_by="1" void_reason="" uuid="98001BBBBBBBBBBBBBBBBBBBBBBBBBBBBBBB" locale_preferred="false"/>
	<concept concept_id="307" retired="0" datatype_id="2" class_id="1" is_set="0" creator="1" date_created="2004-01-01 00:00:00.0" version="" changed_by="1" date_changed="2013-05-08 14:29:44.0" retired_by="1" uuid="307AAAAAAAAAAAAAAAAAAAAAAAAAAAAAAAAA"/>
	<concept_name concept_id="307" name="SPUTUM FOR ACID FAST BACILLI" locale="en" creator="1" date_created="2004-01-01 00:00:00.0" concept_name_id="337" voided="0" voided_by="1" uuid="337BBBBBBBBBBBBBBBBBBBBBBBBBBBBBBBBB" concept_name_type="FULLY_SPECIFIED" locale_preferred="true"/>
	<concept_name concept_id="307" name="SPUTUM FOR AFB" locale="en" creator="1" date_created="2005-01-22 00:00:00.0" concept_name_id="98302" voided="0" voided_by="1" void_reason="" uuid="98302BBBBBBBBBBBBBBBBBBBBBBBBBBBBBBB" locale_preferred="false"/>
	<concept_name concept_id="307" name="AFB SMEAR SPUTUM" locale="en" creator="1" date_created="2004-10-20 00:00:00.0" concept_name_id="87383" voided="0" voided_by="1" void_reason="" uuid="87383BBBBBBBBBBBBBBBBBBBBBBBBBBBBBBB" locale_preferred="false"/>
	<concept_answer concept_answer_id="1033" concept_id="307" answer_concept="1364" creator="1" date_created="2006-11-05 16:35:21.0" uuid="1033CCCCCCCCCCCCCCCCCCCCCCCCCCCCCCCC" sort_weight="1033.0"/>
	<concept_answer concept_answer_id="1034" concept_id="307" answer_concept="1362" creator="1" date_created="2006-11-05 16:35:21.0" uuid="1034CCCCCCCCCCCCCCCCCCCCCCCCCCCCCCCC" sort_weight="1034.0"/>
	<concept_answer concept_answer_id="1035" concept_id="307" answer_concept="1363" creator="1" date_created="2006-11-05 16:35:21.0" uuid="1035CCCCCCCCCCCCCCCCCCCCCCCCCCCCCCCC" sort_weight="1035.0"/>
	<concept_answer concept_answer_id="1036" concept_id="307" answer_concept="664" creator="1" date_created="2006-11-05 16:35:21.0" uuid="1036CCCCCCCCCCCCCCCCCCCCCCCCCCCCCCCC" sort_weight="1036.0"/>
	<concept_answer concept_answer_id="3081" concept_id="307" answer_concept="159985" creator="1" date_created="2011-01-17 14:45:46.0" uuid="3081CCCCCCCCCCCCCCCCCCCCCCCCCCCCCCCC" sort_weight="3081.0"/>
	<concept_answer concept_answer_id="3082" concept_id="307" answer_concept="703" creator="1" date_created="2011-01-17 14:45:46.0" uuid="3082CCCCCCCCCCCCCCCCCCCCCCCCCCCCCCCC" sort_weight="3082.0"/>
	<concept_answer concept_answer_id="3083" concept_id="307" answer_concept="160008" creator="1" date_created="2011-01-17 14:45:46.0" uuid="3083CCCCCCCCCCCCCCCCCCCCCCCCCCCCCCCC" sort_weight="3083.0"/>
	<concept concept_id="1271" retired="0" datatype_id="2" class_id="7" is_set="0" creator="1" date_created="2005-02-22 20:43:57.0" version="" changed_by="1" date_changed="2011-09-24 13:45:31.0" retired_by="1" uuid="1271AAAAAAAAAAAAAAAAAAAAAAAAAAAAAAAA"/>
	<concept_name concept_id="1271" name="TESTS ORDERED" locale="en" creator="1" date_created="2005-02-22 20:43:57.0" concept_name_id="1351" voided="0" voided_by="1" uuid="1351BBBBBBBBBBBBBBBBBBBBBBBBBBBBBBBB" concept_name_type="FULLY_SPECIFIED" locale_preferred="true"/>
	<concept_answer concept_answer_id="615" concept_id="1271" answer_concept="1019" creator="1" date_created="2005-02-22 20:45:07.0" uuid="615CCCCCCCCCCCCCCCCCCCCCCCCCCCCCCCCC" sort_weight="615.0"/>
	<concept_answer concept_answer_id="616" concept_id="1271" answer_concept="21" creator="1" date_created="2005-02-22 20:45:07.0" uuid="616CCCCCCCCCCCCCCCCCCCCCCCCCCCCCCCCC" sort_weight="616.0"/>
	<concept_answer concept_answer_id="617" concept_id="1271" answer_concept="654" creator="1" date_created="2005-02-22 20:45:07.0" uuid="617CCCCCCCCCCCCCCCCCCCCCCCCCCCCCCCCC" sort_weight="617.0"/>
	<concept_answer concept_answer_id="618" concept_id="1271" answer_concept="657" creator="1" date_created="2005-02-22 20:45:07.0" uuid="618CCCCCCCCCCCCCCCCCCCCCCCCCCCCCCCCC" sort_weight="618.0"/>
	<concept_answer concept_answer_id="619" concept_id="1271" answer_concept="856" creator="1" date_created="2005-02-22 20:45:07.0" uuid="619CCCCCCCCCCCCCCCCCCCCCCCCCCCCCCCCC" sort_weight="619.0"/>
	<concept_answer concept_answer_id="620" concept_id="1271" answer_concept="1042" creator="1" date_created="2005-02-22 20:45:07.0" uuid="620CCCCCCCCCCCCCCCCCCCCCCCCCCCCCCCCC" sort_weight="620.0"/>
	<concept_answer concept_answer_id="621" concept_id="1271" answer_concept="1030" creator="1" date_created="2005-02-22 20:45:07.0" uuid="621CCCCCCCCCCCCCCCCCCCCCCCCCCCCCCCCC" sort_weight="621.0"/>
	<concept_answer concept_answer_id="622" concept_id="1271" answer_concept="790" creator="1" date_created="2005-02-22 20:45:07.0" uuid="622CCCCCCCCCCCCCCCCCCCCCCCCCCCCCCCCC" sort_weight="622.0"/>
	<concept_answer concept_answer_id="623" concept_id="1271" answer_concept="12" creator="1" date_created="2005-02-22 20:45:07.0" uuid="623CCCCCCCCCCCCCCCCCCCCCCCCCCCCCCCCC" sort_weight="623.0"/>
	<concept_answer concept_answer_id="624" concept_id="1271" answer_concept="5622" creator="1" date_created="2005-02-22 20:45:25.0" uuid="624CCCCCCCCCCCCCCCCCCCCCCCCCCCCCCCCC" sort_weight="624.0"/>
	<concept_answer concept_answer_id="705" concept_id="1271" answer_concept="653" creator="1" date_created="2005-08-08 18:11:44.0" uuid="705CCCCCCCCCCCCCCCCCCCCCCCCCCCCCCCCC" sort_weight="705.0"/>
	<concept_answer concept_answer_id="706" concept_id="1271" answer_concept="5473" creator="1" date_created="2005-08-08 18:11:44.0" uuid="706CCCCCCCCCCCCCCCCCCCCCCCCCCCCCCCCC" sort_weight="706.0"/>
	<concept_answer concept_answer_id="707" concept_id="1271" answer_concept="5475" creator="1" date_created="2005-08-08 18:11:44.0" uuid="707CCCCCCCCCCCCCCCCCCCCCCCCCCCCCCCCC" sort_weight="707.0"/>
	<concept_answer concept_answer_id="708" concept_id="1271" answer_concept="307" creator="1" date_created="2005-08-08 18:11:44.0" uuid="708CCCCCCCCCCCCCCCCCCCCCCCCCCCCCCCCC" sort_weight="708.0"/>
	<concept_answer concept_answer_id="709" concept_id="1271" answer_concept="45" creator="1" date_created="2005-08-08 18:11:44.0" uuid="709CCCCCCCCCCCCCCCCCCCCCCCCCCCCCCCCC" sort_weight="709.0"/>
	<concept_answer concept_answer_id="710" concept_id="1271" answer_concept="1107" creator="1" date_created="2005-08-08 18:14:39.0" uuid="710CCCCCCCCCCCCCCCCCCCCCCCCCCCCCCCCC" sort_weight="710.0"/>
	<concept_answer concept_answer_id="711" concept_id="1271" answer_concept="299" creator="1" date_created="2005-08-08 18:14:39.0" uuid="711CCCCCCCCCCCCCCCCCCCCCCCCCCCCCCCCC" sort_weight="711.0"/>
	<concept_answer concept_answer_id="1018" concept_id="1271" answer_concept="887" creator="1" date_created="2006-10-17 11:46:25.0" uuid="1018CCCCCCCCCCCCCCCCCCCCCCCCCCCCCCCC" sort_weight="1018.0"/>
	<concept_answer concept_answer_id="1019" concept_id="1271" answer_concept="302" creator="1" date_created="2006-11-01 06:57:01.0" uuid="1019CCCCCCCCCCCCCCCCCCCCCCCCCCCCCCCC" sort_weight="1019.0"/>
	<concept_answer concept_answer_id="1072" concept_id="1271" answer_concept="1368" creator="1" date_created="2006-11-10 15:47:03.0" uuid="1072CCCCCCCCCCCCCCCCCCCCCCCCCCCCCCCC" sort_weight="1072.0"/>
	<concept_answer concept_answer_id="1073" concept_id="1271" answer_concept="1015" creator="1" date_created="2006-11-10 15:48:29.0" uuid="1073CCCCCCCCCCCCCCCCCCCCCCCCCCCCCCCC" sort_weight="1073.0"/>
	<concept_answer concept_answer_id="1117" concept_id="1271" answer_concept="300" creator="1" date_created="2006-12-17 21:10:06.0" uuid="1117CCCCCCCCCCCCCCCCCCCCCCCCCCCCCCCC" sort_weight="1117.0"/>
	<concept_answer concept_answer_id="1120" concept_id="1271" answer_concept="1366" creator="1" date_created="2006-12-21 17:52:09.0" uuid="1120CCCCCCCCCCCCCCCCCCCCCCCCCCCCCCCC" sort_weight="1120.0"/>
	<concept_answer concept_answer_id="1121" concept_id="1271" answer_concept="32" creator="1" date_created="2006-12-21 17:52:09.0" uuid="1121CCCCCCCCCCCCCCCCCCCCCCCCCCCCCCCC" sort_weight="1121.0"/>
	<concept_answer concept_answer_id="1122" concept_id="1271" answer_concept="1367" creator="1" date_created="2006-12-21 19:26:20.0" uuid="1122CCCCCCCCCCCCCCCCCCCCCCCCCCCCCCCC" sort_weight="1122.0"/>
	<concept_answer concept_answer_id="1285" concept_id="1271" answer_concept="1495" creator="1" date_created="2008-04-20 15:25:35.0" uuid="1285CCCCCCCCCCCCCCCCCCCCCCCCCCCCCCCC" sort_weight="1285.0"/>
	<concept_answer concept_answer_id="1339" concept_id="1271" answer_concept="305" creator="1" date_created="2008-10-13 10:39:28.0" uuid="1339CCCCCCCCCCCCCCCCCCCCCCCCCCCCCCCC" sort_weight="1339.0"/>
	<concept_answer concept_answer_id="1340" concept_id="1271" answer_concept="306" creator="1" date_created="2008-10-13 10:39:28.0" uuid="1340CCCCCCCCCCCCCCCCCCCCCCCCCCCCCCCC" sort_weight="1340.0"/>
	<concept_answer concept_answer_id="1362" concept_id="1271" answer_concept="1618" creator="1" date_created="2008-11-07 02:17:30.0" uuid="1362CCCCCCCCCCCCCCCCCCCCCCCCCCCCCCCC" sort_weight="1362.0"/>
	<concept_answer concept_answer_id="1366" concept_id="1271" answer_concept="1032" creator="1" date_created="2008-11-08 22:17:40.0" uuid="1366CCCCCCCCCCCCCCCCCCCCCCCCCCCCCCCC" sort_weight="1366.0"/>
	<concept_answer concept_answer_id="1370" concept_id="1271" answer_concept="1619" creator="1" date_created="2008-11-09 15:34:05.0" uuid="1370CCCCCCCCCCCCCCCCCCCCCCCCCCCCCCCC" sort_weight="1370.0"/>
	<concept_answer concept_answer_id="1395" concept_id="1271" answer_concept="1643" creator="1" date_created="2009-03-17 14:48:37.0" uuid="1395CCCCCCCCCCCCCCCCCCCCCCCCCCCCCCCC" sort_weight="1395.0"/>
	<concept_answer concept_answer_id="2029" concept_id="1271" answer_concept="1875" creator="1" date_created="2009-08-25 17:32:10.0" uuid="2029CCCCCCCCCCCCCCCCCCCCCCCCCCCCCCCC" sort_weight="2029.0"/>
	<concept_answer concept_answer_id="2319" concept_id="1271" answer_concept="849" creator="1" date_created="2010-08-31 16:18:13.0" uuid="2319CCCCCCCCCCCCCCCCCCCCCCCCCCCCCCCC" sort_weight="2319.0"/>
	<concept_answer concept_answer_id="2320" concept_id="1271" answer_concept="678" creator="1" date_created="2010-08-31 16:18:13.0" uuid="2320CCCCCCCCCCCCCCCCCCCCCCCCCCCCCCCC" sort_weight="2320.0"/>
	<concept_answer concept_answer_id="2406" concept_id="1271" answer_concept="846" creator="1" date_created="2010-09-03 14:39:50.0" uuid="2406CCCCCCCCCCCCCCCCCCCCCCCCCCCCCCCC" sort_weight="2406.0"/>
	<concept_answer concept_answer_id="2407" concept_id="1271" answer_concept="159541" creator="1" date_created="2010-09-03 14:39:50.0" uuid="2407CCCCCCCCCCCCCCCCCCCCCCCCCCCCCCCC" sort_weight="2407.0"/>
	<concept_answer concept_answer_id="2456" concept_id="1271" answer_concept="855" creator="1" date_created="2010-09-08 12:31:17.0" uuid="2456CCCCCCCCCCCCCCCCCCCCCCCCCCCCCCCC" sort_weight="2456.0"/>
	<concept_answer concept_answer_id="3448" concept_id="1271" answer_concept="729" creator="1" date_created="2011-09-24 13:45:31.0" uuid="3448CCCCCCCCCCCCCCCCCCCCCCCCCCCCCCCC" sort_weight="3448.0"/>
	<concept concept_id="1019" retired="0" datatype_id="4" class_id="8" is_set="1" creator="1" date_created="2004-12-02 00:00:00.0" version="" changed_by="1" date_changed="2010-10-24 16:55:23.0" retired_by="1" uuid="1019AAAAAAAAAAAAAAAAAAAAAAAAAAAAAAAA"/>
	<concept_name concept_id="1019" name="COMPLETE BLOOD COUNT" locale="en" creator="1" date_created="2004-12-02 00:00:00.0" concept_name_id="1072" voided="0" voided_by="1" uuid="1072BBBBBBBBBBBBBBBBBBBBBBBBBBBBBBBB" concept_name_type="FULLY_SPECIFIED" locale_preferred="true"/>
	<concept_name concept_id="1019" name="HGM" locale="en" creator="1" date_created="2004-12-02 00:00:00.0" concept_name_id="92820" voided="0" voided_by="1" uuid="92820BBBBBBBBBBBBBBBBBBBBBBBBBBBBBBB" locale_preferred="false"/>
	<concept_name concept_id="1019" name="CBC" locale="en" creator="1" date_created="2004-12-02 00:00:00.0" concept_name_id="86751" voided="0" voided_by="1" uuid="86751BBBBBBBBBBBBBBBBBBBBBBBBBBBBBBB" concept_name_type="SHORT" locale_preferred="false"/>
	<concept_name concept_id="1019" name="HEMOGRAM" locale="en" creator="1" date_created="2004-12-02 00:00:00.0" concept_name_id="92769" voided="0" voided_by="1" uuid="92769BBBBBBBBBBBBBBBBBBBBBBBBBBBBBBB" locale_preferred="false"/>
	<concept_name concept_id="1019" name="FULL HEMOGRAM" locale="en" creator="1" date_created="2004-12-02 00:00:00.0" concept_name_id="92195" voided="0" voided_by="1" uuid="92195BBBBBBBBBBBBBBBBBBBBBBBBBBBBBBB" locale_preferred="false"/>
	<concept_name concept_id="1019" name="CBC" locale="en" creator="1" date_created="2004-12-02 00:00:00.0" concept_name_id="89287" voided="0" voided_by="1" uuid="89287BBBBBBBBBBBBBBBBBBBBBBBBBBBBBBB" locale_preferred="false"/>
	<concept_set concept_set_id="116" concept_id="1015" concept_set="1019" sort_weight="0.0" creator="1" date_created="2005-12-15 13:26:49.0" uuid="116AEEEEEEEEEEEEEEEEEEEEEEEEEEEEEEEE"/>
	<concept_set concept_set_id="1" concept_id="21" concept_set="1019" sort_weight="1.0" creator="1" date_created="2005-12-15 13:26:49.0" uuid="1AEEEEEEEEEEEEEEEEEEEEEEEEEEEEEEEEEE"/>
	<concept_set concept_set_id="118" concept_id="1017" concept_set="1019" sort_weight="2.0" creator="1" date_created="2005-12-15 13:26:49.0" uuid="118AEEEEEEEEEEEEEEEEEEEEEEEEEEEEEEEE"/>
	<concept_set concept_set_id="119" concept_id="1018" concept_set="1019" sort_weight="3.0" creator="1" date_created="2005-12-15 13:26:49.0" uuid="119AEEEEEEEEEEEEEEEEEEEEEEEEEEEEEEEE"/>
	<concept_set concept_set_id="100" concept_id="851" concept_set="1019" sort_weight="4.0" creator="1" date_created="2005-12-15 13:26:49.0" uuid="100AEEEEEEEEEEEEEEEEEEEEEEEEEEEEEEEE"/>
	<concept_set concept_set_id="72" concept_id="729" concept_set="1019" sort_weight="5.0" creator="1" date_created="2005-12-15 13:26:49.0" uuid="72AEEEEEEEEEEEEEEEEEEEEEEEEEEEEEEEEE"/>
	<concept_set concept_set_id="71" concept_id="679" concept_set="1019" sort_weight="6.0" creator="1" date_created="2005-12-15 13:26:49.0" uuid="71AEEEEEEEEEEEEEEEEEEEEEEEEEEEEEEEEE"/>
	<concept_set concept_set_id="117" concept_id="1016" concept_set="1019" sort_weight="7.0" creator="1" date_created="2005-12-15 13:26:49.0" uuid="117AEEEEEEEEEEEEEEEEEEEEEEEEEEEEEEEE"/>
	<concept_set concept_set_id="70" concept_id="678" concept_set="1019" sort_weight="8.0" creator="1" date_created="2005-12-15 13:26:49.0" uuid="70AEEEEEEEEEEEEEEEEEEEEEEEEEEEEEEEEE"/>
	<concept concept_id="21" retired="0" datatype_id="1" class_id="1" is_set="0" creator="1" date_created="2004-01-01 00:00:00.0" version="0.1" changed_by="1" date_changed="2012-12-26 20:36:46.0" retired_by="1" uuid="21AAAAAAAAAAAAAAAAAAAAAAAAAAAAAAAAAA"/>
	<concept_name concept_id="21" name="HGB" locale="en" creator="1" date_created="2004-01-01 00:00:00.0" concept_name_id="86714" voided="0" voided_by="1" uuid="86714BBBBBBBBBBBBBBBBBBBBBBBBBBBBBBB" concept_name_type="SHORT" locale_preferred="false"/>
	<concept_name concept_id="21" name="HGB" locale="en" creator="1" date_created="2004-10-20 00:00:00.0" concept_name_id="92819" voided="0" voided_by="1" void_reason="" uuid="92819BBBBBBBBBBBBBBBBBBBBBBBBBBBBBBB" locale_preferred="false"/>
	<concept_name concept_id="21" name="Hemoglobin" locale="en" creator="1" date_created="2004-01-01 00:00:00.0" concept_name_id="23" voided="0" voided_by="1" uuid="23BBBBBBBBBBBBBBBBBBBBBBBBBBBBBBBBBB" concept_name_type="FULLY_SPECIFIED" locale_preferred="true"/>
	<concept_name concept_id="21" name="Haemoglobin" locale="en" creator="1" date_created="2012-12-26 19:54:11.0" concept_name_id="110964" voided="0" voided_by="1" void_reason="" uuid="110964BBBBBBBBBBBBBBBBBBBBBBBBBBBBBB" locale_preferred="false"/>
	<concept_name concept_id="21" name="HB" locale="en" creator="1" date_created="2004-10-20 00:00:00.0" concept_name_id="92727" voided="0" voided_by="1" void_reason="" uuid="92727BBBBBBBBBBBBBBBBBBBBBBBBBBBBBBB" locale_preferred="false"/>
	<concept concept_id="654" retired="0" datatype_id="1" class_id="1" is_set="0" creator="1" date_created="2004-01-01 00:00:00.0" version="0.1" changed_by="1" date_changed="2012-05-16 01:38:48.0" retired_by="1" uuid="654AAAAAAAAAAAAAAAAAAAAAAAAAAAAAAAAA"/>
	<concept_name concept_id="654" name="SGPT" locale="en" creator="1" date_created="2004-01-01 00:00:00.0" concept_name_id="86722" voided="0" voided_by="1" uuid="86722BBBBBBBBBBBBBBBBBBBBBBBBBBBBBBB" concept_name_type="SHORT" locale_preferred="false"/>
	<concept_name concept_id="654" name="ALT" locale="en" creator="1" date_created="2004-12-02 00:00:00.0" concept_name_id="87704" voided="0" voided_by="1" void_reason="" uuid="87704BBBBBBBBBBBBBBBBBBBBBBBBBBBBBBB" locale_preferred="false"/>
	<concept_name concept_id="654" name="SERUM GLUTAMIC-PYRUVIC TRANSAMINASE" locale="en" creator="1" date_created="2004-01-01 00:00:00.0" concept_name_id="686" voided="0" voided_by="1" uuid="686BBBBBBBBBBBBBBBBBBBBBBBBBBBBBBBBB" concept_name_type="FULLY_SPECIFIED" locale_preferred="true"/>
	<concept_name concept_id="654" name="ALANINE AMINOTRANSFERASE" locale="en" creator="1" date_created="2004-12-02 00:00:00.0" concept_name_id="87458" voided="0" voided_by="1" void_reason="" uuid="87458BBBBBBBBBBBBBBBBBBBBBBBBBBBBBBB" locale_preferred="false"/>
	<concept_name concept_id="654" name="SGPT" locale="en" creator="1" date_created="2004-12-02 00:00:00.0" concept_name_id="98030" voided="0" voided_by="1" void_reason="" uuid="98030BBBBBBBBBBBBBBBBBBBBBBBBBBBBBBB" locale_preferred="false"/>
	<concept concept_id="657" retired="0" datatype_id="4" class_id="8" is_set="1" creator="1" date_created="2004-01-01 00:00:00.0" version="" changed_by="1" date_changed="2011-02-03 16:24:55.0" retired_by="1" uuid="657AAAAAAAAAAAAAAAAAAAAAAAAAAAAAAAAA"/>
	<concept_name concept_id="657" name="CD4 PANEL" locale="en" creator="1" date_created="2004-01-01 00:00:00.0" concept_name_id="689" voided="0" voided_by="1" uuid="689BBBBBBBBBBBBBBBBBBBBBBBBBBBBBBBBB" concept_name_type="FULLY_SPECIFIED" locale_preferred="true"/>
	<concept_name concept_id="657" name="LYMPHOCYTE SUBSET PANEL" locale="en" creator="1" date_created="2004-12-02 00:00:00.0" concept_name_id="94239" voided="0" voided_by="1" uuid="94239BBBBBBBBBBBBBBBBBBBBBBBBBBBBBBB" locale_preferred="false"/>
	<concept concept_id="856" retired="0" datatype_id="1" class_id="1" is_set="0" creator="1" date_created="2004-05-05 00:00:00.0" version="" changed_by="1" date_changed="2011-01-22 18:15:01.0" retired_by="1" uuid="856AAAAAAAAAAAAAAAAAAAAAAAAAAAAAAAAA"/>
	<concept_name concept_id="856" name="HIV VIRAL LOAD" locale="en" creator="1" date_created="2004-05-05 00:00:00.0" concept_name_id="898" voided="0" voided_by="1" uuid="898BBBBBBBBBBBBBBBBBBBBBBBBBBBBBBBBB" concept_name_type="FULLY_SPECIFIED" locale_preferred="true"/>
	<concept_name concept_id="856" name="VIRAL LOAD" locale="en" creator="1" date_created="2005-02-18 14:58:11.0" concept_name_id="100036" voided="0" voided_by="1" uuid="100036BBBBBBBBBBBBBBBBBBBBBBBBBBBBBB" locale_preferred="false"/>
	<concept concept_id="1042" retired="0" datatype_id="2" class_id="1" is_set="0" creator="1" date_created="2004-12-02 00:00:00.0" version="0.1" changed_by="1" date_changed="2013-01-16 20:55:40.0" retired_by="1" uuid="1042AAAAAAAAAAAAAAAAAAAAAAAAAAAAAAAA"/>
	<concept_name concept_id="1042" name="Human immunodeficiency virus antibody, ELISA" locale="en" creator="1" date_created="2012-12-28 18:06:05.0" concept_name_id="111032" voided="0" voided_by="1" void_reason="" uuid="111032BBBBBBBBBBBBBBBBBBBBBBBBBBBBBB" locale_preferred="false"/>
	<concept_name concept_id="1042" name="HIV ENZYME IMMUNOASSAY, QUALITATIVE" locale="en" creator="1" date_created="2004-12-02 00:00:00.0" concept_name_id="1099" voided="0" voided_by="1" uuid="1099BBBBBBBBBBBBBBBBBBBBBBBBBBBBBBBB" concept_name_type="FULLY_SPECIFIED" locale_preferred="true"/>
	<concept_name concept_id="1042" name="HIV ELISA QUAL" locale="en" creator="1" date_created="2005-01-22 00:00:00.0" concept_name_id="92899" voided="0" voided_by="1" void_reason="" uuid="92899BBBBBBBBBBBBBBBBBBBBBBBBBBBBBBB" locale_preferred="false"/>
	<concept_name concept_id="1042" name="HIV EIA QUAL" locale="en" creator="1" date_created="2004-12-02 00:00:00.0" concept_name_id="86772" voided="0" voided_by="1" uuid="86772BBBBBBBBBBBBBBBBBBBBBBBBBBBBBBB" concept_name_type="SHORT" locale_preferred="false"/>
	<concept_name concept_id="1042" name="HIV EIA QUAL" locale="en" creator="1" date_created="2004-12-02 00:00:00.0" concept_name_id="92896" voided="0" voided_by="1" void_reason="" uuid="92896BBBBBBBBBBBBBBBBBBBBBBBBBBBBBBB" locale_preferred="false"/>
	<concept_answer concept_answer_id="766" concept_id="1042" answer_concept="1138" creator="1" date_created="2006-02-15 22:09:51.0" uuid="766CCCCCCCCCCCCCCCCCCCCCCCCCCCCCCCCC" sort_weight="766.0"/>
	<concept_answer concept_answer_id="767" concept_id="1042" answer_concept="664" creator="1" date_created="2006-02-15 22:09:51.0" uuid="767CCCCCCCCCCCCCCCCCCCCCCCCCCCCCCCCC" sort_weight="767.0"/>
	<concept_answer concept_answer_id="768" concept_id="1042" answer_concept="703" creator="1" date_created="2006-02-15 22:09:51.0" uuid="768CCCCCCCCCCCCCCCCCCCCCCCCCCCCCCCCC" sort_weight="768.0"/>
	<concept_answer concept_answer_id="984" concept_id="1042" answer_concept="1304" creator="1" date_created="2006-06-06 15:32:09.0" uuid="984CCCCCCCCCCCCCCCCCCCCCCCCCCCCCCCCC" sort_weight="984.0"/>
	<concept_answer concept_answer_id="1132" concept_id="1042" answer_concept="1067" creator="1" date_created="2007-06-10 13:41:14.0" uuid="1132CCCCCCCCCCCCCCCCCCCCCCCCCCCCCCCC" sort_weight="1132.0"/>
	<concept_answer concept_answer_id="2159" concept_id="1042" answer_concept="128453" creator="1" date_created="2010-08-20 18:45:49.0" uuid="2159CCCCCCCCCCCCCCCCCCCCCCCCCCCCCCCC" sort_weight="2159.0"/>
	<concept concept_id="1030" retired="0" datatype_id="2" class_id="1" is_set="0" creator="1" date_created="2004-12-02 00:00:00.0" version="" changed_by="1" date_changed="2011-01-13 18:04:15.0" retired_by="1" uuid="1030AAAAAAAAAAAAAAAAAAAAAAAAAAAAAAAA"/>
	<concept_name concept_id="1030" name="HIV DNA POLYMERASE CHAIN REACTION, QUALITATIVE" locale="en" creator="1" date_created="2004-12-02 00:00:00.0" concept_name_id="1083" voided="0" voided_by="1" uuid="1083BBBBBBBBBBBBBBBBBBBBBBBBBBBBBBBB" concept_name_type="FULLY_SPECIFIED" locale_preferred="true"/>
	<concept_name concept_id="1030" name="HIV PCR Qual" locale="en" creator="1" date_created="2004-12-02 00:00:00.0" concept_name_id="86760" voided="0" voided_by="1" uuid="86760BBBBBBBBBBBBBBBBBBBBBBBBBBBBBBB" concept_name_type="SHORT" locale_preferred="false"/>
	<concept_name concept_id="1030" name="HIV PCR QUAL" locale="en" creator="1" date_created="2004-12-02 00:00:00.0" concept_name_id="92902" voided="0" voided_by="1" uuid="92902BBBBBBBBBBBBBBBBBBBBBBBBBBBBBBB" locale_preferred="false"/>
	<concept_name concept_id="1030" name="HIV QUAL" locale="en" creator="1" date_created="2004-12-02 00:00:00.0" concept_name_id="92904" voided="0" voided_by="1" uuid="92904BBBBBBBBBBBBBBBBBBBBBBBBBBBBBBB" locale_preferred="false"/>
	<concept_answer concept_answer_id="928" concept_id="1030" answer_concept="1138" creator="1" date_created="2006-04-17 05:12:28.0" uuid="928CCCCCCCCCCCCCCCCCCCCCCCCCCCCCCCCC" sort_weight="928.0"/>
	<concept_answer concept_answer_id="929" concept_id="1030" answer_concept="664" creator="1" date_created="2006-04-17 05:12:28.0" uuid="929CCCCCCCCCCCCCCCCCCCCCCCCCCCCCCCCC" sort_weight="929.0"/>
	<concept_answer concept_answer_id="930" concept_id="1030" answer_concept="703" creator="1" date_created="2006-04-17 05:12:28.0" uuid="930CCCCCCCCCCCCCCCCCCCCCCCCCCCCCCCCC" sort_weight="930.0"/>
	<concept_answer concept_answer_id="2158" concept_id="1030" answer_concept="1304" creator="1" date_created="2010-08-20 14:05:41.0" uuid="2158CCCCCCCCCCCCCCCCCCCCCCCCCCCCCCCC" sort_weight="2158.0"/>
	<concept concept_id="790" retired="0" datatype_id="1" class_id="1" is_set="0" creator="1" date_created="2004-04-08 00:00:00.0" version="0.1" changed_by="1" date_changed="2011-01-22 15:49:58.0" retired_by="1" uuid="790AAAAAAAAAAAAAAAAAAAAAAAAAAAAAAAAA"/>
	<concept_name concept_id="790" name="SERUM CREATININE" locale="en" creator="1" date_created="2004-04-08 00:00:00.0" concept_name_id="827" voided="0" voided_by="1" uuid="827BBBBBBBBBBBBBBBBBBBBBBBBBBBBBBBBB" concept_name_type="FULLY_SPECIFIED" locale_preferred="true"/>
	<concept_name concept_id="790" name="CR" locale="en" creator="1" date_created="2004-12-02 00:00:00.0" concept_name_id="90059" voided="0" voided_by="1" uuid="90059BBBBBBBBBBBBBBBBBBBBBBBBBBBBBBB" locale_preferred="false"/>
	<concept_name concept_id="790" name="CR" locale="en" creator="1" date_created="2004-04-08 00:00:00.0" concept_name_id="86729" voided="0" voided_by="1" uuid="86729BBBBBBBBBBBBBBBBBBBBBBBBBBBBBBB" concept_name_type="SHORT" locale_preferred="false"/>
	<concept concept_id="12" retired="0" datatype_id="2" class_id="22" is_set="0" creator="1" date_created="2004-01-01 00:00:00.0" version="" changed_by="1" date_changed="2013-02-05 11:00:20.0" retired_by="1" uuid="12AAAAAAAAAAAAAAAAAAAAAAAAAAAAAAAAAA"/>
	<concept_name concept_id="12" name="X-RAY, CHEST" locale="en" creator="1" date_created="2004-01-01 00:00:00.0" concept_name_id="12" voided="0" voided_by="1" uuid="12BBBBBBBBBBBBBBBBBBBBBBBBBBBBBBBBBB" concept_name_type="FULLY_SPECIFIED" locale_preferred="true"/>
	<concept_name concept_id="12" name="X-RAY CHEST" locale="en" creator="1" date_created="2004-10-20 00:00:00.0" concept_name_id="100223" voided="0" voided_by="1" void_reason="" uuid="100223BBBBBBBBBBBBBBBBBBBBBBBBBBBBBB" locale_preferred="false"/>
	<concept_name concept_id="12" name="CHEST XRAY" locale="en" creator="1" date_created="2005-01-07 00:00:00.0" concept_name_id="89432" voided="0" voided_by="1" void_reason="" uuid="89432BBBBBBBBBBBBBBBBBBBBBBBBBBBBBBB" locale_preferred="false"/>
	<concept_name concept_id="12" name="CXR" locale="en" creator="1" date_created="2004-10-20 00:00:00.0" concept_name_id="90121" voided="0" voided_by="1" void_reason="" uuid="90121BBBBBBBBBBBBBBBBBBBBBBBBBBBBBBB" locale_preferred="false"/>
	<concept_answer concept_answer_id="1" concept_id="12" answer_concept="1115" creator="1" date_created="2005-01-26 00:00:00.0" uuid="1CCCCCCCCCCCCCCCCCCCCCCCCCCCCCCCCCCC" sort_weight="1.0"/>
	<concept_answer concept_answer_id="3" concept_id="12" answer_concept="1137" creator="1" date_created="2005-01-26 00:00:00.0" uuid="3CCCCCCCCCCCCCCCCCCCCCCCCCCCCCCCCCCC" sort_weight="3.0"/>
	<concept_answer concept_answer_id="4" concept_id="12" answer_concept="5158" creator="1" date_created="2005-01-26 00:00:00.0" uuid="4CCCCCCCCCCCCCCCCCCCCCCCCCCCCCCCCCCC" sort_weight="4.0"/>
	<concept_answer concept_answer_id="5" concept_id="12" answer_concept="5622" creator="1" date_created="2005-02-17 21:05:21.0" uuid="5CCCCCCCCCCCCCCCCCCCCCCCCCCCCCCCCCCC" sort_weight="5.0"/>
	<concept_answer concept_answer_id="6" concept_id="12" answer_concept="6049" creator="1" date_created="2005-01-26 00:00:00.0" uuid="6CCCCCCCCCCCCCCCCCCCCCCCCCCCCCCCCCCC" sort_weight="6.0"/>
	<concept_answer concept_answer_id="7" concept_id="12" answer_concept="6050" creator="1" date_created="2005-01-26 00:00:00.0" uuid="7CCCCCCCCCCCCCCCCCCCCCCCCCCCCCCCCCCC" sort_weight="7.0"/>
	<concept_answer concept_answer_id="8" concept_id="12" answer_concept="6052" creator="1" date_created="2005-01-26 00:00:00.0" uuid="8CCCCCCCCCCCCCCCCCCCCCCCCCCCCCCCCCCC" sort_weight="8.0"/>
	<concept_answer concept_answer_id="4649" concept_id="12" answer_concept="114108" creator="1" date_created="2013-02-05 11:00:20.0" uuid="4649CCCCCCCCCCCCCCCCCCCCCCCCCCCCCCCC" sort_weight="4649.0"/>
	<concept concept_id="653" retired="0" datatype_id="1" class_id="1" is_set="0" creator="1" date_created="2004-01-01 00:00:00.0" version="0.1" changed_by="1" date_changed="2012-10-03 22:42:38.0" retired_by="1" uuid="653AAAAAAAAAAAAAAAAAAAAAAAAAAAAAAAAA"/>
	<concept_name concept_id="653" name="SGOT" locale="en" creator="1" date_created="2004-12-02 00:00:00.0" concept_name_id="98029" voided="0" voided_by="1" void_reason="" uuid="98029BBBBBBBBBBBBBBBBBBBBBBBBBBBBBBB" locale_preferred="false"/>
	<concept_name concept_id="653" name="ASPARTATE AMINOTRANSFERASE" locale="en" creator="1" date_created="2004-12-02 00:00:00.0" concept_name_id="88247" voided="0" voided_by="1" void_reason="" uuid="88247BBBBBBBBBBBBBBBBBBBBBBBBBBBBBBB" locale_preferred="false"/>
	<concept_name concept_id="653" name="SERUM GLUTAMIC-OXALOACETIC TRANSAMINASE" locale="en" creator="1" date_created="2004-01-01 00:00:00.0" concept_name_id="685" voided="0" voided_by="1" uuid="685BBBBBBBBBBBBBBBBBBBBBBBBBBBBBBBBB" concept_name_type="FULLY_SPECIFIED" locale_preferred="true"/>
	<concept_name concept_id="653" name="AST" locale="en" creator="1" date_created="2004-12-02 00:00:00.0" concept_name_id="88274" voided="0" voided_by="1" void_reason="" uuid="88274BBBBBBBBBBBBBBBBBBBBBBBBBBBBBBB" locale_preferred="false"/>
	<concept_name concept_id="653" name="SGOT" locale="en" creator="1" date_created="2004-01-01 00:00:00.0" concept_name_id="86721" voided="0" voided_by="1" uuid="86721BBBBBBBBBBBBBBBBBBBBBBBBBBBBBBB" concept_name_type="SHORT" locale_preferred="false"/>
	<concept concept_id="5473" retired="0" datatype_id="4" class_id="8" is_set="1" creator="1" date_created="2004-08-12 00:00:00.0" version="" changed_by="1" date_changed="2010-09-23 15:54:41.0" retired_by="1" uuid="5473AAAAAAAAAAAAAAAAAAAAAAAAAAAAAAAA"/>
	<concept_name concept_id="5473" name="CHEM7" locale="en" creator="1" date_created="2005-01-22 00:00:00.0" concept_name_id="89411" voided="0" voided_by="1" uuid="89411BBBBBBBBBBBBBBBBBBBBBBBBBBBBBBB" locale_preferred="false"/>
	<concept_name concept_id="5473" name="ELECTROLYTES" locale="en" creator="1" date_created="2005-01-22 00:00:00.0" concept_name_id="91337" voided="0" voided_by="1" uuid="91337BBBBBBBBBBBBBBBBBBBBBBBBBBBBBBB" locale_preferred="false"/>
	<concept_name concept_id="5473" name="SERUM ELECTROLYTES" locale="en" creator="1" date_created="2004-08-12 00:00:00.0" concept_name_id="2591" voided="0" voided_by="1" uuid="2591BBBBBBBBBBBBBBBBBBBBBBBBBBBBBBBB" concept_name_type="FULLY_SPECIFIED" locale_preferred="true"/>
	<concept_set concept_set_id="139" concept_id="1135" concept_set="5473" sort_weight="0.0" creator="1" date_created="2005-12-15 13:26:49.0" uuid="139AEEEEEEEEEEEEEEEEEEEEEEEEEEEEEEEE"/>
	<concept_set concept_set_id="138" concept_id="1134" concept_set="5473" sort_weight="1.0" creator="1" date_created="2005-12-15 13:26:49.0" uuid="138AEEEEEEEEEEEEEEEEEEEEEEEEEEEEEEEE"/>
	<concept_set concept_set_id="137" concept_id="1133" concept_set="5473" sort_weight="2.0" creator="1" date_created="2005-12-15 13:26:49.0" uuid="137AEEEEEEEEEEEEEEEEEEEEEEEEEEEEEEEE"/>
	<concept_set concept_set_id="136" concept_id="1132" concept_set="5473" sort_weight="3.0" creator="1" date_created="2005-12-15 13:26:49.0" uuid="136AEEEEEEEEEEEEEEEEEEEEEEEEEEEEEEEE"/>
	<concept_set concept_set_id="569" concept_id="159497" concept_set="5473" sort_weight="4.0" creator="1" date_created="2010-09-23 15:54:41.0" uuid="569AEEEEEEEEEEEEEEEEEEEEEEEEEEEEEEEE"/>
	<concept concept_id="5475" retired="0" datatype_id="1" class_id="1" is_set="0" creator="1" date_created="2004-08-12 00:00:00.0" version="" changed_by="1" date_changed="2013-02-25 15:46:07.0" retired_by="1" uuid="5475AAAAAAAAAAAAAAAAAAAAAAAAAAAAAAAA"/>
	<concept_name concept_id="5475" name="Mantoux test" locale="en" creator="1" date_created="2013-02-25 15:46:07.0" concept_name_id="123487" voided="0" voided_by="1" uuid="123487BBBBBBBBBBBBBBBBBBBBBBBBBBBBBB" locale_preferred="false"/>
	<concept_name concept_id="5475" name="TB Skin Test" locale="en" creator="1" date_created="2005-01-22 00:00:00.0" concept_name_id="98723" voided="0" voided_by="1" void_reason="" uuid="98723BBBBBBBBBBBBBBBBBBBBBBBBBBBBBBB" locale_preferred="false"/>
	<concept_name concept_id="5475" name="PPD test" locale="en" creator="1" date_created="2013-02-25 15:46:07.0" concept_name_id="123486" voided="0" voided_by="1" uuid="123486BBBBBBBBBBBBBBBBBBBBBBBBBBBBBB" locale_preferred="false"/>
	<concept_name concept_id="5475" name="Tuberculin Skin Test" locale="en" creator="1" date_created="2004-08-12 00:00:00.0" concept_name_id="2593" voided="0" voided_by="1" uuid="2593BBBBBBBBBBBBBBBBBBBBBBBBBBBBBBBB" concept_name_type="FULLY_SPECIFIED" locale_preferred="true"/>
	<concept concept_id="45" retired="0" datatype_id="2" class_id="1" is_set="0" creator="1" date_created="2004-01-01 00:00:00.0" version="0.1" changed_by="1" date_changed="2011-01-22 15:45:00.0" retired_by="1" uuid="45AAAAAAAAAAAAAAAAAAAAAAAAAAAAAAAAAA"/>
	<concept_name concept_id="45" name="URINE PREGNANCY TEST" locale="en" creator="1" date_created="2004-01-01 00:00:00.0" concept_name_id="52" voided="0" voided_by="1" uuid="52BBBBBBBBBBBBBBBBBBBBBBBBBBBBBBBBBB" concept_name_type="FULLY_SPECIFIED" locale_preferred="true"/>
	<concept_answer concept_answer_id="12" concept_id="45" answer_concept="664" creator="1" date_created="2005-02-14 06:03:55.0" uuid="12CCCCCCCCCCCCCCCCCCCCCCCCCCCCCCCCCC" sort_weight="12.0"/>
	<concept_answer concept_answer_id="13" concept_id="45" answer_concept="703" creator="1" date_created="2005-02-14 06:03:55.0" uuid="13CCCCCCCCCCCCCCCCCCCCCCCCCCCCCCCCCC" sort_weight="13.0"/>
	<concept_answer concept_answer_id="14" concept_id="45" answer_concept="1138" creator="1" date_created="2005-02-14 06:03:55.0" uuid="14CCCCCCCCCCCCCCCCCCCCCCCCCCCCCCCCCC" sort_weight="14.0"/>
	<concept_answer concept_answer_id="968" concept_id="45" answer_concept="1304" creator="1" date_created="2006-06-06 14:14:49.0" uuid="968CCCCCCCCCCCCCCCCCCCCCCCCCCCCCCCCC" sort_weight="968.0"/>
	<concept concept_id="299" retired="0" datatype_id="2" class_id="1" is_set="0" creator="1" date_created="2004-01-01 00:00:00.0" version="0.1" changed_by="1" date_changed="2011-01-22 18:11:52.0" retired_by="1" uuid="299AAAAAAAAAAAAAAAAAAAAAAAAAAAAAAAAA"/>
	<concept_name concept_id="299" name="SYPHILIS TEST (VDRL)" locale="en" creator="1" date_created="2006-06-06 14:17:27.0" concept_name_id="98601" voided="0" voided_by="1" uuid="98601BBBBBBBBBBBBBBBBBBBBBBBBBBBBBBB" locale_preferred="false"/>
	<concept_name concept_id="299" name="VDRL" locale="en" creator="1" date_created="2004-01-01 00:00:00.0" concept_name_id="324" voided="0" voided_by="1" uuid="324BBBBBBBBBBBBBBBBBBBBBBBBBBBBBBBBB" concept_name_type="FULLY_SPECIFIED" locale_preferred="true"/>
	<concept_answer concept_answer_id="17" concept_id="299" answer_concept="1228" creator="1" date_created="2005-02-16 17:21:33.0" uuid="17CCCCCCCCCCCCCCCCCCCCCCCCCCCCCCCCCC" sort_weight="17.0"/>
	<concept_answer concept_answer_id="18" concept_id="299" answer_concept="1229" creator="1" date_created="2005-02-16 17:21:33.0" uuid="18CCCCCCCCCCCCCCCCCCCCCCCCCCCCCCCCCC" sort_weight="18.0"/>
	<concept_answer concept_answer_id="969" concept_id="299" answer_concept="1304" creator="1" date_created="2006-06-06 14:17:27.0" uuid="969CCCCCCCCCCCCCCCCCCCCCCCCCCCCCCCCC" sort_weight="969.0"/>
	<concept concept_id="887" retired="0" datatype_id="1" class_id="1" is_set="0" creator="1" date_created="2004-05-31 00:00:00.0" version="" changed_by="1" date_changed="2012-12-30 02:16:39.0" retired_by="1" uuid="887AAAAAAAAAAAAAAAAAAAAAAAAAAAAAAAAA"/>
	<concept_name concept_id="887" name="SERUM GLUCOSE" locale="en" creator="1" date_created="2004-05-31 00:00:00.0" concept_name_id="931" voided="0" voided_by="1" uuid="931BBBBBBBBBBBBBBBBBBBBBBBBBBBBBBBBB" concept_name_type="FULLY_SPECIFIED" locale_preferred="true"/>
	<concept_name concept_id="887" name="GLUCOSE" locale="en" creator="1" date_created="2005-01-22 00:00:00.0" concept_name_id="92495" voided="0" voided_by="1" void_reason="" uuid="92495BBBBBBBBBBBBBBBBBBBBBBBBBBBBBBB" locale_preferred="false"/>
	<concept_name concept_id="887" name="GLU" locale="en" creator="1" date_created="2004-05-31 00:00:00.0" concept_name_id="86735" voided="0" voided_by="1" uuid="86735BBBBBBBBBBBBBBBBBBBBBBBBBBBBBBB" concept_name_type="SHORT" locale_preferred="false"/>
	<concept_name concept_id="887" name="BLOOD SUGAR" locale="en" creator="1" date_created="2005-02-12 11:32:22.0" concept_name_id="88767" voided="0" voided_by="1" void_reason="" uuid="88767BBBBBBBBBBBBBBBBBBBBBBBBBBBBBBB" locale_preferred="false"/>
	<concept_name concept_id="887" name="Blood glucose" locale="en" creator="1" date_created="2012-12-30 02:16:39.0" concept_name_id="111055" voided="0" voided_by="1" uuid="111055BBBBBBBBBBBBBBBBBBBBBBBBBBBBBB" locale_preferred="false"/>
	<concept_name concept_id="887" name="Glucose measurement, venous blood, random" locale="en" creator="1" date_created="2011-09-24 13:39:46.0" concept_name_id="108137" voided="0" voided_by="1" void_reason="" uuid="108137BBBBBBBBBBBBBBBBBBBBBBBBBBBBBB" locale_preferred="false"/>
	<concept concept_id="302" retired="0" datatype_id="2" class_id="1" is_set="0" creator="1" date_created="2004-01-01 00:00:00.0" version="" changed_by="1" date_changed="2010-09-29 12:09:16.0" retired_by="1" uuid="302AAAAAAAAAAAAAAAAAAAAAAAAAAAAAAAAA"/>
	<concept_name concept_id="302" name="URINALYSIS ORDER" locale="en" creator="1" date_created="2004-01-01 00:00:00.0" concept_name_id="329" voided="0" voided_by="1" uuid="329BBBBBBBBBBBBBBBBBBBBBBBBBBBBBBBBB" concept_name_type="FULLY_SPECIFIED" locale_preferred="true"/>
	<concept_name concept_id="302" name="UA" locale="en" creator="1" date_created="2004-10-20 00:00:00.0" concept_name_id="99601" voided="0" voided_by="1" uuid="99601BBBBBBBBBBBBBBBBBBBBBBBBBBBBBBB" locale_preferred="false"/>
	<concept_answer concept_answer_id="1363" concept_id="302" answer_concept="1115" creator="1" date_created="2008-11-08 22:15:47.0" uuid="1363CCCCCCCCCCCCCCCCCCCCCCCCCCCCCCCC" sort_weight="1363.0"/>
	<concept_answer concept_answer_id="1364" concept_id="302" answer_concept="1116" creator="1" date_created="2008-11-08 22:15:47.0" uuid="1364CCCCCCCCCCCCCCCCCCCCCCCCCCCCCCCC" sort_weight="1364.0"/>
	<concept_answer concept_answer_id="1365" concept_id="302" answer_concept="1067" creator="1" date_created="2008-11-08 22:15:47.0" uuid="1365CCCCCCCCCCCCCCCCCCCCCCCCCCCCCCCC" sort_weight="1365.0"/>
	<concept concept_id="1368" retired="0" datatype_id="2" class_id="1" is_set="0" creator="1" date_created="2006-11-05 16:38:28.0" version="" changed_by="1" date_changed="2010-12-08 21:48:17.0" retired_by="1" uuid="1368AAAAAAAAAAAAAAAAAAAAAAAAAAAAAAAA"/>
	<concept_name concept_id="1368" name="O &amp; C, Stool, Qual" locale="en" creator="1" date_created="2006-11-05 16:38:28.0" concept_name_id="86820" voided="0" voided_by="1" uuid="86820BBBBBBBBBBBBBBBBBBBBBBBBBBBBBBB" concept_name_type="SHORT" locale_preferred="false"/>
	<concept_name concept_id="1368" name="STOOL FOR OVA AND CYSTS, QUALITATIVE" locale="en" creator="1" date_created="2006-11-05 16:38:28.0" concept_name_id="1475" voided="0" voided_by="1" uuid="1475BBBBBBBBBBBBBBBBBBBBBBBBBBBBBBBB" concept_name_type="FULLY_SPECIFIED" locale_preferred="true"/>
	<concept_answer concept_answer_id="1037" concept_id="1368" answer_concept="664" creator="1" date_created="2006-11-05 16:38:28.0" uuid="1037CCCCCCCCCCCCCCCCCCCCCCCCCCCCCCCC" sort_weight="1037.0"/>
	<concept_answer concept_answer_id="1038" concept_id="1368" answer_concept="703" creator="1" date_created="2006-11-05 16:38:28.0" uuid="1038CCCCCCCCCCCCCCCCCCCCCCCCCCCCCCCC" sort_weight="1038.0"/>
	<concept concept_id="1015" retired="0" datatype_id="1" class_id="1" is_set="0" creator="1" date_created="2004-12-02 00:00:00.0" version="0.1" changed_by="1" date_changed="2011-01-22 17:20:09.0" retired_by="1" uuid="1015AAAAAAAAAAAAAAAAAAAAAAAAAAAAAAAA"/>
	<concept_name concept_id="1015" name="HCT" locale="en" creator="1" date_created="2004-12-02 00:00:00.0" concept_name_id="86747" voided="0" voided_by="1" uuid="86747BBBBBBBBBBBBBBBBBBBBBBBBBBBBBBB" concept_name_type="SHORT" locale_preferred="false"/>
	<concept_name concept_id="1015" name="PACKED CELL VOLUME" locale="en" creator="1" date_created="2004-12-02 00:00:00.0" concept_name_id="96001" voided="0" voided_by="1" uuid="96001BBBBBBBBBBBBBBBBBBBBBBBBBBBBBBB" locale_preferred="false"/>
	<concept_name concept_id="1015" name="CRIT" locale="en" creator="1" date_created="2004-12-02 00:00:00.0" concept_name_id="90082" voided="0" voided_by="1" uuid="90082BBBBBBBBBBBBBBBBBBBBBBBBBBBBBBB" locale_preferred="false"/>
	<concept_name concept_id="1015" name="HCT" locale="en" creator="1" date_created="2004-12-02 00:00:00.0" concept_name_id="92736" voided="0" voided_by="1" uuid="92736BBBBBBBBBBBBBBBBBBBBBBBBBBBBBBB" locale_preferred="false"/>
	<concept_name concept_id="1015" name="HEMATOCRIT" locale="en" creator="1" date_created="2004-12-02 00:00:00.0" concept_name_id="1066" voided="0" voided_by="1" uuid="1066BBBBBBBBBBBBBBBBBBBBBBBBBBBBBBBB" concept_name_type="FULLY_SPECIFIED" locale_preferred="true"/>
	<concept_name concept_id="1015" name="PCV" locale="en" creator="1" date_created="2004-12-02 00:00:00.0" concept_name_id="96215" voided="0" voided_by="1" uuid="96215BBBBBBBBBBBBBBBBBBBBBBBBBBBBBBB" locale_preferred="false"/>
	<concept concept_id="300" retired="0" datatype_id="2" class_id="1" is_set="0" creator="1" date_created="2004-01-01 00:00:00.0" version="" changed_by="1" date_changed="2013-01-17 15:38:33.0" retired_by="1" uuid="300AAAAAAAAAAAAAAAAAAAAAAAAAAAAAAAAA"/>
	<concept_name concept_id="300" name="BLOOD GROUP" locale="en" creator="1" date_created="2005-02-16 17:41:16.0" concept_name_id="88764" voided="0" voided_by="1" void_reason="" uuid="88764BBBBBBBBBBBBBBBBBBBBBBBBBBBBBBB" locale_preferred="false"/>
	<concept_name concept_id="300" name="Blood grouping and RH typing" locale="en" creator="1" date_created="2012-12-28 17:31:25.0" concept_name_id="111024" voided="0" voided_by="1" void_reason="" uuid="111024BBBBBBBBBBBBBBBBBBBBBBBBBBBBBB" locale_preferred="false"/>
	<concept_name concept_id="300" name="BLOOD TYPING" locale="en" creator="1" date_created="2004-01-01 00:00:00.0" concept_name_id="325" voided="0" voided_by="1" uuid="325BBBBBBBBBBBBBBBBBBBBBBBBBBBBBBBBB" concept_name_type="FULLY_SPECIFIED" locale_preferred="true"/>
	<concept_answer concept_answer_id="19" concept_id="300" answer_concept="690" creator="1" date_created="2005-02-16 17:56:08.0" uuid="19CCCCCCCCCCCCCCCCCCCCCCCCCCCCCCCCCC" sort_weight="19.0"/>
	<concept_answer concept_answer_id="20" concept_id="300" answer_concept="692" creator="1" date_created="2005-02-16 17:56:08.0" uuid="20CCCCCCCCCCCCCCCCCCCCCCCCCCCCCCCCCC" sort_weight="20.0"/>
	<concept_answer concept_answer_id="21" concept_id="300" answer_concept="694" creator="1" date_created="2005-02-16 17:56:08.0" uuid="21CCCCCCCCCCCCCCCCCCCCCCCCCCCCCCCCCC" sort_weight="21.0"/>
	<concept_answer concept_answer_id="22" concept_id="300" answer_concept="696" creator="1" date_created="2005-02-16 17:56:08.0" uuid="22CCCCCCCCCCCCCCCCCCCCCCCCCCCCCCCCCC" sort_weight="22.0"/>
	<concept_answer concept_answer_id="23" concept_id="300" answer_concept="699" creator="1" date_created="2005-02-16 17:49:53.0" uuid="23CCCCCCCCCCCCCCCCCCCCCCCCCCCCCCCCCC" sort_weight="23.0"/>
	<concept_answer concept_answer_id="24" concept_id="300" answer_concept="701" creator="1" date_created="2005-02-16 17:49:53.0" uuid="24CCCCCCCCCCCCCCCCCCCCCCCCCCCCCCCCCC" sort_weight="24.0"/>
	<concept_answer concept_answer_id="25" concept_id="300" answer_concept="1230" creator="1" date_created="2005-02-16 17:49:53.0" uuid="25CCCCCCCCCCCCCCCCCCCCCCCCCCCCCCCCCC" sort_weight="25.0"/>
	<concept_answer concept_answer_id="26" concept_id="300" answer_concept="1231" creator="1" date_created="2005-02-16 17:49:53.0" uuid="26CCCCCCCCCCCCCCCCCCCCCCCCCCCCCCCCCC" sort_weight="26.0"/>
	<concept concept_id="1366" retired="0" datatype_id="2" class_id="15" is_set="0" creator="1" date_created="2006-11-01 07:04:11.0" version="" changed_by="1" date_changed="2011-02-04 16:54:26.0" retired_by="1" uuid="1366AAAAAAAAAAAAAAAAAAAAAAAAAAAAAAAA"/>
	<concept_name concept_id="1366" name="malaria sm, qual" locale="en" creator="1" date_created="2006-11-01 07:04:11.0" concept_name_id="86818" voided="0" voided_by="1" uuid="86818BBBBBBBBBBBBBBBBBBBBBBBBBBBBBBB" concept_name_type="SHORT" locale_preferred="false"/>
	<concept_name concept_id="1366" name="MALARIA SMEAR, QUALITATIVE" locale="en" creator="1" date_created="2006-11-01 07:04:11.0" concept_name_id="1472" voided="0" voided_by="1" uuid="1472BBBBBBBBBBBBBBBBBBBBBBBBBBBBBBBB" concept_name_type="FULLY_SPECIFIED" locale_preferred="true"/>
	<concept_answer concept_answer_id="1020" concept_id="1366" answer_concept="1365" creator="1" date_created="2006-11-01 07:04:11.0" uuid="1020CCCCCCCCCCCCCCCCCCCCCCCCCCCCCCCC" sort_weight="1020.0"/>
	<concept_answer concept_answer_id="1021" concept_id="1366" answer_concept="1364" creator="1" date_created="2006-11-01 07:04:11.0" uuid="1021CCCCCCCCCCCCCCCCCCCCCCCCCCCCCCCC" sort_weight="1021.0"/>
	<concept_answer concept_answer_id="1022" concept_id="1366" answer_concept="1362" creator="1" date_created="2006-11-01 07:04:11.0" uuid="1022CCCCCCCCCCCCCCCCCCCCCCCCCCCCCCCC" sort_weight="1022.0"/>
	<concept_answer concept_answer_id="1023" concept_id="1366" answer_concept="1363" creator="1" date_created="2006-11-01 07:04:11.0" uuid="1023CCCCCCCCCCCCCCCCCCCCCCCCCCCCCCCC" sort_weight="1023.0"/>
	<concept_answer concept_answer_id="1024" concept_id="1366" answer_concept="664" creator="1" date_created="2006-11-01 07:04:11.0" uuid="1024CCCCCCCCCCCCCCCCCCCCCCCCCCCCCCCC" sort_weight="1024.0"/>
	<concept concept_id="32" retired="0" datatype_id="2" class_id="1" is_set="0" creator="1" date_created="2004-01-01 00:00:00.0" version="" changed_by="1" date_changed="2012-12-26 18:35:37.0" retired_by="1" uuid="32AAAAAAAAAAAAAAAAAAAAAAAAAAAAAAAAAA"/>
	<concept_name concept_id="32" name="BS FOR MPS" locale="en" creator="1" date_created="2004-10-20 00:00:00.0" concept_name_id="88941" voided="0" voided_by="1" void_reason="" uuid="88941BBBBBBBBBBBBBBBBBBBBBBBBBBBBBBB" locale_preferred="false"/>
	<concept_name concept_id="32" name="Peripheral smear for malarial parasites" locale="en" creator="1" date_created="2012-12-26 18:35:37.0" concept_name_id="110958" voided="0" voided_by="1" uuid="110958BBBBBBBBBBBBBBBBBBBBBBBBBBBBBB" locale_preferred="false"/>
	<concept_name concept_id="32" name="MP TEST" locale="en" creator="1" date_created="2005-02-14 04:48:25.0" concept_name_id="94897" voided="0" voided_by="1" void_reason="" uuid="94897BBBBBBBBBBBBBBBBBBBBBBBBBBBBBBB" locale_preferred="false"/>
	<concept_name concept_id="32" name="MALARIAL SMEAR" locale="en" creator="1" date_created="2004-01-01 00:00:00.0" concept_name_id="38" voided="0" voided_by="1" uuid="38BBBBBBBBBBBBBBBBBBBBBBBBBBBBBBBBBB" concept_name_type="FULLY_SPECIFIED" locale_preferred="true"/>
	<concept_answer concept_answer_id="9" concept_id="32" answer_concept="664" creator="1" date_created="2005-02-14 04:48:25.0" uuid="9CCCCCCCCCCCCCCCCCCCCCCCCCCCCCCCCCCC" sort_weight="9.0"/>
	<concept_answer concept_answer_id="10" concept_id="32" answer_concept="703" creator="1" date_created="2005-02-14 04:48:25.0" uuid="10CCCCCCCCCCCCCCCCCCCCCCCCCCCCCCCCCC" sort_weight="10.0"/>
	<concept_answer concept_answer_id="11" concept_id="32" answer_concept="1138" creator="1" date_created="2005-02-14 04:48:25.0" uuid="11CCCCCCCCCCCCCCCCCCCCCCCCCCCCCCCCCC" sort_weight="11.0"/>
	<concept concept_id="1367" retired="0" datatype_id="2" class_id="1" is_set="0" creator="1" date_created="2006-11-05 16:32:28.0" version="" changed_by="1" date_changed="2011-01-13 16:12:22.0" retired_by="1" uuid="1367AAAAAAAAAAAAAAAAAAAAAAAAAAAAAAAA"/>
	<concept_name concept_id="1367" name="SPUTUM GRAM STAIN" locale="en" creator="1" date_created="2006-11-05 16:32:28.0" concept_name_id="1473" voided="0" voided_by="1" uuid="1473BBBBBBBBBBBBBBBBBBBBBBBBBBBBBBBB" concept_name_type="FULLY_SPECIFIED" locale_preferred="true"/>
	<concept_name concept_id="1367" name="Gram Stain, Sputum" locale="en" creator="1" date_created="2006-11-05 16:32:28.0" concept_name_id="86819" voided="0" voided_by="1" uuid="86819BBBBBBBBBBBBBBBBBBBBBBBBBBBBBBB" concept_name_type="SHORT" locale_preferred="false"/>
	<concept_answer concept_answer_id="1029" concept_id="1367" answer_concept="5622" creator="1" date_created="2006-11-05 16:32:28.0" uuid="1029CCCCCCCCCCCCCCCCCCCCCCCCCCCCCCCC" sort_weight="1029.0"/>
	<concept_answer concept_answer_id="1030" concept_id="1367" answer_concept="664" creator="1" date_created="2006-11-05 16:32:28.0" uuid="1030CCCCCCCCCCCCCCCCCCCCCCCCCCCCCCCC" sort_weight="1030.0"/>
	<concept_answer concept_answer_id="1031" concept_id="1367" answer_concept="703" creator="1" date_created="2006-11-05 16:32:28.0" uuid="1031CCCCCCCCCCCCCCCCCCCCCCCCCCCCCCCC" sort_weight="1031.0"/>
	<concept concept_id="1495" retired="0" datatype_id="4" class_id="15" is_set="0" creator="1" date_created="2007-08-23 11:31:40.0" version="" changed_by="1" date_changed="2007-08-23 11:31:40.0" retired_by="1" uuid="1495AAAAAAAAAAAAAAAAAAAAAAAAAAAAAAAA"/>
	<concept_name concept_id="1495" name="ORDER FOR THREE SPUTUMS FOR AFB" locale="en" creator="1" date_created="2007-08-23 11:31:40.0" concept_name_id="1735" voided="0" voided_by="1" uuid="1735BBBBBBBBBBBBBBBBBBBBBBBBBBBBBBBB" concept_name_type="FULLY_SPECIFIED" locale_preferred="true"/>
	<concept concept_id="305" retired="0" datatype_id="2" class_id="1" is_set="0" creator="1" date_created="2004-01-01 00:00:00.0" version="" changed_by="1" date_changed="2010-09-29 12:12:31.0" retired_by="1" uuid="305AAAAAAAAAAAAAAAAAAAAAAAAAAAAAAAAA"/>
	<concept_name concept_id="305" name="BRUCELLA TEST" locale="en" creator="1" date_created="2004-01-01 00:00:00.0" concept_name_id="335" voided="0" voided_by="1" uuid="335BBBBBBBBBBBBBBBBBBBBBBBBBBBBBBBBB" concept_name_type="FULLY_SPECIFIED" locale_preferred="true"/>
	<concept_answer concept_answer_id="1337" concept_id="305" answer_concept="1229" creator="1" date_created="2008-10-13 10:36:25.0" uuid="1337CCCCCCCCCCCCCCCCCCCCCCCCCCCCCCCC" sort_weight="1337.0"/>
	<concept_answer concept_answer_id="1338" concept_id="305" answer_concept="1228" creator="1" date_created="2008-10-13 10:36:25.0" uuid="1338CCCCCCCCCCCCCCCCCCCCCCCCCCCCCCCC" sort_weight="1338.0"/>
	<concept concept_id="306" retired="0" datatype_id="2" class_id="1" is_set="0" creator="1" date_created="2004-01-01 00:00:00.0" version="" changed_by="1" date_changed="2010-09-29 12:13:30.0" retired_by="1" uuid="306AAAAAAAAAAAAAAAAAAAAAAAAAAAAAAAAA"/>
	<concept_name concept_id="306" name="WIDAL TEST" locale="en" creator="1" date_created="2004-01-01 00:00:00.0" concept_name_id="336" voided="0" voided_by="1" uuid="336BBBBBBBBBBBBBBBBBBBBBBBBBBBBBBBBB" concept_name_type="FULLY_SPECIFIED" locale_preferred="true"/>
	<concept_answer concept_answer_id="1341" concept_id="306" answer_concept="1229" creator="1" date_created="2008-10-13 12:11:35.0" uuid="1341CCCCCCCCCCCCCCCCCCCCCCCCCCCCCCCC" sort_weight="1341.0"/>
	<concept_answer concept_answer_id="1342" concept_id="306" answer_concept="1228" creator="1" date_created="2008-10-13 12:11:35.0" uuid="1342CCCCCCCCCCCCCCCCCCCCCCCCCCCCCCCC" sort_weight="1342.0"/>
	<concept concept_id="1618" retired="0" datatype_id="2" class_id="15" is_set="0" creator="1" date_created="2008-11-06 19:59:00.0" version="" changed_by="1" date_changed="2012-08-10 19:22:17.0" retired_by="1" uuid="1618AAAAAAAAAAAAAAAAAAAAAAAAAAAAAAAA"/>
	<concept_name concept_id="1618" name="URINE DIPSTICK" locale="en" creator="1" date_created="2008-11-06 19:59:00.0" concept_name_id="1898" voided="0" voided_by="1" uuid="1898BBBBBBBBBBBBBBBBBBBBBBBBBBBBBBBB" concept_name_type="FULLY_SPECIFIED" locale_preferred="true"/>
	<concept_answer concept_answer_id="1353" concept_id="1618" answer_concept="1067" creator="1" date_created="2008-11-06 20:00:54.0" uuid="1353CCCCCCCCCCCCCCCCCCCCCCCCCCCCCCCC" sort_weight="1353.0"/>
	<concept_answer concept_answer_id="1354" concept_id="1618" answer_concept="1115" creator="1" date_created="2008-11-06 20:00:54.0" uuid="1354CCCCCCCCCCCCCCCCCCCCCCCCCCCCCCCC" sort_weight="1354.0"/>
	<concept_answer concept_answer_id="1355" concept_id="1618" answer_concept="1116" creator="1" date_created="2008-11-06 20:00:54.0" uuid="1355CCCCCCCCCCCCCCCCCCCCCCCCCCCCCCCC" sort_weight="1355.0"/>
	<concept concept_id="1032" retired="0" datatype_id="2" class_id="1" is_set="0" creator="1" date_created="2004-12-02 00:00:00.0" version="0.1" changed_by="1" date_changed="2011-01-22 18:17:29.0" retired_by="1" uuid="1032AAAAAAAAAAAAAAAAAAAAAAAAAAAAAAAA"/>
	<concept_name concept_id="1032" name="TPHA QUAL" locale="en" creator="1" date_created="2004-12-02 00:00:00.0" concept_name_id="86762" voided="0" voided_by="1" uuid="86762BBBBBBBBBBBBBBBBBBBBBBBBBBBBBBB" concept_name_type="SHORT" locale_preferred="false"/>
	<concept_name concept_id="1032" name="TREPONEMA PALLIDUM HEMAGGLUTINATION ASSAY, QUALITATIVE" locale="en" creator="1" date_created="2004-12-02 00:00:00.0" concept_name_id="1087" voided="0" voided_by="1" uuid="1087BBBBBBBBBBBBBBBBBBBBBBBBBBBBBBBB" concept_name_type="FULLY_SPECIFIED" locale_preferred="true"/>
	<concept_name concept_id="1032" name="SYPHILIS QUALITATIVE (TPHA)" locale="en" creator="1" date_created="2004-12-02 00:00:00.0" concept_name_id="98598" voided="0" voided_by="1" uuid="98598BBBBBBBBBBBBBBBBBBBBBBBBBBBBBBB" locale_preferred="false"/>
	<concept_name concept_id="1032" name="TPHA QUALITATIVE" locale="en" creator="1" date_created="2004-12-02 00:00:00.0" concept_name_id="99092" voided="0" voided_by="1" uuid="99092BBBBBBBBBBBBBBBBBBBBBBBBBBBBBBB" locale_preferred="false"/>
	<concept_answer concept_answer_id="978" concept_id="1032" answer_concept="703" creator="1" date_created="2006-06-06 14:28:36.0" uuid="978CCCCCCCCCCCCCCCCCCCCCCCCCCCCCCCCC" sort_weight="978.0"/>
	<concept_answer concept_answer_id="979" concept_id="1032" answer_concept="664" creator="1" date_created="2006-06-06 14:28:36.0" uuid="979CCCCCCCCCCCCCCCCCCCCCCCCCCCCCCCCC" sort_weight="979.0"/>
	<concept_answer concept_answer_id="980" concept_id="1032" answer_concept="1300" creator="1" date_created="2006-06-06 14:28:36.0" uuid="980CCCCCCCCCCCCCCCCCCCCCCCCCCCCCCCCC" sort_weight="980.0"/>
	<concept_answer concept_answer_id="981" concept_id="1032" answer_concept="1304" creator="1" date_created="2006-06-06 14:28:36.0" uuid="981CCCCCCCCCCCCCCCCCCCCCCCCCCCCCCCCC" sort_weight="981.0"/>
	<concept concept_id="1619" retired="0" datatype_id="2" class_id="1" is_set="0" creator="1" date_created="2008-11-09 15:30:04.0" version="" changed_by="1" date_changed="2011-02-24 13:42:53.0" retired_by="1" uuid="1619AAAAAAAAAAAAAAAAAAAAAAAAAAAAAAAA"/>
	<concept_name concept_id="1619" name="RPR test" locale="en" creator="1" date_created="2011-02-24 13:42:53.0" concept_name_id="107793" voided="0" voided_by="1" uuid="107793BBBBBBBBBBBBBBBBBBBBBBBBBBBBBB" locale_preferred="false"/>
	<concept_name concept_id="1619" name="RAPID PLASMA REAGIN" locale="en" creator="1" date_created="2008-11-09 15:30:04.0" concept_name_id="1899" voided="0" voided_by="1" uuid="1899BBBBBBBBBBBBBBBBBBBBBBBBBBBBBBBB" concept_name_type="FULLY_SPECIFIED" locale_preferred="true"/>
	<concept_name concept_id="1619" name="RPR" locale="en" creator="1" date_created="2008-11-09 15:30:04.0" concept_name_id="97732" voided="0" voided_by="1" uuid="97732BBBBBBBBBBBBBBBBBBBBBBBBBBBBBBB" locale_preferred="false"/>
	<concept_answer concept_answer_id="1367" concept_id="1619" answer_concept="1067" creator="1" date_created="2008-11-09 15:30:04.0" uuid="1367CCCCCCCCCCCCCCCCCCCCCCCCCCCCCCCC" sort_weight="1367.0"/>
	<concept_answer concept_answer_id="1368" concept_id="1619" answer_concept="664" creator="1" date_created="2008-11-09 15:30:04.0" uuid="1368CCCCCCCCCCCCCCCCCCCCCCCCCCCCCCCC" sort_weight="1368.0"/>
	<concept_answer concept_answer_id="1369" concept_id="1619" answer_concept="703" creator="1" date_created="2008-11-09 15:30:04.0" uuid="1369CCCCCCCCCCCCCCCCCCCCCCCCCCCCCCCC" sort_weight="1369.0"/>
	<concept concept_id="1643" retired="0" datatype_id="2" class_id="1" is_set="0" creator="1" date_created="2009-03-17 13:27:50.0" version="" changed_by="1" date_changed="2012-10-17 13:08:51.0" retired_by="1" uuid="1643AAAAAAAAAAAAAAAAAAAAAAAAAAAAAAAA"/>
	<concept_name concept_id="1643" name="RAPID TEST FOR MALARIA" locale="en" creator="1" date_created="2009-03-17 13:27:50.0" concept_name_id="1923" voided="0" voided_by="1" uuid="1923BBBBBBBBBBBBBBBBBBBBBBBBBBBBBBBB" concept_name_type="FULLY_SPECIFIED" locale_preferred="true"/>
	<concept_name concept_id="1643" name="RDT Malaria" locale="en" creator="1" date_created="2009-03-17 13:27:50.0" concept_name_id="86926" voided="0" voided_by="1" uuid="86926BBBBBBBBBBBBBBBBBBBBBBBBBBBBBBB" concept_name_type="SHORT" locale_preferred="false"/>
	<concept_answer concept_answer_id="1392" concept_id="1643" answer_concept="664" creator="1" date_created="2009-03-17 13:27:50.0" uuid="1392CCCCCCCCCCCCCCCCCCCCCCCCCCCCCCCC" sort_weight="1392.0"/>
	<concept_answer concept_answer_id="1393" concept_id="1643" answer_concept="703" creator="1" date_created="2009-03-17 13:27:50.0" uuid="1393CCCCCCCCCCCCCCCCCCCCCCCCCCCCCCCC" sort_weight="1393.0"/>
	<concept_answer concept_answer_id="1394" concept_id="1643" answer_concept="1138" creator="1" date_created="2009-03-17 14:48:09.0" uuid="1394CCCCCCCCCCCCCCCCCCCCCCCCCCCCCCCC" sort_weight="1394.0"/>
	<concept_answer concept_answer_id="3577" concept_id="1643" answer_concept="160352" creator="1" date_created="2012-05-21 15:16:45.0" uuid="3577CCCCCCCCCCCCCCCCCCCCCCCCCCCCCCCC" sort_weight="3577.0"/>
	<concept_answer concept_answer_id="3610" concept_id="1643" answer_concept="160414" creator="1" date_created="2012-05-25 14:50:26.0" uuid="3610CCCCCCCCCCCCCCCCCCCCCCCCCCCCCCCC" sort_weight="3610.0"/>
	<concept_answer concept_answer_id="4398" concept_id="1643" answer_concept="161246" creator="1" date_created="2012-10-17 13:08:51.0" uuid="4398CCCCCCCCCCCCCCCCCCCCCCCCCCCCCCCC" sort_weight="4398.0"/>
	<concept_answer concept_answer_id="4399" concept_id="1643" answer_concept="161247" creator="1" date_created="2012-10-17 13:08:51.0" uuid="4399CCCCCCCCCCCCCCCCCCCCCCCCCCCCCCCC" sort_weight="4399.0"/>
	<concept_answer concept_answer_id="4400" concept_id="1643" answer_concept="161248" creator="1" date_created="2012-10-17 13:08:51.0" uuid="4400CCCCCCCCCCCCCCCCCCCCCCCCCCCCCCCC" sort_weight="4400.0"/>
	<concept concept_id="1875" retired="0" datatype_id="2" class_id="1" is_set="0" creator="1" date_created="2009-08-25 17:31:41.0" version="" changed_by="1" date_changed="2012-06-03 20:01:37.0" retired_by="1" uuid="1875AAAAAAAAAAAAAAAAAAAAAAAAAAAAAAAA"/>
	<concept_name concept_id="1875" name="URINE PROTEIN (DIP STICK)" locale="en" creator="1" date_created="2009-08-25 17:31:41.0" concept_name_id="86713" voided="0" voided_by="1" uuid="86713BBBBBBBBBBBBBBBBBBBBBBBBBBBBBBB" concept_name_type="FULLY_SPECIFIED" locale_preferred="true"/>
	<concept_answer concept_answer_id="2023" concept_id="1875" answer_concept="1365" creator="1" date_created="2009-08-25 17:31:41.0" uuid="2023CCCCCCCCCCCCCCCCCCCCCCCCCCCCCCCC" sort_weight="2023.0"/>
	<concept_answer concept_answer_id="2024" concept_id="1875" answer_concept="1364" creator="1" date_created="2009-08-25 17:31:41.0" uuid="2024CCCCCCCCCCCCCCCCCCCCCCCCCCCCCCCC" sort_weight="2024.0"/>
	<concept_answer concept_answer_id="2025" concept_id="1875" answer_concept="1362" creator="1" date_created="2009-08-25 17:31:41.0" uuid="2025CCCCCCCCCCCCCCCCCCCCCCCCCCCCCCCC" sort_weight="2025.0"/>
	<concept_answer concept_answer_id="2026" concept_id="1875" answer_concept="1874" creator="1" date_created="2009-08-25 17:31:41.0" uuid="2026CCCCCCCCCCCCCCCCCCCCCCCCCCCCCCCC" sort_weight="2026.0"/>
	<concept_answer concept_answer_id="2027" concept_id="1875" answer_concept="1363" creator="1" date_created="2009-08-25 17:31:41.0" uuid="2027CCCCCCCCCCCCCCCCCCCCCCCCCCCCCCCC" sort_weight="2027.0"/>
	<concept_answer concept_answer_id="2028" concept_id="1875" answer_concept="664" creator="1" date_created="2009-08-25 17:31:41.0" uuid="2028CCCCCCCCCCCCCCCCCCCCCCCCCCCCCCCC" sort_weight="2028.0"/>
	<concept_answer concept_answer_id="2934" concept_id="1875" answer_concept="703" creator="1" date_created="2010-11-27 17:48:37.0" uuid="2934CCCCCCCCCCCCCCCCCCCCCCCCCCCCCCCC" sort_weight="2934.0"/>
	<concept concept_id="849" retired="0" datatype_id="1" class_id="1" is_set="0" creator="1" date_created="2004-05-05 00:00:00.0" version="" changed_by="1" date_changed="2013-01-03 22:29:51.0" retired_by="1" uuid="849AAAAAAAAAAAAAAAAAAAAAAAAAAAAAAAAA"/>
	<concept_name concept_id="849" name="URINARY ALBUMIN" locale="en" creator="1" date_created="2004-05-05 00:00:00.0" concept_name_id="891" voided="0" voided_by="1" uuid="891BBBBBBBBBBBBBBBBBBBBBBBBBBBBBBBBB" concept_name_type="FULLY_SPECIFIED" locale_preferred="true"/>
	<concept_name concept_id="849" name="Urine albumin" locale="en" creator="1" date_created="2012-12-27 14:49:06.0" concept_name_id="110977" voided="0" voided_by="1" void_reason="" uuid="110977BBBBBBBBBBBBBBBBBBBBBBBBBBBBBB" locale_preferred="false"/>
	<concept concept_id="678" retired="0" datatype_id="1" class_id="1" is_set="0" creator="1" date_created="2004-01-01 00:00:00.0" version="0.1" changed_by="1" date_changed="2012-12-26 20:47:17.0" retired_by="1" uuid="678AAAAAAAAAAAAAAAAAAAAAAAAAAAAAAAAA"/>
	<concept_name concept_id="678" name="Total WBC count" locale="en" creator="1" date_created="2010-09-30 15:06:37.0" concept_name_id="106843" voided="0" voided_by="1" void_reason="" uuid="106843BBBBBBBBBBBBBBBBBBBBBBBBBBBBBB" locale_preferred="false"/>
	<concept_name concept_id="678" name="WBC" locale="en" creator="1" date_created="2004-01-01 00:00:00.0" concept_name_id="86724" voided="0" voided_by="1" uuid="86724BBBBBBBBBBBBBBBBBBBBBBBBBBBBBBB" concept_name_type="SHORT" locale_preferred="false"/>
	<concept_name concept_id="678" name="WBC" locale="en" creator="1" date_created="2004-10-20 00:00:00.0" concept_name_id="100165" voided="0" voided_by="1" void_reason="" uuid="100165BBBBBBBBBBBBBBBBBBBBBBBBBBBBBB" locale_preferred="false"/>
	<concept_name concept_id="678" name="WHITE BLOOD CELLS" locale="en" creator="1" date_created="2004-01-01 00:00:00.0" concept_name_id="711" voided="0" voided_by="1" uuid="711BBBBBBBBBBBBBBBBBBBBBBBBBBBBBBBBB" concept_name_type="FULLY_SPECIFIED" locale_preferred="true"/>
	<concept_name concept_id="678" name="LEUKOCYTE COUNT" locale="en" creator="1" date_created="2004-12-02 00:00:00.0" concept_name_id="93911" voided="0" voided_by="1" void_reason="" uuid="93911BBBBBBBBBBBBBBBBBBBBBBBBBBBBBBB" locale_preferred="false"/>
	<concept_name concept_id="678" name="WHITE CELLS" locale="en" creator="1" date_created="2004-10-20 00:00:00.0" concept_name_id="100191" voided="0" voided_by="1" void_reason="" uuid="100191BBBBBBBBBBBBBBBBBBBBBBBBBBBBBB" locale_preferred="false"/>
	<concept_name concept_id="678" name="Total leukocyte count" locale="en" creator="1" date_created="2012-12-26 20:47:17.0" concept_name_id="110967" voided="0" voided_by="1" uuid="110967BBBBBBBBBBBBBBBBBBBBBBBBBBBBBB" locale_preferred="false"/>
	<concept concept_id="846" retired="0" datatype_id="2" class_id="22" is_set="0" creator="1" date_created="2004-05-05 00:00:00.0" version="" changed_by="1" date_changed="2012-11-08 23:54:29.0" retired_by="1" uuid="846AAAAAAAAAAAAAAAAAAAAAAAAAAAAAAAAA"/>
	<concept_name concept_id="846" name="CT scan, head" locale="en" creator="1" date_created="2012-10-19 16:26:16.0" concept_name_id="110468" voided="0" voided_by="1" void_reason="" uuid="110468BBBBBBBBBBBBBBBBBBBBBBBBBBBBBB" locale_preferred="false"/>
	<concept_name concept_id="846" name="Head without contrast (CT)" locale="en" creator="1" date_created="2012-11-08 23:54:29.0" concept_name_id="110634" voided="0" voided_by="1" uuid="110634BBBBBBBBBBBBBBBBBBBBBBBBBBBBBB" locale_preferred="false"/>
	<concept_name concept_id="846" name="COMPUTED TOMOGRAPHY SCAN, HEAD" locale="en" creator="1" date_created="2004-05-05 00:00:00.0" concept_name_id="888" voided="0" voided_by="1" uuid="888BBBBBBBBBBBBBBBBBBBBBBBBBBBBBBBBB" concept_name_type="FULLY_SPECIFIED" locale_preferred="true"/>
	<concept_name concept_id="846" name="HEAD CT" locale="en" creator="1" date_created="2005-02-18 14:46:34.0" concept_name_id="92743" voided="0" voided_by="1" void_reason="" uuid="92743BBBBBBBBBBBBBBBBBBBBBBBBBBBBBBB" locale_preferred="false"/>
	<concept_answer concept_answer_id="47" concept_id="846" answer_concept="1115" creator="1" date_created="2005-02-18 14:45:07.0" uuid="47CCCCCCCCCCCCCCCCCCCCCCCCCCCCCCCCCC" sort_weight="47.0"/>
	<concept_answer concept_answer_id="48" concept_id="846" answer_concept="1116" creator="1" date_created="2005-02-18 14:45:07.0" uuid="48CCCCCCCCCCCCCCCCCCCCCCCCCCCCCCCCCC" sort_weight="48.0"/>
	<concept concept_id="159541" retired="0" datatype_id="4" class_id="1" is_set="0" creator="1" date_created="2010-09-03 14:37:19.0" version="" changed_by="1" date_changed="2010-09-20 20:44:01.0" retired_by="1" uuid="159541AAAAAAAAAAAAAAAAAAAAAAAAAAAAAA"/>
	<concept_name concept_id="159541" name="EEG (electroencephalogram)" locale="en" creator="1" date_created="2010-09-20 20:44:01.0" concept_name_id="106795" voided="0" voided_by="1" uuid="106795BBBBBBBBBBBBBBBBBBBBBBBBBBBBBB" locale_preferred="false"/>
	<concept_name concept_id="159541" name="Electroencephalogram" locale="en" creator="1" date_created="2010-09-03 14:37:19.0" concept_name_id="106651" voided="0" voided_by="1" uuid="106651BBBBBBBBBBBBBBBBBBBBBBBBBBBBBB" concept_name_type="FULLY_SPECIFIED" locale_preferred="true"/>
	<concept_name concept_id="159541" name="EEG" locale="en" creator="1" date_created="2010-09-03 14:37:19.0" concept_name_id="106650" voided="0" voided_by="1" uuid="106650BBBBBBBBBBBBBBBBBBBBBBBBBBBBBB" concept_name_type="SHORT" locale_preferred="false"/>
	<concept concept_id="855" retired="0" datatype_id="1" class_id="1" is_set="0" creator="1" date_created="2004-05-05 00:00:00.0" version="0.1" changed_by="1" date_changed="2011-01-22 17:18:12.0" retired_by="1" uuid="855AAAAAAAAAAAAAAAAAAAAAAAAAAAAAAAAA"/>
	<concept_name concept_id="855" name="ERYTHROCYTE SEDIMENTATION RATE" locale="en" creator="1" date_created="2004-05-05 00:00:00.0" concept_name_id="897" voided="0" voided_by="1" uuid="897BBBBBBBBBBBBBBBBBBBBBBBBBBBBBBBBB" concept_name_type="FULLY_SPECIFIED" locale_preferred="true"/>
	<concept_name concept_id="855" name="WESTERGREN SED RATE" locale="en" creator="1" date_created="2006-06-09 10:54:46.0" concept_name_id="100187" voided="0" voided_by="1" uuid="100187BBBBBBBBBBBBBBBBBBBBBBBBBBBBBB" locale_preferred="false"/>
	<concept_name concept_id="855" name="ESR" locale="en" creator="1" date_created="2005-02-18 14:57:34.0" concept_name_id="91589" voided="0" voided_by="1" uuid="91589BBBBBBBBBBBBBBBBBBBBBBBBBBBBBBB" locale_preferred="false"/>
	<concept_name concept_id="855" name="SED RATE" locale="en" creator="1" date_created="2006-06-09 10:54:46.0" concept_name_id="97928" voided="0" voided_by="1" uuid="97928BBBBBBBBBBBBBBBBBBBBBBBBBBBBBBB" locale_preferred="false"/>
	<concept concept_id="729" retired="0" datatype_id="1" class_id="1" is_set="0" creator="1" date_created="2004-01-01 00:00:00.0" version="" changed_by="1" date_changed="2011-09-24 13:46:54.0" retired_by="1" uuid="729AAAAAAAAAAAAAAAAAAAAAAAAAAAAAAAAA"/>
	<concept_name concept_id="729" name="PLTS" locale="en" creator="1" date_created="2004-10-20 00:00:00.0" concept_name_id="96574" voided="0" voided_by="1" uuid="96574BBBBBBBBBBBBBBBBBBBBBBBBBBBBBBB" locale_preferred="false"/>
	<concept_name concept_id="729" name="PLATELETS" locale="en" creator="1" date_created="2004-01-01 00:00:00.0" concept_name_id="764" voided="0" voided_by="1" uuid="764BBBBBBBBBBBBBBBBBBBBBBBBBBBBBBBBB" concept_name_type="FULLY_SPECIFIED" locale_preferred="true"/>
	<concept_name concept_id="729" name="Platelet count" locale="en" creator="1" date_created="2011-09-24 13:44:06.0" concept_name_id="108138" voided="0" voided_by="1" uuid="108138BBBBBBBBBBBBBBBBBBBBBBBBBBBBBB" locale_preferred="false"/>
	<concept_name concept_id="729" name="BLOOD PLATELET" locale="en" creator="1" date_created="2004-12-02 00:00:00.0" concept_name_id="88766" voided="0" voided_by="1" uuid="88766BBBBBBBBBBBBBBBBBBBBBBBBBBBBBBB" locale_preferred="false"/>
	<concept_name concept_id="729" name="THROMBOCYTE" locale="en" creator="1" date_created="2004-12-02 00:00:00.0" concept_name_id="98954" voided="0" voided_by="1" uuid="98954BBBBBBBBBBBBBBBBBBBBBBBBBBBBBBB" locale_preferred="false"/>
	<concept concept_id="162084" retired="0" datatype_id="2" class_id="7" is_set="0" creator="1" date_created="2013-08-30 02:38:25.0" version="" changed_by="1" date_changed="2013-08-30 02:38:35.0" retired_by="1" uuid="162084AAAAAAAAAAAAAAAAAAAAAAAAAAAAAA"/>
	<concept_name concept_id="162084" name="Test context status" locale="en" creator="1" date_created="2013-08-30 02:38:25.0" concept_name_id="124826" voided="0" voided_by="1" uuid="124826BBBBBBBBBBBBBBBBBBBBBBBBBBBBBB" concept_name_type="FULLY_SPECIFIED" locale_preferred="true"/>
	<concept_answer concept_answer_id="4820" concept_id="162084" answer_concept="162081" creator="1" date_created="2013-08-30 02:38:25.0" uuid="4820CCCCCCCCCCCCCCCCCCCCCCCCCCCCCCCC" sort_weight="4820.0"/>
	<concept_answer concept_answer_id="4821" concept_id="162084" answer_concept="162083" creator="1" date_created="2013-08-30 02:38:25.0" uuid="4821CCCCCCCCCCCCCCCCCCCCCCCCCCCCCCCC" sort_weight="4821.0"/>
	<concept_answer concept_answer_id="4822" concept_id="162084" answer_concept="162082" creator="1" date_created="2013-08-30 02:38:25.0" uuid="4822CCCCCCCCCCCCCCCCCCCCCCCCCCCCCCCC" sort_weight="4822.0"/>
	<concept_answer concept_answer_id="4823" concept_id="162084" answer_concept="162080" creator="1" date_created="2013-08-30 02:38:25.0" uuid="4823CCCCCCCCCCCCCCCCCCCCCCCCCCCCCCCC" sort_weight="4823.0"/>
	<concept concept_id="162081" retired="0" datatype_id="4" class_id="11" is_set="0" creator="1" date_created="2013-08-30 02:28:32.0" version="" changed_by="1" date_changed="2013-08-30 02:29:15.0" retired_by="1" uuid="162081AAAAAAAAAAAAAAAAAAAAAAAAAAAAAA"/>
	<concept_name concept_id="162081" name="Repeat" locale="en" creator="1" date_created="2013-08-30 02:28:32.0" concept_name_id="124823" voided="0" voided_by="1" uuid="124823BBBBBBBBBBBBBBBBBBBBBBBBBBBBBB" concept_name_type="FULLY_SPECIFIED" locale_preferred="true"/>
	<concept concept_id="162083" retired="0" datatype_id="4" class_id="11" is_set="0" creator="1" date_created="2013-08-30 02:36:13.0" version="" changed_by="1" date_changed="2013-08-30 02:36:21.0" retired_by="1" uuid="162083AAAAAAAAAAAAAAAAAAAAAAAAAAAAAA"/>
	<concept_name concept_id="162083" name="Final test (end of pediatric window)" locale="en" creator="1" date_created="2013-08-30 02:36:13.0" concept_name_id="124825" voided="0" voided_by="1" uuid="124825BBBBBBBBBBBBBBBBBBBBBBBBBBBBBB" concept_name_type="FULLY_SPECIFIED" locale_preferred="true"/>
	<concept concept_id="162080" retired="0" datatype_id="4" class_id="11" is_set="0" creator="1" date_created="2013-08-30 02:26:40.0" version="" changed_by="1" date_changed="2013-08-30 02:26:49.0" retired_by="1" uuid="162080AAAAAAAAAAAAAAAAAAAAAAAAAAAAAA"/>
	<concept_name concept_id="162080" name="Initial" locale="en" creator="1" date_created="2013-08-30 02:26:40.0" concept_name_id="124822" voided="0" voided_by="1" uuid="124822BBBBBBBBBBBBBBBBBBBBBBBBBBBBBB" concept_name_type="FULLY_SPECIFIED" locale_preferred="true"/>
	<concept concept_id="1659" retired="0" datatype_id="2" class_id="5" is_set="0" creator="1" date_created="2009-04-23 21:30:08.0" version="" changed_by="1" date_changed="2012-07-05 15:23:27.0" retired_by="1" uuid="1659AAAAAAAAAAAAAAAAAAAAAAAAAAAAAAAA"/>
	<concept_name concept_id="1659" name="tb disease status" locale="en" creator="1" date_created="2009-04-23 21:30:08.0" concept_name_id="86942" voided="0" voided_by="1" uuid="86942BBBBBBBBBBBBBBBBBBBBBBBBBBBBBBB" concept_name_type="SHORT" locale_preferred="false"/>
	<concept_name concept_id="1659" name="TUBERCULOSIS DISEASE STATUS" locale="en" creator="1" date_created="2009-04-23 21:30:08.0" concept_name_id="1939" voided="0" voided_by="1" uuid="1939BBBBBBBBBBBBBBBBBBBBBBBBBBBBBBBB" concept_name_type="FULLY_SPECIFIED" locale_preferred="true"/>
	<concept_answer concept_answer_id="1430" concept_id="1659" answer_concept="1663" creator="1" date_created="2009-04-23 21:42:36.0" uuid="1430CCCCCCCCCCCCCCCCCCCCCCCCCCCCCCCC" sort_weight="1430.0"/>
	<concept_answer concept_answer_id="1431" concept_id="1659" answer_concept="142177" creator="1" date_created="2009-04-23 21:42:36.0" uuid="1431CCCCCCCCCCCCCCCCCCCCCCCCCCCCCCCC" sort_weight="1431.0"/>
	<concept_answer concept_answer_id="1432" concept_id="1659" answer_concept="1661" creator="1" date_created="2009-04-23 21:42:36.0" uuid="1432CCCCCCCCCCCCCCCCCCCCCCCCCCCCCCCC" sort_weight="1432.0"/>
	<concept_answer concept_answer_id="1433" concept_id="1659" answer_concept="1660" creator="1" date_created="2009-04-23 21:42:36.0" uuid="1433CCCCCCCCCCCCCCCCCCCCCCCCCCCCCCCC" sort_weight="1433.0"/>
	<concept_answer concept_answer_id="1434" concept_id="1659" answer_concept="1662" creator="1" date_created="2009-04-23 21:42:36.0" uuid="1434CCCCCCCCCCCCCCCCCCCCCCCCCCCCCCCC" sort_weight="1434.0"/>
	<concept_answer concept_answer_id="4039" concept_id="1659" answer_concept="160737" creator="1" date_created="2012-07-05 15:23:25.0" uuid="4039CCCCCCCCCCCCCCCCCCCCCCCCCCCCCCCC" sort_weight="4039.0"/>
	<concept concept_id="1663" retired="0" datatype_id="10" class_id="5" is_set="0" creator="1" date_created="2009-04-23 21:41:19.0" version="" changed_by="1" date_changed="2011-05-22 18:00:39.0" retired_by="1" uuid="1663AAAAAAAAAAAAAAAAAAAAAAAAAAAAAAAA"/>
	<concept_name concept_id="1663" name="Completed treatment" locale="en" creator="1" date_created="2009-04-23 21:41:19.0" concept_name_id="86946" voided="0" voided_by="1" uuid="86946BBBBBBBBBBBBBBBBBBBBBBBBBBBBBBB" concept_name_type="SHORT" locale_preferred="false"/>
	<concept_name concept_id="1663" name="COMPLETED TREATMENT FOR DISEASE" locale="en" creator="1" date_created="2009-04-23 21:41:19.0" concept_name_id="1943" voided="0" voided_by="1" uuid="1943BBBBBBBBBBBBBBBBBBBBBBBBBBBBBBBB" concept_name_type="FULLY_SPECIFIED" locale_preferred="true"/>
	<concept concept_id="1662" retired="0" datatype_id="10" class_id="5" is_set="0" creator="1" date_created="2009-04-23 21:39:53.0" version="" changed_by="1" date_changed="2010-09-23 12:51:40.0" retired_by="1" uuid="1662AAAAAAAAAAAAAAAAAAAAAAAAAAAAAAAA"/>
	<concept_name concept_id="1662" name="ON TREATMENT FOR DISEASE" locale="en" creator="1" date_created="2009-04-23 21:39:53.0" concept_name_id="1942" voided="0" voided_by="1" uuid="1942BBBBBBBBBBBBBBBBBBBBBBBBBBBBBBBB" concept_name_type="FULLY_SPECIFIED" locale_preferred="true"/>
	<concept_name concept_id="1662" name="On Treatment" locale="en" creator="1" date_created="2009-04-23 21:39:53.0" concept_name_id="86945" voided="0" voided_by="1" uuid="86945BBBBBBBBBBBBBBBBBBBBBBBBBBBBBBB" concept_name_type="SHORT" locale_preferred="false"/>
	<concept concept_id="1113" retired="0" datatype_id="6" class_id="7" is_set="0" creator="1" date_created="2005-01-12 00:00:00.0" version="" changed_by="1" date_changed="2011-05-26 16:00:14.0" retired_by="1" uuid="1113AAAAAAAAAAAAAAAAAAAAAAAAAAAAAAAA"/>
	<concept_name concept_id="1113" name="TUBERCULOSIS DRUG TREATMENT START DATE" locale="en" creator="1" date_created="2005-01-12 00:00:00.0" concept_name_id="1188" voided="0" voided_by="1" uuid="1188BBBBBBBBBBBBBBBBBBBBBBBBBBBBBBBB" concept_name_type="FULLY_SPECIFIED" locale_preferred="true"/>
	<concept_name concept_id="1113" name="TB DRUG START DATE" locale="en" creator="1" date_created="2005-02-07 00:00:00.0" concept_name_id="98718" voided="0" voided_by="1" uuid="98718BBBBBBBBBBBBBBBBBBBBBBBBBBBBBBB" locale_preferred="false"/>
	<concept concept_id="160021" retired="0" datatype_id="4" class_id="10" is_set="1" creator="1" date_created="2011-01-17 16:39:36.0" version="" changed_by="1" date_changed="2011-06-01 20:35:26.0" retired_by="1" uuid="160021AAAAAAAAAAAAAAAAAAAAAAAAAAAAAA"/>
	<concept_name concept_id="160021" name="TB drugs" locale="en" creator="1" date_created="2011-01-17 16:39:36.0" concept_name_id="107672" voided="0" voided_by="1" uuid="107672BBBBBBBBBBBBBBBBBBBBBBBBBBBBBB" locale_preferred="false"/>
	<concept_name concept_id="160021" name="tuberculosis drugs" locale="en" creator="1" date_created="2011-01-17 16:39:36.0" concept_name_id="107671" voided="0" voided_by="1" uuid="107671BBBBBBBBBBBBBBBBBBBBBBBBBBBBBB" concept_name_type="FULLY_SPECIFIED" locale_preferred="true"/>
	<concept_set concept_set_id="375" concept_id="78280" concept_set="160021" sort_weight="0.0" creator="1" date_created="2011-01-17 16:39:36.0" uuid="375AEEEEEEEEEEEEEEEEEEEEEEEEEEEEEEEE"/>
	<concept_set concept_set_id="76" concept_id="767" concept_set="160021" sort_weight="1.0" creator="1" date_created="2011-01-17 16:39:36.0" uuid="76AEEEEEEEEEEEEEEEEEEEEEEEEEEEEEEEEE"/>
	<concept_set concept_set_id="365" concept_id="75948" concept_set="160021" sort_weight="2.0" creator="1" date_created="2011-01-17 16:39:36.0" uuid="365AEEEEEEEEEEEEEEEEEEEEEEEEEEEEEEEE"/>
	<concept_set concept_set_id="394" concept_id="82900" concept_set="160021" sort_weight="3.0" creator="1" date_created="2011-01-17 16:39:36.0" uuid="394AEEEEEEEEEEEEEEEEEEEEEEEEEEEEEEEE"/>
	<concept_set concept_set_id="400" concept_id="84360" concept_set="160021" sort_weight="4.0" creator="1" date_created="2011-01-17 16:39:36.0" uuid="400AEEEEEEEEEEEEEEEEEEEEEEEEEEEEEEEE"/>
	<concept_set concept_set_id="358" concept_id="72794" concept_set="160021" sort_weight="5.0" creator="1" date_created="2011-01-17 16:39:36.0" uuid="358AEEEEEEEEEEEEEEEEEEEEEEEEEEEEEEEE"/>
	<concept_set concept_set_id="376" concept_id="78385" concept_set="160021" sort_weight="6.0" creator="1" date_created="2011-01-17 16:39:36.0" uuid="376AEEEEEEEEEEEEEEEEEEEEEEEEEEEEEEEE"/>
	<concept_set concept_set_id="357" concept_id="71060" concept_set="160021" sort_weight="7.0" creator="1" date_created="2011-01-17 16:39:36.0" uuid="357AEEEEEEEEEEEEEEEEEEEEEEEEEEEEEEEE"/>
	<concept_set concept_set_id="361" concept_id="73449" concept_set="160021" sort_weight="8.0" creator="1" date_created="2011-01-17 16:39:36.0" uuid="361AEEEEEEEEEEEEEEEEEEEEEEEEEEEEEEEE"/>
	<concept_set concept_set_id="385" concept_id="81022" concept_set="160021" sort_weight="9.0" creator="1" date_created="2011-01-17 16:39:36.0" uuid="385AEEEEEEEEEEEEEEEEEEEEEEEEEEEEEEEE"/>
	<concept_set concept_set_id="378" concept_id="78788" concept_set="160021" sort_weight="10.0" creator="1" date_created="2011-01-17 16:39:36.0" uuid="378AEEEEEEEEEEEEEEEEEEEEEEEEEEEEEEEE"/>
	<concept_set concept_set_id="383" concept_id="80133" concept_set="160021" sort_weight="11.0" creator="1" date_created="2011-01-17 16:39:36.0" uuid="383AEEEEEEEEEEEEEEEEEEEEEEEEEEEEEEEE"/>
	<concept_set concept_set_id="366" concept_id="75976" concept_set="160021" sort_weight="12.0" creator="1" date_created="2011-01-17 16:39:36.0" uuid="366AEEEEEEEEEEEEEEEEEEEEEEEEEEEEEEEE"/>
	<concept_set concept_set_id="364" concept_id="74123" concept_set="160021" sort_weight="13.0" creator="1" date_created="2011-01-17 16:39:36.0" uuid="364AEEEEEEEEEEEEEEEEEEEEEEEEEEEEEEEE"/>
	<concept_set concept_set_id="386" concept_id="81457" concept_set="160021" sort_weight="14.0" creator="1" date_created="2011-01-17 16:39:36.0" uuid="386AEEEEEEEEEEEEEEEEEEEEEEEEEEEEEEEE"/>
	<concept_set concept_set_id="393" concept_id="82772" concept_set="160021" sort_weight="15.0" creator="1" date_created="2011-01-17 16:39:36.0" uuid="393AEEEEEEEEEEEEEEEEEEEEEEEEEEEEEEEE"/>
	<concept_set concept_set_id="619" concept_id="160019" concept_set="160021" sort_weight="16.0" creator="1" date_created="2011-01-17 16:39:36.0" uuid="619AEEEEEEEEEEEEEEEEEEEEEEEEEEEEEEEE"/>
	<concept_set concept_set_id="48" concept_id="450" concept_set="160021" sort_weight="17.0" creator="1" date_created="2011-01-17 16:39:36.0" uuid="48AEEEEEEEEEEEEEEEEEEEEEEEEEEEEEEEEE"/>
	<concept_set concept_set_id="362" concept_id="73498" concept_set="160021" sort_weight="18.0" creator="1" date_created="2011-01-17 16:39:36.0" uuid="362AEEEEEEEEEEEEEEEEEEEEEEEEEEEEEEEE"/>
	<concept_set concept_set_id="396" concept_id="83352" concept_set="160021" sort_weight="19.0" creator="1" date_created="2011-01-17 16:39:36.0" uuid="396AEEEEEEEEEEEEEEEEEEEEEEEEEEEEEEEE"/>
	<concept_set concept_set_id="363" concept_id="73581" concept_set="160021" sort_weight="20.0" creator="1" date_created="2011-01-17 16:39:36.0" uuid="363AEEEEEEEEEEEEEEEEEEEEEEEEEEEEEEEE"/>
	<concept_set concept_set_id="401" concept_id="84836" concept_set="160021" sort_weight="21.0" creator="1" date_created="2011-01-17 16:39:36.0" uuid="401AEEEEEEEEEEEEEEEEEEEEEEEEEEEEEEEE"/>
	<concept_set concept_set_id="620" concept_id="160020" concept_set="160021" sort_weight="22.0" creator="1" date_created="2011-01-17 16:39:36.0" uuid="620AEEEEEEEEEEEEEEEEEEEEEEEEEEEEEEEE"/>
	<concept_set concept_set_id="395" concept_id="82912" concept_set="160021" sort_weight="23.0" creator="1" date_created="2011-01-17 16:39:36.0" uuid="395AEEEEEEEEEEEEEEEEEEEEEEEEEEEEEEEE"/>
	<concept_set concept_set_id="367" concept_id="76835" concept_set="160021" sort_weight="24.0" creator="1" date_created="2011-01-17 16:39:36.0" uuid="367AEEEEEEEEEEEEEEEEEEEEEEEEEEEEEEEE"/>
	<concept concept_id="78280" retired="0" datatype_id="4" class_id="3" is_set="0" creator="1" date_created="2006-12-17 00:00:00.0" version="" changed_by="1" date_changed="2011-06-10 16:08:20.0" retired_by="1" uuid="78280AAAAAAAAAAAAAAAAAAAAAAAAAAAAAAA"/>
	<concept_name concept_id="78280" name="Soniazio" locale="en" creator="1" date_created="2007-10-18 09:35:54.0" concept_name_id="98233" voided="0" voided_by="1" uuid="98233BBBBBBBBBBBBBBBBBBBBBBBBBBBBBBB" locale_preferred="false"/>
	<concept_name concept_id="78280" name="ISONIAZID" locale="en" creator="1" date_created="2006-12-17 00:00:00.0" concept_name_id="6234" voided="0" voided_by="1" uuid="6234BBBBBBBBBBBBBBBBBBBBBBBBBBBBBBBB" concept_name_type="FULLY_SPECIFIED" locale_preferred="true"/>
	<concept_name concept_id="78280" name="Tubizid" locale="en" creator="1" date_created="2007-10-18 09:35:54.0" concept_name_id="99380" voided="0" voided_by="1" uuid="99380BBBBBBBBBBBBBBBBBBBBBBBBBBBBBBB" locale_preferred="false"/>
	<concept_name concept_id="78280" name="INH" locale="en" creator="1" date_created="2011-01-17 16:10:35.0" concept_name_id="107647" voided="0" voided_by="1" uuid="107647BBBBBBBBBBBBBBBBBBBBBBBBBBBBBB" concept_name_type="SHORT" locale_preferred="false"/>
	<concept_name concept_id="78280" name="Nydrazid" locale="en" creator="1" date_created="2007-10-18 09:35:54.0" concept_name_id="95598" voided="0" voided_by="1" uuid="95598BBBBBBBBBBBBBBBBBBBBBBBBBBBBBBB" locale_preferred="false"/>
	<concept concept_id="767" retired="0" datatype_id="4" class_id="3" is_set="0" creator="1" date_created="2004-03-20 00:00:00.0" version="" changed_by="1" date_changed="2013-08-18 22:31:59.0" retired_by="1" uuid="767AAAAAAAAAAAAAAAAAAAAAAAAAAAAAAAAA"/>
	<concept_name concept_id="767" name="Rifadin" locale="en" creator="1" date_created="2007-10-18 09:35:54.0" concept_name_id="97551" voided="0" voided_by="1" void_reason="" uuid="97551BBBBBBBBBBBBBBBBBBBBBBBBBBBBBBB" locale_preferred="false"/>
	<concept_name concept_id="767" name="RIFAMPIN" locale="en" creator="1" date_created="2005-01-12 00:00:00.0" concept_name_id="97557" voided="0" voided_by="1" void_reason="" uuid="97557BBBBBBBBBBBBBBBBBBBBBBBBBBBBBBB" locale_preferred="false"/>
	<concept_name concept_id="767" name="Rimactane" locale="en" creator="1" date_created="2007-10-18 09:35:54.0" concept_name_id="97567" voided="0" voided_by="1" void_reason="" uuid="97567BBBBBBBBBBBBBBBBBBBBBBBBBBBBBBB" locale_preferred="false"/>
	<concept_name concept_id="767" name="Rifadin IV" locale="en" creator="1" date_created="2007-10-18 09:35:54.0" concept_name_id="97553" voided="0" voided_by="1" void_reason="" uuid="97553BBBBBBBBBBBBBBBBBBBBBBBBBBBBBBB" locale_preferred="false"/>
	<concept_name concept_id="767" name="RIFAMPICIN" locale="en" creator="1" date_created="2004-03-20 00:00:00.0" concept_name_id="803" voided="0" voided_by="1" uuid="803BBBBBBBBBBBBBBBBBBBBBBBBBBBBBBBBB" concept_name_type="FULLY_SPECIFIED" locale_preferred="true"/>
	<concept_name concept_id="767" name="R" locale="en" creator="1" date_created="2011-01-17 16:16:26.0" concept_name_id="107654" voided="0" voided_by="1" uuid="107654BBBBBBBBBBBBBBBBBBBBBBBBBBBBBB" concept_name_type="SHORT" locale_preferred="false"/>
	<concept concept_id="75948" retired="0" datatype_id="4" class_id="3" is_set="0" creator="1" date_created="2006-12-17 00:00:00.0" version="" changed_by="1" date_changed="2011-05-22 17:38:07.0" retired_by="1" uuid="75948AAAAAAAAAAAAAAAAAAAAAAAAAAAAAAA"/>
	<concept_name concept_id="75948" name="E" locale="en" creator="1" date_created="2011-01-17 16:15:39.0" concept_name_id="107653" voided="0" voided_by="1" uuid="107653BBBBBBBBBBBBBBBBBBBBBBBBBBBBBB" concept_name_type="SHORT" locale_preferred="false"/>
	<concept_name concept_id="75948" name="ETHAMBUTOL" locale="en" creator="1" date_created="2006-12-17 00:00:00.0" concept_name_id="5413" voided="0" voided_by="1" uuid="5413BBBBBBBBBBBBBBBBBBBBBBBBBBBBBBBB" concept_name_type="FULLY_SPECIFIED" locale_preferred="true"/>
	<concept_name concept_id="75948" name="Myambutol" locale="en" creator="1" date_created="2007-10-18 09:35:54.0" concept_name_id="94966" voided="0" voided_by="1" uuid="94966BBBBBBBBBBBBBBBBBBBBBBBBBBBBBBB" locale_preferred="false"/>
	<concept concept_id="82900" retired="0" datatype_id="4" class_id="3" is_set="0" creator="1" date_created="2006-12-17 00:00:00.0" version="" changed_by="1" date_changed="2011-01-17 16:11:51.0" retired_by="1" uuid="82900AAAAAAAAAAAAAAAAAAAAAAAAAAAAAAA"/>
	<concept_name concept_id="82900" name="Z" locale="en" creator="1" date_created="2011-01-17 16:11:51.0" concept_name_id="107648" voided="0" voided_by="1" uuid="107648BBBBBBBBBBBBBBBBBBBBBBBBBBBBBB" concept_name_type="SHORT" locale_preferred="false"/>
	<concept_name concept_id="82900" name="PYRAZINAMIDE" locale="en" creator="1" date_created="2006-12-17 00:00:00.0" concept_name_id="7696" voided="0" voided_by="1" uuid="7696BBBBBBBBBBBBBBBBBBBBBBBBBBBBBBBB" concept_name_type="FULLY_SPECIFIED" locale_preferred="true"/>
	<concept concept_id="84360" retired="0" datatype_id="4" class_id="3" is_set="0" creator="1" date_created="2006-12-17 00:00:00.0" version="" changed_by="1" date_changed="2011-05-22 17:36:10.0" retired_by="1" uuid="84360AAAAAAAAAAAAAAAAAAAAAAAAAAAAAAA"/>
	<concept_name concept_id="84360" name="STREPTOMYCIN" locale="en" creator="1" date_created="2006-12-17 00:00:00.0" concept_name_id="8118" voided="0" voided_by="1" uuid="8118BBBBBBBBBBBBBBBBBBBBBBBBBBBBBBBB" concept_name_type="FULLY_SPECIFIED" locale_preferred="true"/>
	<concept_name concept_id="84360" name="S" locale="en" creator="1" date_created="2011-01-17 16:09:04.0" concept_name_id="107645" voided="0" voided_by="1" uuid="107645BBBBBBBBBBBBBBBBBBBBBBBBBBBBBB" concept_name_type="SHORT" locale_preferred="false"/>
	<concept concept_id="72794" retired="0" datatype_id="4" class_id="3" is_set="0" creator="1" date_created="2006-12-17 00:00:00.0" version="" changed_by="1" date_changed="2011-02-02 05:59:59.0" retired_by="1" uuid="72794AAAAAAAAAAAAAAAAAAAAAAAAAAAAAAA"/>
	<concept_name concept_id="72794" name="CAPREOMYCIN" locale="en" creator="1" date_created="2006-12-17 00:00:00.0" concept_name_id="4355" voided="0" voided_by="1" uuid="4355BBBBBBBBBBBBBBBBBBBBBBBBBBBBBBBB" concept_name_type="FULLY_SPECIFIED" locale_preferred="true"/>
	<concept_name concept_id="72794" name="Capastat" locale="en" creator="1" date_created="2007-10-18 09:35:54.0" concept_name_id="89142" voided="0" voided_by="1" uuid="89142BBBBBBBBBBBBBBBBBBBBBBBBBBBBBBB" locale_preferred="false"/>
	<concept_name concept_id="72794" name="CM" locale="en" creator="1" date_created="2011-01-17 16:09:40.0" concept_name_id="107646" voided="0" voided_by="1" uuid="107646BBBBBBBBBBBBBBBBBBBBBBBBBBBBBB" concept_name_type="SHORT" locale_preferred="false"/>
	<concept concept_id="78385" retired="0" datatype_id="4" class_id="3" is_set="0" creator="1" date_created="2006-12-17 00:00:00.0" version="" changed_by="1" date_changed="2012-09-21 18:25:04.0" retired_by="1" uuid="78385AAAAAAAAAAAAAAAAAAAAAAAAAAAAAAA"/>
	<concept_name concept_id="78385" name="KANAMYCIN" locale="en" creator="1" date_created="2006-12-17 00:00:00.0" concept_name_id="6262" voided="0" voided_by="1" uuid="6262BBBBBBBBBBBBBBBBBBBBBBBBBBBBBBBB" concept_name_type="FULLY_SPECIFIED" locale_preferred="true"/>
	<concept_name concept_id="78385" name="KM" locale="en" creator="1" date_created="2011-01-17 16:14:06.0" concept_name_id="107651" voided="0" voided_by="1" uuid="107651BBBBBBBBBBBBBBBBBBBBBBBBBBBBBB" concept_name_type="SHORT" locale_preferred="false"/>
	<concept_name concept_id="78385" name="Kannasyn" locale="en" creator="1" date_created="2007-10-18 09:35:54.0" concept_name_id="93579" voided="0" voided_by="1" void_reason="" uuid="93579BBBBBBBBBBBBBBBBBBBBBBBBBBBBBBB" locale_preferred="false"/>
	<concept_name concept_id="78385" name="Kantrex" locale="en" creator="1" date_created="2007-10-18 09:35:54.0" concept_name_id="93580" voided="0" voided_by="1" void_reason="" uuid="93580BBBBBBBBBBBBBBBBBBBBBBBBBBBBBBB" locale_preferred="false"/>
	<concept concept_id="71060" retired="0" datatype_id="4" class_id="3" is_set="0" creator="1" date_created="2006-12-17 00:00:00.0" version="" changed_by="1" date_changed="2012-09-20 16:30:51.0" retired_by="1" uuid="71060AAAAAAAAAAAAAAAAAAAAAAAAAAAAAAA"/>
	<concept_name concept_id="71060" name="Amikin Pediatric" locale="en" creator="1" date_created="2007-10-18 09:35:54.0" concept_name_id="87800" voided="0" voided_by="1" void_reason="" uuid="87800BBBBBBBBBBBBBBBBBBBBBBBBBBBBBBB" locale_preferred="false"/>
	<concept_name concept_id="71060" name="Amikacin Sulfate Pediatric Novaplus" locale="en" creator="1" date_created="2007-10-18 09:35:54.0" concept_name_id="87798" voided="0" voided_by="1" void_reason="" uuid="87798BBBBBBBBBBBBBBBBBBBBBBBBBBBBBBB" locale_preferred="false"/>
	<concept_name concept_id="71060" name="AMIKACIN" locale="en" creator="1" date_created="2006-12-17 00:00:00.0" concept_name_id="3738" voided="0" voided_by="1" uuid="3738BBBBBBBBBBBBBBBBBBBBBBBBBBBBBBBB" concept_name_type="FULLY_SPECIFIED" locale_preferred="true"/>
	<concept_name concept_id="71060" name="Amikacin Sulfate Novaplus" locale="en" creator="1" date_created="2007-10-18 09:35:54.0" concept_name_id="87797" voided="0" voided_by="1" void_reason="" uuid="87797BBBBBBBBBBBBBBBBBBBBBBBBBBBBBBB" locale_preferred="false"/>
	<concept_name concept_id="71060" name="AMK" locale="en" creator="1" date_created="2011-01-17 16:12:19.0" concept_name_id="107649" voided="0" voided_by="1" uuid="107649BBBBBBBBBBBBBBBBBBBBBBBBBBBBBB" concept_name_type="SHORT" locale_preferred="false"/>
	<concept_name concept_id="71060" name="Amikin" locale="en" creator="1" date_created="2007-10-18 09:35:54.0" concept_name_id="87799" voided="0" voided_by="1" void_reason="" uuid="87799BBBBBBBBBBBBBBBBBBBBBBBBBBBBBBB" locale_preferred="false"/>
	<concept concept_id="73449" retired="0" datatype_id="4" class_id="3" is_set="0" creator="1" date_created="2006-12-17 00:00:00.0" version="" changed_by="1" date_changed="2012-09-12 13:40:23.0" retired_by="1" uuid="73449AAAAAAAAAAAAAAAAAAAAAAAAAAAAAAA"/>
	<concept_name concept_id="73449" name="Cipro" locale="en" creator="1" date_created="2007-10-18 09:35:54.0" concept_name_id="89585" voided="0" voided_by="1" void_reason="" uuid="89585BBBBBBBBBBBBBBBBBBBBBBBBBBBBBBB" locale_preferred="false"/>
	<concept_name concept_id="73449" name="Cipro I.V." locale="en" creator="1" date_created="2007-10-18 09:35:54.0" concept_name_id="89587" voided="0" voided_by="1" void_reason="" uuid="89587BBBBBBBBBBBBBBBBBBBBBBBBBBBBBBB" locale_preferred="false"/>
	<concept_name concept_id="73449" name="Ciproflaxacin" locale="en" creator="1" date_created="2007-10-18 09:35:54.0" concept_name_id="89590" voided="0" voided_by="1" void_reason="" uuid="89590BBBBBBBBBBBBBBBBBBBBBBBBBBBBBBB" locale_preferred="false"/>
	<concept_name concept_id="73449" name="Ciproxin" locale="en" creator="1" date_created="2007-10-18 09:35:54.0" concept_name_id="89591" voided="0" voided_by="1" void_reason="" uuid="89591BBBBBBBBBBBBBBBBBBBBBBBBBBBBBBB" locale_preferred="false"/>
	<concept_name concept_id="73449" name="CIPROFLOXACIN" locale="en" creator="1" date_created="2006-12-17 00:00:00.0" concept_name_id="4666" voided="0" voided_by="1" uuid="4666BBBBBBBBBBBBBBBBBBBBBBBBBBBBBBBB" concept_name_type="FULLY_SPECIFIED" locale_preferred="true"/>
	<concept_name concept_id="73449" name="Ciloxan" locale="en" creator="1" date_created="2007-10-18 09:35:54.0" concept_name_id="89575" voided="0" voided_by="1" void_reason="" uuid="89575BBBBBBBBBBBBBBBBBBBBBBBBBBBBBBB" locale_preferred="false"/>
	<concept_name concept_id="73449" name="Cipro XR" locale="en" creator="1" date_created="2007-10-18 09:35:54.0" concept_name_id="89588" voided="0" voided_by="1" void_reason="" uuid="89588BBBBBBBBBBBBBBBBBBBBBBBBBBBBBBB" locale_preferred="false"/>
	<concept_name concept_id="73449" name="Proquin" locale="en" creator="1" date_created="2007-10-18 09:35:54.0" concept_name_id="96972" voided="0" voided_by="1" void_reason="" uuid="96972BBBBBBBBBBBBBBBBBBBBBBBBBBBBBBB" locale_preferred="false"/>
	<concept_name concept_id="73449" name="Profloxacin" locale="en" creator="1" date_created="2007-10-18 09:35:54.0" concept_name_id="96894" voided="0" voided_by="1" void_reason="" uuid="96894BBBBBBBBBBBBBBBBBBBBBBBBBBBBBBB" locale_preferred="false"/>
	<concept_name concept_id="73449" name="CPX" locale="en" creator="1" date_created="2010-12-17 21:26:59.0" concept_name_id="107561" voided="0" voided_by="1" uuid="107561BBBBBBBBBBBBBBBBBBBBBBBBBBBBBB" concept_name_type="SHORT" locale_preferred="false"/>
	<concept concept_id="81022" retired="0" datatype_id="4" class_id="3" is_set="0" creator="1" date_created="2006-12-17 00:00:00.0" version="" changed_by="1" date_changed="2012-09-19 23:00:21.0" retired_by="1" uuid="81022AAAAAAAAAAAAAAAAAAAAAAAAAAAAAAA"/>
	<concept_name concept_id="81022" name="OFLOXACIN" locale="en" creator="1" date_created="2006-12-17 00:00:00.0" concept_name_id="7040" voided="0" voided_by="1" uuid="7040BBBBBBBBBBBBBBBBBBBBBBBBBBBBBBBB" concept_name_type="FULLY_SPECIFIED" locale_preferred="true"/>
	<concept_name concept_id="81022" name="Ocuflox" locale="en" creator="1" date_created="2007-10-18 09:35:54.0" concept_name_id="95664" voided="0" voided_by="1" void_reason="" uuid="95664BBBBBBBBBBBBBBBBBBBBBBBBBBBBBBB" locale_preferred="false"/>
	<concept_name concept_id="81022" name="Floxin" locale="en" creator="1" date_created="2007-10-18 09:35:54.0" concept_name_id="92030" voided="0" voided_by="1" void_reason="" uuid="92030BBBBBBBBBBBBBBBBBBBBBBBBBBBBBBB" locale_preferred="false"/>
	<concept_name concept_id="81022" name="Floxin I.V." locale="en" creator="1" date_created="2007-10-18 09:35:54.0" concept_name_id="92031" voided="0" voided_by="1" void_reason="" uuid="92031BBBBBBBBBBBBBBBBBBBBBBBBBBBBBBB" locale_preferred="false"/>
	<concept_name concept_id="81022" name="Floxin Otic" locale="en" creator="1" date_created="2007-10-18 09:35:54.0" concept_name_id="92032" voided="0" voided_by="1" void_reason="" uuid="92032BBBBBBBBBBBBBBBBBBBBBBBBBBBBBBB" locale_preferred="false"/>
	<concept_name concept_id="81022" name="OFX" locale="en" creator="1" date_created="2010-12-17 21:07:00.0" concept_name_id="107554" voided="0" voided_by="1" uuid="107554BBBBBBBBBBBBBBBBBBBBBBBBBBBBBB" concept_name_type="SHORT" locale_preferred="false"/>
	<concept concept_id="78788" retired="0" datatype_id="4" class_id="3" is_set="0" creator="1" date_created="2006-12-17 00:00:00.0" version="" changed_by="1" date_changed="2012-10-05 16:59:28.0" retired_by="1" uuid="78788AAAAAAAAAAAAAAAAAAAAAAAAAAAAAAA"/>
	<concept_name concept_id="78788" name="Levaquin" locale="en" creator="1" date_created="2007-10-18 09:35:54.0" concept_name_id="93922" voided="0" voided_by="1" void_reason="" uuid="93922BBBBBBBBBBBBBBBBBBBBBBBBBBBBBBB" locale_preferred="false"/>
	<concept_name concept_id="78788" name="Quixin" locale="en" creator="1" date_created="2007-10-18 09:35:54.0" concept_name_id="97213" voided="0" voided_by="1" void_reason="" uuid="97213BBBBBBBBBBBBBBBBBBBBBBBBBBBBBBB" locale_preferred="false"/>
	<concept_name concept_id="78788" name="LFX" locale="en" creator="1" date_created="2010-12-17 21:25:25.0" concept_name_id="107559" voided="0" voided_by="1" uuid="107559BBBBBBBBBBBBBBBBBBBBBBBBBBBBBB" concept_name_type="SHORT" locale_preferred="false"/>
	<concept_name concept_id="78788" name="Iquix" locale="en" creator="1" date_created="2007-10-18 09:35:54.0" concept_name_id="93410" voided="0" voided_by="1" void_reason="" uuid="93410BBBBBBBBBBBBBBBBBBBBBBBBBBBBBBB" locale_preferred="false"/>
	<concept_name concept_id="78788" name="LEVOFLOXACIN" locale="en" creator="1" date_created="2006-12-17 00:00:00.0" concept_name_id="6357" voided="0" voided_by="1" uuid="6357BBBBBBBBBBBBBBBBBBBBBBBBBBBBBBBB" concept_name_type="FULLY_SPECIFIED" locale_preferred="true"/>
	<concept concept_id="80133" retired="0" datatype_id="4" class_id="3" is_set="0" creator="1" date_created="2006-12-17 00:00:00.0" version="" changed_by="1" date_changed="2012-09-19 14:10:04.0" retired_by="1" uuid="80133AAAAAAAAAAAAAAAAAAAAAAAAAAAAAAA"/>
	<concept_name concept_id="80133" name="MOXIFLOXACIN" locale="en" creator="1" date_created="2006-12-17 00:00:00.0" concept_name_id="6848" voided="0" voided_by="1" uuid="6848BBBBBBBBBBBBBBBBBBBBBBBBBBBBBBBB" concept_name_type="FULLY_SPECIFIED" locale_preferred="true"/>
	<concept_name concept_id="80133" name="MFX" locale="en" creator="1" date_created="2010-12-17 21:08:35.0" concept_name_id="107556" voided="0" voided_by="1" uuid="107556BBBBBBBBBBBBBBBBBBBBBBBBBBBBBB" concept_name_type="SHORT" locale_preferred="false"/>
	<concept_name concept_id="80133" name="Avelox I.V." locale="en" creator="1" date_created="2007-10-18 09:35:54.0" concept_name_id="88379" voided="0" voided_by="1" void_reason="" uuid="88379BBBBBBBBBBBBBBBBBBBBBBBBBBBBBBB" locale_preferred="false"/>
	<concept_name concept_id="80133" name="Vigamox" locale="en" creator="1" date_created="2007-10-18 09:35:54.0" concept_name_id="100018" voided="0" voided_by="1" void_reason="" uuid="100018BBBBBBBBBBBBBBBBBBBBBBBBBBBBBB" locale_preferred="false"/>
	<concept_name concept_id="80133" name="Avelox" locale="en" creator="1" date_created="2007-10-18 09:35:54.0" concept_name_id="88378" voided="0" voided_by="1" void_reason="" uuid="88378BBBBBBBBBBBBBBBBBBBBBBBBBBBBBBB" locale_preferred="false"/>
	<concept concept_id="75976" retired="0" datatype_id="4" class_id="3" is_set="0" creator="1" date_created="2006-12-17 00:00:00.0" version="" changed_by="1" date_changed="2012-10-04 16:49:37.0" retired_by="1" uuid="75976AAAAAAAAAAAAAAAAAAAAAAAAAAAAAAA"/>
	<concept_name concept_id="75976" name="Ethio" locale="en" creator="1" date_created="2011-01-17 16:29:22.0" concept_name_id="107664" voided="0" voided_by="1" uuid="107664BBBBBBBBBBBBBBBBBBBBBBBBBBBBBB" concept_name_type="SHORT" locale_preferred="false"/>
	<concept_name concept_id="75976" name="Trecator" locale="en" creator="1" date_created="2007-10-18 09:35:54.0" concept_name_id="99131" voided="0" voided_by="1" void_reason="" uuid="99131BBBBBBBBBBBBBBBBBBBBBBBBBBBBBBB" locale_preferred="false"/>
	<concept_name concept_id="75976" name="Trecator-SC" locale="en" creator="1" date_created="2007-10-18 09:35:54.0" concept_name_id="99132" voided="0" voided_by="1" void_reason="" uuid="99132BBBBBBBBBBBBBBBBBBBBBBBBBBBBBBB" locale_preferred="false"/>
	<concept_name concept_id="75976" name="ETHIONAMIDE" locale="en" creator="1" date_created="2006-12-17 00:00:00.0" concept_name_id="5428" voided="0" voided_by="1" uuid="5428BBBBBBBBBBBBBBBBBBBBBBBBBBBBBBBB" concept_name_type="FULLY_SPECIFIED" locale_preferred="true"/>
	<concept concept_id="74123" retired="0" datatype_id="4" class_id="3" is_set="0" creator="1" date_created="2006-12-17 00:00:00.0" version="" changed_by="1" date_changed="2012-10-03 21:50:47.0" retired_by="1" uuid="74123AAAAAAAAAAAAAAAAAAAAAAAAAAAAAAA"/>
	<concept_name concept_id="74123" name="Seromycin" locale="en" creator="1" date_created="2007-10-18 09:35:54.0" concept_name_id="98013" voided="0" voided_by="1" void_reason="" uuid="98013BBBBBBBBBBBBBBBBBBBBBBBBBBBBBBB" locale_preferred="false"/>
	<concept_name concept_id="74123" name="CYCLOSERINE" locale="en" creator="1" date_created="2006-12-17 00:00:00.0" concept_name_id="4871" voided="0" voided_by="1" uuid="4871BBBBBBBBBBBBBBBBBBBBBBBBBBBBBBBB" concept_name_type="FULLY_SPECIFIED" locale_preferred="true"/>
	<concept_name concept_id="74123" name="CS" locale="en" creator="1" date_created="2011-01-17 16:20:39.0" concept_name_id="107658" voided="0" voided_by="1" uuid="107658BBBBBBBBBBBBBBBBBBBBBBBBBBBBBB" concept_name_type="SHORT" locale_preferred="false"/>
	<concept concept_id="81457" retired="0" datatype_id="4" class_id="3" is_set="0" creator="1" date_created="2006-12-17 00:00:00.0" version="" changed_by="1" date_changed="2011-01-17 16:07:41.0" retired_by="1" uuid="81457AAAAAAAAAAAAAAAAAAAAAAAAAAAAAAA"/>
	<concept_name concept_id="81457" name="PAS" locale="en" creator="1" date_created="2011-01-17 16:07:20.0" concept_name_id="107644" voided="0" voided_by="1" uuid="107644BBBBBBBBBBBBBBBBBBBBBBBBBBBBBB" concept_name_type="SHORT" locale_preferred="false"/>
	<concept_name concept_id="81457" name="P-AMINOSALICYLIC ACID" locale="en" creator="1" date_created="2006-12-17 00:00:00.0" concept_name_id="7159" voided="0" voided_by="1" uuid="7159BBBBBBBBBBBBBBBBBBBBBBBBBBBBBBBB" concept_name_type="FULLY_SPECIFIED" locale_preferred="true"/>
	<concept concept_id="82772" retired="0" datatype_id="4" class_id="3" is_set="0" creator="1" date_created="2006-12-17 00:00:00.0" version="" changed_by="1" date_changed="2011-01-17 16:22:29.0" retired_by="1" uuid="82772AAAAAAAAAAAAAAAAAAAAAAAAAAAAAAA"/>
	<concept_name concept_id="82772" name="Prothio" locale="en" creator="1" date_created="2011-01-17 16:22:29.0" concept_name_id="107659" voided="0" voided_by="1" uuid="107659BBBBBBBBBBBBBBBBBBBBBBBBBBBBBB" concept_name_type="SHORT" locale_preferred="false"/>
	<concept_name concept_id="82772" name="PROTHIONAMIDE" locale="en" creator="1" date_created="2006-12-17 00:00:00.0" concept_name_id="7668" voided="0" voided_by="1" uuid="7668BBBBBBBBBBBBBBBBBBBBBBBBBBBBBBBB" concept_name_type="FULLY_SPECIFIED" locale_preferred="true"/>
	<concept concept_id="160019" retired="0" datatype_id="4" class_id="3" is_set="0" creator="1" date_created="2011-01-17 16:28:19.0" version="" changed_by="1" retired_by="1" uuid="160019AAAAAAAAAAAAAAAAAAAAAAAAAAAAAA"/>
	<concept_name concept_id="160019" name="THIACETAZONE" locale="en" creator="1" date_created="2011-01-17 16:28:19.0" concept_name_id="107662" voided="0" voided_by="1" uuid="107662BBBBBBBBBBBBBBBBBBBBBBBBBBBBBB" locale_preferred="false"/>
	<concept_name concept_id="160019" name="THIOACETAZONE" locale="en" creator="1" date_created="2011-01-17 16:28:19.0" concept_name_id="107661" voided="0" voided_by="1" uuid="107661BBBBBBBBBBBBBBBBBBBBBBBBBBBBBB" concept_name_type="FULLY_SPECIFIED" locale_preferred="true"/>
	<concept_name concept_id="160019" name="thiosemicarbazone" locale="en" creator="1" date_created="2011-01-17 16:28:19.0" concept_name_id="107660" voided="0" voided_by="1" uuid="107660BBBBBBBBBBBBBBBBBBBBBBBBBBBBBB" locale_preferred="false"/>
	<concept_name concept_id="160019" name="THA" locale="en" creator="1" date_created="2011-01-17 16:28:19.0" concept_name_id="107663" voided="0" voided_by="1" uuid="107663BBBBBBBBBBBBBBBBBBBBBBBBBBBBBB" concept_name_type="SHORT" locale_preferred="false"/>
	<concept concept_id="450" retired="0" datatype_id="4" class_id="3" is_set="0" creator="1" date_created="2004-01-01 00:00:00.0" version="" changed_by="1" date_changed="2013-07-31 15:28:53.0" retired_by="1" uuid="450AAAAAAAAAAAAAAAAAAAAAAAAAAAAAAAAA"/>
	<concept_name concept_id="450" name="Augmentin" locale="en" creator="1" date_created="2005-02-18 00:41:51.0" concept_name_id="88344" voided="0" voided_by="1" void_reason="" uuid="88344BBBBBBBBBBBBBBBBBBBBBBBBBBBBBBB" locale_preferred="false"/>
	<concept_name concept_id="450" name="AMOXICILLIN AND CLAVULANIC ACID" locale="en" creator="1" date_created="2004-01-01 00:00:00.0" concept_name_id="482" voided="0" voided_by="1" uuid="482BBBBBBBBBBBBBBBBBBBBBBBBBBBBBBBBB" concept_name_type="FULLY_SPECIFIED" locale_preferred="true"/>
	<concept_name concept_id="450" name="AMOXICILLIN / CLAVULANATE" locale="en" creator="1" date_created="2012-09-12 13:45:09.0" concept_name_id="110359" voided="0" voided_by="1" void_reason="" uuid="110359BBBBBBBBBBBBBBBBBBBBBBBBBBBBBB" locale_preferred="false"/>
	<concept_name concept_id="450" name="Augmenting syrup" locale="en" creator="1" date_created="2004-10-20 00:00:00.0" concept_name_id="88347" voided="0" voided_by="1" void_reason="" uuid="88347BBBBBBBBBBBBBBBBBBBBBBBBBBBBBBB" locale_preferred="false"/>
	<concept_name concept_id="450" name="AMX/CLV" locale="en" creator="1" date_created="2011-01-17 16:33:54.0" concept_name_id="107670" voided="0" voided_by="1" uuid="107670BBBBBBBBBBBBBBBBBBBBBBBBBBBBBB" concept_name_type="SHORT" locale_preferred="false"/>
	<concept_name concept_id="450" name="Augmentin Junior" locale="en" creator="1" date_created="2012-09-12 13:46:43.0" concept_name_id="110360" voided="0" voided_by="1" void_reason="" uuid="110360BBBBBBBBBBBBBBBBBBBBBBBBBBBBBB" locale_preferred="false"/>
	<concept concept_id="73498" retired="0" datatype_id="4" class_id="3" is_set="0" creator="1" date_created="2006-12-17 00:00:00.0" version="" changed_by="1" date_changed="2011-01-17 16:31:20.0" retired_by="1" uuid="73498AAAAAAAAAAAAAAAAAAAAAAAAAAAAAAA"/>
	<concept_name concept_id="73498" name="Biaxin" locale="en" creator="1" date_created="2007-10-18 09:35:54.0" concept_name_id="88694" voided="0" voided_by="1" uuid="88694BBBBBBBBBBBBBBBBBBBBBBBBBBBBBBB" locale_preferred="false"/>
	<concept_name concept_id="73498" name="Klaricid IV" locale="en" creator="1" date_created="2007-10-18 09:35:54.0" concept_name_id="93701" voided="0" voided_by="1" uuid="93701BBBBBBBBBBBBBBBBBBBBBBBBBBBBBBB" locale_preferred="false"/>
	<concept_name concept_id="73498" name="Klaricid XL" locale="en" creator="1" date_created="2007-10-18 09:35:54.0" concept_name_id="93702" voided="0" voided_by="1" uuid="93702BBBBBBBBBBBBBBBBBBBBBBBBBBBBBBB" locale_preferred="false"/>
	<concept_name concept_id="73498" name="Biaxin XL" locale="en" creator="1" date_created="2007-10-18 09:35:54.0" concept_name_id="88695" voided="0" voided_by="1" uuid="88695BBBBBBBBBBBBBBBBBBBBBBBBBBBBBBB" locale_preferred="false"/>
	<concept_name concept_id="73498" name="CLARITHROMYCIN" locale="en" creator="1" date_created="2006-12-17 00:00:00.0" concept_name_id="4686" voided="0" voided_by="1" uuid="4686BBBBBBBBBBBBBBBBBBBBBBBBBBBBBBBB" concept_name_type="FULLY_SPECIFIED" locale_preferred="true"/>
	<concept_name concept_id="73498" name="Klaricid Adult" locale="en" creator="1" date_created="2007-10-18 09:35:54.0" concept_name_id="93700" voided="0" voided_by="1" uuid="93700BBBBBBBBBBBBBBBBBBBBBBBBBBBBBBB" locale_preferred="false"/>
	<concept_name concept_id="73498" name="CLR" locale="en" creator="1" date_created="2011-01-17 16:31:20.0" concept_name_id="107666" voided="0" voided_by="1" uuid="107666BBBBBBBBBBBBBBBBBBBBBBBBBBBBBB" concept_name_type="SHORT" locale_preferred="false"/>
	<concept concept_id="83352" retired="0" datatype_id="4" class_id="3" is_set="0" creator="1" date_created="2006-12-17 00:00:00.0" version="" changed_by="1" date_changed="2011-01-17 16:19:22.0" retired_by="1" uuid="83352AAAAAAAAAAAAAAAAAAAAAAAAAAAAAAA"/>
	<concept_name concept_id="83352" name="RIFABUTIN" locale="en" creator="1" date_created="2006-12-17 00:00:00.0" concept_name_id="7816" voided="0" voided_by="1" uuid="7816BBBBBBBBBBBBBBBBBBBBBBBBBBBBBBBB" concept_name_type="FULLY_SPECIFIED" locale_preferred="true"/>
	<concept_name concept_id="83352" name="RFB" locale="en" creator="1" date_created="2011-01-17 16:19:22.0" concept_name_id="107657" voided="0" voided_by="1" uuid="107657BBBBBBBBBBBBBBBBBBBBBBBBBBBBBB" concept_name_type="SHORT" locale_preferred="false"/>
	<concept_name concept_id="83352" name="Mycobutin" locale="en" creator="1" date_created="2007-10-18 09:35:54.0" concept_name_id="94994" voided="0" voided_by="1" uuid="94994BBBBBBBBBBBBBBBBBBBBBBBBBBBBBBB" locale_preferred="false"/>
	<concept concept_id="73581" retired="0" datatype_id="4" class_id="3" is_set="0" creator="1" date_created="2006-12-17 00:00:00.0" version="" changed_by="1" date_changed="2012-09-27 14:28:16.0" retired_by="1" uuid="73581AAAAAAAAAAAAAAAAAAAAAAAAAAAAAAA"/>
	<concept_name concept_id="73581" name="Lamprene" locale="en" creator="1" date_created="2007-10-18 09:35:54.0" concept_name_id="93823" voided="0" voided_by="1" void_reason="" uuid="93823BBBBBBBBBBBBBBBBBBBBBBBBBBBBBBB" locale_preferred="false"/>
	<concept_name concept_id="73581" name="CFZ" locale="en" creator="1" date_created="2011-01-17 16:14:47.0" concept_name_id="107652" voided="0" voided_by="1" uuid="107652BBBBBBBBBBBBBBBBBBBBBBBBBBBBBB" concept_name_type="SHORT" locale_preferred="false"/>
	<concept_name concept_id="73581" name="CLOFAZIMINE" locale="en" creator="1" date_created="2006-12-17 00:00:00.0" concept_name_id="4722" voided="0" voided_by="1" uuid="4722BBBBBBBBBBBBBBBBBBBBBBBBBBBBBBBB" concept_name_type="FULLY_SPECIFIED" locale_preferred="true"/>
	<concept concept_id="84836" retired="0" datatype_id="4" class_id="3" is_set="0" creator="1" date_created="2006-12-17 00:00:00.0" version="" changed_by="1" date_changed="2011-01-17 16:30:18.0" retired_by="1" uuid="84836AAAAAAAAAAAAAAAAAAAAAAAAAAAAAAA"/>
	<concept_name concept_id="84836" name="TRD" locale="en" creator="1" date_created="2011-01-17 16:30:18.0" concept_name_id="107665" voided="0" voided_by="1" uuid="107665BBBBBBBBBBBBBBBBBBBBBBBBBBBBBB" concept_name_type="SHORT" locale_preferred="false"/>
	<concept_name concept_id="84836" name="TERIZIDONE" locale="en" creator="1" date_created="2006-12-17 00:00:00.0" concept_name_id="8268" voided="0" voided_by="1" uuid="8268BBBBBBBBBBBBBBBBBBBBBBBBBBBBBBBB" concept_name_type="FULLY_SPECIFIED" locale_preferred="true"/>
	<concept concept_id="160020" retired="0" datatype_id="4" class_id="3" is_set="0" creator="1" date_created="2011-01-17 16:33:05.0" version="" changed_by="1" retired_by="1" uuid="160020AAAAAAAAAAAAAAAAAAAAAAAAAAAAAA"/>
	<concept_name concept_id="160020" name="Viocin" locale="en" creator="1" date_created="2011-01-17 16:33:05.0" concept_name_id="107667" voided="0" voided_by="1" uuid="107667BBBBBBBBBBBBBBBBBBBBBBBBBBBBBB" locale_preferred="false"/>
	<concept_name concept_id="160020" name="Viomycin" locale="en" creator="1" date_created="2011-01-17 16:33:05.0" concept_name_id="107669" voided="0" voided_by="1" uuid="107669BBBBBBBBBBBBBBBBBBBBBBBBBBBBBB" concept_name_type="FULLY_SPECIFIED" locale_preferred="true"/>
	<concept_name concept_id="160020" name="Vi" locale="en" creator="1" date_created="2011-01-17 16:33:05.0" concept_name_id="107668" voided="0" voided_by="1" uuid="107668BBBBBBBBBBBBBBBBBBBBBBBBBBBBBB" concept_name_type="SHORT" locale_preferred="false"/>
	<concept concept_id="82912" retired="0" datatype_id="4" class_id="3" is_set="0" creator="1" date_created="2006-12-17 00:00:00.0" version="" changed_by="1" date_changed="2011-04-05 14:28:45.0" retired_by="1" uuid="82912AAAAAAAAAAAAAAAAAAAAAAAAAAAAAAA"/>
	<concept_name concept_id="82912" name="PYRIDOXINE" locale="en" creator="1" date_created="2006-12-17 00:00:00.0" concept_name_id="7703" voided="0" voided_by="1" uuid="7703BBBBBBBBBBBBBBBBBBBBBBBBBBBBBBBB" concept_name_type="FULLY_SPECIFIED" locale_preferred="true"/>
	<concept_name concept_id="82912" name="B6" locale="en" creator="1" date_created="2011-01-17 16:17:14.0" concept_name_id="107655" voided="0" voided_by="1" uuid="107655BBBBBBBBBBBBBBBBBBBBBBBBBBBBBB" concept_name_type="SHORT" locale_preferred="false"/>
	<concept_name concept_id="82912" name="Vitamin B6" locale="en" creator="1" date_created="2011-01-17 16:17:14.0" concept_name_id="107656" voided="0" voided_by="1" uuid="107656BBBBBBBBBBBBBBBBBBBBBBBBBBBBBB" locale_preferred="false"/>
	<concept concept_id="76835" retired="0" datatype_id="4" class_id="3" is_set="0" creator="1" date_created="2006-12-17 00:00:00.0" version="" changed_by="1" date_changed="2012-09-27 15:39:57.0" retired_by="1" uuid="76835AAAAAAAAAAAAAAAAAAAAAAAAAAAAAAA"/>
	<concept_name concept_id="76835" name="GATIFLOXACIN" locale="en" creator="1" date_created="2006-12-17 00:00:00.0" concept_name_id="5750" voided="0" voided_by="1" uuid="5750BBBBBBBBBBBBBBBBBBBBBBBBBBBBBBBB" concept_name_type="FULLY_SPECIFIED" locale_preferred="true"/>
	<concept_name concept_id="76835" name="Tequin" locale="en" creator="1" date_created="2007-10-18 09:35:54.0" concept_name_id="98794" voided="0" voided_by="1" void_reason="" uuid="98794BBBBBBBBBBBBBBBBBBBBBBBBBBBBBBB" locale_preferred="false"/>
	<concept_name concept_id="76835" name="GFX" locale="en" creator="1" date_created="2011-01-17 16:13:26.0" concept_name_id="107650" voided="0" voided_by="1" uuid="107650BBBBBBBBBBBBBBBBBBBBBBBBBBBBBB" concept_name_type="SHORT" locale_preferred="false"/>
	<concept_name concept_id="76835" name="Tequin Teqpaq" locale="en" creator="1" date_created="2007-10-18 09:35:54.0" concept_name_id="98795" voided="0" voided_by="1" void_reason="" uuid="98795BBBBBBBBBBBBBBBBBBBBBBBBBBBBBBB" locale_preferred="false"/>
	<concept_name concept_id="76835" name="Zymar" locale="en" creator="1" date_created="2007-10-18 09:35:54.0" concept_name_id="100484" voided="0" voided_by="1" void_reason="" uuid="100484BBBBBBBBBBBBBBBBBBBBBBBBBBBBBB" locale_preferred="false"/>
	<concept concept_id="159874" retired="0" datatype_id="2" class_id="4" is_set="0" creator="1" date_created="2010-11-23 13:47:26.0" version="" changed_by="1" date_changed="2013-02-28 14:49:43.0" retired_by="1" uuid="159874AAAAAAAAAAAAAAAAAAAAAAAAAAAAAA"/>
	<concept_name concept_id="159874" name="tuberculosis treatment failure" locale="en" creator="1" date_created="2010-11-23 13:47:26.0" concept_name_id="107363" voided="0" voided_by="1" uuid="107363BBBBBBBBBBBBBBBBBBBBBBBBBBBBBB" concept_name_type="FULLY_SPECIFIED" locale_preferred="true"/>
	<concept_answer concept_answer_id="2867" concept_id="159874" answer_concept="159790" creator="1" date_created="2010-11-23 13:47:26.0" uuid="2867CCCCCCCCCCCCCCCCCCCCCCCCCCCCCCCC" sort_weight="2867.0"/>
	<concept_answer concept_answer_id="2868" concept_id="159874" answer_concept="159789" creator="1" date_created="2010-11-23 13:47:26.0" uuid="2868CCCCCCCCCCCCCCCCCCCCCCCCCCCCCCCC" sort_weight="2868.0"/>
	<concept_answer concept_answer_id="2869" concept_id="159874" answer_concept="159788" creator="1" date_created="2010-11-23 13:47:26.0" uuid="2869CCCCCCCCCCCCCCCCCCCCCCCCCCCCCCCC" sort_weight="2869.0"/>
	<concept concept_id="159790" retired="0" datatype_id="4" class_id="4" is_set="0" creator="1" date_created="2010-11-12 18:01:37.0" version="" changed_by="1" date_changed="2013-02-28 14:35:14.0" retired_by="1" uuid="159790AAAAAAAAAAAAAAAAAAAAAAAAAAAAAA"/>
	<concept_name concept_id="159790" name="tuberculosis treatment failure, smear positive at 3 months" locale="en" creator="1" date_created="2010-11-12 18:01:37.0" concept_name_id="107262" voided="0" voided_by="1" uuid="107262BBBBBBBBBBBBBBBBBBBBBBBBBBBBBB" concept_name_type="FULLY_SPECIFIED" locale_preferred="true"/>
	<concept concept_id="159789" retired="0" datatype_id="4" class_id="4" is_set="0" creator="1" date_created="2010-11-12 18:00:44.0" version="" changed_by="1" date_changed="2013-02-28 14:34:57.0" retired_by="1" uuid="159789AAAAAAAAAAAAAAAAAAAAAAAAAAAAAA"/>
	<concept_name concept_id="159789" name="tuberculosis treatment failure, smear positive at 5 months" locale="en" creator="1" date_created="2010-11-12 18:00:44.0" concept_name_id="107261" voided="0" voided_by="1" uuid="107261BBBBBBBBBBBBBBBBBBBBBBBBBBBBBB" concept_name_type="FULLY_SPECIFIED" locale_preferred="true"/>
	<concept concept_id="159788" retired="0" datatype_id="4" class_id="4" is_set="0" creator="1" date_created="2010-11-12 17:58:39.0" version="" changed_by="1" date_changed="2013-02-28 14:34:29.0" retired_by="1" uuid="159788AAAAAAAAAAAAAAAAAAAAAAAAAAAAAA"/>
	<concept_name concept_id="159788" name="tuberculosis treatment failure, smear positive at 8 months" locale="en" creator="1" date_created="2010-11-12 17:58:39.0" concept_name_id="107260" voided="0" voided_by="1" uuid="107260BBBBBBBBBBBBBBBBBBBBBBBBBBBBBB" concept_name_type="FULLY_SPECIFIED" locale_preferred="true"/>
	<concept concept_id="161654" retired="0" datatype_id="1" class_id="7" is_set="0" creator="1" date_created="2013-04-26 14:29:42.0" version="" changed_by="1" retired_by="1" uuid="161654AAAAAAAAAAAAAAAAAAAAAAAAAAAAAA"/>
	<concept_numeric concept_id="161654" units="" precise="0"/>
	<concept_name concept_id="161654" name="Tuberculosis treatment number" locale="en" creator="1" date_created="2013-04-26 14:29:42.0" concept_name_id="123684" voided="0" voided_by="1" uuid="123684BBBBBBBBBBBBBBBBBBBBBBBBBBBBBB" concept_name_type="FULLY_SPECIFIED" locale_preferred="true"/>
	<concept concept_id="159786" retired="0" datatype_id="2" class_id="11" is_set="0" creator="1" date_created="2010-11-12 17:22:04.0" version="" changed_by="1" date_changed="2011-02-17 16:18:20.0" retired_by="1" uuid="159786AAAAAAAAAAAAAAAAAAAAAAAAAAAAAA"/>
	<concept_name concept_id="159786" name="tuberculous treatment outcome" locale="en" creator="1" date_created="2010-11-12 17:22:04.0" concept_name_id="107258" voided="0" voided_by="1" uuid="107258BBBBBBBBBBBBBBBBBBBBBBBBBBBBBB" concept_name_type="FULLY_SPECIFIED" locale_preferred="true"/>
	<concept_answer concept_answer_id="2793" concept_id="159786" answer_concept="159790" creator="1" date_created="2010-11-12 18:17:11.0" uuid="2793CCCCCCCCCCCCCCCCCCCCCCCCCCCCCCCC" sort_weight="2793.0"/>
	<concept_answer concept_answer_id="2794" concept_id="159786" answer_concept="159789" creator="1" date_created="2010-11-12 18:17:11.0" uuid="2794CCCCCCCCCCCCCCCCCCCCCCCCCCCCCCCC" sort_weight="2794.0"/>
	<concept_answer concept_answer_id="2795" concept_id="159786" answer_concept="159791" creator="1" date_created="2010-11-12 18:17:11.0" uuid="2795CCCCCCCCCCCCCCCCCCCCCCCCCCCCCCCC" sort_weight="2795.0"/>
	<concept_answer concept_answer_id="2796" concept_id="159786" answer_concept="159788" creator="1" date_created="2010-11-12 18:17:11.0" uuid="2796CCCCCCCCCCCCCCCCCCCCCCCCCCCCCCCC" sort_weight="2796.0"/>
	<concept concept_id="159791" retired="0" datatype_id="4" class_id="4" is_set="0" creator="2" date_created="2010-11-12 21:15:51.0" changed_by="2" date_changed="2013-09-16 18:09:27.0" uuid="159791AAAAAAAAAAAAAAAAAAAAAAAAAAAAAA"/>
	<concept_name concept_id="159791" name="Cure, outcome" locale="en" creator="2" date_created="2010-11-12 21:15:51.0" concept_name_id="107263" voided="0" uuid="107263BBBBBBBBBBBBBBBBBBBBBBBBBBBBBB" concept_name_type="FULLY_SPECIFIED" locale_preferred="true"/>
	<concept_name concept_id="159791" name="cure" locale="en" creator="2" date_created="2010-11-23 21:34:39.0" concept_name_id="107380" voided="0" uuid="107380BBBBBBBBBBBBBBBBBBBBBBBBBBBBBB" concept_name_type="SHORT" locale_preferred="false"/>
	<concept_name concept_id="159791" name="cured" locale="en" creator="2" date_created="2010-11-23 21:34:39.0" concept_name_id="107381" voided="0" uuid="107381BBBBBBBBBBBBBBBBBBBBBBBBBBBBBB" locale_preferred="false"/>
	<concept concept_id="160534" retired="0" datatype_id="6" class_id="7" is_set="0" creator="1" date_created="2012-06-11 20:43:20.0" version="" changed_by="1" retired_by="1" uuid="160534AAAAAAAAAAAAAAAAAAAAAAAAAAAAAA"/>
	<concept_name concept_id="160534" name="Transfer in date" locale="en" creator="1" date_created="2012-06-11 20:43:20.0" concept_name_id="108850" voided="0" voided_by="1" uuid="108850BBBBBBBBBBBBBBBBBBBBBBBBBBBBBB" concept_name_type="FULLY_SPECIFIED" locale_preferred="true"/>
	<concept concept_id="159871" retired="0" datatype_id="2" class_id="4" is_set="0" creator="1" date_created="2010-11-23 13:34:14.0" version="" changed_by="1" date_changed="2010-11-23 14:01:29.0" retired_by="1" uuid="159871AAAAAAAAAAAAAAAAAAAAAAAAAAAAAA"/>
	<concept_name concept_id="159871" name="type of tuberculosis patient, based on previous treatment" locale="en" creator="1" date_created="2010-11-23 13:34:14.0" concept_name_id="107359" voided="0" voided_by="1" uuid="107359BBBBBBBBBBBBBBBBBBBBBBBBBBBBBB" concept_name_type="FULLY_SPECIFIED" locale_preferred="true"/>
	<concept_answer concept_answer_id="2870" concept_id="159871" answer_concept="159872" creator="1" date_created="2010-11-23 14:01:29.0" uuid="2870CCCCCCCCCCCCCCCCCCCCCCCCCCCCCCCC" sort_weight="2870.0"/>
	<concept_answer concept_answer_id="2871" concept_id="159871" answer_concept="159877" creator="1" date_created="2010-11-23 14:01:29.0" uuid="2871CCCCCCCCCCCCCCCCCCCCCCCCCCCCCCCC" sort_weight="2871.0"/>
	<concept_answer concept_answer_id="2872" concept_id="159871" answer_concept="159874" creator="1" date_created="2010-11-23 14:01:29.0" uuid="2872CCCCCCCCCCCCCCCCCCCCCCCCCCCCCCCC" sort_weight="2872.0"/>
	<concept_answer concept_answer_id="2873" concept_id="159871" answer_concept="159873" creator="1" date_created="2010-11-23 14:01:29.0" uuid="2873CCCCCCCCCCCCCCCCCCCCCCCCCCCCCCCC" sort_weight="2873.0"/>
	<concept_answer concept_answer_id="2874" concept_id="159871" answer_concept="159876" creator="1" date_created="2010-11-23 14:01:29.0" uuid="2874CCCCCCCCCCCCCCCCCCCCCCCCCCCCCCCC" sort_weight="2874.0"/>
	<concept_answer concept_answer_id="2875" concept_id="159871" answer_concept="159875" creator="1" date_created="2010-11-23 14:01:29.0" uuid="2875CCCCCCCCCCCCCCCCCCCCCCCCCCCCCCCC" sort_weight="2875.0"/>
	<concept_answer concept_answer_id="2876" concept_id="159871" answer_concept="159878" creator="1" date_created="2010-11-23 14:01:29.0" uuid="2876CCCCCCCCCCCCCCCCCCCCCCCCCCCCCCCC" sort_weight="2876.0"/>
	<concept concept_id="159872" retired="0" datatype_id="4" class_id="11" is_set="0" creator="1" date_created="2010-11-23 13:36:59.0" version="" changed_by="1" retired_by="1" uuid="159872AAAAAAAAAAAAAAAAAAAAAAAAAAAAAA"/>
	<concept_name concept_id="159872" name="transfer in, tuberculosis patient" locale="en" creator="1" date_created="2010-11-23 13:36:59.0" concept_name_id="107360" voided="0" voided_by="1" uuid="107360BBBBBBBBBBBBBBBBBBBBBBBBBBBBBB" concept_name_type="FULLY_SPECIFIED" locale_preferred="true"/>
	<concept concept_id="159876" retired="0" datatype_id="4" class_id="4" is_set="0" creator="1" date_created="2010-11-23 13:54:05.0" version="" changed_by="1" date_changed="2011-02-17 19:01:02.0" retired_by="1" uuid="159876AAAAAAAAAAAAAAAAAAAAAAAAAAAAAA"/>
	<concept_name concept_id="159876" name="relapse, smear negative tuberculosis" locale="en" creator="1" date_created="2010-11-23 13:54:05.0" concept_name_id="107365" voided="0" voided_by="1" uuid="107365BBBBBBBBBBBBBBBBBBBBBBBBBBBBBB" concept_name_type="FULLY_SPECIFIED" locale_preferred="true"/>
	<concept concept_id="159875" retired="0" datatype_id="4" class_id="4" is_set="0" creator="1" date_created="2010-11-23 13:51:14.0" version="" changed_by="1" date_changed="2011-02-17 18:59:11.0" retired_by="1" uuid="159875AAAAAAAAAAAAAAAAAAAAAAAAAAAAAA"/>
	<concept_name concept_id="159875" name="relapse, extra-pulmonary tuberculosis" locale="en" creator="1" date_created="2010-11-23 13:51:14.0" concept_name_id="107364" voided="0" voided_by="1" uuid="107364BBBBBBBBBBBBBBBBBBBBBBBBBBBBBB" concept_name_type="FULLY_SPECIFIED" locale_preferred="true"/>
	<concept concept_id="5089" retired="0" datatype_id="1" class_id="1" is_set="0" creator="1" date_created="2004-08-12 00:00:00.0" version="" changed_by="1" date_changed="2013-08-22 06:51:40.0" retired_by="1" uuid="5089AAAAAAAAAAAAAAAAAAAAAAAAAAAAAAAA"/>
	<concept_numeric concept_id="5089" hi_absolute="250.0" low_absolute="0.0" units="kg" precise="1"/>
	<concept_name concept_id="5089" name="Weight (kg)" locale="en" creator="1" date_created="2004-08-12 00:00:00.0" concept_name_id="2191" voided="0" voided_by="1" uuid="2191BBBBBBBBBBBBBBBBBBBBBBBBBBBBBBBB" concept_name_type="FULLY_SPECIFIED" locale_preferred="true"/>
	<concept_name concept_id="5089" name="WT" locale="en" creator="1" date_created="2004-08-12 00:00:00.0" concept_name_id="87033" voided="0" voided_by="1" uuid="87033BBBBBBBBBBBBBBBBBBBBBBBBBBBBBBB" concept_name_type="SHORT" locale_preferred="false"/>
	<concept concept_id="5328" retired="0" datatype_id="4" class_id="5" is_set="0" creator="1" date_created="2004-08-12 00:00:00.0" version="" changed_by="1" date_changed="2012-10-13 14:01:58.0" retired_by="1" uuid="5328AAAAAAAAAAAAAAAAAAAAAAAAAAAAAAAA"/>
	<concept_name concept_id="5328" name="PGL" locale="en" creator="1" date_created="2006-04-22 12:01:13.0" concept_name_id="96395" voided="0" voided_by="1" void_reason="" uuid="96395BBBBBBBBBBBBBBBBBBBBBBBBBBBBBBB" locale_preferred="false"/>
	<concept_name concept_id="5328" name="HIV STAGING - PERSISTENT GENERALIZED LYMPHADENOPATHY" locale="en" creator="1" date_created="2004-08-12 00:00:00.0" concept_name_id="2440" voided="0" voided_by="1" uuid="2440BBBBBBBBBBBBBBBBBBBBBBBBBBBBBBBB" concept_name_type="FULLY_SPECIFIED" locale_preferred="true"/>
	<concept concept_id="5327" retired="0" datatype_id="4" class_id="4" is_set="0" creator="1" date_created="2004-08-12 00:00:00.0" version="" changed_by="1" date_changed="2007-10-14 07:33:20.0" retired_by="1" uuid="5327AAAAAAAAAAAAAAAAAAAAAAAAAAAAAAAA"/>
	<concept_name concept_id="5327" name="ASYMPTOMATIC HIV INFECTION" locale="en" creator="1" date_created="2004-08-12 00:00:00.0" concept_name_id="2439" voided="0" voided_by="1" uuid="2439BBBBBBBBBBBBBBBBBBBBBBBBBBBBBBBB" concept_name_type="FULLY_SPECIFIED" locale_preferred="true"/>
	<concept_name concept_id="5327" name="Asymptomatic Human Immunodeficiency Virus Infection" locale="en" creator="1" date_created="2007-10-18 04:28:24.0" concept_name_id="88283" voided="0" voided_by="1" uuid="88283BBBBBBBBBBBBBBBBBBBBBBBBBBBBBBB" locale_preferred="false"/>
	<concept concept_id="825" retired="0" datatype_id="4" class_id="5" is_set="0" creator="1" date_created="2004-05-04 00:00:00.0" version="572626" changed_by="1" date_changed="2007-06-19 19:07:16.0" retired_by="1" uuid="825AAAAAAAAAAAAAAAAAAAAAAAAAAAAAAAAA"/>
	<concept_name concept_id="825" name="HSM" locale="en" creator="1" date_created="2005-02-18 14:19:03.0" concept_name_id="92930" voided="0" voided_by="1" uuid="92930BBBBBBBBBBBBBBBBBBBBBBBBBBBBBBB" locale_preferred="false"/>
	<concept_name concept_id="825" name="HEPATOSPLENOMEGALY" locale="en" creator="1" date_created="2004-05-04 00:00:00.0" concept_name_id="863" voided="0" voided_by="1" uuid="863BBBBBBBBBBBBBBBBBBBBBBBBBBBBBBBBB" concept_name_type="FULLY_SPECIFIED" locale_preferred="true"/>
	<concept concept_id="5332" retired="0" datatype_id="4" class_id="4" is_set="0" creator="1" date_created="2004-08-12 00:00:00.0" version="" changed_by="1" date_changed="2012-10-13 14:14:21.0" retired_by="1" uuid="5332AAAAAAAAAAAAAAAAAAAAAAAAAAAAAAAA"/>
	<concept_name concept_id="5332" name="WEIGHT LOSS LESS THAN TEN PERCENT" locale="en" creator="1" date_created="2004-08-12 00:00:00.0" concept_name_id="2444" voided="0" voided_by="1" uuid="2444BBBBBBBBBBBBBBBBBBBBBBBBBBBBBBBB" concept_name_type="FULLY_SPECIFIED" locale_preferred="true"/>
	<concept concept_id="5329" retired="0" datatype_id="4" class_id="4" is_set="0" creator="1" date_created="2004-08-12 00:00:00.0" version="" changed_by="1" date_changed="2012-10-13 14:11:01.0" retired_by="1" uuid="5329AAAAAAAAAAAAAAAAAAAAAAAAAAAAAAAA"/>
	<concept_name concept_id="5329" name="HIV STAGING - ADULT SHINGLES" locale="en" creator="1" date_created="2005-02-09 00:00:00.0" concept_name_id="92905" voided="0" voided_by="1" void_reason="" uuid="92905BBBBBBBBBBBBBBBBBBBBBBBBBBBBBBB" locale_preferred="false"/>
	<concept_name concept_id="5329" name="HIV STAGING - ADULT HERPES ZOSTER" locale="en" creator="1" date_created="2004-08-12 00:00:00.0" concept_name_id="2441" voided="0" voided_by="1" uuid="2441BBBBBBBBBBBBBBBBBBBBBBBBBBBBBBBB" concept_name_type="FULLY_SPECIFIED" locale_preferred="true"/>
	<concept concept_id="5330" retired="0" datatype_id="4" class_id="5" is_set="0" creator="1" date_created="2004-08-12 00:00:00.0" version="" changed_by="1" date_changed="2011-02-10 14:34:53.0" retired_by="1" uuid="5330AAAAAAAAAAAAAAAAAAAAAAAAAAAAAAAA"/>
	<concept_name concept_id="5330" name="MMM" locale="en" creator="1" date_created="2006-04-22 11:20:46.0" concept_name_id="94794" voided="0" voided_by="1" uuid="94794BBBBBBBBBBBBBBBBBBBBBBBBBBBBBBB" locale_preferred="false"/>
	<concept_name concept_id="5330" name="HIV STAGING - MINOR MUCOCUTANEOUS MANIFESTATIONS" locale="en" creator="1" date_created="2004-08-12 00:00:00.0" concept_name_id="2442" voided="0" voided_by="1" uuid="2442BBBBBBBBBBBBBBBBBBBBBBBBBBBBBBBB" concept_name_type="FULLY_SPECIFIED" locale_preferred="true"/>
	<concept concept_id="5012" retired="0" datatype_id="4" class_id="5" is_set="0" creator="1" date_created="2004-08-12 00:00:00.0" version="" changed_by="1" date_changed="2012-10-12 17:29:09.0" retired_by="1" uuid="5012AAAAAAAAAAAAAAAAAAAAAAAAAAAAAAAA"/>
	<concept_name concept_id="5012" name="HIV STAGING - RECURRENT UPPER RESPIRATORY INFECTION" locale="en" creator="1" date_created="2004-08-12 00:00:00.0" concept_name_id="2111" voided="0" voided_by="1" uuid="2111BBBBBBBBBBBBBBBBBBBBBBBBBBBBBBBB" concept_name_type="FULLY_SPECIFIED" locale_preferred="true"/>
	<concept concept_id="1211" retired="0" datatype_id="4" class_id="4" is_set="0" creator="1" date_created="2005-02-09 00:00:00.0" version="" changed_by="1" date_changed="2007-10-14 07:33:20.0" retired_by="1" uuid="1211AAAAAAAAAAAAAAAAAAAAAAAAAAAAAAAA"/>
	<concept_name concept_id="1211" name="VERRUCA PLANUS" locale="en" creator="1" date_created="2005-02-09 00:00:00.0" concept_name_id="1288" voided="0" voided_by="1" uuid="1288BBBBBBBBBBBBBBBBBBBBBBBBBBBBBBBB" concept_name_type="FULLY_SPECIFIED" locale_preferred="true"/>
	<concept_name concept_id="1211" name="Verruca Plana" locale="en" creator="1" date_created="2007-10-18 04:28:24.0" concept_name_id="99951" voided="0" voided_by="1" uuid="99951BBBBBBBBBBBBBBBBBBBBBBBBBBBBBBB" locale_preferred="false"/>
	<concept_name concept_id="1211" name="FLAT WART" locale="en" creator="1" date_created="2005-02-09 00:00:00.0" concept_name_id="91982" voided="0" voided_by="1" uuid="91982BBBBBBBBBBBBBBBBBBBBBBBBBBBBBBB" locale_preferred="false"/>
	<concept_name concept_id="1211" name="PLANE WART" locale="en" creator="1" date_created="2005-02-09 00:00:00.0" concept_name_id="96547" voided="0" voided_by="1" uuid="96547BBBBBBBBBBBBBBBBBBBBBBBBBBBBBBB" locale_preferred="false"/>
	<concept concept_id="836" retired="1" datatype_id="4" class_id="4" is_set="0" creator="1" date_created="2004-05-04 00:00:00.0" version="" changed_by="1" date_changed="2007-10-14 07:33:18.0" retired_by="1" uuid="836AAAAAAAAAAAAAAAAAAAAAAAAAAAAAAAAA"/>
	<concept_name concept_id="836" name="SHINGLES" locale="en" creator="1" date_created="2005-02-09 00:00:00.0" concept_name_id="98034" voided="0" voided_by="1" uuid="98034BBBBBBBBBBBBBBBBBBBBBBBBBBBBBBB" locale_preferred="false"/>
	<concept_name concept_id="836" name="HERPES ZOSTER" locale="en" creator="1" date_created="2004-05-04 00:00:00.0" concept_name_id="876" voided="0" voided_by="1" uuid="876BBBBBBBBBBBBBBBBBBBBBBBBBBBBBBBBB" concept_name_type="FULLY_SPECIFIED" locale_preferred="true"/>
	<concept concept_id="5020" retired="0" datatype_id="4" class_id="4" is_set="0" creator="1" date_created="2004-08-12 00:00:00.0" version="" changed_by="1" date_changed="2012-10-12 18:05:02.0" retired_by="1" uuid="5020AAAAAAAAAAAAAAAAAAAAAAAAAAAAAAAA"/>
	<concept_name concept_id="5020" name="HIV STAGING - HSV STOMATITIS" locale="en" creator="1" date_created="2004-08-12 00:00:00.0" concept_name_id="2120" voided="0" voided_by="1" uuid="2120BBBBBBBBBBBBBBBBBBBBBBBBBBBBBBBB" concept_name_type="FULLY_SPECIFIED" locale_preferred="true"/>
	<concept concept_id="1210" retired="0" datatype_id="4" class_id="13" is_set="0" creator="1" date_created="2005-02-09 00:00:00.0" version="" changed_by="1" date_changed="2010-12-23 16:00:22.0" retired_by="1" uuid="1210AAAAAAAAAAAAAAAAAAAAAAAAAAAAAAAA"/>
	<concept_name concept_id="1210" name="PAROTID ENLARGEMENT" locale="en" creator="1" date_created="2005-02-09 00:00:00.0" concept_name_id="1287" voided="0" voided_by="1" uuid="1287BBBBBBBBBBBBBBBBBBBBBBBBBBBBBBBB" concept_name_type="FULLY_SPECIFIED" locale_preferred="true"/>
	<concept concept_id="1212" retired="0" datatype_id="4" class_id="4" is_set="0" creator="1" date_created="2005-02-09 00:00:00.0" version="" changed_by="1" date_changed="2007-10-14 07:33:20.0" retired_by="1" uuid="1212AAAAAAAAAAAAAAAAAAAAAAAAAAAAAAAA"/>
	<concept_name concept_id="1212" name="MOLLUSCUM CONTAGIOSUM" locale="en" creator="1" date_created="2005-02-09 00:00:00.0" concept_name_id="1289" voided="0" voided_by="1" uuid="1289BBBBBBBBBBBBBBBBBBBBBBBBBBBBBBBB" concept_name_type="FULLY_SPECIFIED" locale_preferred="true"/>
	<concept_name concept_id="1212" name="Molluscum Contagiosum Infection" locale="en" creator="1" date_created="2007-10-18 04:28:24.0" concept_name_id="94828" voided="0" voided_by="1" uuid="94828BBBBBBBBBBBBBBBBBBBBBBBBBBBBBBB" locale_preferred="false"/>
	<concept concept_id="114" retired="1" datatype_id="4" class_id="4" is_set="0" creator="1" date_created="2004-01-01 00:00:00.0" version="" changed_by="1" date_changed="2007-10-14 07:33:15.0" retired_by="1" uuid="114AAAAAAAAAAAAAAAAAAAAAAAAAAAAAAAAA"/>
	<concept_name concept_id="114" name="OM" locale="en" creator="1" date_created="2005-02-14 09:41:45.0" concept_name_id="95679" voided="0" voided_by="1" uuid="95679BBBBBBBBBBBBBBBBBBBBBBBBBBBBBBB" locale_preferred="false"/>
	<concept_name concept_id="114" name="OTITIS MEDIA" locale="en" creator="1" date_created="2004-01-01 00:00:00.0" concept_name_id="129" voided="0" voided_by="1" uuid="129BBBBBBBBBBBBBBBBBBBBBBBBBBBBBBBBB" concept_name_type="FULLY_SPECIFIED" locale_preferred="true"/>
	<concept concept_id="1213" retired="0" datatype_id="4" class_id="4" is_set="0" creator="1" date_created="2005-02-09 00:00:00.0" version="" changed_by="1" date_changed="2011-05-21 16:13:57.0" retired_by="1" uuid="1213AAAAAAAAAAAAAAAAAAAAAAAAAAAAAAAA"/>
	<concept_name concept_id="1213" name="Human Papilloma Virus Infection" locale="en" creator="1" date_created="2007-10-18 04:28:24.0" concept_name_id="92955" voided="0" voided_by="1" uuid="92955BBBBBBBBBBBBBBBBBBBBBBBBBBBBBBB" locale_preferred="false"/>
	<concept_name concept_id="1213" name="HPV" locale="en" creator="1" date_created="2005-02-09 00:00:00.0" concept_name_id="92926" voided="0" voided_by="1" uuid="92926BBBBBBBBBBBBBBBBBBBBBBBBBBBBBBB" locale_preferred="false"/>
	<concept_name concept_id="1213" name="wart virus infection" locale="en" creator="1" date_created="2010-04-27 18:14:09.0" concept_name_id="105777" voided="0" voided_by="1" uuid="105777BBBBBBBBBBBBBBBBBBBBBBBBBBBBBB" locale_preferred="false"/>
	<concept_name concept_id="1213" name="HUMAN PAPILLOMAVIRUS" locale="en" creator="1" date_created="2005-02-09 00:00:00.0" concept_name_id="1290" voided="0" voided_by="1" uuid="1290BBBBBBBBBBBBBBBBBBBBBBBBBBBBBBBB" concept_name_type="FULLY_SPECIFIED" locale_preferred="true"/>
	<concept concept_id="1214" retired="0" datatype_id="10" class_id="6" is_set="0" creator="1" date_created="2005-02-09 00:00:00.0" version="" changed_by="1" retired_by="1" uuid="1214AAAAAAAAAAAAAAAAAAAAAAAAAAAAAAAA"/>
	<concept_name concept_id="1214" name="HIV STAGING - STEROID RESISTANT THROMBOCYTOPENIA" locale="en" creator="1" date_created="2005-02-09 00:00:00.0" concept_name_id="1291" voided="0" voided_by="1" uuid="1291BBBBBBBBBBBBBBBBBBBBBBBBBBBBBBBB" concept_name_type="FULLY_SPECIFIED" locale_preferred="true"/>
	<concept concept_id="119" retired="0" datatype_id="4" class_id="5" is_set="0" creator="1" date_created="2004-01-01 00:00:00.0" version="595198" changed_by="1" date_changed="2013-05-25 12:03:09.0" retired_by="1" uuid="119AAAAAAAAAAAAAAAAAAAAAAAAAAAAAAAAA"/>
	<concept_name concept_id="119" name="DERMATITIS" locale="en" creator="1" date_created="2004-01-01 00:00:00.0" concept_name_id="134" voided="0" voided_by="1" uuid="134BBBBBBBBBBBBBBBBBBBBBBBBBBBBBBBBB" concept_name_type="FULLY_SPECIFIED" locale_preferred="true"/>
	<concept_name concept_id="119" name="DERMATITIS NOS" locale="en" creator="1" date_created="2005-02-16 14:37:42.0" concept_name_id="90494" voided="0" voided_by="1" void_reason="" uuid="90494BBBBBBBBBBBBBBBBBBBBBBBBBBBBBBB" locale_preferred="false"/>
	<concept_name concept_id="119" name="Skin Inflammation" locale="en" creator="1" date_created="2011-12-22 18:14:04.0" concept_name_id="108291" voided="0" voided_by="1" void_reason="" uuid="108291BBBBBBBBBBBBBBBBBBBBBBBBBBBBBB" locale_preferred="false"/>
	<concept concept_id="5018" retired="0" datatype_id="4" class_id="12" is_set="0" creator="1" date_created="2004-08-12 00:00:00.0" version="564524" changed_by="1" date_changed="2012-07-16 17:27:35.0" retired_by="1" uuid="5018AAAAAAAAAAAAAAAAAAAAAAAAAAAAAAAA"/>
	<concept_name concept_id="5018" name="DIARRHEA, CHRONIC" locale="en" creator="1" date_created="2004-08-12 00:00:00.0" concept_name_id="2117" voided="0" voided_by="1" uuid="2117BBBBBBBBBBBBBBBBBBBBBBBBBBBBBBBB" concept_name_type="FULLY_SPECIFIED" locale_preferred="true"/>
	<concept_name concept_id="5018" name="CHRONIC DIARRHEA" locale="en" creator="1" date_created="2005-02-12 11:48:00.0" concept_name_id="89564" voided="0" voided_by="1" void_reason="" uuid="89564BBBBBBBBBBBBBBBBBBBBBBBBBBBBBBB" locale_preferred="false"/>
	<concept_name concept_id="5018" name="Persistent diarrhea" locale="en" creator="1" date_created="2012-07-16 17:27:35.0" concept_name_id="109662" voided="0" voided_by="1" uuid="109662BBBBBBBBBBBBBBBBBBBBBBBBBBBBBB" locale_preferred="false"/>
	<concept_name concept_id="5018" name="CHRONIC DIARRHOEA" locale="en" creator="1" date_created="2005-02-12 11:48:00.0" concept_name_id="89565" voided="0" voided_by="1" void_reason="" uuid="89565BBBBBBBBBBBBBBBBBBBBBBBBBBBBBBB" locale_preferred="false"/>
	<concept concept_id="5027" retired="0" datatype_id="4" class_id="5" is_set="0" creator="1" date_created="2004-08-12 00:00:00.0" version="" changed_by="1" date_changed="2011-06-08 01:13:45.0" retired_by="1" uuid="5027AAAAAAAAAAAAAAAAAAAAAAAAAAAAAAAA"/>
	<concept_name concept_id="5027" name="HIV STAGING - PERSISTENT FEVER" locale="en" creator="1" date_created="2004-08-12 00:00:00.0" concept_name_id="2127" voided="0" voided_by="1" uuid="2127BBBBBBBBBBBBBBBBBBBBBBBBBBBBBBBB" concept_name_type="FULLY_SPECIFIED" locale_preferred="true"/>
	<concept concept_id="5339" retired="0" datatype_id="4" class_id="4" is_set="0" creator="1" date_created="2004-08-12 00:00:00.0" version="" changed_by="1" date_changed="2012-10-13 14:21:37.0" retired_by="1" uuid="5339AAAAAAAAAAAAAAAAAAAAAAAAAAAAAAAA"/>
	<concept_name concept_id="5339" name="WEIGHT LOSS GREATER THAN TEN PERCENT" locale="en" creator="1" date_created="2004-08-12 00:00:00.0" concept_name_id="2455" voided="0" voided_by="1" uuid="2455BBBBBBBBBBBBBBBBBBBBBBBBBBBBBBBB" concept_name_type="FULLY_SPECIFIED" locale_preferred="true"/>
	<concept concept_id="5337" retired="0" datatype_id="4" class_id="5" is_set="0" creator="1" date_created="2004-08-12 00:00:00.0" version="581069" changed_by="1" date_changed="2007-06-19 19:49:55.0" retired_by="1" uuid="5337AAAAAAAAAAAAAAAAAAAAAAAAAAAAAAAA"/>
	<concept_name concept_id="5337" name="ORAL HAIRY LEUKOPLAKIA" locale="en" creator="1" date_created="2004-08-12 00:00:00.0" concept_name_id="2453" voided="0" voided_by="1" uuid="2453BBBBBBBBBBBBBBBBBBBBBBBBBBBBBBBB" concept_name_type="FULLY_SPECIFIED" locale_preferred="true"/>
	<concept concept_id="5334" retired="0" datatype_id="4" class_id="4" is_set="0" creator="1" date_created="2004-08-12 00:00:00.0" version="" changed_by="1" date_changed="2012-06-28 00:51:48.0" retired_by="1" uuid="5334AAAAAAAAAAAAAAAAAAAAAAAAAAAAAAAA"/>
	<concept_name concept_id="5334" name="CANDIDIASIS, ORAL" locale="en" creator="1" date_created="2004-08-12 00:00:00.0" concept_name_id="2448" voided="0" voided_by="1" uuid="2448BBBBBBBBBBBBBBBBBBBBBBBBBBBBBBBB" concept_name_type="FULLY_SPECIFIED" locale_preferred="true"/>
	<concept_name concept_id="5334" name="THRUSH" locale="en" creator="1" date_created="2005-01-06 00:00:00.0" concept_name_id="98959" voided="0" voided_by="1" void_reason="" uuid="98959BBBBBBBBBBBBBBBBBBBBBBBBBBBBBBB" locale_preferred="false"/>
	<concept concept_id="5338" retired="0" datatype_id="4" class_id="4" is_set="0" creator="1" date_created="2004-08-12 00:00:00.0" version="" changed_by="1" date_changed="2012-10-13 14:20:32.0" retired_by="1" uuid="5338AAAAAAAAAAAAAAAAAAAAAAAAAAAAAAAA"/>
	<concept_name concept_id="5338" name="HIV STAGING - TUBERCULOSIS WITHIN YEAR" locale="en" creator="1" date_created="2004-08-12 00:00:00.0" concept_name_id="2454" voided="0" voided_by="1" uuid="2454BBBBBBBBBBBBBBBBBBBBBBBBBBBBBBBB" concept_name_type="FULLY_SPECIFIED" locale_preferred="true"/>
	<concept concept_id="5030" retired="0" datatype_id="4" class_id="5" is_set="0" creator="1" date_created="2004-08-12 00:00:00.0" version="" changed_by="1" date_changed="2012-10-12 18:26:26.0" retired_by="1" uuid="5030AAAAAAAAAAAAAAAAAAAAAAAAAAAAAAAA"/>
	<concept_name concept_id="5030" name="HIV STAGING - SERIOUS BACTERIAL INFECTIONS" locale="en" creator="1" date_created="2004-08-12 00:00:00.0" concept_name_id="2130" voided="0" voided_by="1" uuid="2130BBBBBBBBBBBBBBBBBBBBBBBBBBBBBBBB" concept_name_type="FULLY_SPECIFIED" locale_preferred="true"/>
	<concept concept_id="1217" retired="0" datatype_id="4" class_id="4" is_set="0" creator="1" date_created="2005-02-09 00:00:00.0" version="" changed_by="1" date_changed="2012-10-11 14:13:18.0" retired_by="1" uuid="1217AAAAAAAAAAAAAAAAAAAAAAAAAAAAAAAA"/>
	<concept_name concept_id="1217" name="HIV STAGING - REFRACTORY ANEMIA" locale="en" creator="1" date_created="2005-02-09 00:00:00.0" concept_name_id="1294" voided="0" voided_by="1" uuid="1294BBBBBBBBBBBBBBBBBBBBBBBBBBBBBBBB" concept_name_type="FULLY_SPECIFIED" locale_preferred="true"/>
	<concept concept_id="5029" retired="0" datatype_id="4" class_id="4" is_set="0" creator="1" date_created="2004-08-12 00:00:00.0" version="" changed_by="1" date_changed="2011-02-05 20:16:36.0" retired_by="1" uuid="5029AAAAAAAAAAAAAAAAAAAAAAAAAAAAAAAA"/>
	<concept_name concept_id="5029" name="HIV STAGING - DISSEMINATED CHICKENPOX" locale="en" creator="1" date_created="2005-02-09 00:00:00.0" concept_name_id="92907" voided="0" voided_by="1" uuid="92907BBBBBBBBBBBBBBBBBBBBBBBBBBBBBBB" locale_preferred="false"/>
	<concept_name concept_id="5029" name="varicella, disseminated" locale="en" creator="1" date_created="2010-04-27 18:07:50.0" concept_name_id="105772" voided="0" voided_by="1" uuid="105772BBBBBBBBBBBBBBBBBBBBBBBBBBBBBB" locale_preferred="false"/>
	<concept_name concept_id="5029" name="HIV STAGING - VARICELLA, DISSEMINATED" locale="en" creator="1" date_created="2004-08-12 00:00:00.0" concept_name_id="2129" voided="0" voided_by="1" uuid="2129BBBBBBBBBBBBBBBBBBBBBBBBBBBBBBBB" concept_name_type="FULLY_SPECIFIED" locale_preferred="true"/>
	<concept concept_id="5340" retired="0" datatype_id="4" class_id="4" is_set="0" creator="1" date_created="2004-08-12 00:00:00.0" version="" changed_by="1" date_changed="2013-06-01 19:46:15.0" retired_by="1" uuid="5340AAAAAAAAAAAAAAAAAAAAAAAAAAAAAAAA"/>
	<concept_name concept_id="5340" name="CANDIDIASIS OF OSEOPHAGUS, TRACHEA AND/OR BRONCHUS" locale="en" creator="1" date_created="2010-04-22 15:03:01.0" concept_name_id="100609" voided="0" voided_by="1" void_reason="" uuid="100609BBBBBBBBBBBBBBBBBBBBBBBBBBBBBB" locale_preferred="false"/>
	<concept_name concept_id="5340" name="persistent oral candidiasis" locale="en" creator="1" date_created="2010-04-27 10:14:51.0" concept_name_id="105697" voided="0" voided_by="1" void_reason="" uuid="105697BBBBBBBBBBBBBBBBBBBBBBBBBBBBBB" locale_preferred="false"/>
	<concept_name concept_id="5340" name="HIV STAGING  - CANDIDIASIS, ORORESPIRATORY TRACT" locale="en" creator="1" date_created="2004-08-12 00:00:00.0" concept_name_id="2458" voided="0" voided_by="1" uuid="2458BBBBBBBBBBBBBBBBBBBBBBBBBBBBBBBB" concept_name_type="FULLY_SPECIFIED" locale_preferred="true"/>
	<concept concept_id="1216" retired="0" datatype_id="4" class_id="4" is_set="0" creator="1" date_created="2005-02-09 00:00:00.0" version="" changed_by="1" date_changed="2012-10-11 14:11:22.0" retired_by="1" uuid="1216AAAAAAAAAAAAAAAAAAAAAAAAAAAAAAAA"/>
	<concept_name concept_id="1216" name="HIV STAGING - NONRESPONSIVE HERPES SIMPLEX VIRUS" locale="en" creator="1" date_created="2005-02-09 00:00:00.0" concept_name_id="1293" voided="0" voided_by="1" uuid="1293BBBBBBBBBBBBBBBBBBBBBBBBBBBBBBBB" concept_name_type="FULLY_SPECIFIED" locale_preferred="true"/>
	<concept_name concept_id="1216" name="nonresponsive herpes simplex virus" locale="en" creator="1" date_created="2010-04-27 09:07:10.0" concept_name_id="105682" voided="0" voided_by="1" void_reason="" uuid="105682BBBBBBBBBBBBBBBBBBBBBBBBBBBBBB" locale_preferred="false"/>
	<concept_name concept_id="1216" name="HIV STAGING - NONRESPONSIVE HSV" locale="en" creator="1" date_created="2005-02-09 00:00:00.0" concept_name_id="92910" voided="0" voided_by="1" void_reason="" uuid="92910BBBBBBBBBBBBBBBBBBBBBBBBBBBBBBB" locale_preferred="false"/>
	<concept concept_id="1215" retired="0" datatype_id="4" class_id="4" is_set="0" creator="1" date_created="2005-02-09 00:00:00.0" version="" changed_by="1" date_changed="2011-02-11 19:24:00.0" retired_by="1" uuid="1215AAAAAAAAAAAAAAAAAAAAAAAAAAAAAAAA"/>
	<concept_name concept_id="1215" name="HIV STAGING - RECURRENT BACTERIAL PNEUMONIA" locale="en" creator="1" date_created="2005-02-09 00:00:00.0" concept_name_id="1292" voided="0" voided_by="1" uuid="1292BBBBBBBBBBBBBBBBBBBBBBBBBBBBBBBB" concept_name_type="FULLY_SPECIFIED" locale_preferred="true"/>
	<concept_name concept_id="1215" name="RECURRENT PNEUMONIA" locale="en" creator="1" date_created="2005-02-14 05:56:40.0" concept_name_id="97306" voided="0" voided_by="1" uuid="97306BBBBBBBBBBBBBBBBBBBBBBBBBBBBBBB" locale_preferred="false"/>
	<concept concept_id="5024" retired="0" datatype_id="4" class_id="4" is_set="0" creator="1" date_created="2004-08-12 00:00:00.0" version="" changed_by="1" date_changed="2012-10-12 18:15:33.0" retired_by="1" uuid="5024AAAAAAAAAAAAAAAAAAAAAAAAAAAAAAAA"/>
	<concept_name concept_id="5024" name="HIV STAGING - LIP" locale="en" creator="1" date_created="2005-02-09 00:00:00.0" concept_name_id="92908" voided="0" voided_by="1" void_reason="" uuid="92908BBBBBBBBBBBBBBBBBBBBBBBBBBBBBBB" locale_preferred="false"/>
	<concept_name concept_id="5024" name="HIV STAGING - LYMPHOID INTERSTITIAL PNEUMONIA" locale="en" creator="1" date_created="2004-08-12 00:00:00.0" concept_name_id="2124" voided="0" voided_by="1" uuid="2124BBBBBBBBBBBBBBBBBBBBBBBBBBBBBBBB" concept_name_type="FULLY_SPECIFIED" locale_preferred="true"/>
	<concept concept_id="5050" retired="0" datatype_id="4" class_id="4" is_set="0" creator="1" date_created="2004-08-12 00:00:00.0" version="" changed_by="1" date_changed="2011-12-09 10:23:47.0" retired_by="1" uuid="5050AAAAAAAAAAAAAAAAAAAAAAAAAAAAAAAA"/>
	<concept_name concept_id="5050" name="FAILURE TO THRIVE" locale="en" creator="1" date_created="2004-08-12 00:00:00.0" concept_name_id="2151" voided="0" voided_by="1" uuid="2151BBBBBBBBBBBBBBBBBBBBBBBBBBBBBBBB" concept_name_type="FULLY_SPECIFIED" locale_preferred="true"/>
	<concept concept_id="5022" retired="0" datatype_id="4" class_id="4" is_set="0" creator="1" date_created="2004-08-12 00:00:00.0" version="" changed_by="1" date_changed="2012-06-10 14:26:46.0" retired_by="1" uuid="5022AAAAAAAAAAAAAAAAAAAAAAAAAAAAAAAA"/>
	<concept_name concept_id="5022" name="HIV STAGING - PEDS HERPES ZOSTER" locale="en" creator="1" date_created="2004-08-12 00:00:00.0" concept_name_id="2122" voided="0" voided_by="1" uuid="2122BBBBBBBBBBBBBBBBBBBBBBBBBBBBBBBB" concept_name_type="FULLY_SPECIFIED" locale_preferred="true"/>
	<concept_name concept_id="5022" name="HIV STAGING - PEDS SHINGLES" locale="en" creator="1" date_created="2005-02-09 00:00:00.0" concept_name_id="92911" voided="0" voided_by="1" void_reason="" uuid="92911BBBBBBBBBBBBBBBBBBBBBBBBBBBBBBB" locale_preferred="false"/>
	<concept concept_id="1218" retired="1" datatype_id="4" class_id="4" is_set="0" creator="1" date_created="2005-02-09 00:00:00.0" version="" changed_by="1" date_changed="2007-10-14 07:33:20.0" retired_by="1" uuid="1218AAAAAAAAAAAAAAAAAAAAAAAAAAAAAAAA"/>
	<concept_name concept_id="1218" name="RECTOVAGINAL FISTULA" locale="en" creator="1" date_created="2005-02-09 00:00:00.0" concept_name_id="1295" voided="0" voided_by="1" uuid="1295BBBBBBBBBBBBBBBBBBBBBBBBBBBBBBBB" concept_name_type="FULLY_SPECIFIED" locale_preferred="true"/>
	<concept concept_id="5354" retired="0" datatype_id="4" class_id="4" is_set="0" creator="1" date_created="2004-08-12 00:00:00.0" version="" changed_by="1" date_changed="2012-10-13 14:31:02.0" retired_by="1" uuid="5354AAAAAAAAAAAAAAAAAAAAAAAAAAAAAAAA"/>
	<concept_name concept_id="5354" name="HIV STAGING - SALMONELLA SEPTICEMIA" locale="en" creator="1" date_created="2004-08-12 00:00:00.0" concept_name_id="2472" voided="0" voided_by="1" uuid="2472BBBBBBBBBBBBBBBBBBBBBBBBBBBBBBBB" concept_name_type="FULLY_SPECIFIED" locale_preferred="true"/>
	<concept concept_id="5033" retired="0" datatype_id="4" class_id="4" is_set="0" creator="1" date_created="2004-08-12 00:00:00.0" version="" changed_by="1" date_changed="2012-10-12 18:29:46.0" retired_by="1" uuid="5033AAAAAAAAAAAAAAAAAAAAAAAAAAAAAAAA"/>
	<concept_name concept_id="5033" name="HIV STAGING - CRYPTOCOCCOSIS, EXTRAPULMONARY" locale="en" creator="1" date_created="2004-08-12 00:00:00.0" concept_name_id="2133" voided="0" voided_by="1" uuid="2133BBBBBBBBBBBBBBBBBBBBBBBBBBBBBBBB" concept_name_type="FULLY_SPECIFIED" locale_preferred="true"/>
	<concept_name concept_id="5033" name="Extrapulmonary cryptococcosis including meningitis" locale="en" creator="1" date_created="2012-06-08 20:49:45.0" concept_name_id="108786" voided="0" voided_by="1" void_reason="" uuid="108786BBBBBBBBBBBBBBBBBBBBBBBBBBBBBB" locale_preferred="false"/>
	<concept concept_id="882" retired="0" datatype_id="4" class_id="4" is_set="0" creator="1" date_created="2004-05-24 00:00:00.0" version="" changed_by="1" date_changed="2012-10-22 13:58:22.0" retired_by="1" uuid="882AAAAAAAAAAAAAAAAAAAAAAAAAAAAAAAAA"/>
	<concept_name concept_id="882" name="PCP" locale="en" creator="1" date_created="2004-10-20 00:00:00.0" concept_name_id="96212" voided="0" voided_by="1" void_reason="" uuid="96212BBBBBBBBBBBBBBBBBBBBBBBBBBBBBBB" locale_preferred="false"/>
	<concept_name concept_id="882" name="PNEUMOCYSTIC CARINII PNEUMONIA" locale="en" creator="1" date_created="2004-05-24 00:00:00.0" concept_name_id="926" voided="0" voided_by="1" uuid="926BBBBBBBBBBBBBBBBBBBBBBBBBBBBBBBBB" concept_name_type="FULLY_SPECIFIED" locale_preferred="true"/>
	<concept concept_id="5041" retired="0" datatype_id="4" class_id="4" is_set="0" creator="1" date_created="2004-08-12 00:00:00.0" version="" changed_by="1" date_changed="2012-10-12 18:40:17.0" retired_by="1" uuid="5041AAAAAAAAAAAAAAAAAAAAAAAAAAAAAAAA"/>
	<concept_name concept_id="5041" name="HIV STAGING - LYMPHOMA" locale="en" creator="1" date_created="2004-08-12 00:00:00.0" concept_name_id="2141" voided="0" voided_by="1" uuid="2141BBBBBBBBBBBBBBBBBBBBBBBBBBBBBBBB" concept_name_type="FULLY_SPECIFIED" locale_preferred="true"/>
	<concept concept_id="5344" retired="0" datatype_id="4" class_id="4" is_set="0" creator="1" date_created="2004-08-12 00:00:00.0" version="" changed_by="1" date_changed="2012-10-13 14:26:35.0" retired_by="1" uuid="5344AAAAAAAAAAAAAAAAAAAAAAAAAAAAAAAA"/>
	<concept_name concept_id="5344" name="HIV STAGING - MUCOCUTANEOUS HSV" locale="en" creator="1" date_created="2005-02-09 00:00:00.0" concept_name_id="92909" voided="0" voided_by="1" void_reason="" uuid="92909BBBBBBBBBBBBBBBBBBBBBBBBBBBBBBB" locale_preferred="false"/>
	<concept_name concept_id="5344" name="HIV STAGING - MUCOCUTANEOUS HERPES SIMPLEX" locale="en" creator="1" date_created="2004-08-12 00:00:00.0" concept_name_id="2462" voided="0" voided_by="1" uuid="2462BBBBBBBBBBBBBBBBBBBBBBBBBBBBBBBB" concept_name_type="FULLY_SPECIFIED" locale_preferred="true"/>
	<concept concept_id="5043" retired="0" datatype_id="4" class_id="4" is_set="0" creator="1" date_created="2004-08-12 00:00:00.0" version="" changed_by="1" date_changed="2012-10-13 12:25:11.0" retired_by="1" uuid="5043AAAAAAAAAAAAAAAAAAAAAAAAAAAAAAAA"/>
	<concept_name concept_id="5043" name="HIV STAGING - MYCOBACTERIUM, OTHER" locale="en" creator="1" date_created="2004-08-12 00:00:00.0" concept_name_id="2144" voided="0" voided_by="1" uuid="2144BBBBBBBBBBBBBBBBBBBBBBBBBBBBBBBB" concept_name_type="FULLY_SPECIFIED" locale_preferred="true"/>
	<concept concept_id="5345" retired="1" datatype_id="4" class_id="4" is_set="0" creator="1" date_created="2004-08-12 00:00:00.0" version="" changed_by="1" date_changed="2007-10-14 07:33:20.0" retired_by="1" uuid="5345AAAAAAAAAAAAAAAAAAAAAAAAAAAAAAAA"/>
	<concept_name concept_id="5345" name="ENCEPHALOPATHY" locale="en" creator="1" date_created="2004-08-12 00:00:00.0" concept_name_id="2463" voided="0" voided_by="1" uuid="2463BBBBBBBBBBBBBBBBBBBBBBBBBBBBBBBB" concept_name_type="FULLY_SPECIFIED" locale_preferred="true"/>
	<concept concept_id="5046" retired="0" datatype_id="4" class_id="4" is_set="0" creator="1" date_created="2004-08-12 00:00:00.0" version="" changed_by="1" date_changed="2010-08-13 19:27:58.0" retired_by="1" uuid="5046AAAAAAAAAAAAAAAAAAAAAAAAAAAAAAAA"/>
	<concept_name concept_id="5046" name="PML (PROGRESSIVE MULTIFOCAL LEUKOENCEPHALOPATHY)" locale="en" creator="1" date_created="2005-01-13 00:00:00.0" concept_name_id="96577" voided="0" voided_by="1" uuid="96577BBBBBBBBBBBBBBBBBBBBBBBBBBBBBBB" locale_preferred="false"/>
	<concept_name concept_id="5046" name="PML" locale="en" creator="1" date_created="2004-08-12 00:00:00.0" concept_name_id="87028" voided="0" voided_by="1" uuid="87028BBBBBBBBBBBBBBBBBBBBBBBBBBBBBBB" concept_name_type="SHORT" locale_preferred="false"/>
	<concept_name concept_id="5046" name="PROGRESSIVE MULTIFOCAL LEUKOENCEPHALOPATHY" locale="en" creator="1" date_created="2004-08-12 00:00:00.0" concept_name_id="2147" voided="0" voided_by="1" uuid="2147BBBBBBBBBBBBBBBBBBBBBBBBBBBBBBBB" concept_name_type="FULLY_SPECIFIED" locale_preferred="true"/>
	<concept concept_id="5350" retired="0" datatype_id="4" class_id="4" is_set="0" creator="1" date_created="2004-08-12 00:00:00.0" version="" changed_by="1" date_changed="2012-10-13 14:28:39.0" retired_by="1" uuid="5350AAAAAAAAAAAAAAAAAAAAAAAAAAAAAAAA"/>
	<concept_name concept_id="5350" name="HIV STAGING - DISSEMINATED ENDEMIC MYCOSIS" locale="en" creator="1" date_created="2004-08-12 00:00:00.0" concept_name_id="2468" voided="0" voided_by="1" uuid="2468BBBBBBBBBBBBBBBBBBBBBBBBBBBBBBBB" concept_name_type="FULLY_SPECIFIED" locale_preferred="true"/>
	<concept concept_id="507" retired="0" datatype_id="4" class_id="4" is_set="0" creator="1" date_created="2004-01-01 00:00:00.0" version="" changed_by="1" date_changed="2012-07-15 20:11:02.0" retired_by="1" uuid="507AAAAAAAAAAAAAAAAAAAAAAAAAAAAAAAAA"/>
	<concept_name concept_id="507" name="KAPOSI SARCOMA" locale="en" creator="1" date_created="2005-02-17 10:19:18.0" concept_name_id="93613" voided="0" voided_by="1" void_reason="" uuid="93613BBBBBBBBBBBBBBBBBBBBBBBBBBBBBBB" locale_preferred="false"/>
	<concept_name concept_id="507" name="KAPOSI'S SARCOMA OF SKIN" locale="en" creator="1" date_created="2004-01-01 00:00:00.0" concept_name_id="539" voided="0" voided_by="1" uuid="539BBBBBBBBBBBBBBBBBBBBBBBBBBBBBBBBB" concept_name_type="FULLY_SPECIFIED" locale_preferred="true"/>
	<concept_name concept_id="507" name="KS" locale="en" creator="1" date_created="2005-02-17 10:19:18.0" concept_name_id="93761" voided="0" voided_by="1" void_reason="" uuid="93761BBBBBBBBBBBBBBBBBBBBBBBBBBBBBBB" locale_preferred="false"/>
	<concept concept_id="823" retired="0" datatype_id="4" class_id="4" is_set="0" creator="1" date_created="2004-05-04 00:00:00.0" version="" changed_by="1" date_changed="2012-06-05 21:59:38.0" retired_by="1" uuid="823AAAAAAAAAAAAAAAAAAAAAAAAAAAAAAAAA"/>
	<concept_name concept_id="823" name="WASTING SYNDROME" locale="en" creator="1" date_created="2004-05-04 00:00:00.0" concept_name_id="861" voided="0" voided_by="1" uuid="861BBBBBBBBBBBBBBBBBBBBBBBBBBBBBBBBB" concept_name_type="FULLY_SPECIFIED" locale_preferred="true"/>
	<concept_name concept_id="823" name="HIV wasting syndrome" locale="en" creator="1" date_created="2012-06-05 21:59:38.0" concept_name_id="108658" voided="0" voided_by="1" uuid="108658BBBBBBBBBBBBBBBBBBBBBBBBBBBBBB" locale_preferred="false"/>
	<concept_name concept_id="823" name="Wasting Disease" locale="en" creator="1" date_created="2007-10-18 04:28:24.0" concept_name_id="100160" voided="0" voided_by="1" void_reason="" uuid="100160BBBBBBBBBBBBBBBBBBBBBBBBBBBBBB" locale_preferred="false"/>
	<concept concept_id="5034" retired="0" datatype_id="4" class_id="4" is_set="0" creator="1" date_created="2004-08-12 00:00:00.0" version="" changed_by="1" date_changed="2012-10-12 18:31:12.0" retired_by="1" uuid="5034AAAAAAAAAAAAAAAAAAAAAAAAAAAAAAAA"/>
	<concept_name concept_id="5034" name="HIV STAGING - CRYPTOSPORIDIOSIS" locale="en" creator="1" date_created="2004-08-12 00:00:00.0" concept_name_id="2134" voided="0" voided_by="1" uuid="2134BBBBBBBBBBBBBBBBBBBBBBBBBBBBBBBB" concept_name_type="FULLY_SPECIFIED" locale_preferred="true"/>
	<concept concept_id="5035" retired="0" datatype_id="4" class_id="4" is_set="0" creator="1" date_created="2004-08-12 00:00:00.0" version="" changed_by="1" date_changed="2012-10-12 18:33:19.0" retired_by="1" uuid="5035AAAAAAAAAAAAAAAAAAAAAAAAAAAAAAAA"/>
	<concept_name concept_id="5035" name="HIV STAGING - CYTOMEGALOVIRUS DISEASE" locale="en" creator="1" date_created="2004-08-12 00:00:00.0" concept_name_id="2135" voided="0" voided_by="1" uuid="2135BBBBBBBBBBBBBBBBBBBBBBBBBBBBBBBB" concept_name_type="FULLY_SPECIFIED" locale_preferred="true"/>
	<concept concept_id="990" retired="0" datatype_id="4" class_id="4" is_set="0" creator="1" date_created="2006-04-18 17:06:24.0" version="" changed_by="1" date_changed="2012-10-22 13:55:00.0" retired_by="1" uuid="990AAAAAAAAAAAAAAAAAAAAAAAAAAAAAAAAA"/>
	<concept_name concept_id="990" name="TOXOPLASMOSIS, CENTRAL NERVOUS SYSTEM" locale="en" creator="1" date_created="2006-04-18 17:06:24.0" concept_name_id="1040" voided="0" voided_by="1" uuid="1040BBBBBBBBBBBBBBBBBBBBBBBBBBBBBBBB" concept_name_type="FULLY_SPECIFIED" locale_preferred="true"/>
	<concept concept_id="5016" retired="0" datatype_id="4" class_id="4" is_set="0" creator="1" date_created="2004-08-12 00:00:00.0" version="" changed_by="1" date_changed="2010-09-20 14:35:45.0" retired_by="1" uuid="5016AAAAAAAAAAAAAAAAAAAAAAAAAAAAAAAA"/>
	<concept_name concept_id="5016" name="CARDIOMYOPATHY" locale="en" creator="1" date_created="2004-08-12 00:00:00.0" concept_name_id="2115" voided="0" voided_by="1" uuid="2115BBBBBBBBBBBBBBBBBBBBBBBBBBBBBBBB" concept_name_type="FULLY_SPECIFIED" locale_preferred="true"/>
	<concept_name concept_id="5016" name="Nonischemic Cardiomyopathy" locale="en" creator="1" date_created="2007-10-18 04:28:24.0" concept_name_id="95442" voided="0" voided_by="1" uuid="95442BBBBBBBBBBBBBBBBBBBBBBBBBBBBBBB" locale_preferred="false"/>
	<concept concept_id="204" retired="1" datatype_id="4" class_id="4" is_set="0" creator="1" date_created="2004-01-01 00:00:00.0" version="" changed_by="1" date_changed="2007-10-14 07:33:17.0" retired_by="1" uuid="204AAAAAAAAAAAAAAAAAAAAAAAAAAAAAAAAA"/>
	<concept_name concept_id="204" name="CANDIDIASIS" locale="en" creator="1" date_created="2004-01-01 00:00:00.0" concept_name_id="229" voided="0" voided_by="1" uuid="229BBBBBBBBBBBBBBBBBBBBBBBBBBBBBBBBB" concept_name_type="FULLY_SPECIFIED" locale_preferred="true"/>
	<concept concept_id="5025" retired="1" datatype_id="4" class_id="4" is_set="0" creator="1" date_created="2004-08-12 00:00:00.0" version="" changed_by="1" date_changed="2007-10-14 07:33:20.0" retired_by="1" uuid="5025AAAAAAAAAAAAAAAAAAAAAAAAAAAAAAAA"/>
	<concept_name concept_id="5025" name="NEPHROPATHY" locale="en" creator="1" date_created="2004-08-12 00:00:00.0" concept_name_id="2125" voided="0" voided_by="1" uuid="2125BBBBBBBBBBBBBBBBBBBBBBBBBBBBBBBB" concept_name_type="FULLY_SPECIFIED" locale_preferred="true"/>
	<concept concept_id="1219" retired="0" datatype_id="4" class_id="4" is_set="0" creator="1" date_created="2005-02-09 00:00:00.0" version="" changed_by="1" date_changed="2013-07-29 13:35:20.0" retired_by="1" uuid="1219AAAAAAAAAAAAAAAAAAAAAAAAAAAAAAAA"/>
	<concept_name concept_id="1219" name="CRYPTOCOCCOSIS" locale="en" creator="1" date_created="2005-02-09 00:00:00.0" concept_name_id="1296" voided="0" voided_by="1" uuid="1296BBBBBBBBBBBBBBBBBBBBBBBBBBBBBBBB" concept_name_type="FULLY_SPECIFIED" locale_preferred="true"/>
	<concept concept_id="5333" retired="0" datatype_id="4" class_id="4" is_set="0" creator="1" date_created="2004-08-12 00:00:00.0" version="" changed_by="1" date_changed="2013-05-07 13:18:19.0" retired_by="1" uuid="5333AAAAAAAAAAAAAAAAAAAAAAAAAAAAAAAA"/>
	<concept_name concept_id="5333" name="HIV STAGING - SEVERE BACTERIAL INFECTION" locale="en" creator="1" date_created="2004-08-12 00:00:00.0" concept_name_id="2447" voided="0" voided_by="1" uuid="2447BBBBBBBBBBBBBBBBBBBBBBBBBBBBBBBB" concept_name_type="FULLY_SPECIFIED" locale_preferred="true"/>
	<concept concept_id="5038" retired="0" datatype_id="4" class_id="4" is_set="0" creator="1" date_created="2004-08-12 00:00:00.0" version="" changed_by="1" date_changed="2010-04-26 10:39:40.0" retired_by="1" uuid="5038AAAAAAAAAAAAAAAAAAAAAAAAAAAAAAAA"/>
	<concept_name concept_id="5038" name="histoplasmosis, disseminated" locale="en" creator="1" date_created="2010-04-26 10:36:22.0" concept_name_id="105619" voided="0" voided_by="1" uuid="105619BBBBBBBBBBBBBBBBBBBBBBBBBBBBBB" locale_preferred="false"/>
	<concept_name concept_id="5038" name="HIV STAGING - HISTOPLASMOSIS, DISSEMINATED" locale="en" creator="1" date_created="2004-08-12 00:00:00.0" concept_name_id="2138" voided="0" voided_by="1" uuid="2138BBBBBBBBBBBBBBBBBBBBBBBBBBBBBBBB" concept_name_type="FULLY_SPECIFIED" locale_preferred="true"/>
	<concept concept_id="5355" retired="0" datatype_id="10" class_id="4" is_set="0" creator="1" date_created="2004-08-12 00:00:00.0" version="603289" changed_by="1" date_changed="2013-07-29 13:36:41.0" retired_by="1" uuid="5355AAAAAAAAAAAAAAAAAAAAAAAAAAAAAAAA"/>
	<concept_name concept_id="5355" name="TOXOPLASMOSIS" locale="en" creator="1" date_created="2004-08-12 00:00:00.0" concept_name_id="2473" voided="0" voided_by="1" uuid="2473BBBBBBBBBBBBBBBBBBBBBBBBBBBBBBBB" concept_name_type="FULLY_SPECIFIED" locale_preferred="true"/>
	<concept concept_id="5032" retired="0" datatype_id="4" class_id="4" is_set="0" creator="1" date_created="2004-08-12 00:00:00.0" version="" changed_by="1" date_changed="2013-02-22 18:02:28.0" retired_by="1" uuid="5032AAAAAAAAAAAAAAAAAAAAAAAAAAAAAAAA"/>
	<concept_name concept_id="5032" name="HIV STAGING - COCCIDIODOMYCOSIS, DISSEMINATED" locale="en" creator="1" date_created="2004-08-12 00:00:00.0" concept_name_id="2132" voided="0" voided_by="1" uuid="2132BBBBBBBBBBBBBBBBBBBBBBBBBBBBBBBB" concept_name_type="FULLY_SPECIFIED" locale_preferred="true"/>
	<concept_name concept_id="5032" name="COCCIDIODOMYCOSIS, DISSEMINATED" locale="en" creator="1" date_created="2010-04-25 17:22:53.0" concept_name_id="105590" voided="0" voided_by="1" void_reason="" uuid="105590BBBBBBBBBBBBBBBBBBBBBBBBBBBBBB" locale_preferred="false"/>
</dataset>