<?xml version="1.0" encoding="utf-8"?>
<!--

    This Source Code Form is subject to the terms of the Mozilla Public License,
    v. 2.0. If a copy of the MPL was not distributed with this file, You can
    obtain one at http://mozilla.org/MPL/2.0/. OpenMRS is also distributed under
    the terms of the Healthcare Disclaimer located at http://openmrs.org/license.

    Copyright (C) OpenMRS Inc. OpenMRS is a registered trademark and the OpenMRS
    graphic logo is a trademark of OpenMRS Inc.

-->
<!DOCTYPE hibernate-configuration PUBLIC
		"-//Hibernate/Hibernate Configuration DTD 3.0//EN"
		"http://www.hibernate.org/dtd/hibernate-configuration-3.0.dtd">

<hibernate-configuration>
	<session-factory>
		<property name="hbm2ddl.auto">create</property>
		<mapping resource="ExportedPackage.hbm.xml" />
		<mapping resource="ImportedPackage.hbm.xml" />
		<mapping resource="ImportedItem.hbm.xml" />
		<mapping resource="IdentifierSource.hbm.xml" />
		<mapping resource="HtmlFormEntryHtmlForm.hbm.xml" />
		<mapping resource="ReportDesign.hbm.xml" />
		<mapping resource="ReportRequest.hbm.xml" />
	</session-factory>
</hibernate-configuration>