<?xml version='1.0' encoding='UTF-8'?>
<dataset>
	<!-- =========================================== Concepts A-Z =============================================== -->

	<concept concept_id="160536" retired="false" datatype_id="4" class_id="5" is_set="false" creator="1" date_created="2004-08-12 00:00:00.0" version="0.1" changed_by="1" date_changed="2006-06-09 14:57:33.0" uuid="160536AAAAAAAAAAAAAAAAAAAAAAAAAAAAAA"/>
	<concept_name concept_name_id="160536" concept_id="160536" name="ADULT INPATIENT SERVICE" locale="en" creator="1" date_created="2004-08-12 00:00:00.0" concept_name_type="FULLY_SPECIFIED" locale_preferred="1" voided="false" uuid="160536-name"/>

	<concept concept_id="159599" retired="false" datatype_id="6" class_id="5" is_set="false" creator="1" date_created="2004-08-12 00:00:00.0" version="0.1" changed_by="1" date_changed="2006-06-09 14:57:33.0" uuid="159599AAAAAAAAAAAAAAAAAAAAAAAAAAAAAA"/>
	<concept_name concept_name_id="159599" concept_id="159599" name="ANTIRETROVIRAL TREATMENT START DATE" locale="en" creator="1" date_created="2004-08-12 00:00:00.0" concept_name_type="FULLY_SPECIFIED" locale_preferred="1" voided="false" uuid="159599-name"/>

	<concept concept_id="1147" retired="false" datatype_id="2" class_id="2" is_set="false" creator="1" date_created="2004-08-12 00:00:00.0" version="0.1" changed_by="1" date_changed="2006-06-09 14:57:33.0" uuid="1147AAAAAAAAAAAAAAAAAAAAAAAAAAAAAAAA"/>
	<concept_name concept_name_id="1147" concept_id="1147" name="ANTIRETROVIRAL USE IN PREGNANACY" locale="en" creator="1" date_created="2004-08-12 00:00:00.0" concept_name_type="FULLY_SPECIFIED" locale_preferred="1" voided="false" uuid="1147-name"/>

	<concept concept_id="966" retired="false" datatype_id="2" class_id="2" is_set="false" creator="1" date_created="2004-08-12 00:00:00.0" version="0.1" changed_by="1" date_changed="2006-06-09 14:57:33.0" uuid="966AAAAAAAAAAAAAAAAAAAAAAAAAAAAAAAAA"/>
	<concept_name concept_name_id="966" concept_id="966" name="ANTIRETROVIRAL USED IN PREGNANACY" locale="en" creator="1" date_created="2004-08-12 00:00:00.0" concept_name_type="FULLY_SPECIFIED" locale_preferred="1" voided="false" uuid="966-name"/>

	<concept concept_id="5497" retired="false" datatype_id="1" class_id="1" is_set="false" creator="1" date_created="2004-08-12 00:00:00.0" version="0.1" changed_by="1" date_changed="2006-06-09 14:57:33.0" uuid="5497AAAAAAAAAAAAAAAAAAAAAAAAAAAAAAAA"/>
	<concept_name concept_name_id="5497" concept_id="5497" name="CD4 COUNT" locale="en" creator="1" date_created="2004-08-12 00:00:00.0" concept_name_type="FULLY_SPECIFIED" locale_preferred="1" voided="false" uuid="5497-name"/>
	<concept_numeric concept_id="5497" units="cells/uL" precise="false"/>

	<concept concept_id="730" retired="false" datatype_id="1" class_id="1" is_set="false" creator="1" date_created="2004-08-12 00:00:00.0" version="0.1" changed_by="1" date_changed="2006-06-09 14:57:33.0" uuid="730AAAAAAAAAAAAAAAAAAAAAAAAAAAAAAAAA"/>
	<concept_name concept_name_id="730" concept_id="730" name="CD4 PERCENT" locale="en" creator="1" date_created="2004-08-12 00:00:00.0" concept_name_type="FULLY_SPECIFIED" locale_preferred="1" voided="false" uuid="730-name"/>
	<concept_numeric concept_id="730" units="%" precise="false"/>

	<concept concept_id="159777" retired="false" datatype_id="2" class_id="7" is_set="false" creator="1" date_created="2004-08-12 00:00:00.0" version="0.1" changed_by="1" date_changed="2006-06-09 14:57:33.0" uuid="159777AAAAAAAAAAAAAAAAAAAAAAAAAAAAAA"/>
	<concept_name concept_name_id="159777" concept_id="159777" name="CONDOMS PROVIDED DURING VISIT" locale="en" creator="1" date_created="2004-08-12 00:00:00.0" concept_name_type="FULLY_SPECIFIED" locale_preferred="1" voided="false" uuid="159777-name"/>

	<concept concept_id="5356" retired="false" datatype_id="2" class_id="7" is_set="false" creator="1" date_created="2004-08-12 00:00:00.0" version="0.1" changed_by="1" date_changed="2006-06-09 14:57:33.0" uuid="5356AAAAAAAAAAAAAAAAAAAAAAAAAAAAAAAA"/>
	<concept_name concept_name_id="5356" concept_id="5356" name="CURRENT WHO STAGE" locale="en" creator="1" date_created="2004-08-12 00:00:00.0" concept_name_type="FULLY_SPECIFIED" locale_preferred="1" voided="false" uuid="5356-name"/>

	<concept concept_id="5599" retired="false" datatype_id="6" class_id="7" is_set="false" creator="1" date_created="2004-08-12 00:00:00.0" version="0.1" changed_by="1" date_changed="2006-06-09 14:57:33.0" uuid="5599AAAAAAAAAAAAAAAAAAAAAAAAAAAAAAA"/>
	<concept_name concept_name_id="5599" concept_id="5599" name="DATE OF DELIVERY" locale="en" creator="1" date_created="2004-08-12 00:00:00.0" concept_name_type="FULLY_SPECIFIED" locale_preferred="1" voided="false" uuid="5599-name"/>

	<concept concept_id="160554" retired="false" datatype_id="6" class_id="7" is_set="false" creator="1" date_created="2004-08-12 00:00:00.0" version="0.1" changed_by="1" date_changed="2006-06-09 14:57:33.0" uuid="160554AAAAAAAAAAAAAAAAAAAAAAAAAAAAAA"/>
	<concept_name concept_name_id="160554" concept_id="160554" name="DATE OF HIV CONFIRMATION" locale="en" creator="1" date_created="2004-08-12 00:00:00.0" concept_name_type="FULLY_SPECIFIED" locale_preferred="1" voided="false" uuid="160554-name"/>

	<concept concept_id="1661" retired="false" datatype_id="4" class_id="11" is_set="false" creator="1" date_created="2004-01-01 00:00:00" version="0.1" changed_by="1" date_changed="2012-08-10 19:14:26"   uuid="1661AAAAAAAAAAAAAAAAAAAAAAAAAAAAAAAA" />
	<concept_name concept_name_id="1661" concept_id="1661" name="DISEASE DIAGNOSED" locale="en" creator="1" date_created="2004-01-01 00:00:00" concept_name_type="FULLY_SPECIFIED" locale_preferred="0" voided="false" uuid="1661-name"/>

	<concept concept_id="142177" retired="false" datatype_id="4" class_id="11" is_set="false" creator="1" date_created="2004-01-01 00:00:00" version="0.1" changed_by="1" date_changed="2012-08-10 19:14:26"   uuid="142177AAAAAAAAAAAAAAAAAAAAAAAAAAAAAA" />
	<concept_name concept_name_id="142177" concept_id="142177" name="DISEASE SUSPECTED" locale="en" creator="1" date_created="2004-01-01 00:00:00" concept_name_type="FULLY_SPECIFIED" locale_preferred="0" voided="false" uuid="142177-name"/>

	<concept concept_id="160632" retired="false" datatype_id="3" class_id="7" is_set="false" creator="1" date_created="2004-08-12 00:00:00.0" version="0.1" changed_by="1" date_changed="2006-06-09 14:57:33.0" uuid="160632AAAAAAAAAAAAAAAAAAAAAAAAAAAAAA"/>
	<concept_name concept_name_id="160632" concept_id="160632" name="FREE TEXT GENERAL" locale="en" creator="1" date_created="2004-08-12 00:00:00.0" concept_name_type="FULLY_SPECIFIED" locale_preferred="1" voided="false" uuid="160632-name"/>

	<concept concept_id="159427" retired="false" datatype_id="2" class_id="7" is_set="false" creator="1" date_created="2004-08-12 00:00:00.0" version="0.1" changed_by="1" date_changed="2006-06-09 14:57:33.0" uuid="159427AAAAAAAAAAAAAAAAAAAAAAAAAAAAAA"/>
	<concept_name concept_name_id="159427" concept_id="159427" name="HIV STATUS" locale="en" creator="1" date_created="2004-08-12 00:00:00.0" concept_name_type="FULLY_SPECIFIED" locale_preferred="1" voided="false" uuid="159427-name"/>

	<concept concept_id="1427" retired="false" datatype_id="6" class_id="7" is_set="false" creator="1" date_created="2004-08-12 00:00:00.0" version="0.1" changed_by="1" date_changed="2006-06-09 14:57:33.0" uuid="1427AAAAAAAAAAAAAAAAAAAAAAAAAAAAAAAA"/>
	<concept_name concept_name_id="1427" concept_id="1427" name="LAST MONTHLY PERIOD" locale="en" creator="1" date_created="2004-08-12 00:00:00.0" concept_name_type="FULLY_SPECIFIED" locale_preferred="1" voided="false" uuid="1427-name"/>

	<concept concept_id="1282" retired="false" datatype_id="2" class_id="11" is_set="false" creator="1" date_created="2004-08-12 00:00:00.0" version="0.1" changed_by="1" date_changed="2006-06-09 14:57:33.0" uuid="1282AAAAAAAAAAAAAAAAAAAAAAAAAAAAAAAA"/>
	<concept_name concept_name_id="1282" concept_id="1282" name="MEDICATION ORDERS" locale="en" creator="1" date_created="2004-08-12 00:00:00.0" concept_name_type="FULLY_SPECIFIED" locale_preferred="1" voided="false" uuid="1282-name"/>

	<concept concept_id="160540" retired="false" datatype_id="2" class_id="11" is_set="false" creator="1" date_created="2004-08-12 00:00:00.0" version="0.1" changed_by="1" date_changed="2006-06-09 14:57:33.0" uuid="160540AAAAAAAAAAAAAAAAAAAAAAAAAAAAAA"/>
	<concept_name concept_name_id="160540" concept_id="160540" name="METHOD OF ENROLLMENT" locale="en" creator="1" date_created="2004-08-12 00:00:00.0" concept_name_type="FULLY_SPECIFIED" locale_preferred="1" voided="false" uuid="160540-name"/>

	<concept concept_id="374" retired="false" datatype_id="2" class_id="11" is_set="false" creator="1" date_created="2004-08-12 00:00:00.0" version="0.1" changed_by="1" date_changed="2006-06-09 14:57:33.0" uuid="374AAAAAAAAAAAAAAAAAAAAAAAAAAAAAAAAA"/>
	<concept_name concept_name_id="374" concept_id="374" name="METHOD OF FAMILY PLANNING" locale="en" creator="1" date_created="2004-08-12 00:00:00.0" concept_name_type="FULLY_SPECIFIED" locale_preferred="1" voided="false" uuid="374-name"/>

	<concept concept_id="1149" retired="false" datatype_id="2" class_id="11" is_set="false" creator="1" date_created="2004-08-12 00:00:00.0" version="0.1" changed_by="1" date_changed="2006-06-09 14:57:33.0" uuid="1149AAAAAAAAAAAAAAAAAAAAAAAAAAAAAAAA"/>
	<concept_name concept_name_id="1149" concept_id="1149" name="MOTHER ON HAART" locale="en" creator="1" date_created="2004-08-12 00:00:00.0" concept_name_type="FULLY_SPECIFIED" locale_preferred="1" voided="false" uuid="1149-name"/>

	<concept concept_id="1148" retired="false" datatype_id="2" class_id="11" is_set="false" creator="1" date_created="2004-08-12 00:00:00.0" version="0.1" changed_by="1" date_changed="2006-06-09 14:57:33.0" uuid="1148AAAAAAAAAAAAAAAAAAAAAAAAAAAAAAAA"/>
	<concept_name concept_name_id="1148" concept_id="1148" name="MOTHER ON PROPHYLAXIS" locale="en" creator="1" date_created="2004-08-12 00:00:00.0" concept_name_type="FULLY_SPECIFIED" locale_preferred="1" voided="false" uuid="1148-name"/>

	<concept concept_id="5277" retired="false" datatype_id="4" class_id="5" is_set="false" creator="1" date_created="2004-08-12 00:00:00.0" version="0.1" changed_by="1" date_changed="2006-06-09 14:57:33.0" uuid="5277AAAAAAAAAAAAAAAAAAAAAAAAAAAAAAAA"/>
	<concept_name concept_name_id="5277" concept_id="5277" name="NATURAL FAMILY PLANNING" locale="en" creator="1" date_created="2004-08-12 00:00:00.0" concept_name_type="FULLY_SPECIFIED" locale_preferred="1" voided="false" uuid="5277-name"/>

	<concept concept_id="664" retired="false" datatype_id="4" class_id="11" is_set="false" creator="1" date_created="2004-01-01 00:00:00" version="0.1" changed_by="1" date_changed="2012-08-10 19:14:26"   uuid="664AAAAAAAAAAAAAAAAAAAAAAAAAAAAAAAAA" />
	<concept_name concept_name_id="664" concept_id="664" name="NEGATIVE" locale="en" creator="1" date_created="2004-01-01 00:00:00" concept_name_type="FULLY_SPECIFIED" locale_preferred="0" voided="false" uuid="664-name"/>

	<concept concept_id="1402" retired="false" datatype_id="2" class_id="11" is_set="false" creator="1" date_created="2004-01-01 00:00:00" version="0.1" changed_by="1" date_changed="2012-08-10 19:14:26"   uuid="1402AAAAAAAAAAAAAAAAAAAAAAAAAAAAAAAA" />
	<concept_name concept_name_id="1402" concept_id="1402" name="NEVER TESTED" locale="en" creator="1" date_created="2004-01-01 00:00:00" concept_name_type="FULLY_SPECIFIED" locale_preferred="0" voided="false" uuid="1402-name"/>

	<concept concept_id="1066" retired="false" datatype_id="4" class_id="5" is_set="false" creator="1" date_created="2004-08-12 00:00:00.0" version="0.1" changed_by="1" date_changed="2006-06-09 14:57:33.0" uuid="1066AAAAAAAAAAAAAAAAAAAAAAAAAAAAAAAA"/>
	<concept_name concept_name_id="1066" concept_id="1066" name="NO" locale="en" creator="1" date_created="2004-08-12 00:00:00.0" concept_name_type="FULLY_SPECIFIED" locale_preferred="1" voided="false" uuid="1066-name"/>

	<concept concept_id="1660" retired="false" datatype_id="4" class_id="11" is_set="false" creator="1" date_created="2004-01-01 00:00:00" version="0.1" changed_by="1" date_changed="2012-08-10 19:14:26"   uuid="1660AAAAAAAAAAAAAAAAAAAAAAAAAAAAAAAA" />
	<concept_name concept_name_id="1660" concept_id="1660" name="NO SIGNS OR SYMPTOMS" locale="en" creator="1" date_created="2004-01-01 00:00:00" concept_name_type="FULLY_SPECIFIED" locale_preferred="0" voided="false" uuid="1660-name"/>

	<concept concept_id="1107" retired="false" datatype_id="4" class_id="5" is_set="false" creator="1" date_created="2004-08-12 00:00:00.0" version="0.1" changed_by="1" date_changed="2006-06-09 14:57:33.0" uuid="1107AAAAAAAAAAAAAAAAAAAAAAAAAAAAAAAA"/>
	<concept_name concept_name_id="1107" concept_id="1107" name="NONE" locale="en" creator="1" date_created="2004-08-12 00:00:00.0" concept_name_type="FULLY_SPECIFIED" locale_preferred="1" voided="false" uuid="1107-name"/>

	<concept concept_id="1175" retired="false" datatype_id="4" class_id="5" is_set="false" creator="1" date_created="2004-08-12 00:00:00.0" version="0.1" changed_by="1" date_changed="2006-06-09 14:57:33.0" uuid="1175AAAAAAAAAAAAAAAAAAAAAAAAAAAAAAAA"/>
	<concept_name concept_name_id="1175" concept_id="1175" name="NOT APPLICABLE" locale="en" creator="1" date_created="2004-08-12 00:00:00.0" concept_name_type="FULLY_SPECIFIED" locale_preferred="1" voided="false" uuid="1175-name"/>

	<concept concept_id="160737" retired="false" datatype_id="4" class_id="5" is_set="false" creator="1" date_created="2004-01-01 00:00:00" version="0.1" changed_by="1" date_changed="2012-08-10 19:14:26"   uuid="160737AAAAAAAAAAAAAAAAAAAAAAAAAAAAAA" />
	<concept_name concept_name_id="160737" concept_id="160737" name="NOT ASSESSED" locale="en" creator="1" date_created="2004-01-01 00:00:00" concept_name_type="FULLY_SPECIFIED" locale_preferred="0" voided="false" uuid="160737-name"/>

	<concept concept_id="5622" retired="false" datatype_id="4" class_id="5" is_set="false" creator="1" date_created="2004-08-12 00:00:00.0" version="0.1" changed_by="1" date_changed="2006-06-09 14:57:33.0" uuid="5622AAAAAAAAAAAAAAAAAAAAAAAAAAAAAAAA"/>
	<concept_name concept_name_id="5622" concept_id="5622" name="OTHER NON-CODED" locale="en" creator="1" date_created="2004-08-12 00:00:00.0" concept_name_type="FULLY_SPECIFIED" locale_preferred="1" voided="false" uuid="5622-name"/>

	<concept concept_id="160537" retired="false" datatype_id="4" class_id="5" is_set="false" creator="1" date_created="2004-08-12 00:00:00.0" version="0.1" changed_by="1" date_changed="2006-06-09 14:57:33.0" uuid="160537AAAAAAAAAAAAAAAAAAAAAAAAAAAAAA"/>
	<concept_name concept_name_id="160537" concept_id="160537" name="PEDIATRIC INPATIENT SERVICE" locale="en" creator="1" date_created="2004-08-12 00:00:00.0" concept_name_type="FULLY_SPECIFIED" locale_preferred="1" voided="false" uuid="160537-name"/>

	<concept concept_id="160538" retired="false" datatype_id="4" class_id="5" is_set="false" creator="1" date_created="2004-08-12 00:00:00.0" version="0.1" changed_by="1" date_changed="2006-06-09 14:57:33.0" uuid="160538AAAAAAAAAAAAAAAAAAAAAAAAAAAAAA"/>
	<concept_name concept_name_id="160538" concept_id="160538" name="PMTCT PROGRAM" locale="en" creator="1" date_created="2004-08-12 00:00:00.0" concept_name_type="FULLY_SPECIFIED" locale_preferred="1" voided="false" uuid="160538-name"/>

	<concept concept_id="42" retired="false" datatype_id="10" class_id="4" is_set="false" creator="1" date_created="2004-01-01 00:00:00" version="0.1" changed_by="1" date_changed="2012-07-13 17:27:51"   uuid="42AAAAAAAAAAAAAAAAAAAAAAAAAAAAAAAAAA" />
	<concept_name concept_name_id="42" concept_id="42" name="PNEUMONIA, TUBERCULOUS" locale="en" creator="1" date_created="2004-01-01 00:00:00" concept_name_type="FULLY_SPECIFIED" locale_preferred="0" voided="false" uuid="42-name"/>
	
	<concept concept_id="703" retired="false" datatype_id="4" class_id="11" is_set="false" creator="1" date_created="2004-01-01 00:00:00" version="0.1" changed_by="1" date_changed="2012-08-10 19:13:43"   uuid="703AAAAAAAAAAAAAAAAAAAAAAAAAAAAAAAAA" />
	<concept_name concept_name_id="703" concept_id="703" name="POSITIVE" locale="en" creator="1" date_created="2004-01-01 00:00:00" concept_name_type="FULLY_SPECIFIED" locale_preferred="0" voided="false" uuid="703-name"/>

	<concept concept_id="5272" retired="false" datatype_id="2" class_id="7" is_set="false" creator="1" date_created="2004-08-12 00:00:00.0" version="0.1" changed_by="1" date_changed="2006-06-09 14:57:33.0" uuid="5272AAAAAAAAAAAAAAAAAAAAAAAAAAAAAAAA"/>
	<concept_name concept_name_id="5272" concept_id="5272" name="PREGNANCY STATUS" locale="en" creator="1" date_created="2004-08-12 00:00:00.0" concept_name_type="FULLY_SPECIFIED" locale_preferred="1" voided="false" uuid="5272-name"/>

	<concept concept_id="161555" retired="false" datatype_id="2" class_id="11" is_set="false" creator="1" date_created="2004-08-12 00:00:00.0" version="0.1" changed_by="1" date_changed="2006-06-09 14:57:33.0" uuid="161555AAAAAAAAAAAAAAAAAAAAAAAAAAAAAA"/>
	<concept_name concept_name_id="161555" concept_id="1695" name="REASON FOR DISCONTINUATION OF PROGRAM" locale="en" creator="1" date_created="2004-08-12 00:00:00.0" concept_name_type="FULLY_SPECIFIED" locale_preferred="1" voided="false" uuid="161555-name"/>

	<concept concept_id="159982" retired="false" datatype_id="2" class_id="1" is_set="false" creator="1" date_created="2010-12-16 14:26:55" version="0.1" changed_by="1" date_changed="2011-02-05 21:32:12"  uuid="159982AAAAAAAAAAAAAAAAAAAAAAAAAAAAAA" />
	<concept_name concept_name_id="159982" concept_id="159982" name="RESULTS, TUBERCULOSIS CULTURE" locale="en" creator="1" date_created="2010-12-16 14:26:55" concept_name_type="FULLY_SPECIFIED" locale_preferred="0" voided="false" uuid="159982-name"/>

	<concept concept_id="5096" retired="false" datatype_id="6" class_id="7" is_set="false" creator="1" date_created="2004-08-12 00:00:00.0" version="0.1" changed_by="1" date_changed="2006-06-09 14:57:33.0" uuid="5096AAAAAAAAAAAAAAAAAAAAAAAAAAAAAAAA"/>
	<concept_name concept_name_id="5096" concept_id="5096" name="RETURN VISIT DATE" locale="en" creator="1" date_created="2004-08-12 00:00:00.0" concept_name_type="FULLY_SPECIFIED" locale_preferred="1" voided="false" uuid="5096-name"/>

	<concept concept_id="1246" retired="false" datatype_id="10" class_id="7" is_set="false" creator="1" date_created="2004-08-12 00:00:00.0" version="0.1" changed_by="1" date_changed="2006-06-09 14:57:33.0" uuid="1246AAAAAAAAAAAAAAAAAAAAAAAAAAAAAAAA"/>
	<concept_name concept_name_id="1246" concept_id="1246" name="SCHEDULED VISIT" locale="en" creator="1" date_created="2004-08-12 00:00:00.0" concept_name_type="FULLY_SPECIFIED" locale_preferred="1" voided="false" uuid="1246-name"/>

	<concept concept_id="159524" retired="false" datatype_id="4" class_id="5" is_set="false" creator="1" date_created="2004-08-12 00:00:00.0" version="0.1" changed_by="1" date_changed="2006-06-09 14:57:33.0" uuid="159524AAAAAAAAAAAAAAAAAAAAAAAAAAAAAA"/>
	<concept_name concept_name_id="159524" concept_id="159524" name="SEXUAL ABSTINENCE" locale="en" creator="1" date_created="2004-08-12 00:00:00.0" concept_name_type="FULLY_SPECIFIED" locale_preferred="1" voided="false" uuid="159524-name"/>

	<concept concept_id="160040" retired="false" datatype_id="2" class_id="7" is_set="false" creator="1" date_created="2011-01-17 21:06:31" version="0.1" changed_by="1" date_changed="2006-06-09 14:57:33.0" uuid="160040AAAAAAAAAAAAAAAAAAAAAAAAAAAAAA" />
	<concept_name concept_name_id="160040" concept_id="160040" name="SITE OF TUBERCULOSIS DISEASE" locale="en" creator="1" date_created="2004-08-12 00:00:00.0" concept_name_type="FULLY_SPECIFIED" locale_preferred="1" voided="false" uuid="160040-name"/>
	
	<concept concept_id="307" retired="false" datatype_id="2" class_id="1" is_set="false" creator="1" date_created="2004-01-01 00:00:00" version="0.1" changed_by="1" date_changed="2013-05-08 14:29:44"   uuid="307AAAAAAAAAAAAAAAAAAAAAAAAAAAAAAAAA" />
	<concept_name concept_name_id="307" concept_id="307" name="SPUTUM FOR ACID FAST BACILLI" locale="en" creator="1" date_created="2004-01-01 00:00:00" concept_name_type="FULLY_SPECIFIED" locale_preferred="0" voided="false" uuid="307-name"/>

	<concept concept_id="160534" retired="false" datatype_id="6" class_id="7" is_set="false" creator="1" date_created="2004-08-12 00:00:00.0" version="0.1" changed_by="1" date_changed="2006-06-09 14:57:33.0" uuid="160534AAAAAAAAAAAAAAAAAAAAAAAAAAAAAA"/>
	<concept_name concept_name_id="160534" concept_id="160534" name="TRANSFER IN DATE" locale="en" creator="1" date_created="2004-08-12 00:00:00.0" concept_name_type="FULLY_SPECIFIED" locale_preferred="1" voided="false" uuid="160534-name"/>

	<concept concept_id="159492" retired="false" datatype_id="4" class_id="11" is_set="false" creator="1" date_created="2004-08-12 00:00:00.0" version="0.1" changed_by="1" date_changed="2006-06-09 14:57:33.0" uuid="159492AAAAAAAAAAAAAAAAAAAAAAAAAAAAAA"/>
	<concept_name concept_name_id="159492" concept_id="159492" name="TRANSFERRED OUT" locale="en" creator="1" date_created="2004-08-12 00:00:00.0" concept_name_type="FULLY_SPECIFIED" locale_preferred="1" voided="false" uuid="159492-name"/>

	<concept concept_id="1659" retired="false" datatype_id="2" class_id="7" is_set="false" creator="1" date_created="2004-08-12 00:00:00.0" version="0.1" changed_by="1" date_changed="2006-06-09 14:57:33.0" uuid="1659AAAAAAAAAAAAAAAAAAAAAAAAAAAAAAAA"/>
	<concept_name concept_name_id="1659" concept_id="1659" name="TUBERCULOSIS DISEASE STATUS" locale="en" creator="1" date_created="2004-08-12 00:00:00.0" concept_name_type="FULLY_SPECIFIED" locale_preferred="1" voided="false" uuid="1659-name"/>

	<concept concept_id="160541" retired="false" datatype_id="4" class_id="5" is_set="false" creator="1" date_created="2004-08-12 00:00:00.0" version="0.1" changed_by="1" date_changed="2006-06-09 14:57:33.0" uuid="160541AAAAAAAAAAAAAAAAAAAAAAAAAAAAAA"/>
	<concept_name concept_name_id="160541" concept_id="160541" name="TUBERCULOSIS TREATMENT PROGRAM" locale="en" creator="1" date_created="2004-08-12 00:00:00.0" concept_name_type="FULLY_SPECIFIED" locale_preferred="1" voided="false" uuid="160541-name"/>

	<concept concept_id="160544" retired="false" datatype_id="4" class_id="5" is_set="false" creator="1" date_created="2004-08-12 00:00:00.0" version="0.1" changed_by="1" date_changed="2006-06-09 14:57:33.0" uuid="160544AAAAAAAAAAAAAAAAAAAAAAAAAAAAAA"/>
	<concept_name concept_name_id="160544" concept_id="160544" name="UNDER FIVE CLINIC" locale="en" creator="1" date_created="2004-08-12 00:00:00.0" concept_name_type="FULLY_SPECIFIED" locale_preferred="1" voided="false" uuid="160544-name"/>

	<concept concept_id="160539" retired="false" datatype_id="4" class_id="5" is_set="false" creator="1" date_created="2004-08-12 00:00:00.0" version="0.1" changed_by="1" date_changed="2006-06-09 14:57:33.0" uuid="160539AAAAAAAAAAAAAAAAAAAAAAAAAAAAAA"/>
	<concept_name concept_name_id="160539" concept_id="160539" name="VCT PROGRAM" locale="en" creator="1" date_created="2004-08-12 00:00:00.0" concept_name_type="FULLY_SPECIFIED" locale_preferred="1" voided="false" uuid="160539-name"/>

	<concept concept_id="1204" retired="false" datatype_id="4" class_id="5" is_set="false" creator="1" date_created="2004-08-12 00:00:00.0" version="0.1" changed_by="1" date_changed="2006-06-09 14:57:33.0" uuid="1204AAAAAAAAAAAAAAAAAAAAAAAAAAAAAAAA"/>
	<concept_name concept_name_id="1204" concept_id="1204" name="WHO STAGE 1 ADULT" locale="en" creator="1" date_created="2004-08-12 00:00:00.0" concept_name_type="FULLY_SPECIFIED" locale_preferred="1" voided="false" uuid="1204-name"/>

	<concept concept_id="1220" retired="false" datatype_id="4" class_id="5" is_set="false" creator="1" date_created="2004-08-12 00:00:00.0" version="0.1" changed_by="1" date_changed="2006-06-09 14:57:33.0" uuid="1220AAAAAAAAAAAAAAAAAAAAAAAAAAAAAAAA"/>
	<concept_name concept_name_id="1220" concept_id="1220" name="WHO STAGE 1 PEDS" locale="en" creator="1" date_created="2004-08-12 00:00:00.0" concept_name_type="FULLY_SPECIFIED" locale_preferred="1" voided="false" uuid="1220-name"/>

	<concept concept_id="1205" retired="false" datatype_id="4" class_id="5" is_set="false" creator="1" date_created="2004-08-12 00:00:00.0" version="0.1" changed_by="1" date_changed="2006-06-09 14:57:33.0" uuid="1205AAAAAAAAAAAAAAAAAAAAAAAAAAAAAAAA"/>
	<concept_name concept_name_id="1205" concept_id="1205" name="WHO STAGE 2 ADULT" locale="en" creator="1" date_created="2004-08-12 00:00:00.0" concept_name_type="FULLY_SPECIFIED" locale_preferred="1" voided="false" uuid="1205-name"/>

	<concept concept_id="1221" retired="false" datatype_id="4" class_id="5" is_set="false" creator="1" date_created="2004-08-12 00:00:00.0" version="0.1" changed_by="1" date_changed="2006-06-09 14:57:33.0" uuid="1221AAAAAAAAAAAAAAAAAAAAAAAAAAAAAAAA"/>
	<concept_name concept_name_id="1221" concept_id="1221" name="WHO STAGE 2 PEDS" locale="en" creator="1" date_created="2004-08-12 00:00:00.0" concept_name_type="FULLY_SPECIFIED" locale_preferred="1" voided="false" uuid="1221-name"/>

	<concept concept_id="1206" retired="false" datatype_id="4" class_id="5" is_set="false" creator="1" date_created="2004-08-12 00:00:00.0" version="0.1" changed_by="1" date_changed="2006-06-09 14:57:33.0" uuid="1206AAAAAAAAAAAAAAAAAAAAAAAAAAAAAAAA"/>
	<concept_name concept_name_id="1206" concept_id="1206" name="WHO STAGE 3 ADULT" locale="en" creator="1" date_created="2004-08-12 00:00:00.0" concept_name_type="FULLY_SPECIFIED" locale_preferred="1" voided="false" uuid="1206-name"/>

	<concept concept_id="1222" retired="false" datatype_id="4" class_id="5" is_set="false" creator="1" date_created="2004-08-12 00:00:00.0" version="0.1" changed_by="1" date_changed="2006-06-09 14:57:33.0" uuid="1222AAAAAAAAAAAAAAAAAAAAAAAAAAAAAAAA"/>
	<concept_name concept_name_id="1222" concept_id="1222" name="WHO STAGE 3 PEDS" locale="en" creator="1" date_created="2004-08-12 00:00:00.0" concept_name_type="FULLY_SPECIFIED" locale_preferred="1" voided="false" uuid="1222-name"/>

	<concept concept_id="1207" retired="false" datatype_id="4" class_id="5" is_set="false" creator="1" date_created="2004-08-12 00:00:00.0" version="0.1" changed_by="1" date_changed="2006-06-09 14:57:33.0" uuid="1207AAAAAAAAAAAAAAAAAAAAAAAAAAAAAAAA"/>
	<concept_name concept_name_id="1207" concept_id="1207" name="WHO STAGE 4 ADULT" locale="en" creator="1" date_created="2004-08-12 00:00:00.0" concept_name_type="FULLY_SPECIFIED" locale_preferred="1" voided="false" uuid="1207-name"/>

	<concept concept_id="1223" retired="false" datatype_id="4" class_id="5" is_set="false" creator="1" date_created="2004-08-12 00:00:00.0" version="0.1" changed_by="1" date_changed="2006-06-09 14:57:33.0" uuid="1223AAAAAAAAAAAAAAAAAAAAAAAAAAAAAAAA"/>
	<concept_name concept_name_id="1223" concept_id="1223" name="WHO STAGE 4 PEDS" locale="en" creator="1" date_created="2004-08-12 00:00:00.0" concept_name_type="FULLY_SPECIFIED" locale_preferred="1" voided="false" uuid="1223-name"/>

	<concept concept_id="1065" retired="false" datatype_id="4" class_id="5" is_set="false" creator="1" date_created="2004-08-12 00:00:00.0" version="0.1" changed_by="1" date_changed="2006-06-09 14:57:33.0" uuid="1065AAAAAAAAAAAAAAAAAAAAAAAAAAAAAAAA"/>
	<concept_name concept_name_id="1065" concept_id="1065" name="YES" locale="en" creator="1" date_created="2004-08-12 00:00:00.0" concept_name_type="FULLY_SPECIFIED" locale_preferred="1" voided="false" uuid="1065-name"/>

	<concept concept_id="159937" retired="false" datatype_id="4" class_id="5" is_set="false" creator="1" date_created="2004-08-12 00:00:00.0" version="0.1" changed_by="1" date_changed="2006-06-09 14:57:33.0" uuid="159937AAAAAAAAAAAAAAAAAAAAAAAAAAAAAA"/>
	<concept_name concept_name_id="159937" concept_id="159937" name="YES" locale="en" creator="1" date_created="2004-08-12 00:00:00.0" concept_name_type="FULLY_SPECIFIED" locale_preferred="1" voided="false" uuid="159937-name" />

	<!-- =========================================== Programs =============================================== -->

	<program program_id="1001" concept_id="160541" outcomes_concept_id="160038" creator="1" date_created="2004-08-12 00:00:00.0" retired="0" name="TB Program" description="TB Treatment Program" uuid="9f144a34-3a4a-44a9-8486-6b7af6cc64f6"/>
	<program program_id="1002" concept_id="9" outcomes_concept_id="1695" creator="1" date_created="2004-08-12 00:00:00.0" retired="0" name="HIV Program" description="Program for following or treating HIV-positive patients" uuid="dfdc6d40-2f2f-463d-ba90-cc97350441a8"/>
	<program program_id="2" concept_id="159937" outcomes_concept_id="1695" creator="1" date_created="2004-08-12 00:00:00.0" retired="0" name="MCH - Maternal Services Program" description="The program which deals with the health issues of mother and children." uuid="b5d9e05f-f5ab-4612-98dd-adb75438ed34"/>

	<!-- =========================================== Patient identifiers =============================================== -->

	<patient_identifier_type patient_identifier_type_id="1001" name="OpenMRS ID" description="..." validator="org.openmrs.module.idgen.validator.LuhnMod25IdentifierValidator" check_digit="0" required="1" creator="1" date_created="2004-08-12 00:00:00.0" retired="0" uuid="dfacd928-0370-4315-99d7-6ec1c9f7ae76" />
	<patient_identifier_type patient_identifier_type_id="1002" name="HIV Unique Patient Number" description="..." format="\d+" check_digit="0" required="0" creator="1" date_created="2004-08-12 00:00:00.0" retired="0" uuid="05ee9cf4-7242-4a17-b4d4-00f707265c8a" />
	<patient_identifier_type patient_identifier_type_id="1003" name="Patient Clinic Number" description="..." check_digit="0" required="1" creator="1" date_created="2004-08-12 00:00:00.0" retired="0" uuid="b4d66522-11fc-45c7-83e3-39a1af21ae0d" />
	<patient_identifier_type patient_identifier_type_id="1004" name="District Registration Number" description="..." check_digit="0" required="0" creator="1" date_created="2004-08-12 00:00:00.0" retired="0" uuid="d8ee3b8c-a8fc-4d6b-af6a-9423be5f8906" />
	<patient_identifier_type patient_identifier_type_id="1005" name="Old Identification Number" description="..." check_digit="0" required="0" creator="1" date_created="2004-08-12 00:00:00.0" retired="0" uuid="8d79403a-c2cc-11de-8d13-0010c6dffd0f" />

	<!-- =========================================== Encounter types =============================================== -->

	<encounter_type encounter_type_id="1001" name="Registration" description="Registration" creator="1" date_created="2005-02-24 00:00:00.0" retired="false" uuid="de1f9d67-b73e-4e1b-90d0-036166fc6995" />
	<encounter_type encounter_type_id="1002" name="Triage" description="Triage" creator="1" date_created="2005-02-24 00:00:00.0" retired="false" uuid="d1059fb9-a079-4feb-a749-eedd709ae542" />
	<encounter_type encounter_type_id="1003" name="Consultation" description="Consultation" creator="1" date_created="2005-02-24 00:00:00.0" retired="false" uuid="465a92f2-baf8-42e9-9612-53064be868e8" />
	<encounter_type encounter_type_id="1004" name="HIV Enrollment" description="HIV Enrollment" creator="1" date_created="2005-02-24 00:00:00.0" retired="false" uuid="de78a6be-bfc5-4634-adc3-5f1a280455cc" />
	<encounter_type encounter_type_id="1005" name="HIV Consultation" description="HIV Consultation" creator="1" date_created="2005-02-24 00:00:00.0" retired="false" uuid="a0034eee-1940-4e35-847f-97537a35d05e" />
	<encounter_type encounter_type_id="1006" name="TB Screening" description="TB Screening" creator="1" date_created="2005-02-24 00:00:00.0" retired="false" uuid="ed6dacc9-0827-4c82-86be-53c0d8c449be" />
	<encounter_type encounter_type_id="18" name="MCH Enrollment" description="MCH enrollment encounter type" creator="1" date_created="2005-02-24 00:00:00.0" retired="false" uuid="3ee036d8-7c13-4393-b5d6-036f2fe45126" />

	<!-- =========================================== Forms =============================================== -->

	<form form_id="1001" name="Clinical Encounter - HIV Addendum" encounter_type="1005" version="0.1" build="0" published="0" description="Clinical Encounter - HIV Addendum" creator="1" date_created="2005-08-07 00:00:00.0" changed_by="1" date_changed="2007-10-24 14:51:53.0" retired="false" retired_reason="" uuid="bd598114-4ef4-47b1-a746-a616180ccfc0"/>
	<form form_id="1002" name="MOH257 Visit Summary" encounter_type="1005" version="0.1" build="0" published="0" description="MOH257 Visit Summary" creator="1" date_created="2005-08-07 00:00:00.0" changed_by="1" date_changed="2007-10-24 14:51:53.0" retired="false" retired_reason="" uuid="23b4ebbd-29ad-455e-be0e-04aa6bc30798"/>
	<form form_id="1003" name="Family History" encounter_type="1001" version="0.1" build="0" published="0" description="Family History" creator="1" date_created="2005-08-07 00:00:00.0" changed_by="1" date_changed="2007-10-24 14:51:53.0" retired="false" retired_reason="" uuid="7efa0ee0-6617-4cd7-8310-9f95dfee7a82"/>
	<form form_id="12" name="MCH Enrollment" encounter_type="18" version="1.0" build="0" published="0" description="MCH enrollment form" creator="1" date_created="2005-08-07 00:00:00.0" changed_by="1" date_changed="2007-10-24 14:51:53.0" retired="false" retired_reason="" uuid="90a18f0c-17cd-4eec-8204-5af52e8d77cf"/>

	<!-- =========================================== Location attributes =============================================== -->

	<location_attribute_type location_attribute_type_id="1" name="Master Facility Code" description="Code for linking to the Ministry of Health's Master Facility List" datatype="org.openmrs.customdatatype.datatype.RegexValidatedTextDatatype" datatype_config="\d{5}" min_occurs="0" max_occurs="1" creator="1" date_created="2005-01-01 00:00:00.0" retired="0" uuid="8a845a89-6aa5-4111-81d3-0af31c45c002" />

	<!-- =========================================== Visit types =============================================== -->

	<visit_type visit_type_id="1001" name="Outpatient" description="Outpatient Visit Description" creator="1" date_created="2005-01-01 00:00:00.0" retired="false" uuid="3371a4d4-f66f-4454-a86d-92c7b3da990c"/>

	<!-- =========================================== Visit attribute types =============================================== -->

	<visit_attribute_type visit_attribute_type_id="1001" name="Source form" datatype="org.openmrs.module.kenyaemr.datatype.FormDatatype" min_occurs="0" max_occurs="1" creator="1" date_created="2005-01-01 00:00:00.0" retired="0" uuid="8bfab185-6947-4958-b7ab-dfafae1a3e3d" />

	<!-- =========================================== Global properties =============================================== -->

	<global_property property="scheduler.username" property_value="admin" uuid="9f39aa0f-77ab-431a-b243-365bf423f266" />
	<global_property property="scheduler.password" property_value="test" uuid="825f045b-1313-466b-bdfb-f3171e0f5f9b" />
	<global_property property="report.deleteReportsAgeInHours" property_value="72" uuid="fe963aa5-d653-4368-801a-72519eda24d7" />
	<global_property property="visits.assignmentHandler" property_value="" uuid="adb75c16-940e-4eed-aa9e-7bc6a6b252a2" />

	<!-- =========================================== Misc =============================================== -->

	<!-- Unknown Location in standard test data has the wrong uuid -->
	<location location_id="1001" name="Unknown Location" description="" address1="" address2="" city_village="" state_province="" postal_code="" country="" creator="1" date_created="2005-09-22 00:00:00.0" retired="false" uuid="8d6c993e-c2cc-11de-8d13-0010c6dffd0f" />

	<location_attribute location_attribute_id="1001" location_id="1" attribute_type_id="1" value_reference="15001" creator="1" date_created="2005-01-01 00:00:00.0" voided="0" uuid="1001-mflcode"/>
	<location_attribute location_attribute_id="1002" location_id="2" attribute_type_id="1" value_reference="15002" creator="1" date_created="2005-01-01 00:00:00.0" voided="0" uuid="1002-mflcode"/>
	<location_attribute location_attribute_id="1003" location_id="3" attribute_type_id="1" value_reference="15003" creator="1" date_created="2005-01-01 00:00:00.0" voided="0" uuid="1003-mflcode"/>

	<!-- HIV identifier for patient #7 -->
	<patient_identifier patient_identifier_id="101" patient_id="7" identifier="1321200001" identifier_type="1002" preferred="true" location_id="1" creator="1" date_created="2004-08-12 00:00:00.0" changed_by="1" date_changed="2006-06-09 14:57:33.0" voided="false" uuid="9fa0988f-86d1-41d7-b4c6-56fd088d0189" />

	<!-- Scheduled return visit for patient #7 -->
	<obs obs_id="5096" person_id="7" concept_id="5096" obs_datetime="2012-06-01 00:00:00.0" location_id="1" value_datetime="2012-07-04 00:00:00.0" creator="1" date_created="2012-06-01 14:11:13.0" voided="false" uuid="e9c5f692-d518-11e1-a606-e48901690d08"/>

	<!-- Outpatient visit for patient #7 on the same day -->
	<visit visit_id="5096" patient_id="7" visit_type_id="1001" date_started="2012-07-04 09:15:00.0" date_stopped="2012-07-04 13:05:00.0" location_id="1" creator="1" date_created="2012-07-05 00:00:00.0" voided="0" uuid="c48253b4-d51b-11e1-a606-e48901690d08" />

</dataset>