<?xml version="1.0" encoding="utf-8"?>
<!DOCTYPE hibernate-configuration PUBLIC
		"-//Hibernate/Hibernate Configuration DTD 3.0//EN"
		"http://www.hibernate.org/dtd/hibernate-configuration-3.0.dtd">

<hibernate-configuration>
	<session-factory>
		<property name="hbm2ddl.auto">create</property>
		<mapping resource="ExportedPackage.hbm.xml" />
		<mapping resource="ImportedPackage.hbm.xml" />
		<mapping resource="ImportedItem.hbm.xml" />
		<mapping resource="IdentifierSource.hbm.xml" />
		<mapping resource="HtmlFormEntryHtmlForm.hbm.xml" />
		<mapping resource="ReportDesign.hbm.xml" />
	</session-factory>
</hibernate-configuration>